11:22:06.760 [INFO] (trainer.py:109) Total Epi:     1 Steps:      20 Episode Steps:    20 Return:  20.0000 FPS: 462.25
11:22:06.764 [INFO] (trainer.py:109) Total Epi:     2 Steps:      36 Episode Steps:    16 Return:  16.0000 FPS: 10382.10
11:22:06.766 [INFO] (trainer.py:109) Total Epi:     3 Steps:      51 Episode Steps:    15 Return:  15.0000 FPS: 9930.53
11:22:06.769 [INFO] (trainer.py:109) Total Epi:     4 Steps:      76 Episode Steps:    25 Return:  25.0000 FPS: 10716.68
11:22:06.772 [INFO] (trainer.py:109) Total Epi:     5 Steps:      90 Episode Steps:    14 Return:  14.0000 FPS: 7248.33
11:22:06.775 [INFO] (trainer.py:109) Total Epi:     6 Steps:     116 Episode Steps:    26 Return:  26.0000 FPS: 9836.13
11:22:06.778 [INFO] (trainer.py:109) Total Epi:     7 Steps:     134 Episode Steps:    18 Return:  18.0000 FPS: 10127.65
11:22:06.782 [INFO] (trainer.py:109) Total Epi:     8 Steps:     172 Episode Steps:    38 Return:  38.0000 FPS: 10697.80
11:22:06.786 [INFO] (trainer.py:109) Total Epi:     9 Steps:     204 Episode Steps:    32 Return:  32.0000 FPS: 10646.62
11:22:06.790 [INFO] (trainer.py:109) Total Epi:    10 Steps:     234 Episode Steps:    30 Return:  30.0000 FPS: 8724.84
11:22:06.792 [INFO] (trainer.py:109) Total Epi:    11 Steps:     247 Episode Steps:    13 Return:  13.0000 FPS: 9634.39
11:22:06.794 [INFO] (trainer.py:109) Total Epi:    12 Steps:     264 Episode Steps:    17 Return:  17.0000 FPS: 10060.98
11:22:06.799 [INFO] (trainer.py:109) Total Epi:    13 Steps:     307 Episode Steps:    43 Return:  43.0000 FPS: 10391.22
11:22:06.801 [INFO] (trainer.py:109) Total Epi:    14 Steps:     319 Episode Steps:    12 Return:  12.0000 FPS: 9599.50
11:22:06.803 [INFO] (trainer.py:109) Total Epi:    15 Steps:     330 Episode Steps:    11 Return:  11.0000 FPS: 10200.37
11:22:06.806 [INFO] (trainer.py:109) Total Epi:    16 Steps:     352 Episode Steps:    22 Return:  22.0000 FPS: 10365.48
11:22:06.810 [INFO] (trainer.py:109) Total Epi:    17 Steps:     390 Episode Steps:    38 Return:  38.0000 FPS: 10458.62
11:22:06.813 [INFO] (trainer.py:109) Total Epi:    18 Steps:     409 Episode Steps:    19 Return:  19.0000 FPS: 10555.98
11:22:06.815 [INFO] (trainer.py:109) Total Epi:    19 Steps:     423 Episode Steps:    14 Return:  14.0000 FPS: 10396.06
11:22:06.819 [INFO] (trainer.py:109) Total Epi:    20 Steps:     450 Episode Steps:    27 Return:  27.0000 FPS: 8207.54
11:22:06.823 [INFO] (trainer.py:109) Total Epi:    21 Steps:     483 Episode Steps:    33 Return:  33.0000 FPS: 10539.43
11:22:06.825 [INFO] (trainer.py:109) Total Epi:    22 Steps:     498 Episode Steps:    15 Return:  15.0000 FPS: 9898.23
11:22:06.830 [INFO] (trainer.py:109) Total Epi:    23 Steps:     545 Episode Steps:    47 Return:  47.0000 FPS: 10538.41
11:22:06.833 [INFO] (trainer.py:109) Total Epi:    24 Steps:     559 Episode Steps:    14 Return:  14.0000 FPS: 10238.40
11:22:06.834 [INFO] (trainer.py:109) Total Epi:    25 Steps:     569 Episode Steps:    10 Return:  10.0000 FPS: 9841.98
11:22:06.840 [INFO] (trainer.py:109) Total Epi:    26 Steps:     627 Episode Steps:    58 Return:  58.0000 FPS: 11018.19
11:22:06.842 [INFO] (trainer.py:109) Total Epi:    27 Steps:     637 Episode Steps:    10 Return:  10.0000 FPS: 8998.90
11:22:06.845 [INFO] (trainer.py:109) Total Epi:    28 Steps:     666 Episode Steps:    29 Return:  29.0000 FPS: 10563.51
11:22:06.848 [INFO] (trainer.py:109) Total Epi:    29 Steps:     684 Episode Steps:    18 Return:  18.0000 FPS: 10114.64
11:22:06.851 [INFO] (trainer.py:109) Total Epi:    30 Steps:     700 Episode Steps:    16 Return:  16.0000 FPS: 6862.03
11:22:06.853 [INFO] (trainer.py:109) Total Epi:    31 Steps:     710 Episode Steps:    10 Return:  10.0000 FPS: 9460.06
11:22:06.856 [INFO] (trainer.py:109) Total Epi:    32 Steps:     732 Episode Steps:    22 Return:  22.0000 FPS: 10377.43
11:22:06.861 [INFO] (trainer.py:109) Total Epi:    33 Steps:     779 Episode Steps:    47 Return:  47.0000 FPS: 10653.56
11:22:06.863 [INFO] (trainer.py:109) Total Epi:    34 Steps:     798 Episode Steps:    19 Return:  19.0000 FPS: 9911.69
11:22:06.866 [INFO] (trainer.py:109) Total Epi:    35 Steps:     810 Episode Steps:    12 Return:  12.0000 FPS: 9528.49
11:22:06.867 [INFO] (trainer.py:109) Total Epi:    36 Steps:     820 Episode Steps:    10 Return:  10.0000 FPS: 10034.00
11:22:06.870 [INFO] (trainer.py:109) Total Epi:    37 Steps:     840 Episode Steps:    20 Return:  20.0000 FPS: 10330.23
11:22:06.872 [INFO] (trainer.py:109) Total Epi:    38 Steps:     852 Episode Steps:    12 Return:  12.0000 FPS: 10270.83
11:22:06.874 [INFO] (trainer.py:109) Total Epi:    39 Steps:     872 Episode Steps:    20 Return:  20.0000 FPS: 10329.54
11:22:06.877 [INFO] (trainer.py:109) Total Epi:    40 Steps:     893 Episode Steps:    21 Return:  21.0000 FPS: 10019.07
11:22:06.880 [INFO] (trainer.py:109) Total Epi:    41 Steps:     919 Episode Steps:    26 Return:  26.0000 FPS: 10783.04
11:22:06.884 [INFO] (trainer.py:109) Total Epi:    42 Steps:     946 Episode Steps:    27 Return:  27.0000 FPS: 7456.46
11:22:06.887 [INFO] (trainer.py:109) Total Epi:    43 Steps:     962 Episode Steps:    16 Return:  16.0000 FPS: 9927.26
11:22:06.889 [INFO] (trainer.py:109) Total Epi:    44 Steps:     979 Episode Steps:    17 Return:  17.0000 FPS: 10269.55
11:22:06.891 [INFO] (trainer.py:109) Total Epi:    45 Steps:     988 Episode Steps:     9 Return:  9.0000 FPS: 9792.93
11:22:06.893 [INFO] (trainer.py:109) Total Epi:    46 Steps:    1000 Episode Steps:    12 Return:  12.0000 FPS: 9775.86
11:22:06.895 [INFO] (trainer.py:109) Total Epi:    47 Steps:    1014 Episode Steps:    14 Return:  14.0000 FPS: 10465.77
11:22:06.898 [INFO] (trainer.py:109) Total Epi:    48 Steps:    1035 Episode Steps:    21 Return:  21.0000 FPS: 9485.52
11:22:06.901 [INFO] (trainer.py:109) Total Epi:    49 Steps:    1062 Episode Steps:    27 Return:  27.0000 FPS: 10797.51
11:22:06.903 [INFO] (trainer.py:109) Total Epi:    50 Steps:    1080 Episode Steps:    18 Return:  18.0000 FPS: 10620.23
11:22:06.908 [INFO] (trainer.py:109) Total Epi:    51 Steps:    1121 Episode Steps:    41 Return:  41.0000 FPS: 10620.95
11:22:06.911 [INFO] (trainer.py:109) Total Epi:    52 Steps:    1145 Episode Steps:    24 Return:  24.0000 FPS: 10101.14
11:22:06.915 [INFO] (trainer.py:109) Total Epi:    53 Steps:    1170 Episode Steps:    25 Return:  25.0000 FPS: 8247.87
11:22:06.919 [INFO] (trainer.py:109) Total Epi:    54 Steps:    1208 Episode Steps:    38 Return:  38.0000 FPS: 10489.70
11:22:06.922 [INFO] (trainer.py:109) Total Epi:    55 Steps:    1228 Episode Steps:    20 Return:  20.0000 FPS: 10158.55
11:22:06.924 [INFO] (trainer.py:109) Total Epi:    56 Steps:    1240 Episode Steps:    12 Return:  12.0000 FPS: 10142.88
11:22:06.926 [INFO] (trainer.py:109) Total Epi:    57 Steps:    1256 Episode Steps:    16 Return:  16.0000 FPS: 9766.83
11:22:06.928 [INFO] (trainer.py:109) Total Epi:    58 Steps:    1274 Episode Steps:    18 Return:  18.0000 FPS: 10539.54
11:22:06.931 [INFO] (trainer.py:109) Total Epi:    59 Steps:    1291 Episode Steps:    17 Return:  17.0000 FPS: 9909.24
11:22:06.939 [INFO] (trainer.py:109) Total Epi:    60 Steps:    1370 Episode Steps:    79 Return:  79.0000 FPS: 11015.30
11:22:06.941 [INFO] (trainer.py:109) Total Epi:    61 Steps:    1385 Episode Steps:    15 Return:  15.0000 FPS: 10348.62
11:22:06.943 [INFO] (trainer.py:109) Total Epi:    62 Steps:    1402 Episode Steps:    17 Return:  17.0000 FPS: 9952.75
11:22:06.946 [INFO] (trainer.py:109) Total Epi:    63 Steps:    1417 Episode Steps:    15 Return:  15.0000 FPS: 6832.62
11:22:06.953 [INFO] (trainer.py:109) Total Epi:    64 Steps:    1487 Episode Steps:    70 Return:  70.0000 FPS: 10802.63
11:22:06.956 [INFO] (trainer.py:109) Total Epi:    65 Steps:    1500 Episode Steps:    13 Return:  13.0000 FPS: 10283.76
11:22:06.958 [INFO] (trainer.py:109) Total Epi:    66 Steps:    1512 Episode Steps:    12 Return:  12.0000 FPS: 9689.42
11:22:06.961 [INFO] (trainer.py:109) Total Epi:    67 Steps:    1543 Episode Steps:    31 Return:  31.0000 FPS: 10714.96
11:22:06.964 [INFO] (trainer.py:109) Total Epi:    68 Steps:    1560 Episode Steps:    17 Return:  17.0000 FPS: 9689.70
11:22:06.967 [INFO] (trainer.py:109) Total Epi:    69 Steps:    1584 Episode Steps:    24 Return:  24.0000 FPS: 10449.11
11:22:06.969 [INFO] (trainer.py:109) Total Epi:    70 Steps:    1605 Episode Steps:    21 Return:  21.0000 FPS: 10263.64
11:22:06.972 [INFO] (trainer.py:109) Total Epi:    71 Steps:    1622 Episode Steps:    17 Return:  17.0000 FPS: 10578.56
11:22:06.979 [INFO] (trainer.py:109) Total Epi:    72 Steps:    1683 Episode Steps:    61 Return:  61.0000 FPS: 9068.77
11:22:06.981 [INFO] (trainer.py:109) Total Epi:    73 Steps:    1696 Episode Steps:    13 Return:  13.0000 FPS: 9764.98
11:22:06.985 [INFO] (trainer.py:109) Total Epi:    74 Steps:    1728 Episode Steps:    32 Return:  32.0000 FPS: 10886.92
11:22:06.987 [INFO] (trainer.py:109) Total Epi:    75 Steps:    1748 Episode Steps:    20 Return:  20.0000 FPS: 10846.23
11:22:06.991 [INFO] (trainer.py:109) Total Epi:    76 Steps:    1779 Episode Steps:    31 Return:  31.0000 FPS: 10729.39
11:22:06.993 [INFO] (trainer.py:109) Total Epi:    77 Steps:    1792 Episode Steps:    13 Return:  13.0000 FPS: 9947.36
11:22:06.995 [INFO] (trainer.py:109) Total Epi:    78 Steps:    1807 Episode Steps:    15 Return:  15.0000 FPS: 10380.30
11:22:06.998 [INFO] (trainer.py:109) Total Epi:    79 Steps:    1830 Episode Steps:    23 Return:  23.0000 FPS: 10036.66
11:22:07.002 [INFO] (trainer.py:109) Total Epi:    80 Steps:    1858 Episode Steps:    28 Return:  28.0000 FPS: 10512.37
11:22:07.004 [INFO] (trainer.py:109) Total Epi:    81 Steps:    1881 Episode Steps:    23 Return:  23.0000 FPS: 10706.66
11:22:07.006 [INFO] (trainer.py:109) Total Epi:    82 Steps:    1894 Episode Steps:    13 Return:  13.0000 FPS: 9880.09
11:22:07.013 [INFO] (trainer.py:109) Total Epi:    83 Steps:    1951 Episode Steps:    57 Return:  57.0000 FPS: 9310.01
11:22:07.016 [INFO] (trainer.py:109) Total Epi:    84 Steps:    1963 Episode Steps:    12 Return:  12.0000 FPS: 9874.88
11:22:07.019 [INFO] (trainer.py:109) Total Epi:    85 Steps:    1992 Episode Steps:    29 Return:  29.0000 FPS: 10669.90
11:22:07.022 [INFO] (trainer.py:109) Total Epi:    86 Steps:    2023 Episode Steps:    31 Return:  31.0000 FPS: 10712.92
11:22:07.024 [INFO] (trainer.py:109) Total Epi:    87 Steps:    2034 Episode Steps:    11 Return:  11.0000 FPS: 10111.42
11:22:07.027 [INFO] (trainer.py:109) Total Epi:    88 Steps:    2055 Episode Steps:    21 Return:  21.0000 FPS: 10148.26
11:22:07.029 [INFO] (trainer.py:109) Total Epi:    89 Steps:    2076 Episode Steps:    21 Return:  21.0000 FPS: 10306.74
11:22:07.032 [INFO] (trainer.py:109) Total Epi:    90 Steps:    2091 Episode Steps:    15 Return:  15.0000 FPS: 10497.45
11:22:07.035 [INFO] (trainer.py:109) Total Epi:    91 Steps:    2119 Episode Steps:    28 Return:  28.0000 FPS: 10788.54
11:22:07.037 [INFO] (trainer.py:109) Total Epi:    92 Steps:    2137 Episode Steps:    18 Return:  18.0000 FPS: 10570.96
11:22:07.039 [INFO] (trainer.py:109) Total Epi:    93 Steps:    2156 Episode Steps:    19 Return:  19.0000 FPS: 10634.63
11:22:07.042 [INFO] (trainer.py:109) Total Epi:    94 Steps:    2172 Episode Steps:    16 Return:  16.0000 FPS: 9938.08
11:22:07.044 [INFO] (trainer.py:109) Total Epi:    95 Steps:    2186 Episode Steps:    14 Return:  14.0000 FPS: 9937.27
11:22:07.046 [INFO] (trainer.py:109) Total Epi:    96 Steps:    2197 Episode Steps:    11 Return:  11.0000 FPS: 9568.14
11:22:07.048 [INFO] (trainer.py:109) Total Epi:    97 Steps:    2207 Episode Steps:    10 Return:  10.0000 FPS: 9242.69
11:22:07.050 [INFO] (trainer.py:109) Total Epi:    98 Steps:    2222 Episode Steps:    15 Return:  15.0000 FPS: 10048.47
11:22:07.052 [INFO] (trainer.py:109) Total Epi:    99 Steps:    2244 Episode Steps:    22 Return:  22.0000 FPS: 10835.40
11:22:07.057 [INFO] (trainer.py:109) Total Epi:   100 Steps:    2282 Episode Steps:    38 Return:  38.0000 FPS: 10920.65
11:22:07.060 [INFO] (trainer.py:109) Total Epi:   101 Steps:    2312 Episode Steps:    30 Return:  30.0000 FPS: 10677.96
11:22:07.064 [INFO] (trainer.py:109) Total Epi:   102 Steps:    2345 Episode Steps:    33 Return:  33.0000 FPS: 10867.46
11:22:07.067 [INFO] (trainer.py:109) Total Epi:   103 Steps:    2372 Episode Steps:    27 Return:  27.0000 FPS: 10673.07
11:22:07.069 [INFO] (trainer.py:109) Total Epi:   104 Steps:    2387 Episode Steps:    15 Return:  15.0000 FPS: 10255.68
11:22:07.072 [INFO] (trainer.py:109) Total Epi:   105 Steps:    2416 Episode Steps:    29 Return:  29.0000 FPS: 10710.03
11:22:07.075 [INFO] (trainer.py:109) Total Epi:   106 Steps:    2439 Episode Steps:    23 Return:  23.0000 FPS: 10278.00
11:22:07.084 [INFO] (trainer.py:109) Total Epi:   107 Steps:    2521 Episode Steps:    82 Return:  82.0000 FPS: 10948.09
11:22:07.086 [INFO] (trainer.py:109) Total Epi:   108 Steps:    2533 Episode Steps:    12 Return:  12.0000 FPS: 9665.93
11:22:07.088 [INFO] (trainer.py:109) Total Epi:   109 Steps:    2551 Episode Steps:    18 Return:  18.0000 FPS: 10727.61
11:22:07.090 [INFO] (trainer.py:109) Total Epi:   110 Steps:    2564 Episode Steps:    13 Return:  13.0000 FPS: 9954.52
11:22:07.093 [INFO] (trainer.py:109) Total Epi:   111 Steps:    2583 Episode Steps:    19 Return:  19.0000 FPS: 10188.64
11:22:07.097 [INFO] (trainer.py:109) Total Epi:   112 Steps:    2622 Episode Steps:    39 Return:  39.0000 FPS: 11158.01
11:22:07.099 [INFO] (trainer.py:109) Total Epi:   113 Steps:    2633 Episode Steps:    11 Return:  11.0000 FPS: 10289.40
11:22:07.103 [INFO] (trainer.py:109) Total Epi:   114 Steps:    2673 Episode Steps:    40 Return:  40.0000 FPS: 10857.58
11:22:07.105 [INFO] (trainer.py:109) Total Epi:   115 Steps:    2689 Episode Steps:    16 Return:  16.0000 FPS: 10271.86
11:22:07.107 [INFO] (trainer.py:109) Total Epi:   116 Steps:    2702 Episode Steps:    13 Return:  13.0000 FPS: 9971.00
11:22:07.109 [INFO] (trainer.py:109) Total Epi:   117 Steps:    2712 Episode Steps:    10 Return:  10.0000 FPS: 9659.58
11:22:07.111 [INFO] (trainer.py:109) Total Epi:   118 Steps:    2727 Episode Steps:    15 Return:  15.0000 FPS: 10608.41
11:22:07.113 [INFO] (trainer.py:109) Total Epi:   119 Steps:    2737 Episode Steps:    10 Return:  10.0000 FPS: 9913.71
11:22:07.117 [INFO] (trainer.py:109) Total Epi:   120 Steps:    2773 Episode Steps:    36 Return:  36.0000 FPS: 10957.05
11:22:07.120 [INFO] (trainer.py:109) Total Epi:   121 Steps:    2797 Episode Steps:    24 Return:  24.0000 FPS: 10986.09
11:22:07.123 [INFO] (trainer.py:109) Total Epi:   122 Steps:    2826 Episode Steps:    29 Return:  29.0000 FPS: 10664.85
11:22:07.125 [INFO] (trainer.py:109) Total Epi:   123 Steps:    2841 Episode Steps:    15 Return:  15.0000 FPS: 10078.19
11:22:07.134 [INFO] (trainer.py:109) Total Epi:   124 Steps:    2929 Episode Steps:    88 Return:  88.0000 FPS: 11029.95
11:22:07.136 [INFO] (trainer.py:109) Total Epi:   125 Steps:    2940 Episode Steps:    11 Return:  11.0000 FPS: 10004.80
11:22:07.138 [INFO] (trainer.py:109) Total Epi:   126 Steps:    2959 Episode Steps:    19 Return:  19.0000 FPS: 9927.71
11:22:07.140 [INFO] (trainer.py:109) Total Epi:   127 Steps:    2972 Episode Steps:    13 Return:  13.0000 FPS: 10369.83
11:22:07.143 [INFO] (trainer.py:109) Total Epi:   128 Steps:    2996 Episode Steps:    24 Return:  24.0000 FPS: 10434.33
11:22:07.146 [INFO] (trainer.py:109) Total Epi:   129 Steps:    3015 Episode Steps:    19 Return:  19.0000 FPS: 10280.65
11:22:07.148 [INFO] (trainer.py:109) Total Epi:   130 Steps:    3028 Episode Steps:    13 Return:  13.0000 FPS: 9673.83
11:22:07.150 [INFO] (trainer.py:109) Total Epi:   131 Steps:    3046 Episode Steps:    18 Return:  18.0000 FPS: 10197.47
11:22:07.153 [INFO] (trainer.py:109) Total Epi:   132 Steps:    3071 Episode Steps:    25 Return:  25.0000 FPS: 10696.45
11:22:07.155 [INFO] (trainer.py:109) Total Epi:   133 Steps:    3085 Episode Steps:    14 Return:  14.0000 FPS: 10346.90
11:22:07.158 [INFO] (trainer.py:109) Total Epi:   134 Steps:    3104 Episode Steps:    19 Return:  19.0000 FPS: 9800.46
11:22:07.160 [INFO] (trainer.py:109) Total Epi:   135 Steps:    3123 Episode Steps:    19 Return:  19.0000 FPS: 10466.69
11:22:07.164 [INFO] (trainer.py:109) Total Epi:   136 Steps:    3153 Episode Steps:    30 Return:  30.0000 FPS: 10786.91
11:22:07.166 [INFO] (trainer.py:109) Total Epi:   137 Steps:    3165 Episode Steps:    12 Return:  12.0000 FPS: 9711.01
11:22:07.173 [INFO] (trainer.py:109) Total Epi:   138 Steps:    3240 Episode Steps:    75 Return:  75.0000 FPS: 10972.00
11:22:07.175 [INFO] (trainer.py:109) Total Epi:   139 Steps:    3252 Episode Steps:    12 Return:  12.0000 FPS: 10070.30
11:22:07.178 [INFO] (trainer.py:109) Total Epi:   140 Steps:    3280 Episode Steps:    28 Return:  28.0000 FPS: 10606.93
11:22:07.184 [INFO] (trainer.py:109) Total Epi:   141 Steps:    3329 Episode Steps:    49 Return:  49.0000 FPS: 10738.67
11:22:07.186 [INFO] (trainer.py:109) Total Epi:   142 Steps:    3349 Episode Steps:    20 Return:  20.0000 FPS: 10396.15
11:22:07.188 [INFO] (trainer.py:109) Total Epi:   143 Steps:    3364 Episode Steps:    15 Return:  15.0000 FPS: 10595.84
11:22:07.193 [INFO] (trainer.py:109) Total Epi:   144 Steps:    3404 Episode Steps:    40 Return:  40.0000 FPS: 10783.50
11:22:07.197 [INFO] (trainer.py:109) Total Epi:   145 Steps:    3444 Episode Steps:    40 Return:  40.0000 FPS: 11016.82
11:22:07.200 [INFO] (trainer.py:109) Total Epi:   146 Steps:    3473 Episode Steps:    29 Return:  29.0000 FPS: 10766.81
11:22:07.203 [INFO] (trainer.py:109) Total Epi:   147 Steps:    3492 Episode Steps:    19 Return:  19.0000 FPS: 10637.44
11:22:07.205 [INFO] (trainer.py:109) Total Epi:   148 Steps:    3509 Episode Steps:    17 Return:  17.0000 FPS: 10194.99
11:22:07.208 [INFO] (trainer.py:109) Total Epi:   149 Steps:    3526 Episode Steps:    17 Return:  17.0000 FPS: 10737.58
11:22:07.210 [INFO] (trainer.py:109) Total Epi:   150 Steps:    3541 Episode Steps:    15 Return:  15.0000 FPS: 9768.35
11:22:07.213 [INFO] (trainer.py:109) Total Epi:   151 Steps:    3570 Episode Steps:    29 Return:  29.0000 FPS: 10907.80
11:22:07.216 [INFO] (trainer.py:109) Total Epi:   152 Steps:    3591 Episode Steps:    21 Return:  21.0000 FPS: 10679.43
11:22:07.220 [INFO] (trainer.py:109) Total Epi:   153 Steps:    3634 Episode Steps:    43 Return:  43.0000 FPS: 10905.39
11:22:07.226 [INFO] (trainer.py:109) Total Epi:   154 Steps:    3685 Episode Steps:    51 Return:  51.0000 FPS: 10861.91
11:22:07.229 [INFO] (trainer.py:109) Total Epi:   155 Steps:    3713 Episode Steps:    28 Return:  28.0000 FPS: 10667.56
11:22:07.235 [INFO] (trainer.py:109) Total Epi:   156 Steps:    3770 Episode Steps:    57 Return:  57.0000 FPS: 10899.30
11:22:07.238 [INFO] (trainer.py:109) Total Epi:   157 Steps:    3786 Episode Steps:    16 Return:  16.0000 FPS: 9852.22
11:22:07.241 [INFO] (trainer.py:109) Total Epi:   158 Steps:    3817 Episode Steps:    31 Return:  31.0000 FPS: 10797.61
11:22:07.244 [INFO] (trainer.py:109) Total Epi:   159 Steps:    3842 Episode Steps:    25 Return:  25.0000 FPS: 10756.70
11:22:07.247 [INFO] (trainer.py:109) Total Epi:   160 Steps:    3861 Episode Steps:    19 Return:  19.0000 FPS: 10077.63
11:22:07.251 [INFO] (trainer.py:109) Total Epi:   161 Steps:    3898 Episode Steps:    37 Return:  37.0000 FPS: 10800.31
11:22:07.253 [INFO] (trainer.py:109) Total Epi:   162 Steps:    3910 Episode Steps:    12 Return:  12.0000 FPS: 10163.14
11:22:07.256 [INFO] (trainer.py:109) Total Epi:   163 Steps:    3941 Episode Steps:    31 Return:  31.0000 FPS: 11033.25
11:22:07.258 [INFO] (trainer.py:109) Total Epi:   164 Steps:    3955 Episode Steps:    14 Return:  14.0000 FPS: 10078.74
11:22:07.260 [INFO] (trainer.py:109) Total Epi:   165 Steps:    3966 Episode Steps:    11 Return:  11.0000 FPS: 9891.50
11:22:07.264 [INFO] (trainer.py:109) Total Epi:   166 Steps:    3996 Episode Steps:    30 Return:  30.0000 FPS: 10145.76
11:22:07.268 [INFO] (trainer.py:109) Total Epi:   167 Steps:    4030 Episode Steps:    34 Return:  34.0000 FPS: 10691.87
11:22:07.271 [INFO] (trainer.py:109) Total Epi:   168 Steps:    4054 Episode Steps:    24 Return:  24.0000 FPS: 10554.17
11:22:07.272 [INFO] (trainer.py:109) Total Epi:   169 Steps:    4064 Episode Steps:    10 Return:  10.0000 FPS: 10092.65
11:22:07.275 [INFO] (trainer.py:109) Total Epi:   170 Steps:    4086 Episode Steps:    22 Return:  22.0000 FPS: 10404.61
11:22:07.277 [INFO] (trainer.py:109) Total Epi:   171 Steps:    4103 Episode Steps:    17 Return:  17.0000 FPS: 9925.11
11:22:07.279 [INFO] (trainer.py:109) Total Epi:   172 Steps:    4117 Episode Steps:    14 Return:  14.0000 FPS: 10394.93
11:22:07.281 [INFO] (trainer.py:109) Total Epi:   173 Steps:    4131 Episode Steps:    14 Return:  14.0000 FPS: 9907.02
11:22:07.284 [INFO] (trainer.py:109) Total Epi:   174 Steps:    4150 Episode Steps:    19 Return:  19.0000 FPS: 10729.43
11:22:07.286 [INFO] (trainer.py:109) Total Epi:   175 Steps:    4165 Episode Steps:    15 Return:  15.0000 FPS: 9999.01
11:22:07.289 [INFO] (trainer.py:109) Total Epi:   176 Steps:    4190 Episode Steps:    25 Return:  25.0000 FPS: 10912.05
11:22:07.292 [INFO] (trainer.py:109) Total Epi:   177 Steps:    4221 Episode Steps:    31 Return:  31.0000 FPS: 10799.47
11:22:07.295 [INFO] (trainer.py:109) Total Epi:   178 Steps:    4244 Episode Steps:    23 Return:  23.0000 FPS: 10629.00
11:22:07.299 [INFO] (trainer.py:109) Total Epi:   179 Steps:    4269 Episode Steps:    25 Return:  25.0000 FPS: 10380.22
11:22:07.301 [INFO] (trainer.py:109) Total Epi:   180 Steps:    4280 Episode Steps:    11 Return:  11.0000 FPS: 10039.67
11:22:07.302 [INFO] (trainer.py:109) Total Epi:   181 Steps:    4290 Episode Steps:    10 Return:  10.0000 FPS: 10034.02
11:22:07.306 [INFO] (trainer.py:109) Total Epi:   182 Steps:    4324 Episode Steps:    34 Return:  34.0000 FPS: 10587.55
11:22:07.309 [INFO] (trainer.py:109) Total Epi:   183 Steps:    4348 Episode Steps:    24 Return:  24.0000 FPS: 10190.30
11:22:07.311 [INFO] (trainer.py:109) Total Epi:   184 Steps:    4363 Episode Steps:    15 Return:  15.0000 FPS: 10455.51
11:22:07.314 [INFO] (trainer.py:109) Total Epi:   185 Steps:    4381 Episode Steps:    18 Return:  18.0000 FPS: 9826.56
11:22:07.318 [INFO] (trainer.py:109) Total Epi:   186 Steps:    4418 Episode Steps:    37 Return:  37.0000 FPS: 10633.62
11:22:07.321 [INFO] (trainer.py:109) Total Epi:   187 Steps:    4442 Episode Steps:    24 Return:  24.0000 FPS: 10678.16
11:22:07.323 [INFO] (trainer.py:109) Total Epi:   188 Steps:    4461 Episode Steps:    19 Return:  19.0000 FPS: 10300.64
11:22:07.326 [INFO] (trainer.py:109) Total Epi:   189 Steps:    4482 Episode Steps:    21 Return:  21.0000 FPS: 9688.07
11:22:07.330 [INFO] (trainer.py:109) Total Epi:   190 Steps:    4518 Episode Steps:    36 Return:  36.0000 FPS: 10528.60
11:22:07.333 [INFO] (trainer.py:109) Total Epi:   191 Steps:    4533 Episode Steps:    15 Return:  15.0000 FPS: 10319.91
11:22:07.336 [INFO] (trainer.py:109) Total Epi:   192 Steps:    4557 Episode Steps:    24 Return:  24.0000 FPS: 10901.80
11:22:07.338 [INFO] (trainer.py:109) Total Epi:   193 Steps:    4576 Episode Steps:    19 Return:  19.0000 FPS: 10237.36
11:22:07.343 [INFO] (trainer.py:109) Total Epi:   194 Steps:    4621 Episode Steps:    45 Return:  45.0000 FPS: 10828.14
11:22:07.345 [INFO] (trainer.py:109) Total Epi:   195 Steps:    4641 Episode Steps:    20 Return:  20.0000 FPS: 10280.76
11:22:07.348 [INFO] (trainer.py:109) Total Epi:   196 Steps:    4661 Episode Steps:    20 Return:  20.0000 FPS: 10735.25
11:22:07.350 [INFO] (trainer.py:109) Total Epi:   197 Steps:    4681 Episode Steps:    20 Return:  20.0000 FPS: 10269.64
11:22:07.353 [INFO] (trainer.py:109) Total Epi:   198 Steps:    4697 Episode Steps:    16 Return:  16.0000 FPS: 10440.28
11:22:07.355 [INFO] (trainer.py:109) Total Epi:   199 Steps:    4709 Episode Steps:    12 Return:  12.0000 FPS: 10016.74
11:22:07.357 [INFO] (trainer.py:109) Total Epi:   200 Steps:    4728 Episode Steps:    19 Return:  19.0000 FPS: 10125.52
11:22:07.359 [INFO] (trainer.py:109) Total Epi:   201 Steps:    4741 Episode Steps:    13 Return:  13.0000 FPS: 9989.74
11:22:07.367 [INFO] (trainer.py:109) Total Epi:   202 Steps:    4821 Episode Steps:    80 Return:  80.0000 FPS: 10870.28
11:22:07.370 [INFO] (trainer.py:109) Total Epi:   203 Steps:    4837 Episode Steps:    16 Return:  16.0000 FPS: 9954.05
11:22:07.372 [INFO] (trainer.py:109) Total Epi:   204 Steps:    4851 Episode Steps:    14 Return:  14.0000 FPS: 10408.86
11:22:07.374 [INFO] (trainer.py:109) Total Epi:   205 Steps:    4865 Episode Steps:    14 Return:  14.0000 FPS: 9952.96
11:22:07.375 [INFO] (trainer.py:109) Total Epi:   206 Steps:    4873 Episode Steps:     8 Return:  8.0000 FPS: 9310.64
11:22:07.378 [INFO] (trainer.py:109) Total Epi:   207 Steps:    4897 Episode Steps:    24 Return:  24.0000 FPS: 10410.10
11:22:07.380 [INFO] (trainer.py:109) Total Epi:   208 Steps:    4911 Episode Steps:    14 Return:  14.0000 FPS: 10529.70
11:22:07.382 [INFO] (trainer.py:109) Total Epi:   209 Steps:    4927 Episode Steps:    16 Return:  16.0000 FPS: 10223.07
11:22:07.384 [INFO] (trainer.py:109) Total Epi:   210 Steps:    4938 Episode Steps:    11 Return:  11.0000 FPS: 10091.06
11:22:07.386 [INFO] (trainer.py:109) Total Epi:   211 Steps:    4950 Episode Steps:    12 Return:  12.0000 FPS: 9567.80
11:22:07.389 [INFO] (trainer.py:109) Total Epi:   212 Steps:    4975 Episode Steps:    25 Return:  25.0000 FPS: 10556.51
11:22:07.391 [INFO] (trainer.py:109) Total Epi:   213 Steps:    4987 Episode Steps:    12 Return:  12.0000 FPS: 10273.23
11:22:07.394 [INFO] (trainer.py:109) Total Epi:   214 Steps:    5009 Episode Steps:    22 Return:  22.0000 FPS: 10158.92
11:22:07.399 [INFO] (trainer.py:109) Total Epi:   215 Steps:    5058 Episode Steps:    49 Return:  49.0000 FPS: 10764.46
11:22:07.401 [INFO] (trainer.py:109) Total Epi:   216 Steps:    5073 Episode Steps:    15 Return:  15.0000 FPS: 10252.79
11:22:07.404 [INFO] (trainer.py:109) Total Epi:   217 Steps:    5092 Episode Steps:    19 Return:  19.0000 FPS: 10708.74
11:22:07.407 [INFO] (trainer.py:109) Total Epi:   218 Steps:    5127 Episode Steps:    35 Return:  35.0000 FPS: 10537.00
11:22:07.410 [INFO] (trainer.py:109) Total Epi:   219 Steps:    5141 Episode Steps:    14 Return:  14.0000 FPS: 9406.92
11:22:07.413 [INFO] (trainer.py:109) Total Epi:   220 Steps:    5167 Episode Steps:    26 Return:  26.0000 FPS: 10804.73
11:22:07.417 [INFO] (trainer.py:109) Total Epi:   221 Steps:    5210 Episode Steps:    43 Return:  43.0000 FPS: 10820.46
11:22:07.420 [INFO] (trainer.py:109) Total Epi:   222 Steps:    5224 Episode Steps:    14 Return:  14.0000 FPS: 10086.93
11:22:07.423 [INFO] (trainer.py:109) Total Epi:   223 Steps:    5247 Episode Steps:    23 Return:  23.0000 FPS: 10515.94
11:22:07.424 [INFO] (trainer.py:109) Total Epi:   224 Steps:    5261 Episode Steps:    14 Return:  14.0000 FPS: 10407.68
11:22:07.426 [INFO] (trainer.py:109) Total Epi:   225 Steps:    5274 Episode Steps:    13 Return:  13.0000 FPS: 9878.70
11:22:07.435 [INFO] (trainer.py:109) Total Epi:   226 Steps:    5355 Episode Steps:    81 Return:  81.0000 FPS: 10894.93
11:22:07.438 [INFO] (trainer.py:109) Total Epi:   227 Steps:    5379 Episode Steps:    24 Return:  24.0000 FPS: 10423.81
11:22:07.441 [INFO] (trainer.py:109) Total Epi:   228 Steps:    5405 Episode Steps:    26 Return:  26.0000 FPS: 10875.49
11:22:07.442 [INFO] (trainer.py:109) Total Epi:   229 Steps:    5416 Episode Steps:    11 Return:  11.0000 FPS: 9723.89
11:22:07.447 [INFO] (trainer.py:109) Total Epi:   230 Steps:    5460 Episode Steps:    44 Return:  44.0000 FPS: 10994.33
11:22:07.450 [INFO] (trainer.py:109) Total Epi:   231 Steps:    5484 Episode Steps:    24 Return:  24.0000 FPS: 10314.44
11:22:07.454 [INFO] (trainer.py:109) Total Epi:   232 Steps:    5510 Episode Steps:    26 Return:  26.0000 FPS: 10350.90
11:22:07.457 [INFO] (trainer.py:109) Total Epi:   233 Steps:    5541 Episode Steps:    31 Return:  31.0000 FPS: 10821.72
11:22:07.459 [INFO] (trainer.py:109) Total Epi:   234 Steps:    5559 Episode Steps:    18 Return:  18.0000 FPS: 10466.57
11:22:07.464 [INFO] (trainer.py:109) Total Epi:   235 Steps:    5604 Episode Steps:    45 Return:  45.0000 FPS: 10715.35
11:22:07.467 [INFO] (trainer.py:109) Total Epi:   236 Steps:    5620 Episode Steps:    16 Return:  16.0000 FPS: 10191.90
11:22:07.469 [INFO] (trainer.py:109) Total Epi:   237 Steps:    5636 Episode Steps:    16 Return:  16.0000 FPS: 10512.99
11:22:07.472 [INFO] (trainer.py:109) Total Epi:   238 Steps:    5660 Episode Steps:    24 Return:  24.0000 FPS: 10821.79
11:22:07.476 [INFO] (trainer.py:109) Total Epi:   239 Steps:    5699 Episode Steps:    39 Return:  39.0000 FPS: 10788.77
11:22:07.480 [INFO] (trainer.py:109) Total Epi:   240 Steps:    5733 Episode Steps:    34 Return:  34.0000 FPS: 10636.34
11:22:07.484 [INFO] (trainer.py:109) Total Epi:   241 Steps:    5761 Episode Steps:    28 Return:  28.0000 FPS: 10326.73
11:22:07.487 [INFO] (trainer.py:109) Total Epi:   242 Steps:    5789 Episode Steps:    28 Return:  28.0000 FPS: 10733.80
11:22:07.490 [INFO] (trainer.py:109) Total Epi:   243 Steps:    5812 Episode Steps:    23 Return:  23.0000 FPS: 10371.22
11:22:07.493 [INFO] (trainer.py:109) Total Epi:   244 Steps:    5836 Episode Steps:    24 Return:  24.0000 FPS: 10568.36
11:22:07.495 [INFO] (trainer.py:109) Total Epi:   245 Steps:    5856 Episode Steps:    20 Return:  20.0000 FPS: 10796.54
11:22:07.497 [INFO] (trainer.py:109) Total Epi:   246 Steps:    5868 Episode Steps:    12 Return:  12.0000 FPS: 10134.70
11:22:07.499 [INFO] (trainer.py:109) Total Epi:   247 Steps:    5882 Episode Steps:    14 Return:  14.0000 FPS: 10564.36
11:22:07.502 [INFO] (trainer.py:109) Total Epi:   248 Steps:    5911 Episode Steps:    29 Return:  29.0000 FPS: 10683.66
11:22:07.505 [INFO] (trainer.py:109) Total Epi:   249 Steps:    5934 Episode Steps:    23 Return:  23.0000 FPS: 10658.99
11:22:07.507 [INFO] (trainer.py:109) Total Epi:   250 Steps:    5951 Episode Steps:    17 Return:  17.0000 FPS: 10600.93
11:22:07.510 [INFO] (trainer.py:109) Total Epi:   251 Steps:    5971 Episode Steps:    20 Return:  20.0000 FPS: 9981.68
11:22:07.512 [INFO] (trainer.py:109) Total Epi:   252 Steps:    5988 Episode Steps:    17 Return:  17.0000 FPS: 10060.73
11:22:07.516 [INFO] (trainer.py:109) Total Epi:   253 Steps:    6012 Episode Steps:    24 Return:  24.0000 FPS: 10112.00
11:22:07.518 [INFO] (trainer.py:109) Total Epi:   254 Steps:    6027 Episode Steps:    15 Return:  15.0000 FPS: 9957.93
11:22:07.520 [INFO] (trainer.py:109) Total Epi:   255 Steps:    6038 Episode Steps:    11 Return:  11.0000 FPS: 10191.00
11:22:07.522 [INFO] (trainer.py:109) Total Epi:   256 Steps:    6060 Episode Steps:    22 Return:  22.0000 FPS: 10419.04
11:22:07.524 [INFO] (trainer.py:109) Total Epi:   257 Steps:    6073 Episode Steps:    13 Return:  13.0000 FPS: 10395.48
11:22:07.526 [INFO] (trainer.py:109) Total Epi:   258 Steps:    6083 Episode Steps:    10 Return:  10.0000 FPS: 9174.93
11:22:07.529 [INFO] (trainer.py:109) Total Epi:   259 Steps:    6110 Episode Steps:    27 Return:  27.0000 FPS: 10876.98
11:22:07.531 [INFO] (trainer.py:109) Total Epi:   260 Steps:    6127 Episode Steps:    17 Return:  17.0000 FPS: 10687.87
11:22:07.534 [INFO] (trainer.py:109) Total Epi:   261 Steps:    6152 Episode Steps:    25 Return:  25.0000 FPS: 10590.87
11:22:07.536 [INFO] (trainer.py:109) Total Epi:   262 Steps:    6168 Episode Steps:    16 Return:  16.0000 FPS: 10573.30
11:22:07.540 [INFO] (trainer.py:109) Total Epi:   263 Steps:    6205 Episode Steps:    37 Return:  37.0000 FPS: 10848.02
11:22:07.543 [INFO] (trainer.py:109) Total Epi:   264 Steps:    6219 Episode Steps:    14 Return:  14.0000 FPS: 9928.06
11:22:07.544 [INFO] (trainer.py:109) Total Epi:   265 Steps:    6227 Episode Steps:     8 Return:  8.0000 FPS: 9225.07
11:22:07.547 [INFO] (trainer.py:109) Total Epi:   266 Steps:    6246 Episode Steps:    19 Return:  19.0000 FPS: 10118.23
11:22:07.549 [INFO] (trainer.py:109) Total Epi:   267 Steps:    6262 Episode Steps:    16 Return:  16.0000 FPS: 9891.85
11:22:07.552 [INFO] (trainer.py:109) Total Epi:   268 Steps:    6283 Episode Steps:    21 Return:  21.0000 FPS: 10767.81
11:22:07.554 [INFO] (trainer.py:109) Total Epi:   269 Steps:    6297 Episode Steps:    14 Return:  14.0000 FPS: 9979.91
11:22:07.556 [INFO] (trainer.py:109) Total Epi:   270 Steps:    6308 Episode Steps:    11 Return:  11.0000 FPS: 10205.16
11:22:07.558 [INFO] (trainer.py:109) Total Epi:   271 Steps:    6322 Episode Steps:    14 Return:  14.0000 FPS: 9960.14
11:22:07.559 [INFO] (trainer.py:109) Total Epi:   272 Steps:    6332 Episode Steps:    10 Return:  10.0000 FPS: 9684.35
11:22:07.562 [INFO] (trainer.py:109) Total Epi:   273 Steps:    6357 Episode Steps:    25 Return:  25.0000 FPS: 10570.18
11:22:07.565 [INFO] (trainer.py:109) Total Epi:   274 Steps:    6374 Episode Steps:    17 Return:  17.0000 FPS: 10573.86
11:22:07.567 [INFO] (trainer.py:109) Total Epi:   275 Steps:    6396 Episode Steps:    22 Return:  22.0000 FPS: 10762.89
11:22:07.572 [INFO] (trainer.py:109) Total Epi:   276 Steps:    6438 Episode Steps:    42 Return:  42.0000 FPS: 10790.63
11:22:07.576 [INFO] (trainer.py:109) Total Epi:   277 Steps:    6473 Episode Steps:    35 Return:  35.0000 FPS: 10511.61
11:22:07.579 [INFO] (trainer.py:109) Total Epi:   278 Steps:    6495 Episode Steps:    22 Return:  22.0000 FPS: 10503.59
11:22:07.581 [INFO] (trainer.py:109) Total Epi:   279 Steps:    6509 Episode Steps:    14 Return:  14.0000 FPS: 9690.32
11:22:07.584 [INFO] (trainer.py:109) Total Epi:   280 Steps:    6538 Episode Steps:    29 Return:  29.0000 FPS: 10874.89
11:22:07.587 [INFO] (trainer.py:109) Total Epi:   281 Steps:    6558 Episode Steps:    20 Return:  20.0000 FPS: 10515.32
11:22:07.590 [INFO] (trainer.py:109) Total Epi:   282 Steps:    6587 Episode Steps:    29 Return:  29.0000 FPS: 10476.35
11:22:07.593 [INFO] (trainer.py:109) Total Epi:   283 Steps:    6602 Episode Steps:    15 Return:  15.0000 FPS: 9972.93
11:22:07.595 [INFO] (trainer.py:109) Total Epi:   284 Steps:    6617 Episode Steps:    15 Return:  15.0000 FPS: 10324.09
11:22:07.598 [INFO] (trainer.py:109) Total Epi:   285 Steps:    6646 Episode Steps:    29 Return:  29.0000 FPS: 10429.28
11:22:07.600 [INFO] (trainer.py:109) Total Epi:   286 Steps:    6661 Episode Steps:    15 Return:  15.0000 FPS: 10414.52
11:22:07.603 [INFO] (trainer.py:109) Total Epi:   287 Steps:    6682 Episode Steps:    21 Return:  21.0000 FPS: 10228.68
11:22:07.607 [INFO] (trainer.py:109) Total Epi:   288 Steps:    6716 Episode Steps:    34 Return:  34.0000 FPS: 10268.09
11:22:07.611 [INFO] (trainer.py:109) Total Epi:   289 Steps:    6744 Episode Steps:    28 Return:  28.0000 FPS: 10224.44
11:22:07.612 [INFO] (trainer.py:109) Total Epi:   290 Steps:    6754 Episode Steps:    10 Return:  10.0000 FPS: 9741.08
11:22:07.615 [INFO] (trainer.py:109) Total Epi:   291 Steps:    6769 Episode Steps:    15 Return:  15.0000 FPS: 9109.04
11:22:07.618 [INFO] (trainer.py:109) Total Epi:   292 Steps:    6791 Episode Steps:    22 Return:  22.0000 FPS: 10338.79
11:22:07.621 [INFO] (trainer.py:109) Total Epi:   293 Steps:    6817 Episode Steps:    26 Return:  26.0000 FPS: 10705.28
11:22:07.623 [INFO] (trainer.py:109) Total Epi:   294 Steps:    6836 Episode Steps:    19 Return:  19.0000 FPS: 10736.60
11:22:07.627 [INFO] (trainer.py:109) Total Epi:   295 Steps:    6864 Episode Steps:    28 Return:  28.0000 FPS: 10156.17
11:22:07.633 [INFO] (trainer.py:109) Total Epi:   296 Steps:    6927 Episode Steps:    63 Return:  63.0000 FPS: 10872.23
11:22:07.636 [INFO] (trainer.py:109) Total Epi:   297 Steps:    6951 Episode Steps:    24 Return:  24.0000 FPS: 10611.65
11:22:07.638 [INFO] (trainer.py:109) Total Epi:   298 Steps:    6967 Episode Steps:    16 Return:  16.0000 FPS: 9868.66
11:22:07.640 [INFO] (trainer.py:109) Total Epi:   299 Steps:    6981 Episode Steps:    14 Return:  14.0000 FPS: 10358.34
11:22:07.643 [INFO] (trainer.py:109) Total Epi:   300 Steps:    7000 Episode Steps:    19 Return:  19.0000 FPS: 10284.64
11:22:07.645 [INFO] (trainer.py:109) Total Epi:   301 Steps:    7015 Episode Steps:    15 Return:  15.0000 FPS: 10302.88
11:22:07.648 [INFO] (trainer.py:109) Total Epi:   302 Steps:    7035 Episode Steps:    20 Return:  20.0000 FPS: 10100.47
11:22:07.650 [INFO] (trainer.py:109) Total Epi:   303 Steps:    7051 Episode Steps:    16 Return:  16.0000 FPS: 10011.34
11:22:07.654 [INFO] (trainer.py:109) Total Epi:   304 Steps:    7089 Episode Steps:    38 Return:  38.0000 FPS: 10910.16
11:22:07.657 [INFO] (trainer.py:109) Total Epi:   305 Steps:    7108 Episode Steps:    19 Return:  19.0000 FPS: 10689.01
11:22:07.658 [INFO] (trainer.py:109) Total Epi:   306 Steps:    7118 Episode Steps:    10 Return:  10.0000 FPS: 9689.86
11:22:07.661 [INFO] (trainer.py:109) Total Epi:   307 Steps:    7138 Episode Steps:    20 Return:  20.0000 FPS: 10524.26
11:22:07.665 [INFO] (trainer.py:109) Total Epi:   308 Steps:    7177 Episode Steps:    39 Return:  39.0000 FPS: 10856.14
11:22:07.669 [INFO] (trainer.py:109) Total Epi:   309 Steps:    7214 Episode Steps:    37 Return:  37.0000 FPS: 10615.21
11:22:07.680 [INFO] (trainer.py:109) Total Epi:   310 Steps:    7326 Episode Steps:   112 Return:  112.0000 FPS: 11111.70
11:22:07.684 [INFO] (trainer.py:109) Total Epi:   311 Steps:    7357 Episode Steps:    31 Return:  31.0000 FPS: 10847.23
11:22:07.686 [INFO] (trainer.py:109) Total Epi:   312 Steps:    7372 Episode Steps:    15 Return:  15.0000 FPS: 10108.87
11:22:07.688 [INFO] (trainer.py:109) Total Epi:   313 Steps:    7384 Episode Steps:    12 Return:  12.0000 FPS: 10227.09
11:22:07.691 [INFO] (trainer.py:109) Total Epi:   314 Steps:    7407 Episode Steps:    23 Return:  23.0000 FPS: 10585.17
11:22:07.694 [INFO] (trainer.py:109) Total Epi:   315 Steps:    7431 Episode Steps:    24 Return:  24.0000 FPS: 10120.36
11:22:07.696 [INFO] (trainer.py:109) Total Epi:   316 Steps:    7444 Episode Steps:    13 Return:  13.0000 FPS: 10250.84
11:22:07.700 [INFO] (trainer.py:109) Total Epi:   317 Steps:    7477 Episode Steps:    33 Return:  33.0000 FPS: 10561.61
11:22:07.706 [INFO] (trainer.py:109) Total Epi:   318 Steps:    7539 Episode Steps:    62 Return:  62.0000 FPS: 10986.37
11:22:07.711 [INFO] (trainer.py:109) Total Epi:   319 Steps:    7585 Episode Steps:    46 Return:  46.0000 FPS: 10877.10
11:22:07.713 [INFO] (trainer.py:109) Total Epi:   320 Steps:    7597 Episode Steps:    12 Return:  12.0000 FPS: 9946.35
11:22:07.715 [INFO] (trainer.py:109) Total Epi:   321 Steps:    7608 Episode Steps:    11 Return:  11.0000 FPS: 9908.51
11:22:07.717 [INFO] (trainer.py:109) Total Epi:   322 Steps:    7620 Episode Steps:    12 Return:  12.0000 FPS: 10216.57
11:22:07.719 [INFO] (trainer.py:109) Total Epi:   323 Steps:    7633 Episode Steps:    13 Return:  13.0000 FPS: 10380.79
11:22:07.721 [INFO] (trainer.py:109) Total Epi:   324 Steps:    7648 Episode Steps:    15 Return:  15.0000 FPS: 10434.58
11:22:07.723 [INFO] (trainer.py:109) Total Epi:   325 Steps:    7665 Episode Steps:    17 Return:  17.0000 FPS: 10660.62
11:22:07.726 [INFO] (trainer.py:109) Total Epi:   326 Steps:    7689 Episode Steps:    24 Return:  24.0000 FPS: 10182.87
11:22:07.729 [INFO] (trainer.py:109) Total Epi:   327 Steps:    7717 Episode Steps:    28 Return:  28.0000 FPS: 10596.90
11:22:07.732 [INFO] (trainer.py:109) Total Epi:   328 Steps:    7735 Episode Steps:    18 Return:  18.0000 FPS: 9942.46
11:22:07.735 [INFO] (trainer.py:109) Total Epi:   329 Steps:    7753 Episode Steps:    18 Return:  18.0000 FPS: 10169.66
11:22:07.737 [INFO] (trainer.py:109) Total Epi:   330 Steps:    7773 Episode Steps:    20 Return:  20.0000 FPS: 10531.47
11:22:07.739 [INFO] (trainer.py:109) Total Epi:   331 Steps:    7785 Episode Steps:    12 Return:  12.0000 FPS: 10113.72
11:22:07.742 [INFO] (trainer.py:109) Total Epi:   332 Steps:    7805 Episode Steps:    20 Return:  20.0000 FPS: 8666.89
11:22:07.746 [INFO] (trainer.py:109) Total Epi:   333 Steps:    7837 Episode Steps:    32 Return:  32.0000 FPS: 9656.49
11:22:07.749 [INFO] (trainer.py:109) Total Epi:   334 Steps:    7861 Episode Steps:    24 Return:  24.0000 FPS: 10371.37
11:22:07.753 [INFO] (trainer.py:109) Total Epi:   335 Steps:    7889 Episode Steps:    28 Return:  28.0000 FPS: 10625.61
11:22:07.756 [INFO] (trainer.py:109) Total Epi:   336 Steps:    7916 Episode Steps:    27 Return:  27.0000 FPS: 10829.70
11:22:07.759 [INFO] (trainer.py:109) Total Epi:   337 Steps:    7937 Episode Steps:    21 Return:  21.0000 FPS: 10086.00
11:22:07.761 [INFO] (trainer.py:109) Total Epi:   338 Steps:    7953 Episode Steps:    16 Return:  16.0000 FPS: 9787.95
11:22:07.764 [INFO] (trainer.py:109) Total Epi:   339 Steps:    7977 Episode Steps:    24 Return:  24.0000 FPS: 10131.66
11:22:07.767 [INFO] (trainer.py:109) Total Epi:   340 Steps:    7995 Episode Steps:    18 Return:  18.0000 FPS: 10312.66
11:22:07.770 [INFO] (trainer.py:109) Total Epi:   341 Steps:    8024 Episode Steps:    29 Return:  29.0000 FPS: 10654.74
11:22:07.772 [INFO] (trainer.py:109) Total Epi:   342 Steps:    8033 Episode Steps:     9 Return:  9.0000 FPS: 9725.93
11:22:07.774 [INFO] (trainer.py:109) Total Epi:   343 Steps:    8049 Episode Steps:    16 Return:  16.0000 FPS: 10181.25
11:22:07.776 [INFO] (trainer.py:109) Total Epi:   344 Steps:    8066 Episode Steps:    17 Return:  17.0000 FPS: 10226.98
11:22:07.778 [INFO] (trainer.py:109) Total Epi:   345 Steps:    8076 Episode Steps:    10 Return:  10.0000 FPS: 9627.74
11:22:07.781 [INFO] (trainer.py:109) Total Epi:   346 Steps:    8103 Episode Steps:    27 Return:  27.0000 FPS: 10780.45
11:22:07.784 [INFO] (trainer.py:109) Total Epi:   347 Steps:    8129 Episode Steps:    26 Return:  26.0000 FPS: 10901.74
11:22:07.786 [INFO] (trainer.py:109) Total Epi:   348 Steps:    8141 Episode Steps:    12 Return:  12.0000 FPS: 9793.30
11:22:07.788 [INFO] (trainer.py:109) Total Epi:   349 Steps:    8152 Episode Steps:    11 Return:  11.0000 FPS: 10274.46
11:22:07.789 [INFO] (trainer.py:109) Total Epi:   350 Steps:    8164 Episode Steps:    12 Return:  12.0000 FPS: 9612.88
11:22:07.792 [INFO] (trainer.py:109) Total Epi:   351 Steps:    8185 Episode Steps:    21 Return:  21.0000 FPS: 10380.21
11:22:07.794 [INFO] (trainer.py:109) Total Epi:   352 Steps:    8195 Episode Steps:    10 Return:  10.0000 FPS: 9430.07
11:22:07.796 [INFO] (trainer.py:109) Total Epi:   353 Steps:    8213 Episode Steps:    18 Return:  18.0000 FPS: 10479.22
11:22:07.803 [INFO] (trainer.py:109) Total Epi:   354 Steps:    8277 Episode Steps:    64 Return:  64.0000 FPS: 10807.33
11:22:07.805 [INFO] (trainer.py:109) Total Epi:   355 Steps:    8290 Episode Steps:    13 Return:  13.0000 FPS: 9969.66
11:22:07.808 [INFO] (trainer.py:109) Total Epi:   356 Steps:    8308 Episode Steps:    18 Return:  18.0000 FPS: 10675.30
11:22:07.810 [INFO] (trainer.py:109) Total Epi:   357 Steps:    8324 Episode Steps:    16 Return:  16.0000 FPS: 9641.31
11:22:07.812 [INFO] (trainer.py:109) Total Epi:   358 Steps:    8340 Episode Steps:    16 Return:  16.0000 FPS: 10550.52
11:22:07.814 [INFO] (trainer.py:109) Total Epi:   359 Steps:    8352 Episode Steps:    12 Return:  12.0000 FPS: 9748.14
11:22:07.815 [INFO] (trainer.py:109) Total Epi:   360 Steps:    8361 Episode Steps:     9 Return:  9.0000 FPS: 9963.45
11:22:07.818 [INFO] (trainer.py:109) Total Epi:   361 Steps:    8380 Episode Steps:    19 Return:  19.0000 FPS: 10256.09
11:22:07.820 [INFO] (trainer.py:109) Total Epi:   362 Steps:    8396 Episode Steps:    16 Return:  16.0000 FPS: 10547.63
11:22:07.823 [INFO] (trainer.py:109) Total Epi:   363 Steps:    8418 Episode Steps:    22 Return:  22.0000 FPS: 10092.27
11:22:07.825 [INFO] (trainer.py:109) Total Epi:   364 Steps:    8429 Episode Steps:    11 Return:  11.0000 FPS: 9772.18
11:22:07.827 [INFO] (trainer.py:109) Total Epi:   365 Steps:    8447 Episode Steps:    18 Return:  18.0000 FPS: 10435.24
11:22:07.829 [INFO] (trainer.py:109) Total Epi:   366 Steps:    8459 Episode Steps:    12 Return:  12.0000 FPS: 10085.92
11:22:07.832 [INFO] (trainer.py:109) Total Epi:   367 Steps:    8479 Episode Steps:    20 Return:  20.0000 FPS: 10062.40
11:22:07.835 [INFO] (trainer.py:109) Total Epi:   368 Steps:    8504 Episode Steps:    25 Return:  25.0000 FPS: 10539.03
11:22:07.837 [INFO] (trainer.py:109) Total Epi:   369 Steps:    8518 Episode Steps:    14 Return:  14.0000 FPS: 10240.27
11:22:07.839 [INFO] (trainer.py:109) Total Epi:   370 Steps:    8537 Episode Steps:    19 Return:  19.0000 FPS: 10651.79
11:22:07.843 [INFO] (trainer.py:109) Total Epi:   371 Steps:    8571 Episode Steps:    34 Return:  34.0000 FPS: 10574.43
11:22:07.846 [INFO] (trainer.py:109) Total Epi:   372 Steps:    8589 Episode Steps:    18 Return:  18.0000 FPS: 10138.05
11:22:07.848 [INFO] (trainer.py:109) Total Epi:   373 Steps:    8609 Episode Steps:    20 Return:  20.0000 FPS: 10599.08
11:22:07.850 [INFO] (trainer.py:109) Total Epi:   374 Steps:    8618 Episode Steps:     9 Return:  9.0000 FPS: 8878.25
11:22:07.852 [INFO] (trainer.py:109) Total Epi:   375 Steps:    8633 Episode Steps:    15 Return:  15.0000 FPS: 10253.88
11:22:07.854 [INFO] (trainer.py:109) Total Epi:   376 Steps:    8645 Episode Steps:    12 Return:  12.0000 FPS: 9285.81
11:22:07.857 [INFO] (trainer.py:109) Total Epi:   377 Steps:    8668 Episode Steps:    23 Return:  23.0000 FPS: 10696.84
11:22:07.859 [INFO] (trainer.py:109) Total Epi:   378 Steps:    8683 Episode Steps:    15 Return:  15.0000 FPS: 10365.03
11:22:07.861 [INFO] (trainer.py:109) Total Epi:   379 Steps:    8698 Episode Steps:    15 Return:  15.0000 FPS: 10205.20
11:22:07.863 [INFO] (trainer.py:109) Total Epi:   380 Steps:    8709 Episode Steps:    11 Return:  11.0000 FPS: 10334.68
11:22:07.869 [INFO] (trainer.py:109) Total Epi:   381 Steps:    8764 Episode Steps:    55 Return:  55.0000 FPS: 10834.18
11:22:07.870 [INFO] (trainer.py:109) Total Epi:   382 Steps:    8775 Episode Steps:    11 Return:  11.0000 FPS: 10191.05
11:22:07.873 [INFO] (trainer.py:109) Total Epi:   383 Steps:    8797 Episode Steps:    22 Return:  22.0000 FPS: 10632.26
11:22:07.875 [INFO] (trainer.py:109) Total Epi:   384 Steps:    8811 Episode Steps:    14 Return:  14.0000 FPS: 10144.32
11:22:07.877 [INFO] (trainer.py:109) Total Epi:   385 Steps:    8827 Episode Steps:    16 Return:  16.0000 FPS: 9887.14
11:22:07.880 [INFO] (trainer.py:109) Total Epi:   386 Steps:    8843 Episode Steps:    16 Return:  16.0000 FPS: 10524.70
11:22:07.882 [INFO] (trainer.py:109) Total Epi:   387 Steps:    8866 Episode Steps:    23 Return:  23.0000 FPS: 10382.49
11:22:07.884 [INFO] (trainer.py:109) Total Epi:   388 Steps:    8877 Episode Steps:    11 Return:  11.0000 FPS: 9994.09
11:22:07.886 [INFO] (trainer.py:109) Total Epi:   389 Steps:    8892 Episode Steps:    15 Return:  15.0000 FPS: 9808.02
11:22:07.888 [INFO] (trainer.py:109) Total Epi:   390 Steps:    8905 Episode Steps:    13 Return:  13.0000 FPS: 10317.04
11:22:07.891 [INFO] (trainer.py:109) Total Epi:   391 Steps:    8929 Episode Steps:    24 Return:  24.0000 FPS: 10635.26
11:22:07.895 [INFO] (trainer.py:109) Total Epi:   392 Steps:    8964 Episode Steps:    35 Return:  35.0000 FPS: 10723.61
11:22:07.900 [INFO] (trainer.py:109) Total Epi:   393 Steps:    9005 Episode Steps:    41 Return:  41.0000 FPS: 10612.86
11:22:07.902 [INFO] (trainer.py:109) Total Epi:   394 Steps:    9018 Episode Steps:    13 Return:  13.0000 FPS: 9622.83
11:22:07.906 [INFO] (trainer.py:109) Total Epi:   395 Steps:    9055 Episode Steps:    37 Return:  37.0000 FPS: 10825.26
11:22:07.909 [INFO] (trainer.py:109) Total Epi:   396 Steps:    9079 Episode Steps:    24 Return:  24.0000 FPS: 10170.89
11:22:07.911 [INFO] (trainer.py:109) Total Epi:   397 Steps:    9098 Episode Steps:    19 Return:  19.0000 FPS: 10497.30
11:22:07.914 [INFO] (trainer.py:109) Total Epi:   398 Steps:    9117 Episode Steps:    19 Return:  19.0000 FPS: 10228.72
11:22:07.916 [INFO] (trainer.py:109) Total Epi:   399 Steps:    9134 Episode Steps:    17 Return:  17.0000 FPS: 10483.95
11:22:07.918 [INFO] (trainer.py:109) Total Epi:   400 Steps:    9148 Episode Steps:    14 Return:  14.0000 FPS: 9758.42
11:22:07.921 [INFO] (trainer.py:109) Total Epi:   401 Steps:    9171 Episode Steps:    23 Return:  23.0000 FPS: 10555.29
11:22:07.923 [INFO] (trainer.py:109) Total Epi:   402 Steps:    9182 Episode Steps:    11 Return:  11.0000 FPS: 10311.53
11:22:07.926 [INFO] (trainer.py:109) Total Epi:   403 Steps:    9203 Episode Steps:    21 Return:  21.0000 FPS: 10293.26
11:22:07.928 [INFO] (trainer.py:109) Total Epi:   404 Steps:    9227 Episode Steps:    24 Return:  24.0000 FPS: 10810.61
11:22:07.931 [INFO] (trainer.py:109) Total Epi:   405 Steps:    9249 Episode Steps:    22 Return:  22.0000 FPS: 9980.24
11:22:07.934 [INFO] (trainer.py:109) Total Epi:   406 Steps:    9265 Episode Steps:    16 Return:  16.0000 FPS: 10116.98
11:22:07.937 [INFO] (trainer.py:109) Total Epi:   407 Steps:    9301 Episode Steps:    36 Return:  36.0000 FPS: 10850.03
11:22:07.939 [INFO] (trainer.py:109) Total Epi:   408 Steps:    9314 Episode Steps:    13 Return:  13.0000 FPS: 10094.84
11:22:07.944 [INFO] (trainer.py:109) Total Epi:   409 Steps:    9358 Episode Steps:    44 Return:  44.0000 FPS: 10587.01
11:22:07.947 [INFO] (trainer.py:109) Total Epi:   410 Steps:    9376 Episode Steps:    18 Return:  18.0000 FPS: 10115.09
11:22:07.949 [INFO] (trainer.py:109) Total Epi:   411 Steps:    9390 Episode Steps:    14 Return:  14.0000 FPS: 9905.07
11:22:07.951 [INFO] (trainer.py:109) Total Epi:   412 Steps:    9401 Episode Steps:    11 Return:  11.0000 FPS: 10229.53
11:22:07.954 [INFO] (trainer.py:109) Total Epi:   413 Steps:    9429 Episode Steps:    28 Return:  28.0000 FPS: 10479.36
11:22:07.956 [INFO] (trainer.py:109) Total Epi:   414 Steps:    9447 Episode Steps:    18 Return:  18.0000 FPS: 10641.10
11:22:07.958 [INFO] (trainer.py:109) Total Epi:   415 Steps:    9462 Episode Steps:    15 Return:  15.0000 FPS: 9928.33
11:22:07.961 [INFO] (trainer.py:109) Total Epi:   416 Steps:    9487 Episode Steps:    25 Return:  25.0000 FPS: 10389.20
11:22:07.966 [INFO] (trainer.py:109) Total Epi:   417 Steps:    9527 Episode Steps:    40 Return:  40.0000 FPS: 10551.71
11:22:07.968 [INFO] (trainer.py:109) Total Epi:   418 Steps:    9544 Episode Steps:    17 Return:  17.0000 FPS: 10550.43
11:22:07.971 [INFO] (trainer.py:109) Total Epi:   419 Steps:    9561 Episode Steps:    17 Return:  17.0000 FPS: 10224.55
11:22:07.973 [INFO] (trainer.py:109) Total Epi:   420 Steps:    9583 Episode Steps:    22 Return:  22.0000 FPS: 10264.62
11:22:07.975 [INFO] (trainer.py:109) Total Epi:   421 Steps:    9593 Episode Steps:    10 Return:  10.0000 FPS: 9714.16
11:22:07.979 [INFO] (trainer.py:109) Total Epi:   422 Steps:    9625 Episode Steps:    32 Return:  32.0000 FPS: 10349.71
11:22:07.983 [INFO] (trainer.py:109) Total Epi:   423 Steps:    9662 Episode Steps:    37 Return:  37.0000 FPS: 10395.52
11:22:07.988 [INFO] (trainer.py:109) Total Epi:   424 Steps:    9705 Episode Steps:    43 Return:  43.0000 FPS: 10940.60
11:22:07.991 [INFO] (trainer.py:109) Total Epi:   425 Steps:    9734 Episode Steps:    29 Return:  29.0000 FPS: 10724.25
11:22:07.993 [INFO] (trainer.py:109) Total Epi:   426 Steps:    9748 Episode Steps:    14 Return:  14.0000 FPS: 9469.62
11:22:07.997 [INFO] (trainer.py:109) Total Epi:   427 Steps:    9776 Episode Steps:    28 Return:  28.0000 FPS: 10985.90
11:22:07.999 [INFO] (trainer.py:109) Total Epi:   428 Steps:    9790 Episode Steps:    14 Return:  14.0000 FPS: 10380.69
11:22:08.002 [INFO] (trainer.py:109) Total Epi:   429 Steps:    9820 Episode Steps:    30 Return:  30.0000 FPS: 10739.47
11:22:08.005 [INFO] (trainer.py:109) Total Epi:   430 Steps:    9847 Episode Steps:    27 Return:  27.0000 FPS: 10779.46
11:22:08.009 [INFO] (trainer.py:109) Total Epi:   431 Steps:    9881 Episode Steps:    34 Return:  34.0000 FPS: 10807.35
11:22:08.011 [INFO] (trainer.py:109) Total Epi:   432 Steps:    9894 Episode Steps:    13 Return:  13.0000 FPS: 9912.90
11:22:08.015 [INFO] (trainer.py:109) Total Epi:   433 Steps:    9930 Episode Steps:    36 Return:  36.0000 FPS: 10348.75
11:22:08.018 [INFO] (trainer.py:109) Total Epi:   434 Steps:    9944 Episode Steps:    14 Return:  14.0000 FPS: 9770.91
11:22:08.020 [INFO] (trainer.py:109) Total Epi:   435 Steps:    9958 Episode Steps:    14 Return:  14.0000 FPS: 10456.16
11:22:08.024 [INFO] (trainer.py:109) Total Epi:   436 Steps:    9996 Episode Steps:    38 Return:  38.0000 FPS: 10815.31
