09:36:26.872 [INFO] (trainer.py:109) Total Epi:     1 Steps:     200 Episode Steps:   200 Return: -1585.3105 FPS: 4054.92
09:36:26.901 [INFO] (trainer.py:109) Total Epi:     2 Steps:     400 Episode Steps:   200 Return: -1152.8494 FPS: 7370.35
09:36:26.929 [INFO] (trainer.py:109) Total Epi:     3 Steps:     600 Episode Steps:   200 Return: -1315.7882 FPS: 7441.26
09:36:26.956 [INFO] (trainer.py:109) Total Epi:     4 Steps:     800 Episode Steps:   200 Return: -974.3432 FPS: 7358.33
09:36:26.984 [INFO] (trainer.py:109) Total Epi:     5 Steps:    1000 Episode Steps:   200 Return: -897.6675 FPS: 7335.08
09:36:27.012 [INFO] (trainer.py:109) Total Epi:     6 Steps:    1200 Episode Steps:   200 Return: -1514.3759 FPS: 7365.94
09:36:27.040 [INFO] (trainer.py:109) Total Epi:     7 Steps:    1400 Episode Steps:   200 Return: -1508.7155 FPS: 7347.40
09:36:27.067 [INFO] (trainer.py:109) Total Epi:     8 Steps:    1600 Episode Steps:   200 Return: -1647.5962 FPS: 7460.64
09:36:27.095 [INFO] (trainer.py:109) Total Epi:     9 Steps:    1800 Episode Steps:   200 Return: -883.0842 FPS: 7218.61
09:36:27.123 [INFO] (trainer.py:109) Total Epi:    10 Steps:    2000 Episode Steps:   200 Return: -861.9879 FPS: 7373.59
09:36:27.151 [INFO] (trainer.py:109) Total Epi:    11 Steps:    2200 Episode Steps:   200 Return: -1511.3745 FPS: 7412.99
09:36:27.179 [INFO] (trainer.py:109) Total Epi:    12 Steps:    2400 Episode Steps:   200 Return: -1099.5416 FPS: 7375.05
09:36:27.206 [INFO] (trainer.py:109) Total Epi:    13 Steps:    2600 Episode Steps:   200 Return: -969.9435 FPS: 7392.18
09:36:27.234 [INFO] (trainer.py:109) Total Epi:    14 Steps:    2800 Episode Steps:   200 Return: -1654.2531 FPS: 7451.92
09:36:27.261 [INFO] (trainer.py:109) Total Epi:    15 Steps:    3000 Episode Steps:   200 Return: -1514.4369 FPS: 7400.92
09:36:27.290 [INFO] (trainer.py:109) Total Epi:    16 Steps:    3200 Episode Steps:   200 Return: -951.8861 FPS: 7266.79
09:36:27.317 [INFO] (trainer.py:109) Total Epi:    17 Steps:    3400 Episode Steps:   200 Return: -1169.7764 FPS: 7399.69
09:36:27.345 [INFO] (trainer.py:109) Total Epi:    18 Steps:    3600 Episode Steps:   200 Return: -1672.7654 FPS: 7386.68
09:36:27.373 [INFO] (trainer.py:109) Total Epi:    19 Steps:    3800 Episode Steps:   200 Return: -1167.2739 FPS: 7339.97
09:36:27.400 [INFO] (trainer.py:109) Total Epi:    20 Steps:    4000 Episode Steps:   200 Return: -1700.5304 FPS: 7505.36
09:36:27.428 [INFO] (trainer.py:109) Total Epi:    21 Steps:    4200 Episode Steps:   200 Return: -1448.8809 FPS: 7381.09
09:36:27.456 [INFO] (trainer.py:109) Total Epi:    22 Steps:    4400 Episode Steps:   200 Return: -1564.8872 FPS: 7296.35
09:36:27.483 [INFO] (trainer.py:109) Total Epi:    23 Steps:    4600 Episode Steps:   200 Return: -1161.9346 FPS: 7418.61
09:36:27.511 [INFO] (trainer.py:109) Total Epi:    24 Steps:    4800 Episode Steps:   200 Return: -1239.8864 FPS: 7444.47
09:36:27.538 [INFO] (trainer.py:109) Total Epi:    25 Steps:    5000 Episode Steps:   200 Return: -1359.2559 FPS: 7417.73
09:36:27.565 [INFO] (trainer.py:109) Total Epi:    26 Steps:    5200 Episode Steps:   200 Return: -1405.7367 FPS: 7529.78
09:36:27.593 [INFO] (trainer.py:109) Total Epi:    27 Steps:    5400 Episode Steps:   200 Return: -1560.2870 FPS: 7548.21
09:36:27.619 [INFO] (trainer.py:109) Total Epi:    28 Steps:    5600 Episode Steps:   200 Return: -861.7355 FPS: 7601.01
09:36:27.647 [INFO] (trainer.py:109) Total Epi:    29 Steps:    5800 Episode Steps:   200 Return: -1811.8954 FPS: 7522.46
09:36:27.674 [INFO] (trainer.py:109) Total Epi:    30 Steps:    6000 Episode Steps:   200 Return: -1771.5304 FPS: 7534.48
09:36:27.701 [INFO] (trainer.py:109) Total Epi:    31 Steps:    6200 Episode Steps:   200 Return: -941.0226 FPS: 7577.75
09:36:27.728 [INFO] (trainer.py:109) Total Epi:    32 Steps:    6400 Episode Steps:   200 Return: -1558.9305 FPS: 7540.95
09:36:27.755 [INFO] (trainer.py:109) Total Epi:    33 Steps:    6600 Episode Steps:   200 Return: -1323.9269 FPS: 7506.13
09:36:27.782 [INFO] (trainer.py:109) Total Epi:    34 Steps:    6800 Episode Steps:   200 Return: -1669.6810 FPS: 7545.71
09:36:27.809 [INFO] (trainer.py:109) Total Epi:    35 Steps:    7000 Episode Steps:   200 Return: -1069.6469 FPS: 7512.76
09:36:27.837 [INFO] (trainer.py:109) Total Epi:    36 Steps:    7200 Episode Steps:   200 Return: -1177.6536 FPS: 7509.89
09:36:27.864 [INFO] (trainer.py:109) Total Epi:    37 Steps:    7400 Episode Steps:   200 Return: -1306.9192 FPS: 7486.21
09:36:27.891 [INFO] (trainer.py:109) Total Epi:    38 Steps:    7600 Episode Steps:   200 Return: -876.6471 FPS: 7459.43
09:36:27.918 [INFO] (trainer.py:109) Total Epi:    39 Steps:    7800 Episode Steps:   200 Return: -987.7243 FPS: 7554.48
09:36:27.946 [INFO] (trainer.py:109) Total Epi:    40 Steps:    8000 Episode Steps:   200 Return: -1614.5571 FPS: 7513.94
09:36:27.973 [INFO] (trainer.py:109) Total Epi:    41 Steps:    8200 Episode Steps:   200 Return: -1197.5674 FPS: 7515.58
09:36:28.000 [INFO] (trainer.py:109) Total Epi:    42 Steps:    8400 Episode Steps:   200 Return: -995.4871 FPS: 7546.63
09:36:28.027 [INFO] (trainer.py:109) Total Epi:    43 Steps:    8600 Episode Steps:   200 Return: -884.8736 FPS: 7528.55
09:36:28.054 [INFO] (trainer.py:109) Total Epi:    44 Steps:    8800 Episode Steps:   200 Return: -1846.2665 FPS: 7457.84
09:36:28.082 [INFO] (trainer.py:109) Total Epi:    45 Steps:    9000 Episode Steps:   200 Return: -988.3060 FPS: 7492.63
09:36:28.109 [INFO] (trainer.py:109) Total Epi:    46 Steps:    9200 Episode Steps:   200 Return: -1513.5662 FPS: 7532.87
09:36:28.136 [INFO] (trainer.py:109) Total Epi:    47 Steps:    9400 Episode Steps:   200 Return: -1064.5476 FPS: 7569.51
09:36:28.163 [INFO] (trainer.py:109) Total Epi:    48 Steps:    9600 Episode Steps:   200 Return: -1182.0273 FPS: 7549.55
09:36:28.190 [INFO] (trainer.py:109) Total Epi:    49 Steps:    9800 Episode Steps:   200 Return: -1356.6647 FPS: 7501.24
09:36:28.217 [INFO] (trainer.py:109) Total Epi:    50 Steps:   10000 Episode Steps:   200 Return: -1434.9401 FPS: 7520.11
09:36:30.421 [INFO] (trainer.py:137) Evaluation Total Steps:   10000 Average Reward -1384.2169 over  5 episodes
09:36:31.601 [INFO] (trainer.py:109) Total Epi:    51 Steps:   10200 Episode Steps:   200 Return: -1517.2430 FPS: 59.11
09:36:32.745 [INFO] (trainer.py:109) Total Epi:    52 Steps:   10400 Episode Steps:   200 Return: -1520.0392 FPS: 175.01
09:36:33.872 [INFO] (trainer.py:109) Total Epi:    53 Steps:   10600 Episode Steps:   200 Return: -1423.4392 FPS: 177.58
09:36:34.983 [INFO] (trainer.py:109) Total Epi:    54 Steps:   10800 Episode Steps:   200 Return: -1690.0979 FPS: 180.12
09:36:36.091 [INFO] (trainer.py:109) Total Epi:    55 Steps:   11000 Episode Steps:   200 Return: -1734.4986 FPS: 180.68
09:36:37.200 [INFO] (trainer.py:109) Total Epi:    56 Steps:   11200 Episode Steps:   200 Return: -1610.7706 FPS: 180.42
09:36:38.304 [INFO] (trainer.py:109) Total Epi:    57 Steps:   11400 Episode Steps:   200 Return: -1474.0082 FPS: 181.29
09:36:39.404 [INFO] (trainer.py:109) Total Epi:    58 Steps:   11600 Episode Steps:   200 Return: -1170.0461 FPS: 182.03
09:36:40.506 [INFO] (trainer.py:109) Total Epi:    59 Steps:   11800 Episode Steps:   200 Return: -1139.3646 FPS: 181.45
09:36:41.612 [INFO] (trainer.py:109) Total Epi:    60 Steps:   12000 Episode Steps:   200 Return: -958.9651 FPS: 181.08
09:36:42.724 [INFO] (trainer.py:109) Total Epi:    61 Steps:   12200 Episode Steps:   200 Return: -788.6385 FPS: 179.97
09:36:43.833 [INFO] (trainer.py:109) Total Epi:    62 Steps:   12400 Episode Steps:   200 Return: -132.4405 FPS: 180.45
09:36:44.936 [INFO] (trainer.py:109) Total Epi:    63 Steps:   12600 Episode Steps:   200 Return: -134.5943 FPS: 181.39
09:36:46.041 [INFO] (trainer.py:109) Total Epi:    64 Steps:   12800 Episode Steps:   200 Return: -1148.9676 FPS: 181.20
09:36:47.158 [INFO] (trainer.py:109) Total Epi:    65 Steps:   13000 Episode Steps:   200 Return: -0.7621 FPS: 179.11
09:36:48.271 [INFO] (trainer.py:109) Total Epi:    66 Steps:   13200 Episode Steps:   200 Return: -1078.7873 FPS: 179.74
09:36:49.377 [INFO] (trainer.py:109) Total Epi:    67 Steps:   13400 Episode Steps:   200 Return: -1298.2367 FPS: 181.02
09:36:50.479 [INFO] (trainer.py:109) Total Epi:    68 Steps:   13600 Episode Steps:   200 Return: -1119.7254 FPS: 181.61
09:36:51.535 [INFO] (trainer.py:109) Total Epi:    69 Steps:   13800 Episode Steps:   200 Return: -121.7742 FPS: 189.45
09:36:52.468 [INFO] (trainer.py:109) Total Epi:    70 Steps:   14000 Episode Steps:   200 Return: -255.1458 FPS: 214.68
09:36:53.438 [INFO] (trainer.py:109) Total Epi:    71 Steps:   14200 Episode Steps:   200 Return: -0.7513 FPS: 206.19
09:36:54.417 [INFO] (trainer.py:109) Total Epi:    72 Steps:   14400 Episode Steps:   200 Return: -243.8067 FPS: 204.54
09:36:55.394 [INFO] (trainer.py:109) Total Epi:    73 Steps:   14600 Episode Steps:   200 Return: -235.0411 FPS: 204.83
09:36:56.371 [INFO] (trainer.py:109) Total Epi:    74 Steps:   14800 Episode Steps:   200 Return: -238.9924 FPS: 204.85
09:36:57.341 [INFO] (trainer.py:109) Total Epi:    75 Steps:   15000 Episode Steps:   200 Return: -0.8801 FPS: 206.25
09:36:58.276 [INFO] (trainer.py:109) Total Epi:    76 Steps:   15200 Episode Steps:   200 Return: -116.2688 FPS: 213.96
09:36:59.212 [INFO] (trainer.py:109) Total Epi:    77 Steps:   15400 Episode Steps:   200 Return: -355.3580 FPS: 213.94
09:37:00.152 [INFO] (trainer.py:109) Total Epi:    78 Steps:   15600 Episode Steps:   200 Return: -120.9994 FPS: 212.77
09:37:01.226 [INFO] (trainer.py:109) Total Epi:    79 Steps:   15800 Episode Steps:   200 Return: -127.3898 FPS: 186.46
09:37:02.184 [INFO] (trainer.py:109) Total Epi:    80 Steps:   16000 Episode Steps:   200 Return: -124.0670 FPS: 208.74
09:37:03.142 [INFO] (trainer.py:109) Total Epi:    81 Steps:   16200 Episode Steps:   200 Return: -240.7359 FPS: 209.09
09:37:04.093 [INFO] (trainer.py:109) Total Epi:    82 Steps:   16400 Episode Steps:   200 Return: -118.5054 FPS: 210.26
09:37:05.046 [INFO] (trainer.py:109) Total Epi:    83 Steps:   16600 Episode Steps:   200 Return: -241.1122 FPS: 210.14
09:37:05.997 [INFO] (trainer.py:109) Total Epi:    84 Steps:   16800 Episode Steps:   200 Return: -0.5807 FPS: 210.44
09:37:06.948 [INFO] (trainer.py:109) Total Epi:    85 Steps:   17000 Episode Steps:   200 Return: -121.6484 FPS: 210.48
09:37:07.902 [INFO] (trainer.py:109) Total Epi:    86 Steps:   17200 Episode Steps:   200 Return: -316.3183 FPS: 209.63
09:37:08.852 [INFO] (trainer.py:109) Total Epi:    87 Steps:   17400 Episode Steps:   200 Return: -121.6486 FPS: 210.70
09:37:09.805 [INFO] (trainer.py:109) Total Epi:    88 Steps:   17600 Episode Steps:   200 Return: -121.8773 FPS: 210.13
09:37:10.758 [INFO] (trainer.py:109) Total Epi:    89 Steps:   17800 Episode Steps:   200 Return: -124.8104 FPS: 209.84
09:37:11.745 [INFO] (trainer.py:109) Total Epi:    90 Steps:   18000 Episode Steps:   200 Return: -126.5448 FPS: 204.37
09:37:12.723 [INFO] (trainer.py:109) Total Epi:    91 Steps:   18200 Episode Steps:   200 Return: -113.8120 FPS: 204.68
09:37:13.707 [INFO] (trainer.py:109) Total Epi:    92 Steps:   18400 Episode Steps:   200 Return: -226.3211 FPS: 203.29
09:37:14.685 [INFO] (trainer.py:109) Total Epi:    93 Steps:   18600 Episode Steps:   200 Return: -1056.2307 FPS: 204.67
09:37:15.659 [INFO] (trainer.py:109) Total Epi:    94 Steps:   18800 Episode Steps:   200 Return: -0.8960 FPS: 205.47
09:37:16.637 [INFO] (trainer.py:109) Total Epi:    95 Steps:   19000 Episode Steps:   200 Return: -116.6573 FPS: 204.71
09:37:17.616 [INFO] (trainer.py:109) Total Epi:    96 Steps:   19200 Episode Steps:   200 Return: -118.8099 FPS: 204.45
09:37:18.597 [INFO] (trainer.py:109) Total Epi:    97 Steps:   19400 Episode Steps:   200 Return: -121.7470 FPS: 203.88
09:37:19.574 [INFO] (trainer.py:109) Total Epi:    98 Steps:   19600 Episode Steps:   200 Return: -641.7439 FPS: 204.95
09:37:20.553 [INFO] (trainer.py:109) Total Epi:    99 Steps:   19800 Episode Steps:   200 Return: -226.3842 FPS: 204.48
09:37:21.527 [INFO] (trainer.py:109) Total Epi:   100 Steps:   20000 Episode Steps:   200 Return: -369.0959 FPS: 205.47
09:37:21.838 [INFO] (trainer.py:137) Evaluation Total Steps:   20000 Average Reward -68.4419 over  5 episodes
09:37:22.787 [INFO] (trainer.py:109) Total Epi:   101 Steps:   20200 Episode Steps:   200 Return: -116.1727 FPS: 158.73
09:37:23.740 [INFO] (trainer.py:109) Total Epi:   102 Steps:   20400 Episode Steps:   200 Return: -227.4989 FPS: 210.00
09:37:24.693 [INFO] (trainer.py:109) Total Epi:   103 Steps:   20600 Episode Steps:   200 Return: -227.4051 FPS: 210.07
09:37:25.649 [INFO] (trainer.py:109) Total Epi:   104 Steps:   20800 Episode Steps:   200 Return: -114.5045 FPS: 209.21
09:37:26.604 [INFO] (trainer.py:109) Total Epi:   105 Steps:   21000 Episode Steps:   200 Return: -126.0363 FPS: 209.76
09:37:27.555 [INFO] (trainer.py:109) Total Epi:   106 Steps:   21200 Episode Steps:   200 Return: -124.6674 FPS: 210.25
09:37:28.508 [INFO] (trainer.py:109) Total Epi:   107 Steps:   21400 Episode Steps:   200 Return: -122.0321 FPS: 210.11
09:37:29.463 [INFO] (trainer.py:109) Total Epi:   108 Steps:   21600 Episode Steps:   200 Return: -2.2264 FPS: 209.63
09:37:30.412 [INFO] (trainer.py:109) Total Epi:   109 Steps:   21800 Episode Steps:   200 Return: -0.8736 FPS: 210.85
09:37:31.367 [INFO] (trainer.py:109) Total Epi:   110 Steps:   22000 Episode Steps:   200 Return: -1.8124 FPS: 209.42
09:37:32.325 [INFO] (trainer.py:109) Total Epi:   111 Steps:   22200 Episode Steps:   200 Return: -118.7024 FPS: 208.95
09:37:33.294 [INFO] (trainer.py:109) Total Epi:   112 Steps:   22400 Episode Steps:   200 Return: -122.6698 FPS: 206.52
09:37:34.270 [INFO] (trainer.py:109) Total Epi:   113 Steps:   22600 Episode Steps:   200 Return: -127.1587 FPS: 205.01
09:37:35.246 [INFO] (trainer.py:109) Total Epi:   114 Steps:   22800 Episode Steps:   200 Return: -124.1567 FPS: 205.11
09:37:36.223 [INFO] (trainer.py:109) Total Epi:   115 Steps:   23000 Episode Steps:   200 Return: -227.6532 FPS: 204.92
09:37:37.203 [INFO] (trainer.py:109) Total Epi:   116 Steps:   23200 Episode Steps:   200 Return: -118.1377 FPS: 204.20
09:37:38.185 [INFO] (trainer.py:109) Total Epi:   117 Steps:   23400 Episode Steps:   200 Return: -226.4049 FPS: 203.86
09:37:39.160 [INFO] (trainer.py:109) Total Epi:   118 Steps:   23600 Episode Steps:   200 Return: -118.4569 FPS: 205.10
09:37:40.138 [INFO] (trainer.py:109) Total Epi:   119 Steps:   23800 Episode Steps:   200 Return: -254.3935 FPS: 204.77
09:37:41.116 [INFO] (trainer.py:109) Total Epi:   120 Steps:   24000 Episode Steps:   200 Return: -234.1204 FPS: 204.68
09:37:42.097 [INFO] (trainer.py:109) Total Epi:   121 Steps:   24200 Episode Steps:   200 Return: -0.6833 FPS: 203.94
09:37:43.080 [INFO] (trainer.py:109) Total Epi:   122 Steps:   24400 Episode Steps:   200 Return: -122.2746 FPS: 203.52
09:37:44.057 [INFO] (trainer.py:109) Total Epi:   123 Steps:   24600 Episode Steps:   200 Return: -126.5807 FPS: 204.92
09:37:45.033 [INFO] (trainer.py:109) Total Epi:   124 Steps:   24800 Episode Steps:   200 Return: -0.8443 FPS: 205.10
09:37:46.013 [INFO] (trainer.py:109) Total Epi:   125 Steps:   25000 Episode Steps:   200 Return: -230.9286 FPS: 204.13
09:37:46.980 [INFO] (trainer.py:109) Total Epi:   126 Steps:   25200 Episode Steps:   200 Return: -122.6692 FPS: 206.95
09:37:47.958 [INFO] (trainer.py:109) Total Epi:   127 Steps:   25400 Episode Steps:   200 Return: -234.2536 FPS: 204.77
09:37:48.934 [INFO] (trainer.py:109) Total Epi:   128 Steps:   25600 Episode Steps:   200 Return: -119.3380 FPS: 204.94
09:37:49.913 [INFO] (trainer.py:109) Total Epi:   129 Steps:   25800 Episode Steps:   200 Return: -120.9395 FPS: 204.47
09:37:50.888 [INFO] (trainer.py:109) Total Epi:   130 Steps:   26000 Episode Steps:   200 Return: -243.5037 FPS: 205.20
09:37:51.894 [INFO] (trainer.py:109) Total Epi:   131 Steps:   26200 Episode Steps:   200 Return: -120.7330 FPS: 198.96
09:37:52.905 [INFO] (trainer.py:109) Total Epi:   132 Steps:   26400 Episode Steps:   200 Return: -117.9283 FPS: 197.98
09:37:53.911 [INFO] (trainer.py:109) Total Epi:   133 Steps:   26600 Episode Steps:   200 Return: -227.9238 FPS: 198.88
09:37:54.921 [INFO] (trainer.py:109) Total Epi:   134 Steps:   26800 Episode Steps:   200 Return: -271.1248 FPS: 198.16
09:37:55.932 [INFO] (trainer.py:109) Total Epi:   135 Steps:   27000 Episode Steps:   200 Return: -117.3126 FPS: 198.07
09:37:56.934 [INFO] (trainer.py:109) Total Epi:   136 Steps:   27200 Episode Steps:   200 Return: -1.6406 FPS: 199.71
09:37:57.938 [INFO] (trainer.py:109) Total Epi:   137 Steps:   27400 Episode Steps:   200 Return: -118.1212 FPS: 199.53
09:37:58.941 [INFO] (trainer.py:109) Total Epi:   138 Steps:   27600 Episode Steps:   200 Return: -229.6552 FPS: 199.50
09:37:59.951 [INFO] (trainer.py:109) Total Epi:   139 Steps:   27800 Episode Steps:   200 Return: -118.3735 FPS: 198.24
09:38:00.960 [INFO] (trainer.py:109) Total Epi:   140 Steps:   28000 Episode Steps:   200 Return: -122.1864 FPS: 198.27
09:38:02.006 [INFO] (trainer.py:109) Total Epi:   141 Steps:   28200 Episode Steps:   200 Return: -119.9862 FPS: 191.38
09:38:03.044 [INFO] (trainer.py:109) Total Epi:   142 Steps:   28400 Episode Steps:   200 Return: -232.5462 FPS: 192.70
09:38:04.081 [INFO] (trainer.py:109) Total Epi:   143 Steps:   28600 Episode Steps:   200 Return: -0.8040 FPS: 193.06
09:38:05.115 [INFO] (trainer.py:109) Total Epi:   144 Steps:   28800 Episode Steps:   200 Return: -246.6297 FPS: 193.54
09:38:06.156 [INFO] (trainer.py:109) Total Epi:   145 Steps:   29000 Episode Steps:   200 Return: -1.3555 FPS: 192.29
09:38:07.196 [INFO] (trainer.py:109) Total Epi:   146 Steps:   29200 Episode Steps:   200 Return: -220.0376 FPS: 192.37
09:38:08.220 [INFO] (trainer.py:109) Total Epi:   147 Steps:   29400 Episode Steps:   200 Return: -2.0973 FPS: 195.52
09:38:09.152 [INFO] (trainer.py:109) Total Epi:   148 Steps:   29600 Episode Steps:   200 Return: -353.1449 FPS: 215.25
09:38:10.081 [INFO] (trainer.py:109) Total Epi:   149 Steps:   29800 Episode Steps:   200 Return: -123.1519 FPS: 215.33
09:38:11.035 [INFO] (trainer.py:109) Total Epi:   150 Steps:   30000 Episode Steps:   200 Return: -332.9880 FPS: 209.93
09:38:11.324 [INFO] (trainer.py:137) Evaluation Total Steps:   30000 Average Reward -169.9051 over  5 episodes
09:38:12.273 [INFO] (trainer.py:109) Total Epi:   151 Steps:   30200 Episode Steps:   200 Return: -359.0917 FPS: 161.62
09:38:13.258 [INFO] (trainer.py:109) Total Epi:   152 Steps:   30400 Episode Steps:   200 Return: -2.6641 FPS: 203.07
09:38:14.235 [INFO] (trainer.py:109) Total Epi:   153 Steps:   30600 Episode Steps:   200 Return: -224.6740 FPS: 204.99
09:38:15.251 [INFO] (trainer.py:109) Total Epi:   154 Steps:   30800 Episode Steps:   200 Return: -229.2202 FPS: 196.88
09:38:16.383 [INFO] (trainer.py:109) Total Epi:   155 Steps:   31000 Episode Steps:   200 Return: -1.4081 FPS: 176.86
09:38:17.853 [INFO] (trainer.py:109) Total Epi:   156 Steps:   31200 Episode Steps:   200 Return: -114.5384 FPS: 136.06
09:38:19.527 [INFO] (trainer.py:109) Total Epi:   157 Steps:   31400 Episode Steps:   200 Return: -123.1874 FPS: 119.56
09:38:21.271 [INFO] (trainer.py:109) Total Epi:   158 Steps:   31600 Episode Steps:   200 Return: -121.2961 FPS: 114.73
09:38:22.878 [INFO] (trainer.py:109) Total Epi:   159 Steps:   31800 Episode Steps:   200 Return: -118.4532 FPS: 124.51
09:38:24.252 [INFO] (trainer.py:109) Total Epi:   160 Steps:   32000 Episode Steps:   200 Return: -245.3421 FPS: 145.61
09:38:25.732 [INFO] (trainer.py:109) Total Epi:   161 Steps:   32200 Episode Steps:   200 Return: -124.0588 FPS: 135.26
09:38:27.001 [INFO] (trainer.py:109) Total Epi:   162 Steps:   32400 Episode Steps:   200 Return: -0.6914 FPS: 157.62
09:38:28.369 [INFO] (trainer.py:109) Total Epi:   163 Steps:   32600 Episode Steps:   200 Return: -238.0912 FPS: 146.36
09:38:29.684 [INFO] (trainer.py:109) Total Epi:   164 Steps:   32800 Episode Steps:   200 Return: -243.8708 FPS: 152.17
09:38:31.272 [INFO] (trainer.py:109) Total Epi:   165 Steps:   33000 Episode Steps:   200 Return: -120.0773 FPS: 126.02
09:38:32.824 [INFO] (trainer.py:109) Total Epi:   166 Steps:   33200 Episode Steps:   200 Return: -224.4125 FPS: 128.98
09:38:34.443 [INFO] (trainer.py:109) Total Epi:   167 Steps:   33400 Episode Steps:   200 Return: -122.2629 FPS: 123.61
09:38:36.075 [INFO] (trainer.py:109) Total Epi:   168 Steps:   33600 Episode Steps:   200 Return: -125.7483 FPS: 122.72
09:38:37.503 [INFO] (trainer.py:109) Total Epi:   169 Steps:   33800 Episode Steps:   200 Return: -314.3137 FPS: 140.11
09:38:38.948 [INFO] (trainer.py:109) Total Epi:   170 Steps:   34000 Episode Steps:   200 Return: -227.9777 FPS: 138.45
09:38:40.071 [INFO] (trainer.py:109) Total Epi:   171 Steps:   34200 Episode Steps:   200 Return: -241.4329 FPS: 178.21
09:38:41.703 [INFO] (trainer.py:109) Total Epi:   172 Steps:   34400 Episode Steps:   200 Return: -2.6159 FPS: 122.62
09:38:43.148 [INFO] (trainer.py:109) Total Epi:   173 Steps:   34600 Episode Steps:   200 Return: -124.2260 FPS: 138.47
09:38:44.921 [INFO] (trainer.py:109) Total Epi:   174 Steps:   34800 Episode Steps:   200 Return: -229.8217 FPS: 112.88
09:38:46.768 [INFO] (trainer.py:109) Total Epi:   175 Steps:   35000 Episode Steps:   200 Return: -118.7860 FPS: 108.38
09:38:48.197 [INFO] (trainer.py:109) Total Epi:   176 Steps:   35200 Episode Steps:   200 Return: -229.3940 FPS: 140.02
09:38:49.526 [INFO] (trainer.py:109) Total Epi:   177 Steps:   35400 Episode Steps:   200 Return: -119.1230 FPS: 150.61
09:38:51.014 [INFO] (trainer.py:109) Total Epi:   178 Steps:   35600 Episode Steps:   200 Return: -119.6116 FPS: 134.43
09:38:52.305 [INFO] (trainer.py:109) Total Epi:   179 Steps:   35800 Episode Steps:   200 Return: -225.3156 FPS: 155.01
09:38:53.589 [INFO] (trainer.py:109) Total Epi:   180 Steps:   36000 Episode Steps:   200 Return: -116.9102 FPS: 155.88
09:38:54.813 [INFO] (trainer.py:109) Total Epi:   181 Steps:   36200 Episode Steps:   200 Return: -234.6509 FPS: 163.58
09:38:56.077 [INFO] (trainer.py:109) Total Epi:   182 Steps:   36400 Episode Steps:   200 Return: -1.3240 FPS: 158.26
09:38:57.359 [INFO] (trainer.py:109) Total Epi:   183 Steps:   36600 Episode Steps:   200 Return: -126.3820 FPS: 156.07
09:38:58.956 [INFO] (trainer.py:109) Total Epi:   184 Steps:   36800 Episode Steps:   200 Return: -119.8297 FPS: 125.36
09:39:00.330 [INFO] (trainer.py:109) Total Epi:   185 Steps:   37000 Episode Steps:   200 Return: -292.7083 FPS: 145.61
09:39:01.857 [INFO] (trainer.py:109) Total Epi:   186 Steps:   37200 Episode Steps:   200 Return: -226.6769 FPS: 131.03
09:39:03.621 [INFO] (trainer.py:109) Total Epi:   187 Steps:   37400 Episode Steps:   200 Return: -229.4610 FPS: 113.51
09:39:04.953 [INFO] (trainer.py:109) Total Epi:   188 Steps:   37600 Episode Steps:   200 Return: -322.5998 FPS: 150.24
09:39:06.302 [INFO] (trainer.py:109) Total Epi:   189 Steps:   37800 Episode Steps:   200 Return: -116.5746 FPS: 148.33
09:39:07.992 [INFO] (trainer.py:109) Total Epi:   190 Steps:   38000 Episode Steps:   200 Return: -118.4561 FPS: 118.44
09:39:09.621 [INFO] (trainer.py:109) Total Epi:   191 Steps:   38200 Episode Steps:   200 Return: -345.9938 FPS: 122.91
09:39:10.937 [INFO] (trainer.py:109) Total Epi:   192 Steps:   38400 Episode Steps:   200 Return: -231.3930 FPS: 152.11
09:39:12.512 [INFO] (trainer.py:109) Total Epi:   193 Steps:   38600 Episode Steps:   200 Return: -118.2305 FPS: 127.08
09:39:14.183 [INFO] (trainer.py:109) Total Epi:   194 Steps:   38800 Episode Steps:   200 Return: -119.2158 FPS: 119.77
09:39:15.932 [INFO] (trainer.py:109) Total Epi:   195 Steps:   39000 Episode Steps:   200 Return: -122.5561 FPS: 114.38
09:39:17.193 [INFO] (trainer.py:109) Total Epi:   196 Steps:   39200 Episode Steps:   200 Return: -299.9128 FPS: 158.76
09:39:18.392 [INFO] (trainer.py:109) Total Epi:   197 Steps:   39400 Episode Steps:   200 Return: -237.3187 FPS: 166.90
09:39:19.552 [INFO] (trainer.py:109) Total Epi:   198 Steps:   39600 Episode Steps:   200 Return: -348.9148 FPS: 172.48
09:39:20.672 [INFO] (trainer.py:109) Total Epi:   199 Steps:   39800 Episode Steps:   200 Return: -123.1782 FPS: 178.71
09:39:21.813 [INFO] (trainer.py:109) Total Epi:   200 Steps:   40000 Episode Steps:   200 Return: -0.6942 FPS: 175.36
09:39:22.143 [INFO] (trainer.py:137) Evaluation Total Steps:   40000 Average Reward -134.6831 over  5 episodes
09:39:23.242 [INFO] (trainer.py:109) Total Epi:   201 Steps:   40200 Episode Steps:   200 Return: -241.6014 FPS: 140.08
09:39:24.397 [INFO] (trainer.py:109) Total Epi:   202 Steps:   40400 Episode Steps:   200 Return: -120.4171 FPS: 173.26
09:39:25.544 [INFO] (trainer.py:109) Total Epi:   203 Steps:   40600 Episode Steps:   200 Return: -239.6194 FPS: 174.43
09:39:26.722 [INFO] (trainer.py:109) Total Epi:   204 Steps:   40800 Episode Steps:   200 Return: -125.2370 FPS: 169.94
09:39:27.866 [INFO] (trainer.py:109) Total Epi:   205 Steps:   41000 Episode Steps:   200 Return: -115.0158 FPS: 175.01
09:39:29.011 [INFO] (trainer.py:109) Total Epi:   206 Steps:   41200 Episode Steps:   200 Return: -125.8465 FPS: 174.79
09:39:30.368 [INFO] (trainer.py:109) Total Epi:   207 Steps:   41400 Episode Steps:   200 Return: -233.4770 FPS: 147.46
09:39:31.574 [INFO] (trainer.py:109) Total Epi:   208 Steps:   41600 Episode Steps:   200 Return: -118.3647 FPS: 165.83
09:39:32.805 [INFO] (trainer.py:109) Total Epi:   209 Steps:   41800 Episode Steps:   200 Return: -124.1895 FPS: 162.57
09:39:33.960 [INFO] (trainer.py:109) Total Epi:   210 Steps:   42000 Episode Steps:   200 Return: -242.5170 FPS: 173.28
09:39:35.138 [INFO] (trainer.py:109) Total Epi:   211 Steps:   42200 Episode Steps:   200 Return: -118.7874 FPS: 169.97
09:39:36.298 [INFO] (trainer.py:109) Total Epi:   212 Steps:   42400 Episode Steps:   200 Return: -125.0061 FPS: 172.48
09:39:37.756 [INFO] (trainer.py:109) Total Epi:   213 Steps:   42600 Episode Steps:   200 Return: -0.8335 FPS: 137.25
09:39:39.613 [INFO] (trainer.py:109) Total Epi:   214 Steps:   42800 Episode Steps:   200 Return: -123.6717 FPS: 107.79
09:39:41.191 [INFO] (trainer.py:109) Total Epi:   215 Steps:   43000 Episode Steps:   200 Return: -124.9613 FPS: 126.80
09:39:42.377 [INFO] (trainer.py:109) Total Epi:   216 Steps:   43200 Episode Steps:   200 Return: -230.7045 FPS: 168.67
09:39:43.579 [INFO] (trainer.py:109) Total Epi:   217 Steps:   43400 Episode Steps:   200 Return: -233.2625 FPS: 166.56
09:39:44.873 [INFO] (trainer.py:109) Total Epi:   218 Steps:   43600 Episode Steps:   200 Return: -123.3959 FPS: 154.62
09:39:46.014 [INFO] (trainer.py:109) Total Epi:   219 Steps:   43800 Episode Steps:   200 Return: -231.6764 FPS: 175.36
09:39:47.174 [INFO] (trainer.py:109) Total Epi:   220 Steps:   44000 Episode Steps:   200 Return: -124.2254 FPS: 172.63
09:39:48.313 [INFO] (trainer.py:109) Total Epi:   221 Steps:   44200 Episode Steps:   200 Return: -119.3801 FPS: 175.61
09:39:49.437 [INFO] (trainer.py:109) Total Epi:   222 Steps:   44400 Episode Steps:   200 Return: -123.5078 FPS: 178.08
09:39:50.551 [INFO] (trainer.py:109) Total Epi:   223 Steps:   44600 Episode Steps:   200 Return: -124.4895 FPS: 179.71
09:39:51.738 [INFO] (trainer.py:109) Total Epi:   224 Steps:   44800 Episode Steps:   200 Return: -114.5028 FPS: 168.61
09:39:52.919 [INFO] (trainer.py:109) Total Epi:   225 Steps:   45000 Episode Steps:   200 Return: -234.2212 FPS: 169.46
09:39:54.043 [INFO] (trainer.py:109) Total Epi:   226 Steps:   45200 Episode Steps:   200 Return: -123.1585 FPS: 177.93
09:39:55.175 [INFO] (trainer.py:109) Total Epi:   227 Steps:   45400 Episode Steps:   200 Return: -119.9685 FPS: 176.82
09:39:56.311 [INFO] (trainer.py:109) Total Epi:   228 Steps:   45600 Episode Steps:   200 Return: -241.3910 FPS: 176.20
09:39:57.519 [INFO] (trainer.py:109) Total Epi:   229 Steps:   45800 Episode Steps:   200 Return: -124.6058 FPS: 165.64
09:39:58.694 [INFO] (trainer.py:109) Total Epi:   230 Steps:   46000 Episode Steps:   200 Return: -1.0916 FPS: 170.38
09:40:00.081 [INFO] (trainer.py:109) Total Epi:   231 Steps:   46200 Episode Steps:   200 Return: -125.4360 FPS: 144.22
09:40:01.525 [INFO] (trainer.py:109) Total Epi:   232 Steps:   46400 Episode Steps:   200 Return: -0.8928 FPS: 138.59
09:40:03.284 [INFO] (trainer.py:109) Total Epi:   233 Steps:   46600 Episode Steps:   200 Return: -116.9759 FPS: 113.76
09:40:04.614 [INFO] (trainer.py:109) Total Epi:   234 Steps:   46800 Episode Steps:   200 Return: -230.0854 FPS: 150.55
09:40:05.733 [INFO] (trainer.py:109) Total Epi:   235 Steps:   47000 Episode Steps:   200 Return: -119.4331 FPS: 178.79
09:40:06.874 [INFO] (trainer.py:109) Total Epi:   236 Steps:   47200 Episode Steps:   200 Return: -128.6212 FPS: 175.34
09:40:08.121 [INFO] (trainer.py:109) Total Epi:   237 Steps:   47400 Episode Steps:   200 Return: -118.3941 FPS: 160.54
09:40:09.437 [INFO] (trainer.py:109) Total Epi:   238 Steps:   47600 Episode Steps:   200 Return: -3.1851 FPS: 152.09
09:40:10.944 [INFO] (trainer.py:109) Total Epi:   239 Steps:   47800 Episode Steps:   200 Return: -118.6422 FPS: 132.78
09:40:12.410 [INFO] (trainer.py:109) Total Epi:   240 Steps:   48000 Episode Steps:   200 Return: -119.3145 FPS: 136.48
09:40:14.016 [INFO] (trainer.py:109) Total Epi:   241 Steps:   48200 Episode Steps:   200 Return: -123.7217 FPS: 124.65
09:40:15.574 [INFO] (trainer.py:109) Total Epi:   242 Steps:   48400 Episode Steps:   200 Return: -117.6505 FPS: 128.53
09:40:16.864 [INFO] (trainer.py:109) Total Epi:   243 Steps:   48600 Episode Steps:   200 Return: -234.8223 FPS: 155.08
09:40:18.171 [INFO] (trainer.py:109) Total Epi:   244 Steps:   48800 Episode Steps:   200 Return: -227.7020 FPS: 153.15
09:40:19.507 [INFO] (trainer.py:109) Total Epi:   245 Steps:   49000 Episode Steps:   200 Return: -121.0844 FPS: 149.77
09:40:20.759 [INFO] (trainer.py:109) Total Epi:   246 Steps:   49200 Episode Steps:   200 Return: -336.7179 FPS: 159.82
09:40:21.911 [INFO] (trainer.py:109) Total Epi:   247 Steps:   49400 Episode Steps:   200 Return: -238.1039 FPS: 173.78
09:40:23.080 [INFO] (trainer.py:109) Total Epi:   248 Steps:   49600 Episode Steps:   200 Return: -121.9143 FPS: 171.22
09:40:24.256 [INFO] (trainer.py:109) Total Epi:   249 Steps:   49800 Episode Steps:   200 Return: -121.6017 FPS: 170.19
09:40:25.287 [INFO] (trainer.py:109) Total Epi:   250 Steps:   50000 Episode Steps:   200 Return: -1.2471 FPS: 194.09
09:40:25.685 [INFO] (trainer.py:137) Evaluation Total Steps:   50000 Average Reward -119.5227 over  5 episodes
09:40:27.045 [INFO] (trainer.py:109) Total Epi:   251 Steps:   50200 Episode Steps:   200 Return: -114.8580 FPS: 113.81
09:40:28.246 [INFO] (trainer.py:109) Total Epi:   252 Steps:   50400 Episode Steps:   200 Return: -226.7800 FPS: 166.67
09:40:29.748 [INFO] (trainer.py:109) Total Epi:   253 Steps:   50600 Episode Steps:   200 Return: -231.9409 FPS: 133.20
09:40:31.477 [INFO] (trainer.py:109) Total Epi:   254 Steps:   50800 Episode Steps:   200 Return: -119.1399 FPS: 115.70
09:40:33.036 [INFO] (trainer.py:109) Total Epi:   255 Steps:   51000 Episode Steps:   200 Return: -126.5928 FPS: 128.43
09:40:34.339 [INFO] (trainer.py:109) Total Epi:   256 Steps:   51200 Episode Steps:   200 Return: -295.1960 FPS: 153.62
09:40:35.693 [INFO] (trainer.py:109) Total Epi:   257 Steps:   51400 Episode Steps:   200 Return: -126.5928 FPS: 147.75
09:40:36.972 [INFO] (trainer.py:109) Total Epi:   258 Steps:   51600 Episode Steps:   200 Return: -119.8320 FPS: 156.47
09:40:38.247 [INFO] (trainer.py:109) Total Epi:   259 Steps:   51800 Episode Steps:   200 Return: -115.6216 FPS: 157.00
09:40:39.469 [INFO] (trainer.py:109) Total Epi:   260 Steps:   52000 Episode Steps:   200 Return: -124.1166 FPS: 163.78
09:40:40.651 [INFO] (trainer.py:109) Total Epi:   261 Steps:   52200 Episode Steps:   200 Return: -119.9970 FPS: 169.36
09:40:41.894 [INFO] (trainer.py:109) Total Epi:   262 Steps:   52400 Episode Steps:   200 Return: -122.2337 FPS: 160.91
09:40:43.098 [INFO] (trainer.py:109) Total Epi:   263 Steps:   52600 Episode Steps:   200 Return: -119.5294 FPS: 166.24
09:40:44.350 [INFO] (trainer.py:109) Total Epi:   264 Steps:   52800 Episode Steps:   200 Return: -238.4325 FPS: 159.93
09:40:45.583 [INFO] (trainer.py:109) Total Epi:   265 Steps:   53000 Episode Steps:   200 Return: -126.2750 FPS: 162.19
09:40:46.776 [INFO] (trainer.py:109) Total Epi:   266 Steps:   53200 Episode Steps:   200 Return: -234.7827 FPS: 167.76
09:40:48.069 [INFO] (trainer.py:109) Total Epi:   267 Steps:   53400 Episode Steps:   200 Return: -115.4943 FPS: 154.77
09:40:49.293 [INFO] (trainer.py:109) Total Epi:   268 Steps:   53600 Episode Steps:   200 Return: -0.8973 FPS: 163.58
09:40:50.578 [INFO] (trainer.py:109) Total Epi:   269 Steps:   53800 Episode Steps:   200 Return: -222.9453 FPS: 155.67
09:40:51.802 [INFO] (trainer.py:109) Total Epi:   270 Steps:   54000 Episode Steps:   200 Return: -125.2416 FPS: 163.53
09:40:53.224 [INFO] (trainer.py:109) Total Epi:   271 Steps:   54200 Episode Steps:   200 Return: -230.2986 FPS: 140.95
09:40:54.415 [INFO] (trainer.py:109) Total Epi:   272 Steps:   54400 Episode Steps:   200 Return: -1.6089 FPS: 167.99
09:40:55.647 [INFO] (trainer.py:109) Total Epi:   273 Steps:   54600 Episode Steps:   200 Return: -125.2766 FPS: 162.44
09:40:56.886 [INFO] (trainer.py:109) Total Epi:   274 Steps:   54800 Episode Steps:   200 Return: -118.3203 FPS: 161.53
09:40:58.152 [INFO] (trainer.py:109) Total Epi:   275 Steps:   55000 Episode Steps:   200 Return: -123.4258 FPS: 158.09
09:40:59.339 [INFO] (trainer.py:109) Total Epi:   276 Steps:   55200 Episode Steps:   200 Return: -242.1596 FPS: 168.55
09:41:00.531 [INFO] (trainer.py:109) Total Epi:   277 Steps:   55400 Episode Steps:   200 Return: -241.8512 FPS: 167.94
09:41:01.783 [INFO] (trainer.py:109) Total Epi:   278 Steps:   55600 Episode Steps:   200 Return: -1.9683 FPS: 159.85
09:41:02.920 [INFO] (trainer.py:109) Total Epi:   279 Steps:   55800 Episode Steps:   200 Return: -1.0850 FPS: 175.96
09:41:04.219 [INFO] (trainer.py:109) Total Epi:   280 Steps:   56000 Episode Steps:   200 Return: -115.4622 FPS: 154.03
09:41:05.522 [INFO] (trainer.py:109) Total Epi:   281 Steps:   56200 Episode Steps:   200 Return: -256.1665 FPS: 153.65
09:41:06.665 [INFO] (trainer.py:109) Total Epi:   282 Steps:   56400 Episode Steps:   200 Return: -129.4406 FPS: 175.09
09:41:07.998 [INFO] (trainer.py:109) Total Epi:   283 Steps:   56600 Episode Steps:   200 Return: -119.5934 FPS: 150.07
09:41:09.286 [INFO] (trainer.py:109) Total Epi:   284 Steps:   56800 Episode Steps:   200 Return: -235.1696 FPS: 155.37
09:41:10.516 [INFO] (trainer.py:109) Total Epi:   285 Steps:   57000 Episode Steps:   200 Return: -126.2978 FPS: 162.71
09:41:11.933 [INFO] (trainer.py:109) Total Epi:   286 Steps:   57200 Episode Steps:   200 Return: -1.0038 FPS: 141.23
09:41:13.300 [INFO] (trainer.py:109) Total Epi:   287 Steps:   57400 Episode Steps:   200 Return: -1.1762 FPS: 146.44
09:41:14.553 [INFO] (trainer.py:109) Total Epi:   288 Steps:   57600 Episode Steps:   200 Return: -242.7255 FPS: 159.66
09:41:15.881 [INFO] (trainer.py:109) Total Epi:   289 Steps:   57800 Episode Steps:   200 Return: -1.3969 FPS: 150.65
09:41:17.033 [INFO] (trainer.py:109) Total Epi:   290 Steps:   58000 Episode Steps:   200 Return: -118.9408 FPS: 173.93
09:41:18.137 [INFO] (trainer.py:109) Total Epi:   291 Steps:   58200 Episode Steps:   200 Return: -298.6806 FPS: 181.26
09:41:19.430 [INFO] (trainer.py:109) Total Epi:   292 Steps:   58400 Episode Steps:   200 Return: -323.5554 FPS: 154.69
09:41:20.721 [INFO] (trainer.py:109) Total Epi:   293 Steps:   58600 Episode Steps:   200 Return: -120.0498 FPS: 155.08
09:41:21.956 [INFO] (trainer.py:109) Total Epi:   294 Steps:   58800 Episode Steps:   200 Return: -114.3938 FPS: 162.02
09:41:23.209 [INFO] (trainer.py:109) Total Epi:   295 Steps:   59000 Episode Steps:   200 Return: -1.6794 FPS: 159.77
09:41:24.460 [INFO] (trainer.py:109) Total Epi:   296 Steps:   59200 Episode Steps:   200 Return: -0.9685 FPS: 159.94
09:41:25.699 [INFO] (trainer.py:109) Total Epi:   297 Steps:   59400 Episode Steps:   200 Return: -124.8129 FPS: 161.61
09:41:26.938 [INFO] (trainer.py:109) Total Epi:   298 Steps:   59600 Episode Steps:   200 Return: -232.1206 FPS: 161.44
09:41:28.183 [INFO] (trainer.py:109) Total Epi:   299 Steps:   59800 Episode Steps:   200 Return: -227.9692 FPS: 160.77
09:41:29.411 [INFO] (trainer.py:109) Total Epi:   300 Steps:   60000 Episode Steps:   200 Return: -122.4898 FPS: 162.95
09:41:29.798 [INFO] (trainer.py:137) Evaluation Total Steps:   60000 Average Reward -146.3624 over  5 episodes
09:41:30.912 [INFO] (trainer.py:109) Total Epi:   301 Steps:   60200 Episode Steps:   200 Return: -116.9111 FPS: 133.36
09:41:32.166 [INFO] (trainer.py:109) Total Epi:   302 Steps:   60400 Episode Steps:   200 Return: -125.1754 FPS: 159.60
09:41:33.434 [INFO] (trainer.py:109) Total Epi:   303 Steps:   60600 Episode Steps:   200 Return: -346.5191 FPS: 157.79
09:41:34.583 [INFO] (trainer.py:109) Total Epi:   304 Steps:   60800 Episode Steps:   200 Return: -123.1696 FPS: 174.22
09:41:35.743 [INFO] (trainer.py:109) Total Epi:   305 Steps:   61000 Episode Steps:   200 Return: -244.6702 FPS: 172.57
09:41:36.862 [INFO] (trainer.py:109) Total Epi:   306 Steps:   61200 Episode Steps:   200 Return: -116.1062 FPS: 178.88
09:41:37.985 [INFO] (trainer.py:109) Total Epi:   307 Steps:   61400 Episode Steps:   200 Return: -126.4958 FPS: 178.08
09:41:39.268 [INFO] (trainer.py:109) Total Epi:   308 Steps:   61600 Episode Steps:   200 Return: -118.3732 FPS: 155.99
09:41:40.475 [INFO] (trainer.py:109) Total Epi:   309 Steps:   61800 Episode Steps:   200 Return: -118.7206 FPS: 165.80
09:41:41.640 [INFO] (trainer.py:109) Total Epi:   310 Steps:   62000 Episode Steps:   200 Return: -117.5056 FPS: 171.88
09:41:42.782 [INFO] (trainer.py:109) Total Epi:   311 Steps:   62200 Episode Steps:   200 Return: -124.4319 FPS: 175.20
09:41:44.002 [INFO] (trainer.py:109) Total Epi:   312 Steps:   62400 Episode Steps:   200 Return: -122.8776 FPS: 164.07
09:41:45.339 [INFO] (trainer.py:109) Total Epi:   313 Steps:   62600 Episode Steps:   200 Return: -122.7517 FPS: 149.69
09:41:46.494 [INFO] (trainer.py:109) Total Epi:   314 Steps:   62800 Episode Steps:   200 Return: -126.3042 FPS: 173.28
09:41:47.634 [INFO] (trainer.py:109) Total Epi:   315 Steps:   63000 Episode Steps:   200 Return: -227.9484 FPS: 175.58
09:41:48.745 [INFO] (trainer.py:109) Total Epi:   316 Steps:   63200 Episode Steps:   200 Return: -116.8374 FPS: 180.02
09:41:49.855 [INFO] (trainer.py:109) Total Epi:   317 Steps:   63400 Episode Steps:   200 Return: -231.5671 FPS: 180.26
09:41:50.970 [INFO] (trainer.py:109) Total Epi:   318 Steps:   63600 Episode Steps:   200 Return: -117.1086 FPS: 179.63
09:41:52.094 [INFO] (trainer.py:109) Total Epi:   319 Steps:   63800 Episode Steps:   200 Return: -121.0466 FPS: 177.97
09:41:53.099 [INFO] (trainer.py:109) Total Epi:   320 Steps:   64000 Episode Steps:   200 Return: -235.8161 FPS: 199.18
09:41:54.143 [INFO] (trainer.py:109) Total Epi:   321 Steps:   64200 Episode Steps:   200 Return: -1.0059 FPS: 191.65
09:41:55.369 [INFO] (trainer.py:109) Total Epi:   322 Steps:   64400 Episode Steps:   200 Return: -236.1768 FPS: 163.28
09:41:56.512 [INFO] (trainer.py:109) Total Epi:   323 Steps:   64600 Episode Steps:   200 Return: -230.2548 FPS: 175.03
09:41:57.681 [INFO] (trainer.py:109) Total Epi:   324 Steps:   64800 Episode Steps:   200 Return: -126.7925 FPS: 171.17
09:41:58.846 [INFO] (trainer.py:109) Total Epi:   325 Steps:   65000 Episode Steps:   200 Return: -121.2610 FPS: 171.85
09:42:00.027 [INFO] (trainer.py:109) Total Epi:   326 Steps:   65200 Episode Steps:   200 Return: -1.2535 FPS: 169.44
09:42:01.237 [INFO] (trainer.py:109) Total Epi:   327 Steps:   65400 Episode Steps:   200 Return: -119.4071 FPS: 165.44
09:42:02.672 [INFO] (trainer.py:109) Total Epi:   328 Steps:   65600 Episode Steps:   200 Return: -124.6389 FPS: 139.38
09:42:03.901 [INFO] (trainer.py:109) Total Epi:   329 Steps:   65800 Episode Steps:   200 Return: -1.5319 FPS: 162.94
09:42:05.230 [INFO] (trainer.py:109) Total Epi:   330 Steps:   66000 Episode Steps:   200 Return: -339.3086 FPS: 150.48
09:42:06.369 [INFO] (trainer.py:109) Total Epi:   331 Steps:   66200 Episode Steps:   200 Return: -122.1191 FPS: 175.68
09:42:07.651 [INFO] (trainer.py:109) Total Epi:   332 Steps:   66400 Episode Steps:   200 Return: -123.4084 FPS: 156.14
09:42:08.832 [INFO] (trainer.py:109) Total Epi:   333 Steps:   66600 Episode Steps:   200 Return: -125.4566 FPS: 169.46
09:42:10.134 [INFO] (trainer.py:109) Total Epi:   334 Steps:   66800 Episode Steps:   200 Return: -117.0879 FPS: 153.76
09:42:11.436 [INFO] (trainer.py:109) Total Epi:   335 Steps:   67000 Episode Steps:   200 Return: -1.0111 FPS: 153.65
09:42:12.693 [INFO] (trainer.py:109) Total Epi:   336 Steps:   67200 Episode Steps:   200 Return: -248.8450 FPS: 159.17
09:42:13.842 [INFO] (trainer.py:109) Total Epi:   337 Steps:   67400 Episode Steps:   200 Return: -124.0921 FPS: 174.26
09:42:15.019 [INFO] (trainer.py:109) Total Epi:   338 Steps:   67600 Episode Steps:   200 Return: -123.4309 FPS: 169.96
09:42:16.198 [INFO] (trainer.py:109) Total Epi:   339 Steps:   67800 Episode Steps:   200 Return: -1.4880 FPS: 169.74
09:42:17.355 [INFO] (trainer.py:109) Total Epi:   340 Steps:   68000 Episode Steps:   200 Return: -116.5104 FPS: 173.09
09:42:18.496 [INFO] (trainer.py:109) Total Epi:   341 Steps:   68200 Episode Steps:   200 Return: -122.0654 FPS: 175.31
09:42:19.671 [INFO] (trainer.py:109) Total Epi:   342 Steps:   68400 Episode Steps:   200 Return: -122.8162 FPS: 170.38
09:42:20.746 [INFO] (trainer.py:109) Total Epi:   343 Steps:   68600 Episode Steps:   200 Return: -3.7414 FPS: 186.16
09:42:21.821 [INFO] (trainer.py:109) Total Epi:   344 Steps:   68800 Episode Steps:   200 Return: -1.7365 FPS: 186.19
09:42:22.910 [INFO] (trainer.py:109) Total Epi:   345 Steps:   69000 Episode Steps:   200 Return: -114.9763 FPS: 183.80
09:42:24.051 [INFO] (trainer.py:109) Total Epi:   346 Steps:   69200 Episode Steps:   200 Return: -242.9368 FPS: 175.35
09:42:25.162 [INFO] (trainer.py:109) Total Epi:   347 Steps:   69400 Episode Steps:   200 Return: -121.1367 FPS: 180.06
09:42:26.273 [INFO] (trainer.py:109) Total Epi:   348 Steps:   69600 Episode Steps:   200 Return: -117.5357 FPS: 180.23
09:42:27.410 [INFO] (trainer.py:109) Total Epi:   349 Steps:   69800 Episode Steps:   200 Return: -1.1930 FPS: 176.02
09:42:28.638 [INFO] (trainer.py:109) Total Epi:   350 Steps:   70000 Episode Steps:   200 Return: -124.4663 FPS: 162.94
09:42:29.016 [INFO] (trainer.py:137) Evaluation Total Steps:   70000 Average Reward -211.5243 over  5 episodes
09:42:30.023 [INFO] (trainer.py:109) Total Epi:   351 Steps:   70200 Episode Steps:   200 Return: -226.0528 FPS: 144.43
09:42:31.053 [INFO] (trainer.py:109) Total Epi:   352 Steps:   70400 Episode Steps:   200 Return: -125.7045 FPS: 194.43
09:42:32.184 [INFO] (trainer.py:109) Total Epi:   353 Steps:   70600 Episode Steps:   200 Return: -224.8813 FPS: 176.90
09:42:33.291 [INFO] (trainer.py:109) Total Epi:   354 Steps:   70800 Episode Steps:   200 Return: -127.0342 FPS: 180.84
09:42:34.401 [INFO] (trainer.py:109) Total Epi:   355 Steps:   71000 Episode Steps:   200 Return: -1.4167 FPS: 180.23
09:42:35.546 [INFO] (trainer.py:109) Total Epi:   356 Steps:   71200 Episode Steps:   200 Return: -357.7083 FPS: 174.77
09:42:36.652 [INFO] (trainer.py:109) Total Epi:   357 Steps:   71400 Episode Steps:   200 Return: -120.1208 FPS: 180.98
09:42:37.758 [INFO] (trainer.py:109) Total Epi:   358 Steps:   71600 Episode Steps:   200 Return: -115.6778 FPS: 180.97
09:42:38.867 [INFO] (trainer.py:109) Total Epi:   359 Steps:   71800 Episode Steps:   200 Return: -116.7873 FPS: 180.53
09:42:39.994 [INFO] (trainer.py:109) Total Epi:   360 Steps:   72000 Episode Steps:   200 Return: -126.4265 FPS: 177.61
09:42:41.119 [INFO] (trainer.py:109) Total Epi:   361 Steps:   72200 Episode Steps:   200 Return: -118.4962 FPS: 177.76
09:42:42.322 [INFO] (trainer.py:109) Total Epi:   362 Steps:   72400 Episode Steps:   200 Return: -245.1667 FPS: 166.41
09:42:43.632 [INFO] (trainer.py:109) Total Epi:   363 Steps:   72600 Episode Steps:   200 Return: -1.0741 FPS: 152.78
09:42:44.839 [INFO] (trainer.py:109) Total Epi:   364 Steps:   72800 Episode Steps:   200 Return: -126.3421 FPS: 165.81
09:42:46.074 [INFO] (trainer.py:109) Total Epi:   365 Steps:   73000 Episode Steps:   200 Return: -233.8848 FPS: 161.99
09:42:47.400 [INFO] (trainer.py:109) Total Epi:   366 Steps:   73200 Episode Steps:   200 Return: -1.3753 FPS: 150.93
09:42:48.601 [INFO] (trainer.py:109) Total Epi:   367 Steps:   73400 Episode Steps:   200 Return: -1.2432 FPS: 166.57
09:42:49.768 [INFO] (trainer.py:109) Total Epi:   368 Steps:   73600 Episode Steps:   200 Return: -116.7556 FPS: 171.55
09:42:50.930 [INFO] (trainer.py:109) Total Epi:   369 Steps:   73800 Episode Steps:   200 Return: -125.3984 FPS: 172.19
09:42:52.102 [INFO] (trainer.py:109) Total Epi:   370 Steps:   74000 Episode Steps:   200 Return: -230.0270 FPS: 170.81
09:42:53.257 [INFO] (trainer.py:109) Total Epi:   371 Steps:   74200 Episode Steps:   200 Return: -1.5857 FPS: 173.32
09:42:54.530 [INFO] (trainer.py:109) Total Epi:   372 Steps:   74400 Episode Steps:   200 Return: -124.3168 FPS: 157.22
09:42:55.767 [INFO] (trainer.py:109) Total Epi:   373 Steps:   74600 Episode Steps:   200 Return: -328.9077 FPS: 161.76
09:42:56.916 [INFO] (trainer.py:109) Total Epi:   374 Steps:   74800 Episode Steps:   200 Return: -123.8027 FPS: 174.22
09:42:58.070 [INFO] (trainer.py:109) Total Epi:   375 Steps:   75000 Episode Steps:   200 Return: -120.1125 FPS: 173.46
09:42:59.229 [INFO] (trainer.py:109) Total Epi:   376 Steps:   75200 Episode Steps:   200 Return: -124.7640 FPS: 172.57
09:43:00.387 [INFO] (trainer.py:109) Total Epi:   377 Steps:   75400 Episode Steps:   200 Return: -1.8833 FPS: 172.94
09:43:01.543 [INFO] (trainer.py:109) Total Epi:   378 Steps:   75600 Episode Steps:   200 Return: -116.3718 FPS: 173.06
09:43:02.824 [INFO] (trainer.py:109) Total Epi:   379 Steps:   75800 Episode Steps:   200 Return: -3.1803 FPS: 156.26
09:43:04.088 [INFO] (trainer.py:109) Total Epi:   380 Steps:   76000 Episode Steps:   200 Return: -123.1159 FPS: 158.28
09:43:05.376 [INFO] (trainer.py:109) Total Epi:   381 Steps:   76200 Episode Steps:   200 Return: -335.9080 FPS: 155.42
09:43:06.703 [INFO] (trainer.py:109) Total Epi:   382 Steps:   76400 Episode Steps:   200 Return: -1.7693 FPS: 150.75
09:43:08.165 [INFO] (trainer.py:109) Total Epi:   383 Steps:   76600 Episode Steps:   200 Return: -355.8737 FPS: 136.99
09:43:09.380 [INFO] (trainer.py:109) Total Epi:   384 Steps:   76800 Episode Steps:   200 Return: -121.1974 FPS: 164.75
09:43:10.563 [INFO] (trainer.py:109) Total Epi:   385 Steps:   77000 Episode Steps:   200 Return: -124.8742 FPS: 169.19
09:43:11.839 [INFO] (trainer.py:109) Total Epi:   386 Steps:   77200 Episode Steps:   200 Return: -121.0555 FPS: 156.74
09:43:13.069 [INFO] (trainer.py:109) Total Epi:   387 Steps:   77400 Episode Steps:   200 Return: -124.7975 FPS: 162.77
09:43:14.608 [INFO] (trainer.py:109) Total Epi:   388 Steps:   77600 Episode Steps:   200 Return: -231.7516 FPS: 130.04
09:43:16.282 [INFO] (trainer.py:109) Total Epi:   389 Steps:   77800 Episode Steps:   200 Return: -115.8745 FPS: 119.61
09:43:17.659 [INFO] (trainer.py:109) Total Epi:   390 Steps:   78000 Episode Steps:   200 Return: -126.2627 FPS: 145.40
09:43:19.100 [INFO] (trainer.py:109) Total Epi:   391 Steps:   78200 Episode Steps:   200 Return: -244.8289 FPS: 138.78
09:43:20.389 [INFO] (trainer.py:109) Total Epi:   392 Steps:   78400 Episode Steps:   200 Return: -117.1114 FPS: 155.33
09:43:21.536 [INFO] (trainer.py:109) Total Epi:   393 Steps:   78600 Episode Steps:   200 Return: -123.6489 FPS: 174.48
09:43:22.578 [INFO] (trainer.py:109) Total Epi:   394 Steps:   78800 Episode Steps:   200 Return: -116.7134 FPS: 192.06
09:43:23.750 [INFO] (trainer.py:109) Total Epi:   395 Steps:   79000 Episode Steps:   200 Return: -119.5976 FPS: 170.76
09:43:24.926 [INFO] (trainer.py:109) Total Epi:   396 Steps:   79200 Episode Steps:   200 Return: -122.7840 FPS: 170.14
09:43:26.081 [INFO] (trainer.py:109) Total Epi:   397 Steps:   79400 Episode Steps:   200 Return: -230.3975 FPS: 173.27
09:43:27.230 [INFO] (trainer.py:109) Total Epi:   398 Steps:   79600 Episode Steps:   200 Return: -124.5258 FPS: 174.21
09:43:28.418 [INFO] (trainer.py:109) Total Epi:   399 Steps:   79800 Episode Steps:   200 Return: -224.1057 FPS: 168.49
09:43:29.566 [INFO] (trainer.py:109) Total Epi:   400 Steps:   80000 Episode Steps:   200 Return: -125.5008 FPS: 174.39
09:43:29.893 [INFO] (trainer.py:137) Evaluation Total Steps:   80000 Average Reward -159.8241 over  5 episodes
09:43:30.878 [INFO] (trainer.py:109) Total Epi:   401 Steps:   80200 Episode Steps:   200 Return: -118.1368 FPS: 152.47
09:43:31.903 [INFO] (trainer.py:109) Total Epi:   402 Steps:   80400 Episode Steps:   200 Return: -234.6803 FPS: 195.33
09:43:33.030 [INFO] (trainer.py:109) Total Epi:   403 Steps:   80600 Episode Steps:   200 Return: -119.6859 FPS: 177.55
09:43:34.141 [INFO] (trainer.py:109) Total Epi:   404 Steps:   80800 Episode Steps:   200 Return: -118.0473 FPS: 180.04
09:43:35.261 [INFO] (trainer.py:109) Total Epi:   405 Steps:   81000 Episode Steps:   200 Return: -2.5938 FPS: 178.68
09:43:36.590 [INFO] (trainer.py:109) Total Epi:   406 Steps:   81200 Episode Steps:   200 Return: -245.3893 FPS: 150.62
09:43:37.821 [INFO] (trainer.py:109) Total Epi:   407 Steps:   81400 Episode Steps:   200 Return: -123.0405 FPS: 162.59
09:43:39.193 [INFO] (trainer.py:109) Total Epi:   408 Steps:   81600 Episode Steps:   200 Return: -114.6566 FPS: 145.81
09:43:40.385 [INFO] (trainer.py:109) Total Epi:   409 Steps:   81800 Episode Steps:   200 Return: -121.0071 FPS: 167.98
09:43:41.535 [INFO] (trainer.py:109) Total Epi:   410 Steps:   82000 Episode Steps:   200 Return: -232.5440 FPS: 173.98
09:43:42.685 [INFO] (trainer.py:109) Total Epi:   411 Steps:   82200 Episode Steps:   200 Return: -1.2885 FPS: 173.99
09:43:43.847 [INFO] (trainer.py:109) Total Epi:   412 Steps:   82400 Episode Steps:   200 Return: -119.6335 FPS: 172.27
09:43:45.050 [INFO] (trainer.py:109) Total Epi:   413 Steps:   82600 Episode Steps:   200 Return: -125.4295 FPS: 166.34
09:43:46.255 [INFO] (trainer.py:109) Total Epi:   414 Steps:   82800 Episode Steps:   200 Return: -118.5007 FPS: 166.07
09:43:47.450 [INFO] (trainer.py:109) Total Epi:   415 Steps:   83000 Episode Steps:   200 Return: -119.8885 FPS: 167.47
09:43:48.697 [INFO] (trainer.py:109) Total Epi:   416 Steps:   83200 Episode Steps:   200 Return: -242.4592 FPS: 160.48
09:43:50.227 [INFO] (trainer.py:109) Total Epi:   417 Steps:   83400 Episode Steps:   200 Return: -116.7248 FPS: 130.84
09:43:51.698 [INFO] (trainer.py:109) Total Epi:   418 Steps:   83600 Episode Steps:   200 Return: -1.5115 FPS: 136.04
09:43:53.064 [INFO] (trainer.py:109) Total Epi:   419 Steps:   83800 Episode Steps:   200 Return: -128.5258 FPS: 146.54
09:43:54.715 [INFO] (trainer.py:109) Total Epi:   420 Steps:   84000 Episode Steps:   200 Return: -1.4800 FPS: 121.23
09:43:56.165 [INFO] (trainer.py:109) Total Epi:   421 Steps:   84200 Episode Steps:   200 Return: -1.3878 FPS: 137.99
09:43:57.675 [INFO] (trainer.py:109) Total Epi:   422 Steps:   84400 Episode Steps:   200 Return: -1.5793 FPS: 132.54
09:43:58.822 [INFO] (trainer.py:109) Total Epi:   423 Steps:   84600 Episode Steps:   200 Return: -245.0168 FPS: 174.54
09:43:59.967 [INFO] (trainer.py:109) Total Epi:   424 Steps:   84800 Episode Steps:   200 Return: -124.1743 FPS: 174.82
09:44:01.105 [INFO] (trainer.py:109) Total Epi:   425 Steps:   85000 Episode Steps:   200 Return: -125.6495 FPS: 175.88
09:44:02.249 [INFO] (trainer.py:109) Total Epi:   426 Steps:   85200 Episode Steps:   200 Return: -115.2628 FPS: 174.82
09:44:03.574 [INFO] (trainer.py:109) Total Epi:   427 Steps:   85400 Episode Steps:   200 Return: -118.6885 FPS: 151.03
09:44:05.042 [INFO] (trainer.py:109) Total Epi:   428 Steps:   85600 Episode Steps:   200 Return: -118.0092 FPS: 136.35
09:44:06.323 [INFO] (trainer.py:109) Total Epi:   429 Steps:   85800 Episode Steps:   200 Return: -117.0345 FPS: 156.23
09:44:07.715 [INFO] (trainer.py:109) Total Epi:   430 Steps:   86000 Episode Steps:   200 Return: -126.5198 FPS: 143.76
09:44:08.940 [INFO] (trainer.py:109) Total Epi:   431 Steps:   86200 Episode Steps:   200 Return: -230.1114 FPS: 163.40
09:44:10.272 [INFO] (trainer.py:109) Total Epi:   432 Steps:   86400 Episode Steps:   200 Return: -119.7624 FPS: 150.20
09:44:11.580 [INFO] (trainer.py:109) Total Epi:   433 Steps:   86600 Episode Steps:   200 Return: -306.4094 FPS: 152.98
09:44:12.758 [INFO] (trainer.py:109) Total Epi:   434 Steps:   86800 Episode Steps:   200 Return: -321.0675 FPS: 169.85
09:44:13.837 [INFO] (trainer.py:109) Total Epi:   435 Steps:   87000 Episode Steps:   200 Return: -1.3432 FPS: 185.54
09:44:14.913 [INFO] (trainer.py:109) Total Epi:   436 Steps:   87200 Episode Steps:   200 Return: -229.0040 FPS: 185.96
09:44:15.986 [INFO] (trainer.py:109) Total Epi:   437 Steps:   87400 Episode Steps:   200 Return: -118.6635 FPS: 186.47
09:44:17.058 [INFO] (trainer.py:109) Total Epi:   438 Steps:   87600 Episode Steps:   200 Return: -120.1503 FPS: 186.80
09:44:18.134 [INFO] (trainer.py:109) Total Epi:   439 Steps:   87800 Episode Steps:   200 Return: -234.3661 FPS: 185.94
09:44:19.440 [INFO] (trainer.py:109) Total Epi:   440 Steps:   88000 Episode Steps:   200 Return: -342.8980 FPS: 153.19
09:44:20.991 [INFO] (trainer.py:109) Total Epi:   441 Steps:   88200 Episode Steps:   200 Return: -124.0973 FPS: 129.05
09:44:22.321 [INFO] (trainer.py:109) Total Epi:   442 Steps:   88400 Episode Steps:   200 Return: -247.4731 FPS: 150.51
09:44:23.591 [INFO] (trainer.py:109) Total Epi:   443 Steps:   88600 Episode Steps:   200 Return: -2.2974 FPS: 157.51
09:44:24.973 [INFO] (trainer.py:109) Total Epi:   444 Steps:   88800 Episode Steps:   200 Return: -127.1702 FPS: 144.85
09:44:26.269 [INFO] (trainer.py:109) Total Epi:   445 Steps:   89000 Episode Steps:   200 Return: -120.1311 FPS: 154.39
09:44:27.550 [INFO] (trainer.py:109) Total Epi:   446 Steps:   89200 Episode Steps:   200 Return: -121.8082 FPS: 156.20
09:44:28.823 [INFO] (trainer.py:109) Total Epi:   447 Steps:   89400 Episode Steps:   200 Return: -122.9743 FPS: 157.24
09:44:30.597 [INFO] (trainer.py:109) Total Epi:   448 Steps:   89600 Episode Steps:   200 Return: -235.7550 FPS: 112.82
09:44:32.138 [INFO] (trainer.py:109) Total Epi:   449 Steps:   89800 Episode Steps:   200 Return: -126.2568 FPS: 129.82
09:44:33.466 [INFO] (trainer.py:109) Total Epi:   450 Steps:   90000 Episode Steps:   200 Return: -240.5820 FPS: 150.72
09:44:34.005 [INFO] (trainer.py:137) Evaluation Total Steps:   90000 Average Reward -143.4654 over  5 episodes
09:44:35.194 [INFO] (trainer.py:109) Total Epi:   451 Steps:   90200 Episode Steps:   200 Return: -127.7865 FPS: 115.76
09:44:36.309 [INFO] (trainer.py:109) Total Epi:   452 Steps:   90400 Episode Steps:   200 Return: -117.8488 FPS: 179.59
09:44:37.405 [INFO] (trainer.py:109) Total Epi:   453 Steps:   90600 Episode Steps:   200 Return: -117.6823 FPS: 182.52
09:44:38.513 [INFO] (trainer.py:109) Total Epi:   454 Steps:   90800 Episode Steps:   200 Return: -120.1936 FPS: 180.65
09:44:39.626 [INFO] (trainer.py:109) Total Epi:   455 Steps:   91000 Episode Steps:   200 Return: -1.1548 FPS: 179.83
09:44:40.732 [INFO] (trainer.py:109) Total Epi:   456 Steps:   91200 Episode Steps:   200 Return: -237.9775 FPS: 180.90
09:44:41.837 [INFO] (trainer.py:109) Total Epi:   457 Steps:   91400 Episode Steps:   200 Return: -119.2779 FPS: 181.16
09:44:42.952 [INFO] (trainer.py:109) Total Epi:   458 Steps:   91600 Episode Steps:   200 Return: -123.2237 FPS: 179.55
09:44:44.071 [INFO] (trainer.py:109) Total Epi:   459 Steps:   91800 Episode Steps:   200 Return: -124.7129 FPS: 178.73
09:44:45.192 [INFO] (trainer.py:109) Total Epi:   460 Steps:   92000 Episode Steps:   200 Return: -122.7357 FPS: 178.60
09:44:46.321 [INFO] (trainer.py:109) Total Epi:   461 Steps:   92200 Episode Steps:   200 Return: -1.8018 FPS: 177.32
09:44:47.452 [INFO] (trainer.py:109) Total Epi:   462 Steps:   92400 Episode Steps:   200 Return: -231.0914 FPS: 176.81
09:44:48.534 [INFO] (trainer.py:109) Total Epi:   463 Steps:   92600 Episode Steps:   200 Return: -117.8183 FPS: 185.11
09:44:49.624 [INFO] (trainer.py:109) Total Epi:   464 Steps:   92800 Episode Steps:   200 Return: -116.1118 FPS: 183.56
09:44:50.704 [INFO] (trainer.py:109) Total Epi:   465 Steps:   93000 Episode Steps:   200 Return: -237.5097 FPS: 185.21
09:44:51.788 [INFO] (trainer.py:109) Total Epi:   466 Steps:   93200 Episode Steps:   200 Return: -228.7755 FPS: 184.61
09:44:52.869 [INFO] (trainer.py:109) Total Epi:   467 Steps:   93400 Episode Steps:   200 Return: -121.5713 FPS: 185.17
09:44:53.960 [INFO] (trainer.py:109) Total Epi:   468 Steps:   93600 Episode Steps:   200 Return: -126.3654 FPS: 183.50
09:44:55.029 [INFO] (trainer.py:109) Total Epi:   469 Steps:   93800 Episode Steps:   200 Return: -354.6308 FPS: 187.18
09:44:56.126 [INFO] (trainer.py:109) Total Epi:   470 Steps:   94000 Episode Steps:   200 Return: -122.9042 FPS: 182.47
09:44:57.210 [INFO] (trainer.py:109) Total Epi:   471 Steps:   94200 Episode Steps:   200 Return: -125.5428 FPS: 184.55
09:44:58.300 [INFO] (trainer.py:109) Total Epi:   472 Steps:   94400 Episode Steps:   200 Return: -115.4996 FPS: 183.56
09:44:59.389 [INFO] (trainer.py:109) Total Epi:   473 Steps:   94600 Episode Steps:   200 Return: -119.9430 FPS: 183.87
09:45:00.483 [INFO] (trainer.py:109) Total Epi:   474 Steps:   94800 Episode Steps:   200 Return: -121.1383 FPS: 182.94
09:45:01.614 [INFO] (trainer.py:109) Total Epi:   475 Steps:   95000 Episode Steps:   200 Return: -231.4788 FPS: 176.90
09:45:02.731 [INFO] (trainer.py:109) Total Epi:   476 Steps:   95200 Episode Steps:   200 Return: -227.9101 FPS: 179.17
09:45:03.860 [INFO] (trainer.py:109) Total Epi:   477 Steps:   95400 Episode Steps:   200 Return: -235.6607 FPS: 177.33
09:45:04.961 [INFO] (trainer.py:109) Total Epi:   478 Steps:   95600 Episode Steps:   200 Return: -251.9305 FPS: 181.84
09:45:06.073 [INFO] (trainer.py:109) Total Epi:   479 Steps:   95800 Episode Steps:   200 Return: -116.2505 FPS: 179.88
09:45:07.181 [INFO] (trainer.py:109) Total Epi:   480 Steps:   96000 Episode Steps:   200 Return: -240.8650 FPS: 180.61
09:45:08.294 [INFO] (trainer.py:109) Total Epi:   481 Steps:   96200 Episode Steps:   200 Return: -120.6352 FPS: 179.89
09:45:09.409 [INFO] (trainer.py:109) Total Epi:   482 Steps:   96400 Episode Steps:   200 Return: -123.6427 FPS: 179.41
09:45:10.530 [INFO] (trainer.py:109) Total Epi:   483 Steps:   96600 Episode Steps:   200 Return: -121.7799 FPS: 178.63
09:45:11.634 [INFO] (trainer.py:109) Total Epi:   484 Steps:   96800 Episode Steps:   200 Return: -128.0306 FPS: 181.20
09:45:12.735 [INFO] (trainer.py:109) Total Epi:   485 Steps:   97000 Episode Steps:   200 Return: -126.2017 FPS: 181.73
09:45:13.840 [INFO] (trainer.py:109) Total Epi:   486 Steps:   97200 Episode Steps:   200 Return: -225.6709 FPS: 181.12
09:45:14.954 [INFO] (trainer.py:109) Total Epi:   487 Steps:   97400 Episode Steps:   200 Return: -123.9016 FPS: 179.66
09:45:16.066 [INFO] (trainer.py:109) Total Epi:   488 Steps:   97600 Episode Steps:   200 Return: -230.1139 FPS: 180.00
09:45:17.180 [INFO] (trainer.py:109) Total Epi:   489 Steps:   97800 Episode Steps:   200 Return: -117.1346 FPS: 179.63
09:45:18.306 [INFO] (trainer.py:109) Total Epi:   490 Steps:   98000 Episode Steps:   200 Return: -126.3421 FPS: 177.76
09:45:19.382 [INFO] (trainer.py:109) Total Epi:   491 Steps:   98200 Episode Steps:   200 Return: -122.7145 FPS: 186.00
09:45:20.415 [INFO] (trainer.py:109) Total Epi:   492 Steps:   98400 Episode Steps:   200 Return: -2.0802 FPS: 193.71
09:45:21.588 [INFO] (trainer.py:109) Total Epi:   493 Steps:   98600 Episode Steps:   200 Return: -120.8716 FPS: 170.50
09:45:23.061 [INFO] (trainer.py:109) Total Epi:   494 Steps:   98800 Episode Steps:   200 Return: -236.9575 FPS: 135.89
09:45:24.841 [INFO] (trainer.py:109) Total Epi:   495 Steps:   99000 Episode Steps:   200 Return: -287.3261 FPS: 112.39
09:45:27.088 [INFO] (trainer.py:109) Total Epi:   496 Steps:   99200 Episode Steps:   200 Return: -123.3321 FPS: 89.11
09:45:29.508 [INFO] (trainer.py:109) Total Epi:   497 Steps:   99400 Episode Steps:   200 Return: -127.0063 FPS: 82.72
09:45:30.609 [INFO] (trainer.py:109) Total Epi:   498 Steps:   99600 Episode Steps:   200 Return: -3.4589 FPS: 181.82
09:45:31.905 [INFO] (trainer.py:109) Total Epi:   499 Steps:   99800 Episode Steps:   200 Return: -117.7570 FPS: 154.32
09:45:33.263 [INFO] (trainer.py:109) Total Epi:   500 Steps:  100000 Episode Steps:   200 Return: -225.0846 FPS: 147.33
09:45:33.606 [INFO] (trainer.py:137) Evaluation Total Steps:  100000 Average Reward -119.9171 over  5 episodes
09:45:34.616 [INFO] (trainer.py:109) Total Epi:   501 Steps:  100200 Episode Steps:   200 Return: -118.2720 FPS: 147.92
09:45:35.602 [INFO] (trainer.py:109) Total Epi:   502 Steps:  100400 Episode Steps:   200 Return: -231.1167 FPS: 203.12
09:45:36.586 [INFO] (trainer.py:109) Total Epi:   503 Steps:  100600 Episode Steps:   200 Return: -115.5338 FPS: 203.33
09:45:37.620 [INFO] (trainer.py:109) Total Epi:   504 Steps:  100800 Episode Steps:   200 Return: -239.4585 FPS: 193.47
09:45:38.666 [INFO] (trainer.py:109) Total Epi:   505 Steps:  101000 Episode Steps:   200 Return: -125.1164 FPS: 191.39
09:45:40.073 [INFO] (trainer.py:109) Total Epi:   506 Steps:  101200 Episode Steps:   200 Return: -228.8993 FPS: 142.24
09:45:41.453 [INFO] (trainer.py:109) Total Epi:   507 Steps:  101400 Episode Steps:   200 Return: -120.1461 FPS: 144.98
09:45:42.563 [INFO] (trainer.py:109) Total Epi:   508 Steps:  101600 Episode Steps:   200 Return: -121.6934 FPS: 180.37
09:45:43.966 [INFO] (trainer.py:109) Total Epi:   509 Steps:  101800 Episode Steps:   200 Return: -225.6574 FPS: 142.59
09:45:45.260 [INFO] (trainer.py:109) Total Epi:   510 Steps:  102000 Episode Steps:   200 Return: -116.7068 FPS: 154.62
09:45:46.543 [INFO] (trainer.py:109) Total Epi:   511 Steps:  102200 Episode Steps:   200 Return: -115.6333 FPS: 156.07
09:45:47.951 [INFO] (trainer.py:109) Total Epi:   512 Steps:  102400 Episode Steps:   200 Return: -1.8528 FPS: 142.08
09:45:49.369 [INFO] (trainer.py:109) Total Epi:   513 Steps:  102600 Episode Steps:   200 Return: -232.5880 FPS: 141.13
09:45:50.949 [INFO] (trainer.py:109) Total Epi:   514 Steps:  102800 Episode Steps:   200 Return: -128.0766 FPS: 126.73
09:45:52.138 [INFO] (trainer.py:109) Total Epi:   515 Steps:  103000 Episode Steps:   200 Return: -123.5787 FPS: 168.28
09:45:53.326 [INFO] (trainer.py:109) Total Epi:   516 Steps:  103200 Episode Steps:   200 Return: -123.4898 FPS: 168.53
09:45:54.513 [INFO] (trainer.py:109) Total Epi:   517 Steps:  103400 Episode Steps:   200 Return: -121.6781 FPS: 168.58
09:45:55.694 [INFO] (trainer.py:109) Total Epi:   518 Steps:  103600 Episode Steps:   200 Return: -119.6391 FPS: 169.40
09:45:56.907 [INFO] (trainer.py:109) Total Epi:   519 Steps:  103800 Episode Steps:   200 Return: -230.2462 FPS: 165.07
09:45:57.907 [INFO] (trainer.py:109) Total Epi:   520 Steps:  104000 Episode Steps:   200 Return: -1.5538 FPS: 200.12
09:45:59.236 [INFO] (trainer.py:109) Total Epi:   521 Steps:  104200 Episode Steps:   200 Return: -125.2890 FPS: 150.57
09:46:00.655 [INFO] (trainer.py:109) Total Epi:   522 Steps:  104400 Episode Steps:   200 Return: -125.9978 FPS: 140.99
09:46:02.398 [INFO] (trainer.py:109) Total Epi:   523 Steps:  104600 Episode Steps:   200 Return: -122.8550 FPS: 114.75
09:46:03.830 [INFO] (trainer.py:109) Total Epi:   524 Steps:  104800 Episode Steps:   200 Return: -123.5499 FPS: 139.98
09:46:05.062 [INFO] (trainer.py:109) Total Epi:   525 Steps:  105000 Episode Steps:   200 Return: -248.6230 FPS: 162.49
09:46:06.354 [INFO] (trainer.py:109) Total Epi:   526 Steps:  105200 Episode Steps:   200 Return: -116.6565 FPS: 154.84
