11:20:43.335 [INFO] (trainer.py:109) Total Epi:     1 Steps:      54 Episode Steps:    54 Return:  54.0000 FPS: 1195.78
11:20:43.339 [INFO] (trainer.py:109) Total Epi:     2 Steps:      79 Episode Steps:    25 Return:  25.0000 FPS: 10564.59
11:20:43.342 [INFO] (trainer.py:109) Total Epi:     3 Steps:     103 Episode Steps:    24 Return:  24.0000 FPS: 10421.04
11:20:43.344 [INFO] (trainer.py:109) Total Epi:     4 Steps:     114 Episode Steps:    11 Return:  11.0000 FPS: 10112.85
11:20:43.347 [INFO] (trainer.py:109) Total Epi:     5 Steps:     131 Episode Steps:    17 Return:  17.0000 FPS: 10095.45
11:20:43.350 [INFO] (trainer.py:109) Total Epi:     6 Steps:     151 Episode Steps:    20 Return:  20.0000 FPS: 9741.22
11:20:43.351 [INFO] (trainer.py:109) Total Epi:     7 Steps:     162 Episode Steps:    11 Return:  11.0000 FPS: 10144.74
11:20:43.353 [INFO] (trainer.py:109) Total Epi:     8 Steps:     173 Episode Steps:    11 Return:  11.0000 FPS: 9902.49
11:20:43.357 [INFO] (trainer.py:109) Total Epi:     9 Steps:     205 Episode Steps:    32 Return:  32.0000 FPS: 11049.22
11:20:43.359 [INFO] (trainer.py:109) Total Epi:    10 Steps:     217 Episode Steps:    12 Return:  12.0000 FPS: 10283.35
11:20:43.364 [INFO] (trainer.py:109) Total Epi:    11 Steps:     267 Episode Steps:    50 Return:  50.0000 FPS: 10668.72
11:20:43.366 [INFO] (trainer.py:109) Total Epi:    12 Steps:     279 Episode Steps:    12 Return:  12.0000 FPS: 9270.79
11:20:43.369 [INFO] (trainer.py:109) Total Epi:    13 Steps:     305 Episode Steps:    26 Return:  26.0000 FPS: 10369.44
11:20:43.373 [INFO] (trainer.py:109) Total Epi:    14 Steps:     336 Episode Steps:    31 Return:  31.0000 FPS: 10793.17
11:20:43.375 [INFO] (trainer.py:109) Total Epi:    15 Steps:     352 Episode Steps:    16 Return:  16.0000 FPS: 10444.87
11:20:43.379 [INFO] (trainer.py:109) Total Epi:    16 Steps:     379 Episode Steps:    27 Return:  27.0000 FPS: 8707.66
11:20:43.383 [INFO] (trainer.py:109) Total Epi:    17 Steps:     415 Episode Steps:    36 Return:  36.0000 FPS: 10765.51
11:20:43.385 [INFO] (trainer.py:109) Total Epi:    18 Steps:     424 Episode Steps:     9 Return:  9.0000 FPS: 9845.92
11:20:43.386 [INFO] (trainer.py:109) Total Epi:    19 Steps:     435 Episode Steps:    11 Return:  11.0000 FPS: 10086.47
11:20:43.388 [INFO] (trainer.py:109) Total Epi:    20 Steps:     450 Episode Steps:    15 Return:  15.0000 FPS: 10355.08
11:20:43.391 [INFO] (trainer.py:109) Total Epi:    21 Steps:     465 Episode Steps:    15 Return:  15.0000 FPS: 9996.13
11:20:43.393 [INFO] (trainer.py:109) Total Epi:    22 Steps:     481 Episode Steps:    16 Return:  16.0000 FPS: 10430.49
11:20:43.396 [INFO] (trainer.py:109) Total Epi:    23 Steps:     511 Episode Steps:    30 Return:  30.0000 FPS: 10333.59
11:20:43.400 [INFO] (trainer.py:109) Total Epi:    24 Steps:     543 Episode Steps:    32 Return:  32.0000 FPS: 10777.23
11:20:43.403 [INFO] (trainer.py:109) Total Epi:    25 Steps:     559 Episode Steps:    16 Return:  16.0000 FPS: 10123.74
11:20:43.406 [INFO] (trainer.py:109) Total Epi:    26 Steps:     584 Episode Steps:    25 Return:  25.0000 FPS: 10467.01
11:20:43.408 [INFO] (trainer.py:109) Total Epi:    27 Steps:     606 Episode Steps:    22 Return:  22.0000 FPS: 10687.22
11:20:43.413 [INFO] (trainer.py:109) Total Epi:    28 Steps:     643 Episode Steps:    37 Return:  37.0000 FPS: 9303.37
11:20:43.415 [INFO] (trainer.py:109) Total Epi:    29 Steps:     652 Episode Steps:     9 Return:  9.0000 FPS: 9826.67
11:20:43.417 [INFO] (trainer.py:109) Total Epi:    30 Steps:     664 Episode Steps:    12 Return:  12.0000 FPS: 10251.28
11:20:43.420 [INFO] (trainer.py:109) Total Epi:    31 Steps:     693 Episode Steps:    29 Return:  29.0000 FPS: 10797.99
11:20:43.422 [INFO] (trainer.py:109) Total Epi:    32 Steps:     703 Episode Steps:    10 Return:  10.0000 FPS: 9397.53
11:20:43.424 [INFO] (trainer.py:109) Total Epi:    33 Steps:     725 Episode Steps:    22 Return:  22.0000 FPS: 10194.75
11:20:43.427 [INFO] (trainer.py:109) Total Epi:    34 Steps:     738 Episode Steps:    13 Return:  13.0000 FPS: 9729.74
11:20:43.429 [INFO] (trainer.py:109) Total Epi:    35 Steps:     750 Episode Steps:    12 Return:  12.0000 FPS: 8135.84
11:20:43.431 [INFO] (trainer.py:109) Total Epi:    36 Steps:     763 Episode Steps:    13 Return:  13.0000 FPS: 10217.25
11:20:43.434 [INFO] (trainer.py:109) Total Epi:    37 Steps:     780 Episode Steps:    17 Return:  17.0000 FPS: 8423.76
11:20:43.436 [INFO] (trainer.py:109) Total Epi:    38 Steps:     794 Episode Steps:    14 Return:  14.0000 FPS: 10126.09
11:20:43.440 [INFO] (trainer.py:109) Total Epi:    39 Steps:     830 Episode Steps:    36 Return:  36.0000 FPS: 10618.43
11:20:43.443 [INFO] (trainer.py:109) Total Epi:    40 Steps:     847 Episode Steps:    17 Return:  17.0000 FPS: 9962.08
11:20:43.449 [INFO] (trainer.py:109) Total Epi:    41 Steps:     910 Episode Steps:    63 Return:  63.0000 FPS: 10916.79
11:20:43.451 [INFO] (trainer.py:109) Total Epi:    42 Steps:     927 Episode Steps:    17 Return:  17.0000 FPS: 10573.50
11:20:43.453 [INFO] (trainer.py:109) Total Epi:    43 Steps:     938 Episode Steps:    11 Return:  11.0000 FPS: 9833.47
11:20:43.456 [INFO] (trainer.py:109) Total Epi:    44 Steps:     963 Episode Steps:    25 Return:  25.0000 FPS: 10802.80
11:20:43.458 [INFO] (trainer.py:109) Total Epi:    45 Steps:     973 Episode Steps:    10 Return:  10.0000 FPS: 9200.01
11:20:43.461 [INFO] (trainer.py:109) Total Epi:    46 Steps:     992 Episode Steps:    19 Return:  19.0000 FPS: 10150.03
11:20:43.463 [INFO] (trainer.py:109) Total Epi:    47 Steps:    1005 Episode Steps:    13 Return:  13.0000 FPS: 8884.13
11:20:43.465 [INFO] (trainer.py:109) Total Epi:    48 Steps:    1016 Episode Steps:    11 Return:  11.0000 FPS: 9898.02
11:20:43.468 [INFO] (trainer.py:109) Total Epi:    49 Steps:    1043 Episode Steps:    27 Return:  27.0000 FPS: 10838.65
11:20:43.471 [INFO] (trainer.py:109) Total Epi:    50 Steps:    1067 Episode Steps:    24 Return:  24.0000 FPS: 10446.80
11:20:43.473 [INFO] (trainer.py:109) Total Epi:    51 Steps:    1080 Episode Steps:    13 Return:  13.0000 FPS: 10020.25
11:20:43.475 [INFO] (trainer.py:109) Total Epi:    52 Steps:    1092 Episode Steps:    12 Return:  12.0000 FPS: 9359.04
11:20:43.477 [INFO] (trainer.py:109) Total Epi:    53 Steps:    1111 Episode Steps:    19 Return:  19.0000 FPS: 9690.80
11:20:43.479 [INFO] (trainer.py:109) Total Epi:    54 Steps:    1125 Episode Steps:    14 Return:  14.0000 FPS: 10052.28
11:20:43.482 [INFO] (trainer.py:109) Total Epi:    55 Steps:    1140 Episode Steps:    15 Return:  15.0000 FPS: 9876.11
11:20:43.485 [INFO] (trainer.py:109) Total Epi:    56 Steps:    1165 Episode Steps:    25 Return:  25.0000 FPS: 10567.17
11:20:43.488 [INFO] (trainer.py:109) Total Epi:    57 Steps:    1195 Episode Steps:    30 Return:  30.0000 FPS: 10315.60
11:20:43.491 [INFO] (trainer.py:109) Total Epi:    58 Steps:    1211 Episode Steps:    16 Return:  16.0000 FPS: 9831.89
11:20:43.493 [INFO] (trainer.py:109) Total Epi:    59 Steps:    1222 Episode Steps:    11 Return:  11.0000 FPS: 9692.10
11:20:43.495 [INFO] (trainer.py:109) Total Epi:    60 Steps:    1233 Episode Steps:    11 Return:  11.0000 FPS: 7625.99
11:20:43.499 [INFO] (trainer.py:109) Total Epi:    61 Steps:    1271 Episode Steps:    38 Return:  38.0000 FPS: 10716.80
11:20:43.502 [INFO] (trainer.py:109) Total Epi:    62 Steps:    1291 Episode Steps:    20 Return:  20.0000 FPS: 10283.51
11:20:43.506 [INFO] (trainer.py:109) Total Epi:    63 Steps:    1333 Episode Steps:    42 Return:  42.0000 FPS: 10886.15
11:20:43.508 [INFO] (trainer.py:109) Total Epi:    64 Steps:    1345 Episode Steps:    12 Return:  12.0000 FPS: 9452.05
11:20:43.510 [INFO] (trainer.py:109) Total Epi:    65 Steps:    1358 Episode Steps:    13 Return:  13.0000 FPS: 9800.50
11:20:43.512 [INFO] (trainer.py:109) Total Epi:    66 Steps:    1375 Episode Steps:    17 Return:  17.0000 FPS: 10491.66
11:20:43.515 [INFO] (trainer.py:109) Total Epi:    67 Steps:    1391 Episode Steps:    16 Return:  16.0000 FPS: 9860.66
11:20:43.517 [INFO] (trainer.py:109) Total Epi:    68 Steps:    1406 Episode Steps:    15 Return:  15.0000 FPS: 10371.71
11:20:43.519 [INFO] (trainer.py:109) Total Epi:    69 Steps:    1420 Episode Steps:    14 Return:  14.0000 FPS: 10435.22
11:20:43.522 [INFO] (trainer.py:109) Total Epi:    70 Steps:    1445 Episode Steps:    25 Return:  25.0000 FPS: 10191.55
11:20:43.525 [INFO] (trainer.py:109) Total Epi:    71 Steps:    1469 Episode Steps:    24 Return:  24.0000 FPS: 10476.79
11:20:43.529 [INFO] (trainer.py:109) Total Epi:    72 Steps:    1496 Episode Steps:    27 Return:  27.0000 FPS: 8928.45
11:20:43.533 [INFO] (trainer.py:109) Total Epi:    73 Steps:    1531 Episode Steps:    35 Return:  35.0000 FPS: 10897.94
11:20:43.540 [INFO] (trainer.py:109) Total Epi:    74 Steps:    1603 Episode Steps:    72 Return:  72.0000 FPS: 11105.61
11:20:43.543 [INFO] (trainer.py:109) Total Epi:    75 Steps:    1624 Episode Steps:    21 Return:  21.0000 FPS: 9849.51
11:20:43.545 [INFO] (trainer.py:109) Total Epi:    76 Steps:    1637 Episode Steps:    13 Return:  13.0000 FPS: 10197.32
11:20:43.548 [INFO] (trainer.py:109) Total Epi:    77 Steps:    1665 Episode Steps:    28 Return:  28.0000 FPS: 10848.00
11:20:43.551 [INFO] (trainer.py:109) Total Epi:    78 Steps:    1684 Episode Steps:    19 Return:  19.0000 FPS: 9609.83
11:20:43.552 [INFO] (trainer.py:109) Total Epi:    79 Steps:    1696 Episode Steps:    12 Return:  12.0000 FPS: 10025.82
11:20:43.555 [INFO] (trainer.py:109) Total Epi:    80 Steps:    1709 Episode Steps:    13 Return:  13.0000 FPS: 10379.72
11:20:43.557 [INFO] (trainer.py:109) Total Epi:    81 Steps:    1729 Episode Steps:    20 Return:  20.0000 FPS: 10450.77
11:20:43.560 [INFO] (trainer.py:109) Total Epi:    82 Steps:    1755 Episode Steps:    26 Return:  26.0000 FPS: 10376.98
11:20:43.566 [INFO] (trainer.py:109) Total Epi:    83 Steps:    1802 Episode Steps:    47 Return:  47.0000 FPS: 10497.19
11:20:43.569 [INFO] (trainer.py:109) Total Epi:    84 Steps:    1830 Episode Steps:    28 Return:  28.0000 FPS: 10814.58
11:20:43.571 [INFO] (trainer.py:109) Total Epi:    85 Steps:    1847 Episode Steps:    17 Return:  17.0000 FPS: 10597.70
11:20:43.574 [INFO] (trainer.py:109) Total Epi:    86 Steps:    1867 Episode Steps:    20 Return:  20.0000 FPS: 10255.96
11:20:43.576 [INFO] (trainer.py:109) Total Epi:    87 Steps:    1885 Episode Steps:    18 Return:  18.0000 FPS: 10527.21
11:20:43.579 [INFO] (trainer.py:109) Total Epi:    88 Steps:    1909 Episode Steps:    24 Return:  24.0000 FPS: 10579.97
11:20:43.581 [INFO] (trainer.py:109) Total Epi:    89 Steps:    1921 Episode Steps:    12 Return:  12.0000 FPS: 9987.43
11:20:43.584 [INFO] (trainer.py:109) Total Epi:    90 Steps:    1941 Episode Steps:    20 Return:  20.0000 FPS: 10555.57
11:20:43.587 [INFO] (trainer.py:109) Total Epi:    91 Steps:    1969 Episode Steps:    28 Return:  28.0000 FPS: 10528.41
11:20:43.591 [INFO] (trainer.py:109) Total Epi:    92 Steps:    2007 Episode Steps:    38 Return:  38.0000 FPS: 10694.09
11:20:43.595 [INFO] (trainer.py:109) Total Epi:    93 Steps:    2037 Episode Steps:    30 Return:  30.0000 FPS: 8941.09
11:20:43.600 [INFO] (trainer.py:109) Total Epi:    94 Steps:    2076 Episode Steps:    39 Return:  39.0000 FPS: 10835.74
11:20:43.603 [INFO] (trainer.py:109) Total Epi:    95 Steps:    2108 Episode Steps:    32 Return:  32.0000 FPS: 10724.92
11:20:43.605 [INFO] (trainer.py:109) Total Epi:    96 Steps:    2124 Episode Steps:    16 Return:  16.0000 FPS: 10065.06
11:20:43.608 [INFO] (trainer.py:109) Total Epi:    97 Steps:    2140 Episode Steps:    16 Return:  16.0000 FPS: 10058.64
11:20:43.610 [INFO] (trainer.py:109) Total Epi:    98 Steps:    2160 Episode Steps:    20 Return:  20.0000 FPS: 10339.73
11:20:43.614 [INFO] (trainer.py:109) Total Epi:    99 Steps:    2191 Episode Steps:    31 Return:  31.0000 FPS: 10290.69
11:20:43.616 [INFO] (trainer.py:109) Total Epi:   100 Steps:    2206 Episode Steps:    15 Return:  15.0000 FPS: 10120.06
11:20:43.620 [INFO] (trainer.py:109) Total Epi:   101 Steps:    2245 Episode Steps:    39 Return:  39.0000 FPS: 10878.69
11:20:43.623 [INFO] (trainer.py:109) Total Epi:   102 Steps:    2260 Episode Steps:    15 Return:  15.0000 FPS: 10196.78
11:20:43.626 [INFO] (trainer.py:109) Total Epi:   103 Steps:    2286 Episode Steps:    26 Return:  26.0000 FPS: 10432.31
11:20:43.629 [INFO] (trainer.py:109) Total Epi:   104 Steps:    2309 Episode Steps:    23 Return:  23.0000 FPS: 8631.80
11:20:43.632 [INFO] (trainer.py:109) Total Epi:   105 Steps:    2328 Episode Steps:    19 Return:  19.0000 FPS: 10604.25
11:20:43.634 [INFO] (trainer.py:109) Total Epi:   106 Steps:    2344 Episode Steps:    16 Return:  16.0000 FPS: 10021.04
11:20:43.636 [INFO] (trainer.py:109) Total Epi:   107 Steps:    2360 Episode Steps:    16 Return:  16.0000 FPS: 10312.02
11:20:43.640 [INFO] (trainer.py:109) Total Epi:   108 Steps:    2394 Episode Steps:    34 Return:  34.0000 FPS: 10603.63
11:20:43.644 [INFO] (trainer.py:109) Total Epi:   109 Steps:    2430 Episode Steps:    36 Return:  36.0000 FPS: 10345.85
11:20:43.646 [INFO] (trainer.py:109) Total Epi:   110 Steps:    2440 Episode Steps:    10 Return:  10.0000 FPS: 9239.82
11:20:43.648 [INFO] (trainer.py:109) Total Epi:   111 Steps:    2457 Episode Steps:    17 Return:  17.0000 FPS: 10130.55
11:20:43.651 [INFO] (trainer.py:109) Total Epi:   112 Steps:    2477 Episode Steps:    20 Return:  20.0000 FPS: 10341.72
11:20:43.653 [INFO] (trainer.py:109) Total Epi:   113 Steps:    2495 Episode Steps:    18 Return:  18.0000 FPS: 9682.23
11:20:43.656 [INFO] (trainer.py:109) Total Epi:   114 Steps:    2514 Episode Steps:    19 Return:  19.0000 FPS: 10538.62
11:20:43.658 [INFO] (trainer.py:109) Total Epi:   115 Steps:    2525 Episode Steps:    11 Return:  11.0000 FPS: 9511.37
11:20:43.660 [INFO] (trainer.py:109) Total Epi:   116 Steps:    2539 Episode Steps:    14 Return:  14.0000 FPS: 10233.01
11:20:43.662 [INFO] (trainer.py:109) Total Epi:   117 Steps:    2557 Episode Steps:    18 Return:  18.0000 FPS: 8250.13
11:20:43.666 [INFO] (trainer.py:109) Total Epi:   118 Steps:    2581 Episode Steps:    24 Return:  24.0000 FPS: 10374.74
11:20:43.668 [INFO] (trainer.py:109) Total Epi:   119 Steps:    2600 Episode Steps:    19 Return:  19.0000 FPS: 10617.59
11:20:43.672 [INFO] (trainer.py:109) Total Epi:   120 Steps:    2634 Episode Steps:    34 Return:  34.0000 FPS: 10729.78
11:20:43.680 [INFO] (trainer.py:109) Total Epi:   121 Steps:    2710 Episode Steps:    76 Return:  76.0000 FPS: 9823.38
11:20:43.683 [INFO] (trainer.py:109) Total Epi:   122 Steps:    2723 Episode Steps:    13 Return:  13.0000 FPS: 9877.31
11:20:43.685 [INFO] (trainer.py:109) Total Epi:   123 Steps:    2745 Episode Steps:    22 Return:  22.0000 FPS: 10409.40
11:20:43.688 [INFO] (trainer.py:109) Total Epi:   124 Steps:    2765 Episode Steps:    20 Return:  20.0000 FPS: 10659.05
11:20:43.692 [INFO] (trainer.py:109) Total Epi:   125 Steps:    2798 Episode Steps:    33 Return:  33.0000 FPS: 10443.12
11:20:43.695 [INFO] (trainer.py:109) Total Epi:   126 Steps:    2824 Episode Steps:    26 Return:  26.0000 FPS: 10559.38
11:20:43.697 [INFO] (trainer.py:109) Total Epi:   127 Steps:    2838 Episode Steps:    14 Return:  14.0000 FPS: 10332.92
11:20:43.699 [INFO] (trainer.py:109) Total Epi:   128 Steps:    2855 Episode Steps:    17 Return:  17.0000 FPS: 10679.78
11:20:43.701 [INFO] (trainer.py:109) Total Epi:   129 Steps:    2872 Episode Steps:    17 Return:  17.0000 FPS: 10316.92
11:20:43.703 [INFO] (trainer.py:109) Total Epi:   130 Steps:    2883 Episode Steps:    11 Return:  11.0000 FPS: 10268.76
11:20:43.705 [INFO] (trainer.py:109) Total Epi:   131 Steps:    2901 Episode Steps:    18 Return:  18.0000 FPS: 10386.42
11:20:43.707 [INFO] (trainer.py:109) Total Epi:   132 Steps:    2917 Episode Steps:    16 Return:  16.0000 FPS: 9828.10
11:20:43.710 [INFO] (trainer.py:109) Total Epi:   133 Steps:    2933 Episode Steps:    16 Return:  16.0000 FPS: 9652.45
11:20:43.712 [INFO] (trainer.py:109) Total Epi:   134 Steps:    2945 Episode Steps:    12 Return:  12.0000 FPS: 8187.68
11:20:43.715 [INFO] (trainer.py:109) Total Epi:   135 Steps:    2960 Episode Steps:    15 Return:  15.0000 FPS: 10085.02
11:20:43.718 [INFO] (trainer.py:109) Total Epi:   136 Steps:    2989 Episode Steps:    29 Return:  29.0000 FPS: 10566.56
11:20:43.720 [INFO] (trainer.py:109) Total Epi:   137 Steps:    3006 Episode Steps:    17 Return:  17.0000 FPS: 10399.25
11:20:43.724 [INFO] (trainer.py:109) Total Epi:   138 Steps:    3042 Episode Steps:    36 Return:  36.0000 FPS: 10410.33
11:20:43.726 [INFO] (trainer.py:109) Total Epi:   139 Steps:    3056 Episode Steps:    14 Return:  14.0000 FPS: 9233.15
11:20:43.729 [INFO] (trainer.py:109) Total Epi:   140 Steps:    3074 Episode Steps:    18 Return:  18.0000 FPS: 10612.02
11:20:43.731 [INFO] (trainer.py:109) Total Epi:   141 Steps:    3093 Episode Steps:    19 Return:  19.0000 FPS: 10421.07
11:20:43.734 [INFO] (trainer.py:109) Total Epi:   142 Steps:    3116 Episode Steps:    23 Return:  23.0000 FPS: 10429.05
11:20:43.737 [INFO] (trainer.py:109) Total Epi:   143 Steps:    3140 Episode Steps:    24 Return:  24.0000 FPS: 10586.37
11:20:43.740 [INFO] (trainer.py:109) Total Epi:   144 Steps:    3158 Episode Steps:    18 Return:  18.0000 FPS: 10211.91
11:20:43.742 [INFO] (trainer.py:109) Total Epi:   145 Steps:    3173 Episode Steps:    15 Return:  15.0000 FPS: 7274.78
11:20:43.746 [INFO] (trainer.py:109) Total Epi:   146 Steps:    3192 Episode Steps:    19 Return:  19.0000 FPS: 7444.74
11:20:43.748 [INFO] (trainer.py:109) Total Epi:   147 Steps:    3205 Episode Steps:    13 Return:  13.0000 FPS: 10144.96
11:20:43.750 [INFO] (trainer.py:109) Total Epi:   148 Steps:    3217 Episode Steps:    12 Return:  12.0000 FPS: 9950.29
11:20:43.752 [INFO] (trainer.py:109) Total Epi:   149 Steps:    3230 Episode Steps:    13 Return:  13.0000 FPS: 10355.55
11:20:43.755 [INFO] (trainer.py:109) Total Epi:   150 Steps:    3255 Episode Steps:    25 Return:  25.0000 FPS: 10618.87
11:20:43.757 [INFO] (trainer.py:109) Total Epi:   151 Steps:    3267 Episode Steps:    12 Return:  12.0000 FPS: 10171.40
11:20:43.760 [INFO] (trainer.py:109) Total Epi:   152 Steps:    3288 Episode Steps:    21 Return:  21.0000 FPS: 10724.69
11:20:43.762 [INFO] (trainer.py:109) Total Epi:   153 Steps:    3303 Episode Steps:    15 Return:  15.0000 FPS: 9972.24
11:20:43.764 [INFO] (trainer.py:109) Total Epi:   154 Steps:    3317 Episode Steps:    14 Return:  14.0000 FPS: 10415.30
11:20:43.766 [INFO] (trainer.py:109) Total Epi:   155 Steps:    3333 Episode Steps:    16 Return:  16.0000 FPS: 9987.55
11:20:43.769 [INFO] (trainer.py:109) Total Epi:   156 Steps:    3355 Episode Steps:    22 Return:  22.0000 FPS: 10651.82
11:20:43.771 [INFO] (trainer.py:109) Total Epi:   157 Steps:    3371 Episode Steps:    16 Return:  16.0000 FPS: 10455.77
11:20:43.773 [INFO] (trainer.py:109) Total Epi:   158 Steps:    3385 Episode Steps:    14 Return:  14.0000 FPS: 10160.52
11:20:43.775 [INFO] (trainer.py:109) Total Epi:   159 Steps:    3399 Episode Steps:    14 Return:  14.0000 FPS: 10383.87
11:20:43.777 [INFO] (trainer.py:109) Total Epi:   160 Steps:    3413 Episode Steps:    14 Return:  14.0000 FPS: 10298.68
11:20:43.780 [INFO] (trainer.py:109) Total Epi:   161 Steps:    3431 Episode Steps:    18 Return:  18.0000 FPS: 10187.85
11:20:43.782 [INFO] (trainer.py:109) Total Epi:   162 Steps:    3445 Episode Steps:    14 Return:  14.0000 FPS: 9816.05
11:20:43.785 [INFO] (trainer.py:109) Total Epi:   163 Steps:    3474 Episode Steps:    29 Return:  29.0000 FPS: 10779.04
11:20:43.788 [INFO] (trainer.py:109) Total Epi:   164 Steps:    3503 Episode Steps:    29 Return:  29.0000 FPS: 10911.60
11:20:43.791 [INFO] (trainer.py:109) Total Epi:   165 Steps:    3520 Episode Steps:    17 Return:  17.0000 FPS: 10265.37
11:20:43.793 [INFO] (trainer.py:109) Total Epi:   166 Steps:    3541 Episode Steps:    21 Return:  21.0000 FPS: 10176.48
11:20:43.796 [INFO] (trainer.py:109) Total Epi:   167 Steps:    3560 Episode Steps:    19 Return:  19.0000 FPS: 10634.44
11:20:43.800 [INFO] (trainer.py:109) Total Epi:   168 Steps:    3595 Episode Steps:    35 Return:  35.0000 FPS: 10684.22
11:20:43.804 [INFO] (trainer.py:109) Total Epi:   169 Steps:    3628 Episode Steps:    33 Return:  33.0000 FPS: 10671.42
11:20:43.806 [INFO] (trainer.py:109) Total Epi:   170 Steps:    3641 Episode Steps:    13 Return:  13.0000 FPS: 9673.26
11:20:43.808 [INFO] (trainer.py:109) Total Epi:   171 Steps:    3654 Episode Steps:    13 Return:  13.0000 FPS: 10359.84
11:20:43.812 [INFO] (trainer.py:109) Total Epi:   172 Steps:    3689 Episode Steps:    35 Return:  35.0000 FPS: 10574.68
11:20:43.814 [INFO] (trainer.py:109) Total Epi:   173 Steps:    3702 Episode Steps:    13 Return:  13.0000 FPS: 9634.49
11:20:43.815 [INFO] (trainer.py:109) Total Epi:   174 Steps:    3713 Episode Steps:    11 Return:  11.0000 FPS: 10207.14
11:20:43.818 [INFO] (trainer.py:109) Total Epi:   175 Steps:    3734 Episode Steps:    21 Return:  21.0000 FPS: 10434.36
11:20:43.820 [INFO] (trainer.py:109) Total Epi:   176 Steps:    3748 Episode Steps:    14 Return:  14.0000 FPS: 10266.67
11:20:43.823 [INFO] (trainer.py:109) Total Epi:   177 Steps:    3774 Episode Steps:    26 Return:  26.0000 FPS: 10571.18
11:20:43.825 [INFO] (trainer.py:109) Total Epi:   178 Steps:    3787 Episode Steps:    13 Return:  13.0000 FPS: 10216.68
11:20:43.827 [INFO] (trainer.py:109) Total Epi:   179 Steps:    3805 Episode Steps:    18 Return:  18.0000 FPS: 10562.20
11:20:43.831 [INFO] (trainer.py:109) Total Epi:   180 Steps:    3834 Episode Steps:    29 Return:  29.0000 FPS: 10324.77
11:20:43.833 [INFO] (trainer.py:109) Total Epi:   181 Steps:    3846 Episode Steps:    12 Return:  12.0000 FPS: 9760.23
11:20:43.838 [INFO] (trainer.py:109) Total Epi:   182 Steps:    3889 Episode Steps:    43 Return:  43.0000 FPS: 10774.09
11:20:43.839 [INFO] (trainer.py:109) Total Epi:   183 Steps:    3902 Episode Steps:    13 Return:  13.0000 FPS: 10360.19
11:20:43.841 [INFO] (trainer.py:109) Total Epi:   184 Steps:    3911 Episode Steps:     9 Return:  9.0000 FPS: 9688.52
11:20:43.844 [INFO] (trainer.py:109) Total Epi:   185 Steps:    3941 Episode Steps:    30 Return:  30.0000 FPS: 10743.62
11:20:43.847 [INFO] (trainer.py:109) Total Epi:   186 Steps:    3961 Episode Steps:    20 Return:  20.0000 FPS: 10543.33
11:20:43.849 [INFO] (trainer.py:109) Total Epi:   187 Steps:    3977 Episode Steps:    16 Return:  16.0000 FPS: 10053.28
11:20:43.855 [INFO] (trainer.py:109) Total Epi:   188 Steps:    4032 Episode Steps:    55 Return:  55.0000 FPS: 11071.02
11:20:43.861 [INFO] (trainer.py:109) Total Epi:   189 Steps:    4084 Episode Steps:    52 Return:  52.0000 FPS: 10889.30
11:20:43.863 [INFO] (trainer.py:109) Total Epi:   190 Steps:    4104 Episode Steps:    20 Return:  20.0000 FPS: 10429.89
11:20:43.870 [INFO] (trainer.py:109) Total Epi:   191 Steps:    4174 Episode Steps:    70 Return:  70.0000 FPS: 10837.35
11:20:43.874 [INFO] (trainer.py:109) Total Epi:   192 Steps:    4202 Episode Steps:    28 Return:  28.0000 FPS: 10595.49
11:20:43.877 [INFO] (trainer.py:109) Total Epi:   193 Steps:    4224 Episode Steps:    22 Return:  22.0000 FPS: 10725.39
11:20:43.878 [INFO] (trainer.py:109) Total Epi:   194 Steps:    4235 Episode Steps:    11 Return:  11.0000 FPS: 9543.74
11:20:43.882 [INFO] (trainer.py:109) Total Epi:   195 Steps:    4262 Episode Steps:    27 Return:  27.0000 FPS: 10259.45
11:20:43.884 [INFO] (trainer.py:109) Total Epi:   196 Steps:    4275 Episode Steps:    13 Return:  13.0000 FPS: 10344.35
11:20:43.886 [INFO] (trainer.py:109) Total Epi:   197 Steps:    4291 Episode Steps:    16 Return:  16.0000 FPS: 10096.61
11:20:43.888 [INFO] (trainer.py:109) Total Epi:   198 Steps:    4308 Episode Steps:    17 Return:  17.0000 FPS: 10624.49
11:20:43.890 [INFO] (trainer.py:109) Total Epi:   199 Steps:    4319 Episode Steps:    11 Return:  11.0000 FPS: 9624.26
11:20:43.892 [INFO] (trainer.py:109) Total Epi:   200 Steps:    4331 Episode Steps:    12 Return:  12.0000 FPS: 10124.85
11:20:43.894 [INFO] (trainer.py:109) Total Epi:   201 Steps:    4348 Episode Steps:    17 Return:  17.0000 FPS: 10096.16
11:20:43.896 [INFO] (trainer.py:109) Total Epi:   202 Steps:    4364 Episode Steps:    16 Return:  16.0000 FPS: 10319.42
11:20:43.899 [INFO] (trainer.py:109) Total Epi:   203 Steps:    4384 Episode Steps:    20 Return:  20.0000 FPS: 10358.16
11:20:43.901 [INFO] (trainer.py:109) Total Epi:   204 Steps:    4394 Episode Steps:    10 Return:  10.0000 FPS: 9931.56
11:20:43.903 [INFO] (trainer.py:109) Total Epi:   205 Steps:    4416 Episode Steps:    22 Return:  22.0000 FPS: 10785.18
11:20:43.906 [INFO] (trainer.py:109) Total Epi:   206 Steps:    4434 Episode Steps:    18 Return:  18.0000 FPS: 10166.40
11:20:43.908 [INFO] (trainer.py:109) Total Epi:   207 Steps:    4455 Episode Steps:    21 Return:  21.0000 FPS: 10783.24
11:20:43.910 [INFO] (trainer.py:109) Total Epi:   208 Steps:    4467 Episode Steps:    12 Return:  12.0000 FPS: 9611.02
11:20:43.913 [INFO] (trainer.py:109) Total Epi:   209 Steps:    4490 Episode Steps:    23 Return:  23.0000 FPS: 10356.74
11:20:43.916 [INFO] (trainer.py:109) Total Epi:   210 Steps:    4518 Episode Steps:    28 Return:  28.0000 FPS: 10840.02
11:20:43.921 [INFO] (trainer.py:109) Total Epi:   211 Steps:    4558 Episode Steps:    40 Return:  40.0000 FPS: 10897.37
11:20:43.924 [INFO] (trainer.py:109) Total Epi:   212 Steps:    4583 Episode Steps:    25 Return:  25.0000 FPS: 10820.60
11:20:43.927 [INFO] (trainer.py:109) Total Epi:   213 Steps:    4606 Episode Steps:    23 Return:  23.0000 FPS: 10292.85
11:20:43.929 [INFO] (trainer.py:109) Total Epi:   214 Steps:    4617 Episode Steps:    11 Return:  11.0000 FPS: 9154.10
11:20:43.932 [INFO] (trainer.py:109) Total Epi:   215 Steps:    4639 Episode Steps:    22 Return:  22.0000 FPS: 10515.90
11:20:43.934 [INFO] (trainer.py:109) Total Epi:   216 Steps:    4661 Episode Steps:    22 Return:  22.0000 FPS: 10424.95
11:20:43.937 [INFO] (trainer.py:109) Total Epi:   217 Steps:    4683 Episode Steps:    22 Return:  22.0000 FPS: 10508.30
11:20:43.939 [INFO] (trainer.py:109) Total Epi:   218 Steps:    4701 Episode Steps:    18 Return:  18.0000 FPS: 10610.22
11:20:43.941 [INFO] (trainer.py:109) Total Epi:   219 Steps:    4713 Episode Steps:    12 Return:  12.0000 FPS: 9635.33
11:20:43.944 [INFO] (trainer.py:109) Total Epi:   220 Steps:    4731 Episode Steps:    18 Return:  18.0000 FPS: 10657.31
11:20:43.947 [INFO] (trainer.py:109) Total Epi:   221 Steps:    4758 Episode Steps:    27 Return:  27.0000 FPS: 10556.88
11:20:43.950 [INFO] (trainer.py:109) Total Epi:   222 Steps:    4788 Episode Steps:    30 Return:  30.0000 FPS: 10671.08
11:20:43.953 [INFO] (trainer.py:109) Total Epi:   223 Steps:    4806 Episode Steps:    18 Return:  18.0000 FPS: 10560.72
11:20:43.955 [INFO] (trainer.py:109) Total Epi:   224 Steps:    4826 Episode Steps:    20 Return:  20.0000 FPS: 10663.18
11:20:43.959 [INFO] (trainer.py:109) Total Epi:   225 Steps:    4864 Episode Steps:    38 Return:  38.0000 FPS: 10747.06
11:20:43.962 [INFO] (trainer.py:109) Total Epi:   226 Steps:    4882 Episode Steps:    18 Return:  18.0000 FPS: 9772.22
11:20:43.964 [INFO] (trainer.py:109) Total Epi:   227 Steps:    4897 Episode Steps:    15 Return:  15.0000 FPS: 10247.35
11:20:43.968 [INFO] (trainer.py:109) Total Epi:   228 Steps:    4924 Episode Steps:    27 Return:  27.0000 FPS: 10759.16
11:20:43.970 [INFO] (trainer.py:109) Total Epi:   229 Steps:    4939 Episode Steps:    15 Return:  15.0000 FPS: 9963.17
11:20:43.972 [INFO] (trainer.py:109) Total Epi:   230 Steps:    4956 Episode Steps:    17 Return:  17.0000 FPS: 10548.29
11:20:43.976 [INFO] (trainer.py:109) Total Epi:   231 Steps:    4988 Episode Steps:    32 Return:  32.0000 FPS: 10661.47
11:20:43.979 [INFO] (trainer.py:109) Total Epi:   232 Steps:    5015 Episode Steps:    27 Return:  27.0000 FPS: 10479.86
11:20:43.982 [INFO] (trainer.py:109) Total Epi:   233 Steps:    5036 Episode Steps:    21 Return:  21.0000 FPS: 9948.49
11:20:43.984 [INFO] (trainer.py:109) Total Epi:   234 Steps:    5051 Episode Steps:    15 Return:  15.0000 FPS: 10539.75
11:20:43.986 [INFO] (trainer.py:109) Total Epi:   235 Steps:    5073 Episode Steps:    22 Return:  22.0000 FPS: 10413.20
11:20:43.990 [INFO] (trainer.py:109) Total Epi:   236 Steps:    5106 Episode Steps:    33 Return:  33.0000 FPS: 10559.65
11:20:43.992 [INFO] (trainer.py:109) Total Epi:   237 Steps:    5119 Episode Steps:    13 Return:  13.0000 FPS: 10201.01
11:20:43.994 [INFO] (trainer.py:109) Total Epi:   238 Steps:    5135 Episode Steps:    16 Return:  16.0000 FPS: 10197.69
11:20:43.998 [INFO] (trainer.py:109) Total Epi:   239 Steps:    5165 Episode Steps:    30 Return:  30.0000 FPS: 10580.97
11:20:44.002 [INFO] (trainer.py:109) Total Epi:   240 Steps:    5197 Episode Steps:    32 Return:  32.0000 FPS: 10703.54
11:20:44.005 [INFO] (trainer.py:109) Total Epi:   241 Steps:    5220 Episode Steps:    23 Return:  23.0000 FPS: 10770.45
11:20:44.006 [INFO] (trainer.py:109) Total Epi:   242 Steps:    5232 Episode Steps:    12 Return:  12.0000 FPS: 10093.07
11:20:44.012 [INFO] (trainer.py:109) Total Epi:   243 Steps:    5288 Episode Steps:    56 Return:  56.0000 FPS: 10963.15
11:20:44.014 [INFO] (trainer.py:109) Total Epi:   244 Steps:    5305 Episode Steps:    17 Return:  17.0000 FPS: 10218.90
11:20:44.016 [INFO] (trainer.py:109) Total Epi:   245 Steps:    5319 Episode Steps:    14 Return:  14.0000 FPS: 10373.43
11:20:44.020 [INFO] (trainer.py:109) Total Epi:   246 Steps:    5345 Episode Steps:    26 Return:  26.0000 FPS: 10692.67
11:20:44.022 [INFO] (trainer.py:109) Total Epi:   247 Steps:    5360 Episode Steps:    15 Return:  15.0000 FPS: 10003.25
11:20:44.025 [INFO] (trainer.py:109) Total Epi:   248 Steps:    5381 Episode Steps:    21 Return:  21.0000 FPS: 10700.57
11:20:44.031 [INFO] (trainer.py:109) Total Epi:   249 Steps:    5445 Episode Steps:    64 Return:  64.0000 FPS: 10859.72
11:20:44.034 [INFO] (trainer.py:109) Total Epi:   250 Steps:    5467 Episode Steps:    22 Return:  22.0000 FPS: 10357.64
11:20:44.038 [INFO] (trainer.py:109) Total Epi:   251 Steps:    5502 Episode Steps:    35 Return:  35.0000 FPS: 10702.10
11:20:44.040 [INFO] (trainer.py:109) Total Epi:   252 Steps:    5513 Episode Steps:    11 Return:  11.0000 FPS: 10283.25
11:20:44.043 [INFO] (trainer.py:109) Total Epi:   253 Steps:    5540 Episode Steps:    27 Return:  27.0000 FPS: 10515.46
11:20:44.046 [INFO] (trainer.py:109) Total Epi:   254 Steps:    5564 Episode Steps:    24 Return:  24.0000 FPS: 10472.24
11:20:44.050 [INFO] (trainer.py:109) Total Epi:   255 Steps:    5598 Episode Steps:    34 Return:  34.0000 FPS: 10634.01
11:20:44.055 [INFO] (trainer.py:109) Total Epi:   256 Steps:    5643 Episode Steps:    45 Return:  45.0000 FPS: 10821.90
11:20:44.057 [INFO] (trainer.py:109) Total Epi:   257 Steps:    5657 Episode Steps:    14 Return:  14.0000 FPS: 10374.34
11:20:44.063 [INFO] (trainer.py:109) Total Epi:   258 Steps:    5715 Episode Steps:    58 Return:  58.0000 FPS: 10230.46
11:20:44.067 [INFO] (trainer.py:109) Total Epi:   259 Steps:    5745 Episode Steps:    30 Return:  30.0000 FPS: 10490.75
11:20:44.069 [INFO] (trainer.py:109) Total Epi:   260 Steps:    5761 Episode Steps:    16 Return:  16.0000 FPS: 10341.98
11:20:44.071 [INFO] (trainer.py:109) Total Epi:   261 Steps:    5775 Episode Steps:    14 Return:  14.0000 FPS: 10321.04
11:20:44.075 [INFO] (trainer.py:109) Total Epi:   262 Steps:    5812 Episode Steps:    37 Return:  37.0000 FPS: 10686.17
11:20:44.077 [INFO] (trainer.py:109) Total Epi:   263 Steps:    5828 Episode Steps:    16 Return:  16.0000 FPS: 10087.26
11:20:44.080 [INFO] (trainer.py:109) Total Epi:   264 Steps:    5853 Episode Steps:    25 Return:  25.0000 FPS: 10520.21
11:20:44.086 [INFO] (trainer.py:109) Total Epi:   265 Steps:    5904 Episode Steps:    51 Return:  51.0000 FPS: 10867.50
11:20:44.089 [INFO] (trainer.py:109) Total Epi:   266 Steps:    5931 Episode Steps:    27 Return:  27.0000 FPS: 10468.89
11:20:44.092 [INFO] (trainer.py:109) Total Epi:   267 Steps:    5950 Episode Steps:    19 Return:  19.0000 FPS: 10637.73
11:20:44.094 [INFO] (trainer.py:109) Total Epi:   268 Steps:    5967 Episode Steps:    17 Return:  17.0000 FPS: 9959.94
11:20:44.096 [INFO] (trainer.py:109) Total Epi:   269 Steps:    5981 Episode Steps:    14 Return:  14.0000 FPS: 9968.17
11:20:44.098 [INFO] (trainer.py:109) Total Epi:   270 Steps:    5994 Episode Steps:    13 Return:  13.0000 FPS: 9938.35
11:20:44.101 [INFO] (trainer.py:109) Total Epi:   271 Steps:    6016 Episode Steps:    22 Return:  22.0000 FPS: 10605.83
11:20:44.103 [INFO] (trainer.py:109) Total Epi:   272 Steps:    6031 Episode Steps:    15 Return:  15.0000 FPS: 10460.32
11:20:44.106 [INFO] (trainer.py:109) Total Epi:   273 Steps:    6050 Episode Steps:    19 Return:  19.0000 FPS: 10181.67
11:20:44.108 [INFO] (trainer.py:109) Total Epi:   274 Steps:    6066 Episode Steps:    16 Return:  16.0000 FPS: 10397.81
11:20:44.111 [INFO] (trainer.py:109) Total Epi:   275 Steps:    6097 Episode Steps:    31 Return:  31.0000 FPS: 10244.25
11:20:44.114 [INFO] (trainer.py:109) Total Epi:   276 Steps:    6110 Episode Steps:    13 Return:  13.0000 FPS: 9464.20
11:20:44.118 [INFO] (trainer.py:109) Total Epi:   277 Steps:    6144 Episode Steps:    34 Return:  34.0000 FPS: 10695.21
11:20:44.119 [INFO] (trainer.py:109) Total Epi:   278 Steps:    6153 Episode Steps:     9 Return:  9.0000 FPS: 10021.09
11:20:44.122 [INFO] (trainer.py:109) Total Epi:   279 Steps:    6171 Episode Steps:    18 Return:  18.0000 FPS: 10123.99
11:20:44.123 [INFO] (trainer.py:109) Total Epi:   280 Steps:    6184 Episode Steps:    13 Return:  13.0000 FPS: 10383.41
11:20:44.126 [INFO] (trainer.py:109) Total Epi:   281 Steps:    6199 Episode Steps:    15 Return:  15.0000 FPS: 9995.22
11:20:44.128 [INFO] (trainer.py:109) Total Epi:   282 Steps:    6223 Episode Steps:    24 Return:  24.0000 FPS: 10360.14
11:20:44.131 [INFO] (trainer.py:109) Total Epi:   283 Steps:    6240 Episode Steps:    17 Return:  17.0000 FPS: 10311.88
11:20:44.133 [INFO] (trainer.py:109) Total Epi:   284 Steps:    6258 Episode Steps:    18 Return:  18.0000 FPS: 10185.32
11:20:44.137 [INFO] (trainer.py:109) Total Epi:   285 Steps:    6289 Episode Steps:    31 Return:  31.0000 FPS: 10930.09
11:20:44.139 [INFO] (trainer.py:109) Total Epi:   286 Steps:    6305 Episode Steps:    16 Return:  16.0000 FPS: 10609.24
11:20:44.143 [INFO] (trainer.py:109) Total Epi:   287 Steps:    6335 Episode Steps:    30 Return:  30.0000 FPS: 10469.44
11:20:44.146 [INFO] (trainer.py:109) Total Epi:   288 Steps:    6362 Episode Steps:    27 Return:  27.0000 FPS: 10152.36
11:20:44.149 [INFO] (trainer.py:109) Total Epi:   289 Steps:    6385 Episode Steps:    23 Return:  23.0000 FPS: 10594.15
11:20:44.151 [INFO] (trainer.py:109) Total Epi:   290 Steps:    6401 Episode Steps:    16 Return:  16.0000 FPS: 10471.55
11:20:44.153 [INFO] (trainer.py:109) Total Epi:   291 Steps:    6414 Episode Steps:    13 Return:  13.0000 FPS: 10014.40
11:20:44.158 [INFO] (trainer.py:109) Total Epi:   292 Steps:    6453 Episode Steps:    39 Return:  39.0000 FPS: 9904.61
11:20:44.161 [INFO] (trainer.py:109) Total Epi:   293 Steps:    6476 Episode Steps:    23 Return:  23.0000 FPS: 10629.89
11:20:44.163 [INFO] (trainer.py:109) Total Epi:   294 Steps:    6494 Episode Steps:    18 Return:  18.0000 FPS: 10346.68
11:20:44.166 [INFO] (trainer.py:109) Total Epi:   295 Steps:    6519 Episode Steps:    25 Return:  25.0000 FPS: 10499.47
11:20:44.170 [INFO] (trainer.py:109) Total Epi:   296 Steps:    6546 Episode Steps:    27 Return:  27.0000 FPS: 10389.24
11:20:44.172 [INFO] (trainer.py:109) Total Epi:   297 Steps:    6560 Episode Steps:    14 Return:  14.0000 FPS: 8660.59
11:20:44.175 [INFO] (trainer.py:109) Total Epi:   298 Steps:    6587 Episode Steps:    27 Return:  27.0000 FPS: 9954.73
11:20:44.179 [INFO] (trainer.py:109) Total Epi:   299 Steps:    6613 Episode Steps:    26 Return:  26.0000 FPS: 8948.76
11:20:44.182 [INFO] (trainer.py:109) Total Epi:   300 Steps:    6627 Episode Steps:    14 Return:  14.0000 FPS: 9682.01
11:20:44.184 [INFO] (trainer.py:109) Total Epi:   301 Steps:    6650 Episode Steps:    23 Return:  23.0000 FPS: 10054.35
11:20:44.187 [INFO] (trainer.py:109) Total Epi:   302 Steps:    6668 Episode Steps:    18 Return:  18.0000 FPS: 10197.89
11:20:44.191 [INFO] (trainer.py:109) Total Epi:   303 Steps:    6698 Episode Steps:    30 Return:  30.0000 FPS: 10041.60
11:20:44.195 [INFO] (trainer.py:109) Total Epi:   304 Steps:    6741 Episode Steps:    43 Return:  43.0000 FPS: 10463.25
11:20:44.197 [INFO] (trainer.py:109) Total Epi:   305 Steps:    6752 Episode Steps:    11 Return:  11.0000 FPS: 8819.20
11:20:44.200 [INFO] (trainer.py:109) Total Epi:   306 Steps:    6770 Episode Steps:    18 Return:  18.0000 FPS: 10076.71
11:20:44.202 [INFO] (trainer.py:109) Total Epi:   307 Steps:    6787 Episode Steps:    17 Return:  17.0000 FPS: 9558.87
11:20:44.205 [INFO] (trainer.py:109) Total Epi:   308 Steps:    6811 Episode Steps:    24 Return:  24.0000 FPS: 9873.87
11:20:44.208 [INFO] (trainer.py:109) Total Epi:   309 Steps:    6833 Episode Steps:    22 Return:  22.0000 FPS: 10393.88
11:20:44.211 [INFO] (trainer.py:109) Total Epi:   310 Steps:    6846 Episode Steps:    13 Return:  13.0000 FPS: 9120.72
11:20:44.213 [INFO] (trainer.py:109) Total Epi:   311 Steps:    6858 Episode Steps:    12 Return:  12.0000 FPS: 8092.62
11:20:44.215 [INFO] (trainer.py:109) Total Epi:   312 Steps:    6872 Episode Steps:    14 Return:  14.0000 FPS: 10223.66
11:20:44.220 [INFO] (trainer.py:109) Total Epi:   313 Steps:    6915 Episode Steps:    43 Return:  43.0000 FPS: 10066.28
11:20:44.223 [INFO] (trainer.py:109) Total Epi:   314 Steps:    6935 Episode Steps:    20 Return:  20.0000 FPS: 8941.59
11:20:44.225 [INFO] (trainer.py:109) Total Epi:   315 Steps:    6950 Episode Steps:    15 Return:  15.0000 FPS: 9892.48
11:20:44.228 [INFO] (trainer.py:109) Total Epi:   316 Steps:    6972 Episode Steps:    22 Return:  22.0000 FPS: 10646.60
11:20:44.232 [INFO] (trainer.py:109) Total Epi:   317 Steps:    7007 Episode Steps:    35 Return:  35.0000 FPS: 9924.66
11:20:44.236 [INFO] (trainer.py:109) Total Epi:   318 Steps:    7042 Episode Steps:    35 Return:  35.0000 FPS: 10750.08
11:20:44.239 [INFO] (trainer.py:109) Total Epi:   319 Steps:    7060 Episode Steps:    18 Return:  18.0000 FPS: 10085.13
11:20:44.242 [INFO] (trainer.py:109) Total Epi:   320 Steps:    7082 Episode Steps:    22 Return:  22.0000 FPS: 10029.25
11:20:44.244 [INFO] (trainer.py:109) Total Epi:   321 Steps:    7094 Episode Steps:    12 Return:  12.0000 FPS: 10057.42
11:20:44.247 [INFO] (trainer.py:109) Total Epi:   322 Steps:    7119 Episode Steps:    25 Return:  25.0000 FPS: 9703.95
11:20:44.250 [INFO] (trainer.py:109) Total Epi:   323 Steps:    7142 Episode Steps:    23 Return:  23.0000 FPS: 10039.20
11:20:44.252 [INFO] (trainer.py:109) Total Epi:   324 Steps:    7155 Episode Steps:    13 Return:  13.0000 FPS: 9114.84
11:20:44.255 [INFO] (trainer.py:109) Total Epi:   325 Steps:    7170 Episode Steps:    15 Return:  15.0000 FPS: 9622.98
11:20:44.258 [INFO] (trainer.py:109) Total Epi:   326 Steps:    7194 Episode Steps:    24 Return:  24.0000 FPS: 10393.24
11:20:44.260 [INFO] (trainer.py:109) Total Epi:   327 Steps:    7207 Episode Steps:    13 Return:  13.0000 FPS: 10217.58
11:20:44.263 [INFO] (trainer.py:109) Total Epi:   328 Steps:    7234 Episode Steps:    27 Return:  27.0000 FPS: 9336.43
11:20:44.265 [INFO] (trainer.py:109) Total Epi:   329 Steps:    7243 Episode Steps:     9 Return:  9.0000 FPS: 9890.09
11:20:44.267 [INFO] (trainer.py:109) Total Epi:   330 Steps:    7256 Episode Steps:    13 Return:  13.0000 FPS: 10281.59
11:20:44.269 [INFO] (trainer.py:109) Total Epi:   331 Steps:    7275 Episode Steps:    19 Return:  19.0000 FPS: 9642.62
11:20:44.273 [INFO] (trainer.py:109) Total Epi:   332 Steps:    7306 Episode Steps:    31 Return:  31.0000 FPS: 9778.16
11:20:44.277 [INFO] (trainer.py:109) Total Epi:   333 Steps:    7331 Episode Steps:    25 Return:  25.0000 FPS: 10656.05
11:20:44.279 [INFO] (trainer.py:109) Total Epi:   334 Steps:    7347 Episode Steps:    16 Return:  16.0000 FPS: 8714.69
11:20:44.282 [INFO] (trainer.py:109) Total Epi:   335 Steps:    7360 Episode Steps:    13 Return:  13.0000 FPS: 8594.97
11:20:44.283 [INFO] (trainer.py:109) Total Epi:   336 Steps:    7372 Episode Steps:    12 Return:  12.0000 FPS: 10270.71
11:20:44.285 [INFO] (trainer.py:109) Total Epi:   337 Steps:    7382 Episode Steps:    10 Return:  10.0000 FPS: 9693.82
11:20:44.289 [INFO] (trainer.py:109) Total Epi:   338 Steps:    7414 Episode Steps:    32 Return:  32.0000 FPS: 10068.81
11:20:44.291 [INFO] (trainer.py:109) Total Epi:   339 Steps:    7427 Episode Steps:    13 Return:  13.0000 FPS: 9795.25
11:20:44.295 [INFO] (trainer.py:109) Total Epi:   340 Steps:    7460 Episode Steps:    33 Return:  33.0000 FPS: 10144.66
11:20:44.298 [INFO] (trainer.py:109) Total Epi:   341 Steps:    7480 Episode Steps:    20 Return:  20.0000 FPS: 9637.63
11:20:44.302 [INFO] (trainer.py:109) Total Epi:   342 Steps:    7512 Episode Steps:    32 Return:  32.0000 FPS: 10305.59
11:20:44.304 [INFO] (trainer.py:109) Total Epi:   343 Steps:    7530 Episode Steps:    18 Return:  18.0000 FPS: 9461.88
11:20:44.307 [INFO] (trainer.py:109) Total Epi:   344 Steps:    7551 Episode Steps:    21 Return:  21.0000 FPS: 9480.53
11:20:44.310 [INFO] (trainer.py:109) Total Epi:   345 Steps:    7572 Episode Steps:    21 Return:  21.0000 FPS: 10127.26
11:20:44.312 [INFO] (trainer.py:109) Total Epi:   346 Steps:    7581 Episode Steps:     9 Return:  9.0000 FPS: 7551.37
11:20:44.314 [INFO] (trainer.py:109) Total Epi:   347 Steps:    7597 Episode Steps:    16 Return:  16.0000 FPS: 9089.00
11:20:44.317 [INFO] (trainer.py:109) Total Epi:   348 Steps:    7613 Episode Steps:    16 Return:  16.0000 FPS: 9400.71
11:20:44.319 [INFO] (trainer.py:109) Total Epi:   349 Steps:    7631 Episode Steps:    18 Return:  18.0000 FPS: 10475.34
11:20:44.323 [INFO] (trainer.py:109) Total Epi:   350 Steps:    7663 Episode Steps:    32 Return:  32.0000 FPS: 9469.78
11:20:44.326 [INFO] (trainer.py:109) Total Epi:   351 Steps:    7678 Episode Steps:    15 Return:  15.0000 FPS: 9374.82
11:20:44.331 [INFO] (trainer.py:109) Total Epi:   352 Steps:    7711 Episode Steps:    33 Return:  33.0000 FPS: 7997.42
11:20:44.335 [INFO] (trainer.py:109) Total Epi:   353 Steps:    7747 Episode Steps:    36 Return:  36.0000 FPS: 10073.69
11:20:44.338 [INFO] (trainer.py:109) Total Epi:   354 Steps:    7760 Episode Steps:    13 Return:  13.0000 FPS: 9153.05
11:20:44.341 [INFO] (trainer.py:109) Total Epi:   355 Steps:    7784 Episode Steps:    24 Return:  24.0000 FPS: 10632.80
11:20:44.342 [INFO] (trainer.py:109) Total Epi:   356 Steps:    7795 Episode Steps:    11 Return:  11.0000 FPS: 10076.76
11:20:44.344 [INFO] (trainer.py:109) Total Epi:   357 Steps:    7807 Episode Steps:    12 Return:  12.0000 FPS: 9949.97
11:20:44.347 [INFO] (trainer.py:109) Total Epi:   358 Steps:    7821 Episode Steps:    14 Return:  14.0000 FPS: 8692.13
11:20:44.348 [INFO] (trainer.py:109) Total Epi:   359 Steps:    7833 Episode Steps:    12 Return:  12.0000 FPS: 9964.51
11:20:44.351 [INFO] (trainer.py:109) Total Epi:   360 Steps:    7858 Episode Steps:    25 Return:  25.0000 FPS: 10472.55
11:20:44.354 [INFO] (trainer.py:109) Total Epi:   361 Steps:    7877 Episode Steps:    19 Return:  19.0000 FPS: 10083.26
11:20:44.356 [INFO] (trainer.py:109) Total Epi:   362 Steps:    7891 Episode Steps:    14 Return:  14.0000 FPS: 10365.90
11:20:44.359 [INFO] (trainer.py:109) Total Epi:   363 Steps:    7920 Episode Steps:    29 Return:  29.0000 FPS: 10595.00
11:20:44.361 [INFO] (trainer.py:109) Total Epi:   364 Steps:    7930 Episode Steps:    10 Return:  10.0000 FPS: 9670.15
11:20:44.364 [INFO] (trainer.py:109) Total Epi:   365 Steps:    7954 Episode Steps:    24 Return:  24.0000 FPS: 10174.93
11:20:44.366 [INFO] (trainer.py:109) Total Epi:   366 Steps:    7964 Episode Steps:    10 Return:  10.0000 FPS: 9233.44
11:20:44.369 [INFO] (trainer.py:109) Total Epi:   367 Steps:    7992 Episode Steps:    28 Return:  28.0000 FPS: 10433.20
11:20:44.372 [INFO] (trainer.py:109) Total Epi:   368 Steps:    8012 Episode Steps:    20 Return:  20.0000 FPS: 9555.60
11:20:44.374 [INFO] (trainer.py:109) Total Epi:   369 Steps:    8025 Episode Steps:    13 Return:  13.0000 FPS: 9855.57
11:20:44.376 [INFO] (trainer.py:109) Total Epi:   370 Steps:    8042 Episode Steps:    17 Return:  17.0000 FPS: 10481.55
11:20:44.380 [INFO] (trainer.py:109) Total Epi:   371 Steps:    8069 Episode Steps:    27 Return:  27.0000 FPS: 9987.25
11:20:44.382 [INFO] (trainer.py:109) Total Epi:   372 Steps:    8090 Episode Steps:    21 Return:  21.0000 FPS: 10340.13
11:20:44.384 [INFO] (trainer.py:109) Total Epi:   373 Steps:    8104 Episode Steps:    14 Return:  14.0000 FPS: 10261.51
11:20:44.386 [INFO] (trainer.py:109) Total Epi:   374 Steps:    8116 Episode Steps:    12 Return:  12.0000 FPS: 9799.91
11:20:44.388 [INFO] (trainer.py:109) Total Epi:   375 Steps:    8128 Episode Steps:    12 Return:  12.0000 FPS: 9230.79
11:20:44.392 [INFO] (trainer.py:109) Total Epi:   376 Steps:    8158 Episode Steps:    30 Return:  30.0000 FPS: 10705.77
11:20:44.398 [INFO] (trainer.py:109) Total Epi:   377 Steps:    8215 Episode Steps:    57 Return:  57.0000 FPS: 10351.09
11:20:44.400 [INFO] (trainer.py:109) Total Epi:   378 Steps:    8229 Episode Steps:    14 Return:  14.0000 FPS: 10169.95
11:20:44.402 [INFO] (trainer.py:109) Total Epi:   379 Steps:    8243 Episode Steps:    14 Return:  14.0000 FPS: 9919.58
11:20:44.404 [INFO] (trainer.py:109) Total Epi:   380 Steps:    8254 Episode Steps:    11 Return:  11.0000 FPS: 10050.70
11:20:44.408 [INFO] (trainer.py:109) Total Epi:   381 Steps:    8280 Episode Steps:    26 Return:  26.0000 FPS: 8687.04
11:20:44.410 [INFO] (trainer.py:109) Total Epi:   382 Steps:    8301 Episode Steps:    21 Return:  21.0000 FPS: 10304.34
11:20:44.414 [INFO] (trainer.py:109) Total Epi:   383 Steps:    8330 Episode Steps:    29 Return:  29.0000 FPS: 10158.99
11:20:44.415 [INFO] (trainer.py:109) Total Epi:   384 Steps:    8340 Episode Steps:    10 Return:  10.0000 FPS: 9959.40
11:20:44.420 [INFO] (trainer.py:109) Total Epi:   385 Steps:    8380 Episode Steps:    40 Return:  40.0000 FPS: 10736.49
11:20:44.422 [INFO] (trainer.py:109) Total Epi:   386 Steps:    8397 Episode Steps:    17 Return:  17.0000 FPS: 10183.30
11:20:44.424 [INFO] (trainer.py:109) Total Epi:   387 Steps:    8414 Episode Steps:    17 Return:  17.0000 FPS: 10473.42
11:20:44.428 [INFO] (trainer.py:109) Total Epi:   388 Steps:    8447 Episode Steps:    33 Return:  33.0000 FPS: 9824.91
11:20:44.431 [INFO] (trainer.py:109) Total Epi:   389 Steps:    8465 Episode Steps:    18 Return:  18.0000 FPS: 10476.11
11:20:44.434 [INFO] (trainer.py:109) Total Epi:   390 Steps:    8489 Episode Steps:    24 Return:  24.0000 FPS: 9970.17
11:20:44.438 [INFO] (trainer.py:109) Total Epi:   391 Steps:    8519 Episode Steps:    30 Return:  30.0000 FPS: 10281.07
11:20:44.441 [INFO] (trainer.py:109) Total Epi:   392 Steps:    8546 Episode Steps:    27 Return:  27.0000 FPS: 10828.33
11:20:44.443 [INFO] (trainer.py:109) Total Epi:   393 Steps:    8562 Episode Steps:    16 Return:  16.0000 FPS: 10424.14
11:20:44.445 [INFO] (trainer.py:109) Total Epi:   394 Steps:    8574 Episode Steps:    12 Return:  12.0000 FPS: 9818.03
11:20:44.447 [INFO] (trainer.py:109) Total Epi:   395 Steps:    8586 Episode Steps:    12 Return:  12.0000 FPS: 10347.44
11:20:44.449 [INFO] (trainer.py:109) Total Epi:   396 Steps:    8604 Episode Steps:    18 Return:  18.0000 FPS: 10445.80
11:20:44.452 [INFO] (trainer.py:109) Total Epi:   397 Steps:    8626 Episode Steps:    22 Return:  22.0000 FPS: 10797.03
11:20:44.455 [INFO] (trainer.py:109) Total Epi:   398 Steps:    8653 Episode Steps:    27 Return:  27.0000 FPS: 10630.15
11:20:44.459 [INFO] (trainer.py:109) Total Epi:   399 Steps:    8685 Episode Steps:    32 Return:  32.0000 FPS: 10558.48
11:20:44.467 [INFO] (trainer.py:109) Total Epi:   400 Steps:    8761 Episode Steps:    76 Return:  76.0000 FPS: 10655.09
11:20:44.469 [INFO] (trainer.py:109) Total Epi:   401 Steps:    8773 Episode Steps:    12 Return:  12.0000 FPS: 10053.57
11:20:44.470 [INFO] (trainer.py:109) Total Epi:   402 Steps:    8782 Episode Steps:     9 Return:  9.0000 FPS: 9048.38
11:20:44.474 [INFO] (trainer.py:109) Total Epi:   403 Steps:    8812 Episode Steps:    30 Return:  30.0000 FPS: 10581.44
11:20:44.476 [INFO] (trainer.py:109) Total Epi:   404 Steps:    8831 Episode Steps:    19 Return:  19.0000 FPS: 10564.01
11:20:44.482 [INFO] (trainer.py:109) Total Epi:   405 Steps:    8883 Episode Steps:    52 Return:  52.0000 FPS: 10656.82
11:20:44.484 [INFO] (trainer.py:109) Total Epi:   406 Steps:    8900 Episode Steps:    17 Return:  17.0000 FPS: 10522.05
11:20:44.489 [INFO] (trainer.py:109) Total Epi:   407 Steps:    8946 Episode Steps:    46 Return:  46.0000 FPS: 10366.34
11:20:44.493 [INFO] (trainer.py:109) Total Epi:   408 Steps:    8976 Episode Steps:    30 Return:  30.0000 FPS: 10701.20
11:20:44.495 [INFO] (trainer.py:109) Total Epi:   409 Steps:    8989 Episode Steps:    13 Return:  13.0000 FPS: 9779.38
11:20:44.498 [INFO] (trainer.py:109) Total Epi:   410 Steps:    9015 Episode Steps:    26 Return:  26.0000 FPS: 10400.20
11:20:44.501 [INFO] (trainer.py:109) Total Epi:   411 Steps:    9040 Episode Steps:    25 Return:  25.0000 FPS: 10466.53
11:20:44.504 [INFO] (trainer.py:109) Total Epi:   412 Steps:    9058 Episode Steps:    18 Return:  18.0000 FPS: 10671.21
11:20:44.506 [INFO] (trainer.py:109) Total Epi:   413 Steps:    9073 Episode Steps:    15 Return:  15.0000 FPS: 9717.51
11:20:44.508 [INFO] (trainer.py:109) Total Epi:   414 Steps:    9095 Episode Steps:    22 Return:  22.0000 FPS: 10779.60
11:20:44.511 [INFO] (trainer.py:109) Total Epi:   415 Steps:    9111 Episode Steps:    16 Return:  16.0000 FPS: 10318.95
11:20:44.514 [INFO] (trainer.py:109) Total Epi:   416 Steps:    9142 Episode Steps:    31 Return:  31.0000 FPS: 10201.29
11:20:44.516 [INFO] (trainer.py:109) Total Epi:   417 Steps:    9156 Episode Steps:    14 Return:  14.0000 FPS: 10344.38
11:20:44.518 [INFO] (trainer.py:109) Total Epi:   418 Steps:    9168 Episode Steps:    12 Return:  12.0000 FPS: 9735.84
11:20:44.522 [INFO] (trainer.py:109) Total Epi:   419 Steps:    9201 Episode Steps:    33 Return:  33.0000 FPS: 10114.33
11:20:44.525 [INFO] (trainer.py:109) Total Epi:   420 Steps:    9218 Episode Steps:    17 Return:  17.0000 FPS: 10374.88
11:20:44.527 [INFO] (trainer.py:109) Total Epi:   421 Steps:    9230 Episode Steps:    12 Return:  12.0000 FPS: 10397.02
11:20:44.532 [INFO] (trainer.py:109) Total Epi:   422 Steps:    9282 Episode Steps:    52 Return:  52.0000 FPS: 10769.11
11:20:44.534 [INFO] (trainer.py:109) Total Epi:   423 Steps:    9298 Episode Steps:    16 Return:  16.0000 FPS: 10112.28
11:20:44.539 [INFO] (trainer.py:109) Total Epi:   424 Steps:    9338 Episode Steps:    40 Return:  40.0000 FPS: 10428.07
11:20:44.542 [INFO] (trainer.py:109) Total Epi:   425 Steps:    9360 Episode Steps:    22 Return:  22.0000 FPS: 10265.36
11:20:44.546 [INFO] (trainer.py:109) Total Epi:   426 Steps:    9397 Episode Steps:    37 Return:  37.0000 FPS: 10374.68
11:20:44.547 [INFO] (trainer.py:109) Total Epi:   427 Steps:    9409 Episode Steps:    12 Return:  12.0000 FPS: 10334.05
11:20:44.551 [INFO] (trainer.py:109) Total Epi:   428 Steps:    9441 Episode Steps:    32 Return:  32.0000 FPS: 10557.64
11:20:44.554 [INFO] (trainer.py:109) Total Epi:   429 Steps:    9463 Episode Steps:    22 Return:  22.0000 FPS: 10320.92
11:20:44.558 [INFO] (trainer.py:109) Total Epi:   430 Steps:    9497 Episode Steps:    34 Return:  34.0000 FPS: 10639.16
11:20:44.560 [INFO] (trainer.py:109) Total Epi:   431 Steps:    9513 Episode Steps:    16 Return:  16.0000 FPS: 10262.46
11:20:44.562 [INFO] (trainer.py:109) Total Epi:   432 Steps:    9524 Episode Steps:    11 Return:  11.0000 FPS: 8603.30
11:20:44.564 [INFO] (trainer.py:109) Total Epi:   433 Steps:    9535 Episode Steps:    11 Return:  11.0000 FPS: 9975.44
11:20:44.566 [INFO] (trainer.py:109) Total Epi:   434 Steps:    9552 Episode Steps:    17 Return:  17.0000 FPS: 9997.14
11:20:44.568 [INFO] (trainer.py:109) Total Epi:   435 Steps:    9566 Episode Steps:    14 Return:  14.0000 FPS: 10245.81
11:20:44.571 [INFO] (trainer.py:109) Total Epi:   436 Steps:    9589 Episode Steps:    23 Return:  23.0000 FPS: 10054.61
11:20:44.575 [INFO] (trainer.py:109) Total Epi:   437 Steps:    9626 Episode Steps:    37 Return:  37.0000 FPS: 10681.15
11:20:44.577 [INFO] (trainer.py:109) Total Epi:   438 Steps:    9639 Episode Steps:    13 Return:  13.0000 FPS: 9502.46
11:20:44.580 [INFO] (trainer.py:109) Total Epi:   439 Steps:    9658 Episode Steps:    19 Return:  19.0000 FPS: 10594.53
11:20:44.583 [INFO] (trainer.py:109) Total Epi:   440 Steps:    9689 Episode Steps:    31 Return:  31.0000 FPS: 10575.19
11:20:44.586 [INFO] (trainer.py:109) Total Epi:   441 Steps:    9704 Episode Steps:    15 Return:  15.0000 FPS: 9141.86
11:20:44.589 [INFO] (trainer.py:109) Total Epi:   442 Steps:    9732 Episode Steps:    28 Return:  28.0000 FPS: 10109.45
11:20:44.591 [INFO] (trainer.py:109) Total Epi:   443 Steps:    9746 Episode Steps:    14 Return:  14.0000 FPS: 10332.77
11:20:44.593 [INFO] (trainer.py:109) Total Epi:   444 Steps:    9759 Episode Steps:    13 Return:  13.0000 FPS: 9688.86
11:20:44.596 [INFO] (trainer.py:109) Total Epi:   445 Steps:    9776 Episode Steps:    17 Return:  17.0000 FPS: 9741.19
11:20:44.599 [INFO] (trainer.py:109) Total Epi:   446 Steps:    9804 Episode Steps:    28 Return:  28.0000 FPS: 10557.36
11:20:44.602 [INFO] (trainer.py:109) Total Epi:   447 Steps:    9831 Episode Steps:    27 Return:  27.0000 FPS: 10623.28
11:20:44.604 [INFO] (trainer.py:109) Total Epi:   448 Steps:    9843 Episode Steps:    12 Return:  12.0000 FPS: 10217.75
11:20:44.606 [INFO] (trainer.py:109) Total Epi:   449 Steps:    9858 Episode Steps:    15 Return:  15.0000 FPS: 9966.10
11:20:44.609 [INFO] (trainer.py:109) Total Epi:   450 Steps:    9878 Episode Steps:    20 Return:  20.0000 FPS: 10652.34
11:20:44.610 [INFO] (trainer.py:109) Total Epi:   451 Steps:    9889 Episode Steps:    11 Return:  11.0000 FPS: 10119.94
11:20:44.614 [INFO] (trainer.py:109) Total Epi:   452 Steps:    9917 Episode Steps:    28 Return:  28.0000 FPS: 9946.01
11:20:44.617 [INFO] (trainer.py:109) Total Epi:   453 Steps:    9937 Episode Steps:    20 Return:  20.0000 FPS: 10472.05
11:20:44.620 [INFO] (trainer.py:109) Total Epi:   454 Steps:    9965 Episode Steps:    28 Return:  28.0000 FPS: 10621.11
11:20:44.622 [INFO] (trainer.py:109) Total Epi:   455 Steps:    9975 Episode Steps:    10 Return:  10.0000 FPS: 9419.90
