12:33:37.530 [INFO] (trainer.py:109) Total Epi:     1 Steps:     200 Episode Steps:   200 Return: -1187.9056 FPS: 2117.38
12:33:37.594 [INFO] (trainer.py:109) Total Epi:     2 Steps:     400 Episode Steps:   200 Return: -1643.2793 FPS: 3261.10
12:33:37.656 [INFO] (trainer.py:109) Total Epi:     3 Steps:     600 Episode Steps:   200 Return: -1719.4532 FPS: 3281.81
12:33:37.717 [INFO] (trainer.py:109) Total Epi:     4 Steps:     800 Episode Steps:   200 Return: -1623.8192 FPS: 3302.26
12:33:37.781 [INFO] (trainer.py:109) Total Epi:     5 Steps:    1000 Episode Steps:   200 Return: -1281.6625 FPS: 3205.51
12:33:37.844 [INFO] (trainer.py:109) Total Epi:     6 Steps:    1200 Episode Steps:   200 Return: -1190.9514 FPS: 3229.50
12:33:37.906 [INFO] (trainer.py:109) Total Epi:     7 Steps:    1400 Episode Steps:   200 Return: -1375.0769 FPS: 3287.25
12:33:37.969 [INFO] (trainer.py:109) Total Epi:     8 Steps:    1600 Episode Steps:   200 Return: -1101.3023 FPS: 3201.37
12:33:38.031 [INFO] (trainer.py:109) Total Epi:     9 Steps:    1800 Episode Steps:   200 Return: -1305.0619 FPS: 3308.41
12:33:38.093 [INFO] (trainer.py:109) Total Epi:    10 Steps:    2000 Episode Steps:   200 Return: -1387.2003 FPS: 3290.15
12:33:38.155 [INFO] (trainer.py:109) Total Epi:    11 Steps:    2200 Episode Steps:   200 Return: -1576.8659 FPS: 3262.29
12:33:38.217 [INFO] (trainer.py:109) Total Epi:    12 Steps:    2400 Episode Steps:   200 Return: -961.8227 FPS: 3301.86
12:33:38.279 [INFO] (trainer.py:109) Total Epi:    13 Steps:    2600 Episode Steps:   200 Return: -1171.5223 FPS: 3279.11
12:33:38.342 [INFO] (trainer.py:109) Total Epi:    14 Steps:    2800 Episode Steps:   200 Return: -1087.7373 FPS: 3220.37
12:33:38.404 [INFO] (trainer.py:109) Total Epi:    15 Steps:    3000 Episode Steps:   200 Return: -1233.3743 FPS: 3297.90
12:33:38.466 [INFO] (trainer.py:109) Total Epi:    16 Steps:    3200 Episode Steps:   200 Return: -1351.4627 FPS: 3279.65
12:33:38.528 [INFO] (trainer.py:109) Total Epi:    17 Steps:    3400 Episode Steps:   200 Return: -891.6281 FPS: 3283.38
12:33:38.590 [INFO] (trainer.py:109) Total Epi:    18 Steps:    3600 Episode Steps:   200 Return: -1167.4109 FPS: 3274.16
12:33:38.669 [INFO] (trainer.py:109) Total Epi:    19 Steps:    3800 Episode Steps:   200 Return: -1480.2218 FPS: 2582.49
12:33:38.731 [INFO] (trainer.py:109) Total Epi:    20 Steps:    4000 Episode Steps:   200 Return: -1345.9596 FPS: 3291.71
12:33:38.795 [INFO] (trainer.py:109) Total Epi:    21 Steps:    4200 Episode Steps:   200 Return: -1352.5002 FPS: 3152.98
12:33:38.858 [INFO] (trainer.py:109) Total Epi:    22 Steps:    4400 Episode Steps:   200 Return: -1075.2335 FPS: 3222.11
12:33:38.920 [INFO] (trainer.py:109) Total Epi:    23 Steps:    4600 Episode Steps:   200 Return: -863.3056 FPS: 3296.70
12:33:38.982 [INFO] (trainer.py:109) Total Epi:    24 Steps:    4800 Episode Steps:   200 Return: -1071.2422 FPS: 3284.91
12:33:39.044 [INFO] (trainer.py:109) Total Epi:    25 Steps:    5000 Episode Steps:   200 Return: -1613.1696 FPS: 3283.67
12:33:39.106 [INFO] (trainer.py:109) Total Epi:    26 Steps:    5200 Episode Steps:   200 Return: -1371.0021 FPS: 3299.57
12:33:39.168 [INFO] (trainer.py:109) Total Epi:    27 Steps:    5400 Episode Steps:   200 Return: -1207.7110 FPS: 3292.45
12:33:39.229 [INFO] (trainer.py:109) Total Epi:    28 Steps:    5600 Episode Steps:   200 Return: -1069.5534 FPS: 3302.37
12:33:39.292 [INFO] (trainer.py:109) Total Epi:    29 Steps:    5800 Episode Steps:   200 Return: -1054.9716 FPS: 3269.90
12:33:39.355 [INFO] (trainer.py:109) Total Epi:    30 Steps:    6000 Episode Steps:   200 Return: -898.6483 FPS: 3237.72
12:33:39.416 [INFO] (trainer.py:109) Total Epi:    31 Steps:    6200 Episode Steps:   200 Return: -1143.3063 FPS: 3289.42
12:33:39.479 [INFO] (trainer.py:109) Total Epi:    32 Steps:    6400 Episode Steps:   200 Return: -881.2131 FPS: 3255.42
12:33:39.541 [INFO] (trainer.py:109) Total Epi:    33 Steps:    6600 Episode Steps:   200 Return: -870.7394 FPS: 3274.90
12:33:39.603 [INFO] (trainer.py:109) Total Epi:    34 Steps:    6800 Episode Steps:   200 Return: -1528.4519 FPS: 3292.42
12:33:39.665 [INFO] (trainer.py:109) Total Epi:    35 Steps:    7000 Episode Steps:   200 Return: -960.2492 FPS: 3285.99
12:33:39.727 [INFO] (trainer.py:109) Total Epi:    36 Steps:    7200 Episode Steps:   200 Return: -1304.2269 FPS: 3302.10
12:33:39.789 [INFO] (trainer.py:109) Total Epi:    37 Steps:    7400 Episode Steps:   200 Return: -1781.8118 FPS: 3264.07
12:33:39.851 [INFO] (trainer.py:109) Total Epi:    38 Steps:    7600 Episode Steps:   200 Return: -1748.4622 FPS: 3274.34
12:33:39.914 [INFO] (trainer.py:109) Total Epi:    39 Steps:    7800 Episode Steps:   200 Return: -1177.9626 FPS: 3269.65
12:33:39.976 [INFO] (trainer.py:109) Total Epi:    40 Steps:    8000 Episode Steps:   200 Return: -1032.8514 FPS: 3276.50
12:33:40.038 [INFO] (trainer.py:109) Total Epi:    41 Steps:    8200 Episode Steps:   200 Return: -906.4777 FPS: 3282.44
12:33:40.099 [INFO] (trainer.py:109) Total Epi:    42 Steps:    8400 Episode Steps:   200 Return: -1179.9043 FPS: 3303.87
12:33:40.161 [INFO] (trainer.py:109) Total Epi:    43 Steps:    8600 Episode Steps:   200 Return: -1347.7006 FPS: 3284.69
12:33:40.223 [INFO] (trainer.py:109) Total Epi:    44 Steps:    8800 Episode Steps:   200 Return: -1297.1290 FPS: 3284.43
12:33:40.286 [INFO] (trainer.py:109) Total Epi:    45 Steps:    9000 Episode Steps:   200 Return: -1394.5389 FPS: 3279.60
12:33:40.349 [INFO] (trainer.py:109) Total Epi:    46 Steps:    9200 Episode Steps:   200 Return: -1501.8987 FPS: 3198.48
12:33:40.412 [INFO] (trainer.py:109) Total Epi:    47 Steps:    9400 Episode Steps:   200 Return: -1072.3373 FPS: 3275.54
12:33:40.473 [INFO] (trainer.py:109) Total Epi:    48 Steps:    9600 Episode Steps:   200 Return: -1527.6927 FPS: 3292.80
12:33:40.535 [INFO] (trainer.py:109) Total Epi:    49 Steps:    9800 Episode Steps:   200 Return: -1615.7189 FPS: 3281.63
12:33:40.597 [INFO] (trainer.py:109) Total Epi:    50 Steps:   10000 Episode Steps:   200 Return: -1572.0640 FPS: 3286.80
12:33:46.156 [INFO] (trainer.py:137) Evaluation Total Steps:   10000 Average Reward -1150.2497 over  5 episodes
