11:17:04.916 [INFO] (trainer.py:109) Total Epi:     1 Steps:      38 Episode Steps:    38 Return:  38.0000 FPS: 821.49
11:17:04.923 [INFO] (trainer.py:109) Total Epi:     2 Steps:      79 Episode Steps:    41 Return:  41.0000 FPS: 10120.78
11:17:04.925 [INFO] (trainer.py:109) Total Epi:     3 Steps:      89 Episode Steps:    10 Return:  10.0000 FPS: 9113.68
11:17:04.928 [INFO] (trainer.py:109) Total Epi:     4 Steps:     102 Episode Steps:    13 Return:  13.0000 FPS: 5935.65
11:17:04.931 [INFO] (trainer.py:109) Total Epi:     5 Steps:     113 Episode Steps:    11 Return:  11.0000 FPS: 7854.10
11:17:04.937 [INFO] (trainer.py:109) Total Epi:     6 Steps:     156 Episode Steps:    43 Return:  43.0000 FPS: 9827.11
11:17:04.939 [INFO] (trainer.py:109) Total Epi:     7 Steps:     169 Episode Steps:    13 Return:  13.0000 FPS: 10490.92
11:17:04.940 [INFO] (trainer.py:109) Total Epi:     8 Steps:     178 Episode Steps:     9 Return:  9.0000 FPS: 10201.47
11:17:04.942 [INFO] (trainer.py:109) Total Epi:     9 Steps:     188 Episode Steps:    10 Return:  10.0000 FPS: 9904.14
11:17:04.944 [INFO] (trainer.py:109) Total Epi:    10 Steps:     202 Episode Steps:    14 Return:  14.0000 FPS: 10447.68
11:17:04.947 [INFO] (trainer.py:109) Total Epi:    11 Steps:     220 Episode Steps:    18 Return:  18.0000 FPS: 9527.64
11:17:04.950 [INFO] (trainer.py:109) Total Epi:    12 Steps:     235 Episode Steps:    15 Return:  15.0000 FPS: 7213.89
11:17:04.954 [INFO] (trainer.py:109) Total Epi:    13 Steps:     255 Episode Steps:    20 Return:  20.0000 FPS: 8710.32
11:17:04.956 [INFO] (trainer.py:109) Total Epi:    14 Steps:     270 Episode Steps:    15 Return:  15.0000 FPS: 10425.09
11:17:04.959 [INFO] (trainer.py:109) Total Epi:    15 Steps:     301 Episode Steps:    31 Return:  31.0000 FPS: 10929.39
11:17:04.962 [INFO] (trainer.py:109) Total Epi:    16 Steps:     323 Episode Steps:    22 Return:  22.0000 FPS: 9911.03
11:17:04.964 [INFO] (trainer.py:109) Total Epi:    17 Steps:     339 Episode Steps:    16 Return:  16.0000 FPS: 10475.13
11:17:04.969 [INFO] (trainer.py:109) Total Epi:    18 Steps:     371 Episode Steps:    32 Return:  32.0000 FPS: 9292.84
11:17:04.972 [INFO] (trainer.py:109) Total Epi:    19 Steps:     383 Episode Steps:    12 Return:  12.0000 FPS: 8656.95
11:17:04.976 [INFO] (trainer.py:109) Total Epi:    20 Steps:     412 Episode Steps:    29 Return:  29.0000 FPS: 10149.55
11:17:04.978 [INFO] (trainer.py:109) Total Epi:    21 Steps:     428 Episode Steps:    16 Return:  16.0000 FPS: 9640.41
11:17:04.980 [INFO] (trainer.py:109) Total Epi:    22 Steps:     446 Episode Steps:    18 Return:  18.0000 FPS: 10813.58
11:17:04.984 [INFO] (trainer.py:109) Total Epi:    23 Steps:     474 Episode Steps:    28 Return:  28.0000 FPS: 9510.03
11:17:04.987 [INFO] (trainer.py:109) Total Epi:    24 Steps:     489 Episode Steps:    15 Return:  15.0000 FPS: 8880.19
11:17:04.990 [INFO] (trainer.py:109) Total Epi:    25 Steps:     508 Episode Steps:    19 Return:  19.0000 FPS: 10016.21
11:17:04.993 [INFO] (trainer.py:109) Total Epi:    26 Steps:     526 Episode Steps:    18 Return:  18.0000 FPS: 10804.30
11:17:04.994 [INFO] (trainer.py:109) Total Epi:    27 Steps:     536 Episode Steps:    10 Return:  10.0000 FPS: 10012.12
11:17:04.998 [INFO] (trainer.py:109) Total Epi:    28 Steps:     571 Episode Steps:    35 Return:  35.0000 FPS: 10717.59
11:17:05.001 [INFO] (trainer.py:109) Total Epi:    29 Steps:     592 Episode Steps:    21 Return:  21.0000 FPS: 10965.87
11:17:05.003 [INFO] (trainer.py:109) Total Epi:    30 Steps:     606 Episode Steps:    14 Return:  14.0000 FPS: 10740.29
11:17:05.005 [INFO] (trainer.py:109) Total Epi:    31 Steps:     621 Episode Steps:    15 Return:  15.0000 FPS: 10564.96
11:17:05.008 [INFO] (trainer.py:109) Total Epi:    32 Steps:     648 Episode Steps:    27 Return:  27.0000 FPS: 9067.91
11:17:05.012 [INFO] (trainer.py:109) Total Epi:    33 Steps:     676 Episode Steps:    28 Return:  28.0000 FPS: 11164.88
11:17:05.016 [INFO] (trainer.py:109) Total Epi:    34 Steps:     716 Episode Steps:    40 Return:  40.0000 FPS: 10349.04
11:17:05.020 [INFO] (trainer.py:109) Total Epi:    35 Steps:     748 Episode Steps:    32 Return:  32.0000 FPS: 11114.13
11:17:05.022 [INFO] (trainer.py:109) Total Epi:    36 Steps:     763 Episode Steps:    15 Return:  15.0000 FPS: 10383.23
11:17:05.024 [INFO] (trainer.py:109) Total Epi:    37 Steps:     774 Episode Steps:    11 Return:  11.0000 FPS: 10504.26
11:17:05.026 [INFO] (trainer.py:109) Total Epi:    38 Steps:     791 Episode Steps:    17 Return:  17.0000 FPS: 10408.43
11:17:05.028 [INFO] (trainer.py:109) Total Epi:    39 Steps:     808 Episode Steps:    17 Return:  17.0000 FPS: 10442.79
11:17:05.032 [INFO] (trainer.py:109) Total Epi:    40 Steps:     839 Episode Steps:    31 Return:  31.0000 FPS: 11027.14
11:17:05.035 [INFO] (trainer.py:109) Total Epi:    41 Steps:     868 Episode Steps:    29 Return:  29.0000 FPS: 10970.18
11:17:05.043 [INFO] (trainer.py:109) Total Epi:    42 Steps:     952 Episode Steps:    84 Return:  84.0000 FPS: 10635.86
11:17:05.047 [INFO] (trainer.py:109) Total Epi:    43 Steps:     976 Episode Steps:    24 Return:  24.0000 FPS: 10658.66
11:17:05.049 [INFO] (trainer.py:109) Total Epi:    44 Steps:     987 Episode Steps:    11 Return:  11.0000 FPS: 8344.07
11:17:05.050 [INFO] (trainer.py:109) Total Epi:    45 Steps:     999 Episode Steps:    12 Return:  12.0000 FPS: 10557.79
11:17:05.054 [INFO] (trainer.py:109) Total Epi:    46 Steps:    1029 Episode Steps:    30 Return:  30.0000 FPS: 11034.20
11:17:05.056 [INFO] (trainer.py:109) Total Epi:    47 Steps:    1044 Episode Steps:    15 Return:  15.0000 FPS: 10820.97
11:17:05.060 [INFO] (trainer.py:109) Total Epi:    48 Steps:    1083 Episode Steps:    39 Return:  39.0000 FPS: 11258.15
11:17:05.065 [INFO] (trainer.py:109) Total Epi:    49 Steps:    1129 Episode Steps:    46 Return:  46.0000 FPS: 10875.27
11:17:05.066 [INFO] (trainer.py:109) Total Epi:    50 Steps:    1139 Episode Steps:    10 Return:  10.0000 FPS: 10287.79
11:17:05.069 [INFO] (trainer.py:109) Total Epi:    51 Steps:    1159 Episode Steps:    20 Return:  20.0000 FPS: 10835.09
11:17:05.072 [INFO] (trainer.py:109) Total Epi:    52 Steps:    1177 Episode Steps:    18 Return:  18.0000 FPS: 10184.97
11:17:05.074 [INFO] (trainer.py:109) Total Epi:    53 Steps:    1195 Episode Steps:    18 Return:  18.0000 FPS: 10420.73
11:17:05.077 [INFO] (trainer.py:109) Total Epi:    54 Steps:    1223 Episode Steps:    28 Return:  28.0000 FPS: 10556.76
11:17:05.080 [INFO] (trainer.py:109) Total Epi:    55 Steps:    1247 Episode Steps:    24 Return:  24.0000 FPS: 11001.61
11:17:05.083 [INFO] (trainer.py:109) Total Epi:    56 Steps:    1267 Episode Steps:    20 Return:  20.0000 FPS: 9238.25
11:17:05.085 [INFO] (trainer.py:109) Total Epi:    57 Steps:    1280 Episode Steps:    13 Return:  13.0000 FPS: 10439.78
11:17:05.087 [INFO] (trainer.py:109) Total Epi:    58 Steps:    1295 Episode Steps:    15 Return:  15.0000 FPS: 10832.12
11:17:05.089 [INFO] (trainer.py:109) Total Epi:    59 Steps:    1308 Episode Steps:    13 Return:  13.0000 FPS: 10493.03
11:17:05.092 [INFO] (trainer.py:109) Total Epi:    60 Steps:    1338 Episode Steps:    30 Return:  30.0000 FPS: 11179.95
11:17:05.094 [INFO] (trainer.py:109) Total Epi:    61 Steps:    1355 Episode Steps:    17 Return:  17.0000 FPS: 10235.11
11:17:05.096 [INFO] (trainer.py:109) Total Epi:    62 Steps:    1369 Episode Steps:    14 Return:  14.0000 FPS: 10106.65
11:17:05.099 [INFO] (trainer.py:109) Total Epi:    63 Steps:    1386 Episode Steps:    17 Return:  17.0000 FPS: 10670.13
11:17:05.100 [INFO] (trainer.py:109) Total Epi:    64 Steps:    1394 Episode Steps:     8 Return:  8.0000 FPS: 7085.60
11:17:05.102 [INFO] (trainer.py:109) Total Epi:    65 Steps:    1407 Episode Steps:    13 Return:  13.0000 FPS: 9970.20
11:17:05.105 [INFO] (trainer.py:109) Total Epi:    66 Steps:    1431 Episode Steps:    24 Return:  24.0000 FPS: 10792.69
11:17:05.107 [INFO] (trainer.py:109) Total Epi:    67 Steps:    1440 Episode Steps:     9 Return:  9.0000 FPS: 10180.36
11:17:05.109 [INFO] (trainer.py:109) Total Epi:    68 Steps:    1456 Episode Steps:    16 Return:  16.0000 FPS: 10585.92
11:17:05.111 [INFO] (trainer.py:109) Total Epi:    69 Steps:    1469 Episode Steps:    13 Return:  13.0000 FPS: 10535.46
11:17:05.114 [INFO] (trainer.py:109) Total Epi:    70 Steps:    1497 Episode Steps:    28 Return:  28.0000 FPS: 10883.36
11:17:05.117 [INFO] (trainer.py:109) Total Epi:    71 Steps:    1515 Episode Steps:    18 Return:  18.0000 FPS: 9376.35
11:17:05.119 [INFO] (trainer.py:109) Total Epi:    72 Steps:    1536 Episode Steps:    21 Return:  21.0000 FPS: 11055.65
11:17:05.124 [INFO] (trainer.py:109) Total Epi:    73 Steps:    1579 Episode Steps:    43 Return:  43.0000 FPS: 11225.13
11:17:05.128 [INFO] (trainer.py:109) Total Epi:    74 Steps:    1617 Episode Steps:    38 Return:  38.0000 FPS: 10959.37
11:17:05.131 [INFO] (trainer.py:109) Total Epi:    75 Steps:    1644 Episode Steps:    27 Return:  27.0000 FPS: 10232.13
11:17:05.133 [INFO] (trainer.py:109) Total Epi:    76 Steps:    1657 Episode Steps:    13 Return:  13.0000 FPS: 9702.61
11:17:05.137 [INFO] (trainer.py:109) Total Epi:    77 Steps:    1690 Episode Steps:    33 Return:  33.0000 FPS: 11172.84
11:17:05.139 [INFO] (trainer.py:109) Total Epi:    78 Steps:    1704 Episode Steps:    14 Return:  14.0000 FPS: 10656.13
11:17:05.141 [INFO] (trainer.py:109) Total Epi:    79 Steps:    1714 Episode Steps:    10 Return:  10.0000 FPS: 10300.98
11:17:05.143 [INFO] (trainer.py:109) Total Epi:    80 Steps:    1733 Episode Steps:    19 Return:  19.0000 FPS: 10657.30
11:17:05.146 [INFO] (trainer.py:109) Total Epi:    81 Steps:    1761 Episode Steps:    28 Return:  28.0000 FPS: 10758.20
11:17:05.148 [INFO] (trainer.py:109) Total Epi:    82 Steps:    1775 Episode Steps:    14 Return:  14.0000 FPS: 10157.79
11:17:05.152 [INFO] (trainer.py:109) Total Epi:    83 Steps:    1804 Episode Steps:    29 Return:  29.0000 FPS: 10827.06
11:17:05.153 [INFO] (trainer.py:109) Total Epi:    84 Steps:    1815 Episode Steps:    11 Return:  11.0000 FPS: 9722.30
11:17:05.155 [INFO] (trainer.py:109) Total Epi:    85 Steps:    1823 Episode Steps:     8 Return:  8.0000 FPS: 10071.11
11:17:05.157 [INFO] (trainer.py:109) Total Epi:    86 Steps:    1836 Episode Steps:    13 Return:  13.0000 FPS: 10557.93
11:17:05.159 [INFO] (trainer.py:109) Total Epi:    87 Steps:    1853 Episode Steps:    17 Return:  17.0000 FPS: 10857.19
11:17:05.162 [INFO] (trainer.py:109) Total Epi:    88 Steps:    1881 Episode Steps:    28 Return:  28.0000 FPS: 10127.88
11:17:05.164 [INFO] (trainer.py:109) Total Epi:    89 Steps:    1891 Episode Steps:    10 Return:  10.0000 FPS: 9345.49
11:17:05.167 [INFO] (trainer.py:109) Total Epi:    90 Steps:    1909 Episode Steps:    18 Return:  18.0000 FPS: 10609.74
11:17:05.169 [INFO] (trainer.py:109) Total Epi:    91 Steps:    1924 Episode Steps:    15 Return:  15.0000 FPS: 10645.77
11:17:05.171 [INFO] (trainer.py:109) Total Epi:    92 Steps:    1938 Episode Steps:    14 Return:  14.0000 FPS: 10750.26
11:17:05.173 [INFO] (trainer.py:109) Total Epi:    93 Steps:    1958 Episode Steps:    20 Return:  20.0000 FPS: 10596.16
11:17:05.176 [INFO] (trainer.py:109) Total Epi:    94 Steps:    1983 Episode Steps:    25 Return:  25.0000 FPS: 11144.65
11:17:05.178 [INFO] (trainer.py:109) Total Epi:    95 Steps:    1998 Episode Steps:    15 Return:  15.0000 FPS: 9993.00
11:17:05.181 [INFO] (trainer.py:109) Total Epi:    96 Steps:    2016 Episode Steps:    18 Return:  18.0000 FPS: 10813.64
11:17:05.183 [INFO] (trainer.py:109) Total Epi:    97 Steps:    2031 Episode Steps:    15 Return:  15.0000 FPS: 10798.97
11:17:05.185 [INFO] (trainer.py:109) Total Epi:    98 Steps:    2052 Episode Steps:    21 Return:  21.0000 FPS: 10618.51
11:17:05.189 [INFO] (trainer.py:109) Total Epi:    99 Steps:    2082 Episode Steps:    30 Return:  30.0000 FPS: 11314.99
11:17:05.191 [INFO] (trainer.py:109) Total Epi:   100 Steps:    2098 Episode Steps:    16 Return:  16.0000 FPS: 10841.39
11:17:05.193 [INFO] (trainer.py:109) Total Epi:   101 Steps:    2111 Episode Steps:    13 Return:  13.0000 FPS: 10504.58
11:17:05.195 [INFO] (trainer.py:109) Total Epi:   102 Steps:    2122 Episode Steps:    11 Return:  11.0000 FPS: 8199.23
11:17:05.198 [INFO] (trainer.py:109) Total Epi:   103 Steps:    2146 Episode Steps:    24 Return:  24.0000 FPS: 10575.28
11:17:05.202 [INFO] (trainer.py:109) Total Epi:   104 Steps:    2189 Episode Steps:    43 Return:  43.0000 FPS: 10683.90
11:17:05.204 [INFO] (trainer.py:109) Total Epi:   105 Steps:    2201 Episode Steps:    12 Return:  12.0000 FPS: 10425.24
11:17:05.206 [INFO] (trainer.py:109) Total Epi:   106 Steps:    2212 Episode Steps:    11 Return:  11.0000 FPS: 10010.49
11:17:05.208 [INFO] (trainer.py:109) Total Epi:   107 Steps:    2222 Episode Steps:    10 Return:  10.0000 FPS: 10467.39
11:17:05.210 [INFO] (trainer.py:109) Total Epi:   108 Steps:    2235 Episode Steps:    13 Return:  13.0000 FPS: 10006.13
11:17:05.212 [INFO] (trainer.py:109) Total Epi:   109 Steps:    2255 Episode Steps:    20 Return:  20.0000 FPS: 10212.03
11:17:05.214 [INFO] (trainer.py:109) Total Epi:   110 Steps:    2268 Episode Steps:    13 Return:  13.0000 FPS: 10130.98
11:17:05.218 [INFO] (trainer.py:109) Total Epi:   111 Steps:    2300 Episode Steps:    32 Return:  32.0000 FPS: 10983.52
11:17:05.220 [INFO] (trainer.py:109) Total Epi:   112 Steps:    2315 Episode Steps:    15 Return:  15.0000 FPS: 10679.69
11:17:05.221 [INFO] (trainer.py:109) Total Epi:   113 Steps:    2328 Episode Steps:    13 Return:  13.0000 FPS: 10072.22
11:17:05.225 [INFO] (trainer.py:109) Total Epi:   114 Steps:    2355 Episode Steps:    27 Return:  27.0000 FPS: 9140.73
11:17:05.229 [INFO] (trainer.py:109) Total Epi:   115 Steps:    2395 Episode Steps:    40 Return:  40.0000 FPS: 10840.84
11:17:05.232 [INFO] (trainer.py:109) Total Epi:   116 Steps:    2409 Episode Steps:    14 Return:  14.0000 FPS: 10275.49
11:17:05.233 [INFO] (trainer.py:109) Total Epi:   117 Steps:    2419 Episode Steps:    10 Return:  10.0000 FPS: 9246.25
11:17:05.235 [INFO] (trainer.py:109) Total Epi:   118 Steps:    2427 Episode Steps:     8 Return:  8.0000 FPS: 10013.24
11:17:05.237 [INFO] (trainer.py:109) Total Epi:   119 Steps:    2442 Episode Steps:    15 Return:  15.0000 FPS: 10596.51
11:17:05.241 [INFO] (trainer.py:109) Total Epi:   120 Steps:    2479 Episode Steps:    37 Return:  37.0000 FPS: 11296.96
11:17:05.249 [INFO] (trainer.py:109) Total Epi:   121 Steps:    2561 Episode Steps:    82 Return:  82.0000 FPS: 11146.58
11:17:05.251 [INFO] (trainer.py:109) Total Epi:   122 Steps:    2577 Episode Steps:    16 Return:  16.0000 FPS: 10819.49
11:17:05.253 [INFO] (trainer.py:109) Total Epi:   123 Steps:    2594 Episode Steps:    17 Return:  17.0000 FPS: 10096.89
11:17:05.257 [INFO] (trainer.py:109) Total Epi:   124 Steps:    2622 Episode Steps:    28 Return:  28.0000 FPS: 8939.66
11:17:05.260 [INFO] (trainer.py:109) Total Epi:   125 Steps:    2644 Episode Steps:    22 Return:  22.0000 FPS: 10973.52
11:17:05.263 [INFO] (trainer.py:109) Total Epi:   126 Steps:    2671 Episode Steps:    27 Return:  27.0000 FPS: 10741.63
11:17:05.266 [INFO] (trainer.py:109) Total Epi:   127 Steps:    2692 Episode Steps:    21 Return:  21.0000 FPS: 9297.96
11:17:05.268 [INFO] (trainer.py:109) Total Epi:   128 Steps:    2708 Episode Steps:    16 Return:  16.0000 FPS: 10825.57
11:17:05.272 [INFO] (trainer.py:109) Total Epi:   129 Steps:    2740 Episode Steps:    32 Return:  32.0000 FPS: 10785.33
11:17:05.274 [INFO] (trainer.py:109) Total Epi:   130 Steps:    2762 Episode Steps:    22 Return:  22.0000 FPS: 10753.86
11:17:05.277 [INFO] (trainer.py:109) Total Epi:   131 Steps:    2779 Episode Steps:    17 Return:  17.0000 FPS: 10810.06
11:17:05.280 [INFO] (trainer.py:109) Total Epi:   132 Steps:    2802 Episode Steps:    23 Return:  23.0000 FPS: 10514.44
11:17:05.283 [INFO] (trainer.py:109) Total Epi:   133 Steps:    2828 Episode Steps:    26 Return:  26.0000 FPS: 10851.46
11:17:05.286 [INFO] (trainer.py:109) Total Epi:   134 Steps:    2858 Episode Steps:    30 Return:  30.0000 FPS: 10722.95
11:17:05.289 [INFO] (trainer.py:109) Total Epi:   135 Steps:    2875 Episode Steps:    17 Return:  17.0000 FPS: 10355.61
11:17:05.292 [INFO] (trainer.py:109) Total Epi:   136 Steps:    2909 Episode Steps:    34 Return:  34.0000 FPS: 10881.15
11:17:05.294 [INFO] (trainer.py:109) Total Epi:   137 Steps:    2920 Episode Steps:    11 Return:  11.0000 FPS: 9832.61
11:17:05.300 [INFO] (trainer.py:109) Total Epi:   138 Steps:    2974 Episode Steps:    54 Return:  54.0000 FPS: 10631.44
11:17:05.303 [INFO] (trainer.py:109) Total Epi:   139 Steps:    3004 Episode Steps:    30 Return:  30.0000 FPS: 10795.39
11:17:05.309 [INFO] (trainer.py:109) Total Epi:   140 Steps:    3059 Episode Steps:    55 Return:  55.0000 FPS: 11018.98
11:17:05.312 [INFO] (trainer.py:109) Total Epi:   141 Steps:    3080 Episode Steps:    21 Return:  21.0000 FPS: 10067.10
11:17:05.314 [INFO] (trainer.py:109) Total Epi:   142 Steps:    3094 Episode Steps:    14 Return:  14.0000 FPS: 10189.93
11:17:05.316 [INFO] (trainer.py:109) Total Epi:   143 Steps:    3113 Episode Steps:    19 Return:  19.0000 FPS: 10947.12
11:17:05.319 [INFO] (trainer.py:109) Total Epi:   144 Steps:    3129 Episode Steps:    16 Return:  16.0000 FPS: 7759.43
11:17:05.321 [INFO] (trainer.py:109) Total Epi:   145 Steps:    3138 Episode Steps:     9 Return:  9.0000 FPS: 9685.54
11:17:05.323 [INFO] (trainer.py:109) Total Epi:   146 Steps:    3161 Episode Steps:    23 Return:  23.0000 FPS: 11128.91
11:17:05.326 [INFO] (trainer.py:109) Total Epi:   147 Steps:    3177 Episode Steps:    16 Return:  16.0000 FPS: 10272.13
11:17:05.327 [INFO] (trainer.py:109) Total Epi:   148 Steps:    3189 Episode Steps:    12 Return:  12.0000 FPS: 10315.50
11:17:05.330 [INFO] (trainer.py:109) Total Epi:   149 Steps:    3207 Episode Steps:    18 Return:  18.0000 FPS: 10305.97
11:17:05.331 [INFO] (trainer.py:109) Total Epi:   150 Steps:    3219 Episode Steps:    12 Return:  12.0000 FPS: 10580.99
11:17:05.336 [INFO] (trainer.py:109) Total Epi:   151 Steps:    3256 Episode Steps:    37 Return:  37.0000 FPS: 10670.06
11:17:05.338 [INFO] (trainer.py:109) Total Epi:   152 Steps:    3276 Episode Steps:    20 Return:  20.0000 FPS: 10528.64
11:17:05.341 [INFO] (trainer.py:109) Total Epi:   153 Steps:    3296 Episode Steps:    20 Return:  20.0000 FPS: 10451.06
11:17:05.342 [INFO] (trainer.py:109) Total Epi:   154 Steps:    3305 Episode Steps:     9 Return:  9.0000 FPS: 10375.47
11:17:05.344 [INFO] (trainer.py:109) Total Epi:   155 Steps:    3318 Episode Steps:    13 Return:  13.0000 FPS: 10313.47
11:17:05.346 [INFO] (trainer.py:109) Total Epi:   156 Steps:    3335 Episode Steps:    17 Return:  17.0000 FPS: 9993.08
11:17:05.349 [INFO] (trainer.py:109) Total Epi:   157 Steps:    3349 Episode Steps:    14 Return:  14.0000 FPS: 8055.30
11:17:05.353 [INFO] (trainer.py:109) Total Epi:   158 Steps:    3386 Episode Steps:    37 Return:  37.0000 FPS: 11117.67
11:17:05.355 [INFO] (trainer.py:109) Total Epi:   159 Steps:    3404 Episode Steps:    18 Return:  18.0000 FPS: 10790.94
11:17:05.359 [INFO] (trainer.py:109) Total Epi:   160 Steps:    3434 Episode Steps:    30 Return:  30.0000 FPS: 10424.90
11:17:05.361 [INFO] (trainer.py:109) Total Epi:   161 Steps:    3450 Episode Steps:    16 Return:  16.0000 FPS: 10103.84
11:17:05.363 [INFO] (trainer.py:109) Total Epi:   162 Steps:    3465 Episode Steps:    15 Return:  15.0000 FPS: 10629.45
11:17:05.366 [INFO] (trainer.py:109) Total Epi:   163 Steps:    3486 Episode Steps:    21 Return:  21.0000 FPS: 9973.55
11:17:05.368 [INFO] (trainer.py:109) Total Epi:   164 Steps:    3506 Episode Steps:    20 Return:  20.0000 FPS: 10917.03
11:17:05.372 [INFO] (trainer.py:109) Total Epi:   165 Steps:    3539 Episode Steps:    33 Return:  33.0000 FPS: 11091.83
11:17:05.375 [INFO] (trainer.py:109) Total Epi:   166 Steps:    3566 Episode Steps:    27 Return:  27.0000 FPS: 10923.29
11:17:05.377 [INFO] (trainer.py:109) Total Epi:   167 Steps:    3582 Episode Steps:    16 Return:  16.0000 FPS: 10177.03
11:17:05.381 [INFO] (trainer.py:109) Total Epi:   168 Steps:    3607 Episode Steps:    25 Return:  25.0000 FPS: 8658.19
11:17:05.385 [INFO] (trainer.py:109) Total Epi:   169 Steps:    3638 Episode Steps:    31 Return:  31.0000 FPS: 10304.79
11:17:05.387 [INFO] (trainer.py:109) Total Epi:   170 Steps:    3649 Episode Steps:    11 Return:  11.0000 FPS: 10441.10
11:17:05.390 [INFO] (trainer.py:109) Total Epi:   171 Steps:    3681 Episode Steps:    32 Return:  32.0000 FPS: 10950.96
11:17:05.392 [INFO] (trainer.py:109) Total Epi:   172 Steps:    3691 Episode Steps:    10 Return:  10.0000 FPS: 10377.94
11:17:05.395 [INFO] (trainer.py:109) Total Epi:   173 Steps:    3723 Episode Steps:    32 Return:  32.0000 FPS: 10533.42
11:17:05.398 [INFO] (trainer.py:109) Total Epi:   174 Steps:    3743 Episode Steps:    20 Return:  20.0000 FPS: 10624.86
11:17:05.402 [INFO] (trainer.py:109) Total Epi:   175 Steps:    3786 Episode Steps:    43 Return:  43.0000 FPS: 11206.29
11:17:05.404 [INFO] (trainer.py:109) Total Epi:   176 Steps:    3799 Episode Steps:    13 Return:  13.0000 FPS: 10542.49
11:17:05.409 [INFO] (trainer.py:109) Total Epi:   177 Steps:    3842 Episode Steps:    43 Return:  43.0000 FPS: 11187.39
11:17:05.413 [INFO] (trainer.py:109) Total Epi:   178 Steps:    3872 Episode Steps:    30 Return:  30.0000 FPS: 9194.19
11:17:05.415 [INFO] (trainer.py:109) Total Epi:   179 Steps:    3885 Episode Steps:    13 Return:  13.0000 FPS: 10691.33
11:17:05.417 [INFO] (trainer.py:109) Total Epi:   180 Steps:    3900 Episode Steps:    15 Return:  15.0000 FPS: 9188.63
11:17:05.420 [INFO] (trainer.py:109) Total Epi:   181 Steps:    3923 Episode Steps:    23 Return:  23.0000 FPS: 10990.91
11:17:05.422 [INFO] (trainer.py:109) Total Epi:   182 Steps:    3935 Episode Steps:    12 Return:  12.0000 FPS: 10003.28
11:17:05.424 [INFO] (trainer.py:109) Total Epi:   183 Steps:    3954 Episode Steps:    19 Return:  19.0000 FPS: 11027.73
11:17:05.426 [INFO] (trainer.py:109) Total Epi:   184 Steps:    3964 Episode Steps:    10 Return:  10.0000 FPS: 9785.61
11:17:05.427 [INFO] (trainer.py:109) Total Epi:   185 Steps:    3975 Episode Steps:    11 Return:  11.0000 FPS: 10307.44
11:17:05.429 [INFO] (trainer.py:109) Total Epi:   186 Steps:    3985 Episode Steps:    10 Return:  10.0000 FPS: 9169.95
11:17:05.431 [INFO] (trainer.py:109) Total Epi:   187 Steps:    3998 Episode Steps:    13 Return:  13.0000 FPS: 10660.56
11:17:05.433 [INFO] (trainer.py:109) Total Epi:   188 Steps:    4010 Episode Steps:    12 Return:  12.0000 FPS: 10462.81
11:17:05.438 [INFO] (trainer.py:109) Total Epi:   189 Steps:    4058 Episode Steps:    48 Return:  48.0000 FPS: 11327.00
11:17:05.440 [INFO] (trainer.py:109) Total Epi:   190 Steps:    4081 Episode Steps:    23 Return:  23.0000 FPS: 11100.19
11:17:05.443 [INFO] (trainer.py:109) Total Epi:   191 Steps:    4096 Episode Steps:    15 Return:  15.0000 FPS: 7797.37
11:17:05.446 [INFO] (trainer.py:109) Total Epi:   192 Steps:    4117 Episode Steps:    21 Return:  21.0000 FPS: 10411.79
11:17:05.447 [INFO] (trainer.py:109) Total Epi:   193 Steps:    4126 Episode Steps:     9 Return:  9.0000 FPS: 10232.49
11:17:05.449 [INFO] (trainer.py:109) Total Epi:   194 Steps:    4139 Episode Steps:    13 Return:  13.0000 FPS: 8313.66
11:17:05.452 [INFO] (trainer.py:109) Total Epi:   195 Steps:    4162 Episode Steps:    23 Return:  23.0000 FPS: 11124.51
11:17:05.455 [INFO] (trainer.py:109) Total Epi:   196 Steps:    4187 Episode Steps:    25 Return:  25.0000 FPS: 10909.06
11:17:05.458 [INFO] (trainer.py:109) Total Epi:   197 Steps:    4217 Episode Steps:    30 Return:  30.0000 FPS: 10951.62
11:17:05.461 [INFO] (trainer.py:109) Total Epi:   198 Steps:    4235 Episode Steps:    18 Return:  18.0000 FPS: 10650.10
11:17:05.463 [INFO] (trainer.py:109) Total Epi:   199 Steps:    4250 Episode Steps:    15 Return:  15.0000 FPS: 10175.74
11:17:05.465 [INFO] (trainer.py:109) Total Epi:   200 Steps:    4270 Episode Steps:    20 Return:  20.0000 FPS: 10512.74
11:17:05.467 [INFO] (trainer.py:109) Total Epi:   201 Steps:    4284 Episode Steps:    14 Return:  14.0000 FPS: 10682.40
11:17:05.470 [INFO] (trainer.py:109) Total Epi:   202 Steps:    4310 Episode Steps:    26 Return:  26.0000 FPS: 10812.53
11:17:05.473 [INFO] (trainer.py:109) Total Epi:   203 Steps:    4324 Episode Steps:    14 Return:  14.0000 FPS: 7912.16
11:17:05.476 [INFO] (trainer.py:109) Total Epi:   204 Steps:    4351 Episode Steps:    27 Return:  27.0000 FPS: 11143.18
11:17:05.478 [INFO] (trainer.py:109) Total Epi:   205 Steps:    4363 Episode Steps:    12 Return:  12.0000 FPS: 9884.91
11:17:05.482 [INFO] (trainer.py:109) Total Epi:   206 Steps:    4400 Episode Steps:    37 Return:  37.0000 FPS: 10909.80
11:17:05.486 [INFO] (trainer.py:109) Total Epi:   207 Steps:    4439 Episode Steps:    39 Return:  39.0000 FPS: 11027.41
11:17:05.488 [INFO] (trainer.py:109) Total Epi:   208 Steps:    4454 Episode Steps:    15 Return:  15.0000 FPS: 10733.25
11:17:05.493 [INFO] (trainer.py:109) Total Epi:   209 Steps:    4494 Episode Steps:    40 Return:  40.0000 FPS: 11249.87
11:17:05.495 [INFO] (trainer.py:109) Total Epi:   210 Steps:    4508 Episode Steps:    14 Return:  14.0000 FPS: 10320.08
11:17:05.497 [INFO] (trainer.py:109) Total Epi:   211 Steps:    4531 Episode Steps:    23 Return:  23.0000 FPS: 10640.95
11:17:05.501 [INFO] (trainer.py:109) Total Epi:   212 Steps:    4561 Episode Steps:    30 Return:  30.0000 FPS: 11206.44
11:17:05.503 [INFO] (trainer.py:109) Total Epi:   213 Steps:    4573 Episode Steps:    12 Return:  12.0000 FPS: 10560.72
11:17:05.505 [INFO] (trainer.py:109) Total Epi:   214 Steps:    4589 Episode Steps:    16 Return:  16.0000 FPS: 7960.63
11:17:05.509 [INFO] (trainer.py:109) Total Epi:   215 Steps:    4623 Episode Steps:    34 Return:  34.0000 FPS: 11159.93
11:17:05.511 [INFO] (trainer.py:109) Total Epi:   216 Steps:    4637 Episode Steps:    14 Return:  14.0000 FPS: 10652.23
11:17:05.513 [INFO] (trainer.py:109) Total Epi:   217 Steps:    4650 Episode Steps:    13 Return:  13.0000 FPS: 10330.97
11:17:05.515 [INFO] (trainer.py:109) Total Epi:   218 Steps:    4666 Episode Steps:    16 Return:  16.0000 FPS: 9300.59
11:17:05.519 [INFO] (trainer.py:109) Total Epi:   219 Steps:    4698 Episode Steps:    32 Return:  32.0000 FPS: 11005.49
11:17:05.521 [INFO] (trainer.py:109) Total Epi:   220 Steps:    4715 Episode Steps:    17 Return:  17.0000 FPS: 10643.95
11:17:05.523 [INFO] (trainer.py:109) Total Epi:   221 Steps:    4733 Episode Steps:    18 Return:  18.0000 FPS: 10869.47
11:17:05.526 [INFO] (trainer.py:109) Total Epi:   222 Steps:    4753 Episode Steps:    20 Return:  20.0000 FPS: 10613.48
11:17:05.530 [INFO] (trainer.py:109) Total Epi:   223 Steps:    4787 Episode Steps:    34 Return:  34.0000 FPS: 10629.68
11:17:05.531 [INFO] (trainer.py:109) Total Epi:   224 Steps:    4799 Episode Steps:    12 Return:  12.0000 FPS: 10671.12
11:17:05.534 [INFO] (trainer.py:109) Total Epi:   225 Steps:    4821 Episode Steps:    22 Return:  22.0000 FPS: 10401.14
11:17:05.537 [INFO] (trainer.py:109) Total Epi:   226 Steps:    4841 Episode Steps:    20 Return:  20.0000 FPS: 10522.46
11:17:05.540 [INFO] (trainer.py:109) Total Epi:   227 Steps:    4861 Episode Steps:    20 Return:  20.0000 FPS: 11017.61
11:17:05.541 [INFO] (trainer.py:109) Total Epi:   228 Steps:    4870 Episode Steps:     9 Return:  9.0000 FPS: 9954.41
11:17:05.543 [INFO] (trainer.py:109) Total Epi:   229 Steps:    4889 Episode Steps:    19 Return:  19.0000 FPS: 11017.81
11:17:05.546 [INFO] (trainer.py:109) Total Epi:   230 Steps:    4912 Episode Steps:    23 Return:  23.0000 FPS: 10658.96
11:17:05.548 [INFO] (trainer.py:109) Total Epi:   231 Steps:    4924 Episode Steps:    12 Return:  12.0000 FPS: 10544.91
11:17:05.550 [INFO] (trainer.py:109) Total Epi:   232 Steps:    4934 Episode Steps:    10 Return:  10.0000 FPS: 8296.59
11:17:05.552 [INFO] (trainer.py:109) Total Epi:   233 Steps:    4947 Episode Steps:    13 Return:  13.0000 FPS: 10591.40
11:17:05.556 [INFO] (trainer.py:109) Total Epi:   234 Steps:    4983 Episode Steps:    36 Return:  36.0000 FPS: 11125.52
11:17:05.558 [INFO] (trainer.py:109) Total Epi:   235 Steps:    5005 Episode Steps:    22 Return:  22.0000 FPS: 10734.96
11:17:05.561 [INFO] (trainer.py:109) Total Epi:   236 Steps:    5024 Episode Steps:    19 Return:  19.0000 FPS: 10876.83
11:17:05.564 [INFO] (trainer.py:109) Total Epi:   237 Steps:    5050 Episode Steps:    26 Return:  26.0000 FPS: 10918.49
11:17:05.566 [INFO] (trainer.py:109) Total Epi:   238 Steps:    5067 Episode Steps:    17 Return:  17.0000 FPS: 8142.51
11:17:05.570 [INFO] (trainer.py:109) Total Epi:   239 Steps:    5102 Episode Steps:    35 Return:  35.0000 FPS: 11081.14
11:17:05.572 [INFO] (trainer.py:109) Total Epi:   240 Steps:    5111 Episode Steps:     9 Return:  9.0000 FPS: 10090.26
11:17:05.574 [INFO] (trainer.py:109) Total Epi:   241 Steps:    5128 Episode Steps:    17 Return:  17.0000 FPS: 10432.09
11:17:05.576 [INFO] (trainer.py:109) Total Epi:   242 Steps:    5138 Episode Steps:    10 Return:  10.0000 FPS: 10315.32
11:17:05.578 [INFO] (trainer.py:109) Total Epi:   243 Steps:    5160 Episode Steps:    22 Return:  22.0000 FPS: 10718.78
11:17:05.581 [INFO] (trainer.py:109) Total Epi:   244 Steps:    5178 Episode Steps:    18 Return:  18.0000 FPS: 10933.00
11:17:05.583 [INFO] (trainer.py:109) Total Epi:   245 Steps:    5191 Episode Steps:    13 Return:  13.0000 FPS: 9013.55
11:17:05.585 [INFO] (trainer.py:109) Total Epi:   246 Steps:    5203 Episode Steps:    12 Return:  12.0000 FPS: 10569.62
11:17:05.587 [INFO] (trainer.py:109) Total Epi:   247 Steps:    5219 Episode Steps:    16 Return:  16.0000 FPS: 10913.32
11:17:05.590 [INFO] (trainer.py:109) Total Epi:   248 Steps:    5244 Episode Steps:    25 Return:  25.0000 FPS: 10873.21
11:17:05.592 [INFO] (trainer.py:109) Total Epi:   249 Steps:    5268 Episode Steps:    24 Return:  24.0000 FPS: 11070.30
11:17:05.595 [INFO] (trainer.py:109) Total Epi:   250 Steps:    5286 Episode Steps:    18 Return:  18.0000 FPS: 10479.13
11:17:05.597 [INFO] (trainer.py:109) Total Epi:   251 Steps:    5299 Episode Steps:    13 Return:  13.0000 FPS: 7628.85
11:17:05.600 [INFO] (trainer.py:109) Total Epi:   252 Steps:    5323 Episode Steps:    24 Return:  24.0000 FPS: 9984.44
11:17:05.605 [INFO] (trainer.py:109) Total Epi:   253 Steps:    5372 Episode Steps:    49 Return:  49.0000 FPS: 11191.32
11:17:05.610 [INFO] (trainer.py:109) Total Epi:   254 Steps:    5412 Episode Steps:    40 Return:  40.0000 FPS: 11102.46
11:17:05.613 [INFO] (trainer.py:109) Total Epi:   255 Steps:    5436 Episode Steps:    24 Return:  24.0000 FPS: 10440.31
11:17:05.615 [INFO] (trainer.py:109) Total Epi:   256 Steps:    5452 Episode Steps:    16 Return:  16.0000 FPS: 10878.55
11:17:05.617 [INFO] (trainer.py:109) Total Epi:   257 Steps:    5469 Episode Steps:    17 Return:  17.0000 FPS: 10711.29
11:17:05.619 [INFO] (trainer.py:109) Total Epi:   258 Steps:    5481 Episode Steps:    12 Return:  12.0000 FPS: 10537.65
11:17:05.622 [INFO] (trainer.py:109) Total Epi:   259 Steps:    5511 Episode Steps:    30 Return:  30.0000 FPS: 10872.36
11:17:05.626 [INFO] (trainer.py:109) Total Epi:   260 Steps:    5543 Episode Steps:    32 Return:  32.0000 FPS: 10902.77
11:17:05.630 [INFO] (trainer.py:109) Total Epi:   261 Steps:    5576 Episode Steps:    33 Return:  33.0000 FPS: 9342.43
11:17:05.632 [INFO] (trainer.py:109) Total Epi:   262 Steps:    5588 Episode Steps:    12 Return:  12.0000 FPS: 9798.13
11:17:05.634 [INFO] (trainer.py:109) Total Epi:   263 Steps:    5599 Episode Steps:    11 Return:  11.0000 FPS: 9490.29
11:17:05.636 [INFO] (trainer.py:109) Total Epi:   264 Steps:    5617 Episode Steps:    18 Return:  18.0000 FPS: 10708.77
11:17:05.640 [INFO] (trainer.py:109) Total Epi:   265 Steps:    5652 Episode Steps:    35 Return:  35.0000 FPS: 11095.76
11:17:05.643 [INFO] (trainer.py:109) Total Epi:   266 Steps:    5678 Episode Steps:    26 Return:  26.0000 FPS: 10703.95
11:17:05.647 [INFO] (trainer.py:109) Total Epi:   267 Steps:    5709 Episode Steps:    31 Return:  31.0000 FPS: 10398.75
11:17:05.648 [INFO] (trainer.py:109) Total Epi:   268 Steps:    5718 Episode Steps:     9 Return:  9.0000 FPS: 9947.47
11:17:05.651 [INFO] (trainer.py:109) Total Epi:   269 Steps:    5746 Episode Steps:    28 Return:  28.0000 FPS: 10972.45
11:17:05.656 [INFO] (trainer.py:109) Total Epi:   270 Steps:    5793 Episode Steps:    47 Return:  47.0000 FPS: 11253.27
11:17:05.659 [INFO] (trainer.py:109) Total Epi:   271 Steps:    5812 Episode Steps:    19 Return:  19.0000 FPS: 8397.79
11:17:05.664 [INFO] (trainer.py:109) Total Epi:   272 Steps:    5863 Episode Steps:    51 Return:  51.0000 FPS: 11115.30
11:17:05.667 [INFO] (trainer.py:109) Total Epi:   273 Steps:    5875 Episode Steps:    12 Return:  12.0000 FPS: 10155.06
11:17:05.669 [INFO] (trainer.py:109) Total Epi:   274 Steps:    5891 Episode Steps:    16 Return:  16.0000 FPS: 10643.45
11:17:05.672 [INFO] (trainer.py:109) Total Epi:   275 Steps:    5925 Episode Steps:    34 Return:  34.0000 FPS: 11321.16
11:17:05.675 [INFO] (trainer.py:109) Total Epi:   276 Steps:    5943 Episode Steps:    18 Return:  18.0000 FPS: 10534.77
11:17:05.677 [INFO] (trainer.py:109) Total Epi:   277 Steps:    5957 Episode Steps:    14 Return:  14.0000 FPS: 10570.22
11:17:05.680 [INFO] (trainer.py:109) Total Epi:   278 Steps:    5981 Episode Steps:    24 Return:  24.0000 FPS: 10529.06
11:17:05.682 [INFO] (trainer.py:109) Total Epi:   279 Steps:    6004 Episode Steps:    23 Return:  23.0000 FPS: 10650.91
11:17:05.685 [INFO] (trainer.py:109) Total Epi:   280 Steps:    6021 Episode Steps:    17 Return:  17.0000 FPS: 10467.03
11:17:05.686 [INFO] (trainer.py:109) Total Epi:   281 Steps:    6031 Episode Steps:    10 Return:  10.0000 FPS: 10520.90
11:17:05.689 [INFO] (trainer.py:109) Total Epi:   282 Steps:    6050 Episode Steps:    19 Return:  19.0000 FPS: 10415.34
11:17:05.694 [INFO] (trainer.py:109) Total Epi:   283 Steps:    6101 Episode Steps:    51 Return:  51.0000 FPS: 11171.12
11:17:05.696 [INFO] (trainer.py:109) Total Epi:   284 Steps:    6117 Episode Steps:    16 Return:  16.0000 FPS: 10669.16
11:17:05.698 [INFO] (trainer.py:109) Total Epi:   285 Steps:    6131 Episode Steps:    14 Return:  14.0000 FPS: 10393.95
11:17:05.701 [INFO] (trainer.py:109) Total Epi:   286 Steps:    6153 Episode Steps:    22 Return:  22.0000 FPS: 9871.88
11:17:05.703 [INFO] (trainer.py:109) Total Epi:   287 Steps:    6166 Episode Steps:    13 Return:  13.0000 FPS: 10544.01
11:17:05.705 [INFO] (trainer.py:109) Total Epi:   288 Steps:    6179 Episode Steps:    13 Return:  13.0000 FPS: 10361.57
11:17:05.707 [INFO] (trainer.py:109) Total Epi:   289 Steps:    6193 Episode Steps:    14 Return:  14.0000 FPS: 10792.64
11:17:05.710 [INFO] (trainer.py:109) Total Epi:   290 Steps:    6213 Episode Steps:    20 Return:  20.0000 FPS: 10492.38
11:17:05.712 [INFO] (trainer.py:109) Total Epi:   291 Steps:    6232 Episode Steps:    19 Return:  19.0000 FPS: 10061.99
11:17:05.715 [INFO] (trainer.py:109) Total Epi:   292 Steps:    6258 Episode Steps:    26 Return:  26.0000 FPS: 10951.39
11:17:05.718 [INFO] (trainer.py:109) Total Epi:   293 Steps:    6283 Episode Steps:    25 Return:  25.0000 FPS: 10846.73
11:17:05.721 [INFO] (trainer.py:109) Total Epi:   294 Steps:    6301 Episode Steps:    18 Return:  18.0000 FPS: 8558.98
11:17:05.723 [INFO] (trainer.py:109) Total Epi:   295 Steps:    6322 Episode Steps:    21 Return:  21.0000 FPS: 10975.88
11:17:05.727 [INFO] (trainer.py:109) Total Epi:   296 Steps:    6352 Episode Steps:    30 Return:  30.0000 FPS: 10844.54
11:17:05.729 [INFO] (trainer.py:109) Total Epi:   297 Steps:    6368 Episode Steps:    16 Return:  16.0000 FPS: 10419.96
11:17:05.731 [INFO] (trainer.py:109) Total Epi:   298 Steps:    6383 Episode Steps:    15 Return:  15.0000 FPS: 10742.39
11:17:05.735 [INFO] (trainer.py:109) Total Epi:   299 Steps:    6413 Episode Steps:    30 Return:  30.0000 FPS: 10275.96
11:17:05.737 [INFO] (trainer.py:109) Total Epi:   300 Steps:    6426 Episode Steps:    13 Return:  13.0000 FPS: 10539.94
11:17:05.738 [INFO] (trainer.py:109) Total Epi:   301 Steps:    6438 Episode Steps:    12 Return:  12.0000 FPS: 10024.60
11:17:05.740 [INFO] (trainer.py:109) Total Epi:   302 Steps:    6452 Episode Steps:    14 Return:  14.0000 FPS: 10461.70
11:17:05.745 [INFO] (trainer.py:109) Total Epi:   303 Steps:    6484 Episode Steps:    32 Return:  32.0000 FPS: 8853.10
11:17:05.747 [INFO] (trainer.py:109) Total Epi:   304 Steps:    6500 Episode Steps:    16 Return:  16.0000 FPS: 10690.25
11:17:05.752 [INFO] (trainer.py:109) Total Epi:   305 Steps:    6531 Episode Steps:    31 Return:  31.0000 FPS: 7898.88
11:17:05.755 [INFO] (trainer.py:109) Total Epi:   306 Steps:    6555 Episode Steps:    24 Return:  24.0000 FPS: 10752.44
11:17:05.757 [INFO] (trainer.py:109) Total Epi:   307 Steps:    6573 Episode Steps:    18 Return:  18.0000 FPS: 10359.37
11:17:05.759 [INFO] (trainer.py:109) Total Epi:   308 Steps:    6587 Episode Steps:    14 Return:  14.0000 FPS: 10664.94
11:17:05.762 [INFO] (trainer.py:109) Total Epi:   309 Steps:    6603 Episode Steps:    16 Return:  16.0000 FPS: 10034.64
11:17:05.764 [INFO] (trainer.py:109) Total Epi:   310 Steps:    6621 Episode Steps:    18 Return:  18.0000 FPS: 10923.60
11:17:05.768 [INFO] (trainer.py:109) Total Epi:   311 Steps:    6664 Episode Steps:    43 Return:  43.0000 FPS: 10924.67
11:17:05.770 [INFO] (trainer.py:109) Total Epi:   312 Steps:    6677 Episode Steps:    13 Return:  13.0000 FPS: 10170.18
11:17:05.776 [INFO] (trainer.py:109) Total Epi:   313 Steps:    6732 Episode Steps:    55 Return:  55.0000 FPS: 11342.99
11:17:05.778 [INFO] (trainer.py:109) Total Epi:   314 Steps:    6750 Episode Steps:    18 Return:  18.0000 FPS: 9818.95
11:17:05.780 [INFO] (trainer.py:109) Total Epi:   315 Steps:    6764 Episode Steps:    14 Return:  14.0000 FPS: 10595.51
11:17:05.784 [INFO] (trainer.py:109) Total Epi:   316 Steps:    6791 Episode Steps:    27 Return:  27.0000 FPS: 9123.87
11:17:05.786 [INFO] (trainer.py:109) Total Epi:   317 Steps:    6807 Episode Steps:    16 Return:  16.0000 FPS: 10294.06
11:17:05.788 [INFO] (trainer.py:109) Total Epi:   318 Steps:    6818 Episode Steps:    11 Return:  11.0000 FPS: 10383.25
11:17:05.791 [INFO] (trainer.py:109) Total Epi:   319 Steps:    6843 Episode Steps:    25 Return:  25.0000 FPS: 10887.12
11:17:05.793 [INFO] (trainer.py:109) Total Epi:   320 Steps:    6857 Episode Steps:    14 Return:  14.0000 FPS: 9966.12
11:17:05.795 [INFO] (trainer.py:109) Total Epi:   321 Steps:    6875 Episode Steps:    18 Return:  18.0000 FPS: 10715.10
11:17:05.798 [INFO] (trainer.py:109) Total Epi:   322 Steps:    6893 Episode Steps:    18 Return:  18.0000 FPS: 10181.92
11:17:05.801 [INFO] (trainer.py:109) Total Epi:   323 Steps:    6915 Episode Steps:    22 Return:  22.0000 FPS: 9425.36
11:17:05.803 [INFO] (trainer.py:109) Total Epi:   324 Steps:    6928 Episode Steps:    13 Return:  13.0000 FPS: 10602.27
11:17:05.805 [INFO] (trainer.py:109) Total Epi:   325 Steps:    6943 Episode Steps:    15 Return:  15.0000 FPS: 10741.80
11:17:05.808 [INFO] (trainer.py:109) Total Epi:   326 Steps:    6974 Episode Steps:    31 Return:  31.0000 FPS: 10983.98
11:17:05.810 [INFO] (trainer.py:109) Total Epi:   327 Steps:    6993 Episode Steps:    19 Return:  19.0000 FPS: 10574.68
11:17:05.812 [INFO] (trainer.py:109) Total Epi:   328 Steps:    7005 Episode Steps:    12 Return:  12.0000 FPS: 9719.50
11:17:05.816 [INFO] (trainer.py:109) Total Epi:   329 Steps:    7032 Episode Steps:    27 Return:  27.0000 FPS: 8982.83
11:17:05.819 [INFO] (trainer.py:109) Total Epi:   330 Steps:    7050 Episode Steps:    18 Return:  18.0000 FPS: 10577.53
11:17:05.821 [INFO] (trainer.py:109) Total Epi:   331 Steps:    7068 Episode Steps:    18 Return:  18.0000 FPS: 10633.77
11:17:05.824 [INFO] (trainer.py:109) Total Epi:   332 Steps:    7088 Episode Steps:    20 Return:  20.0000 FPS: 10943.92
11:17:05.826 [INFO] (trainer.py:109) Total Epi:   333 Steps:    7102 Episode Steps:    14 Return:  14.0000 FPS: 9450.34
11:17:05.829 [INFO] (trainer.py:109) Total Epi:   334 Steps:    7129 Episode Steps:    27 Return:  27.0000 FPS: 10494.73
11:17:05.831 [INFO] (trainer.py:109) Total Epi:   335 Steps:    7142 Episode Steps:    13 Return:  13.0000 FPS: 10783.92
11:17:05.834 [INFO] (trainer.py:109) Total Epi:   336 Steps:    7175 Episode Steps:    33 Return:  33.0000 FPS: 10977.66
11:17:05.836 [INFO] (trainer.py:109) Total Epi:   337 Steps:    7188 Episode Steps:    13 Return:  13.0000 FPS: 10423.98
11:17:05.838 [INFO] (trainer.py:109) Total Epi:   338 Steps:    7200 Episode Steps:    12 Return:  12.0000 FPS: 10025.14
11:17:05.840 [INFO] (trainer.py:109) Total Epi:   339 Steps:    7217 Episode Steps:    17 Return:  17.0000 FPS: 10831.78
11:17:05.847 [INFO] (trainer.py:109) Total Epi:   340 Steps:    7279 Episode Steps:    62 Return:  62.0000 FPS: 10231.28
11:17:05.851 [INFO] (trainer.py:109) Total Epi:   341 Steps:    7307 Episode Steps:    28 Return:  28.0000 FPS: 9791.44
11:17:05.853 [INFO] (trainer.py:109) Total Epi:   342 Steps:    7328 Episode Steps:    21 Return:  21.0000 FPS: 10528.54
11:17:05.857 [INFO] (trainer.py:109) Total Epi:   343 Steps:    7366 Episode Steps:    38 Return:  38.0000 FPS: 10952.42
11:17:05.861 [INFO] (trainer.py:109) Total Epi:   344 Steps:    7399 Episode Steps:    33 Return:  33.0000 FPS: 11161.65
11:17:05.864 [INFO] (trainer.py:109) Total Epi:   345 Steps:    7421 Episode Steps:    22 Return:  22.0000 FPS: 10658.86
11:17:05.866 [INFO] (trainer.py:109) Total Epi:   346 Steps:    7435 Episode Steps:    14 Return:  14.0000 FPS: 10107.14
11:17:05.868 [INFO] (trainer.py:109) Total Epi:   347 Steps:    7453 Episode Steps:    18 Return:  18.0000 FPS: 10997.67
11:17:05.870 [INFO] (trainer.py:109) Total Epi:   348 Steps:    7467 Episode Steps:    14 Return:  14.0000 FPS: 10186.50
11:17:05.872 [INFO] (trainer.py:109) Total Epi:   349 Steps:    7487 Episode Steps:    20 Return:  20.0000 FPS: 10931.46
11:17:05.877 [INFO] (trainer.py:109) Total Epi:   350 Steps:    7526 Episode Steps:    39 Return:  39.0000 FPS: 9604.21
11:17:05.880 [INFO] (trainer.py:109) Total Epi:   351 Steps:    7546 Episode Steps:    20 Return:  20.0000 FPS: 10834.89
11:17:05.882 [INFO] (trainer.py:109) Total Epi:   352 Steps:    7558 Episode Steps:    12 Return:  12.0000 FPS: 9911.60
11:17:05.884 [INFO] (trainer.py:109) Total Epi:   353 Steps:    7574 Episode Steps:    16 Return:  16.0000 FPS: 10262.79
11:17:05.886 [INFO] (trainer.py:109) Total Epi:   354 Steps:    7585 Episode Steps:    11 Return:  11.0000 FPS: 9788.77
11:17:05.890 [INFO] (trainer.py:109) Total Epi:   355 Steps:    7623 Episode Steps:    38 Return:  38.0000 FPS: 11081.12
11:17:05.892 [INFO] (trainer.py:109) Total Epi:   356 Steps:    7637 Episode Steps:    14 Return:  14.0000 FPS: 10733.69
11:17:05.894 [INFO] (trainer.py:109) Total Epi:   357 Steps:    7652 Episode Steps:    15 Return:  15.0000 FPS: 9679.19
11:17:05.896 [INFO] (trainer.py:109) Total Epi:   358 Steps:    7664 Episode Steps:    12 Return:  12.0000 FPS: 9682.02
11:17:05.899 [INFO] (trainer.py:109) Total Epi:   359 Steps:    7690 Episode Steps:    26 Return:  26.0000 FPS: 10862.15
11:17:05.903 [INFO] (trainer.py:109) Total Epi:   360 Steps:    7731 Episode Steps:    41 Return:  41.0000 FPS: 11115.76
11:17:05.907 [INFO] (trainer.py:109) Total Epi:   361 Steps:    7757 Episode Steps:    26 Return:  26.0000 FPS: 9040.82
11:17:05.909 [INFO] (trainer.py:109) Total Epi:   362 Steps:    7771 Episode Steps:    14 Return:  14.0000 FPS: 10431.14
11:17:05.911 [INFO] (trainer.py:109) Total Epi:   363 Steps:    7782 Episode Steps:    11 Return:  11.0000 FPS: 10390.87
11:17:05.912 [INFO] (trainer.py:109) Total Epi:   364 Steps:    7793 Episode Steps:    11 Return:  11.0000 FPS: 10172.50
11:17:05.914 [INFO] (trainer.py:109) Total Epi:   365 Steps:    7806 Episode Steps:    13 Return:  13.0000 FPS: 10266.68
11:17:05.917 [INFO] (trainer.py:109) Total Epi:   366 Steps:    7825 Episode Steps:    19 Return:  19.0000 FPS: 9282.63
11:17:05.919 [INFO] (trainer.py:109) Total Epi:   367 Steps:    7841 Episode Steps:    16 Return:  16.0000 FPS: 10731.24
11:17:05.922 [INFO] (trainer.py:109) Total Epi:   368 Steps:    7863 Episode Steps:    22 Return:  22.0000 FPS: 10660.88
11:17:05.924 [INFO] (trainer.py:109) Total Epi:   369 Steps:    7876 Episode Steps:    13 Return:  13.0000 FPS: 10481.26
11:17:05.925 [INFO] (trainer.py:109) Total Epi:   370 Steps:    7888 Episode Steps:    12 Return:  12.0000 FPS: 9964.29
11:17:05.927 [INFO] (trainer.py:109) Total Epi:   371 Steps:    7899 Episode Steps:    11 Return:  11.0000 FPS: 10402.74
11:17:05.929 [INFO] (trainer.py:109) Total Epi:   372 Steps:    7914 Episode Steps:    15 Return:  15.0000 FPS: 9494.15
11:17:05.931 [INFO] (trainer.py:109) Total Epi:   373 Steps:    7924 Episode Steps:    10 Return:  10.0000 FPS: 10383.30
11:17:05.933 [INFO] (trainer.py:109) Total Epi:   374 Steps:    7935 Episode Steps:    11 Return:  11.0000 FPS: 10064.03
11:17:05.934 [INFO] (trainer.py:109) Total Epi:   375 Steps:    7944 Episode Steps:     9 Return:  9.0000 FPS: 10244.83
11:17:05.938 [INFO] (trainer.py:109) Total Epi:   376 Steps:    7970 Episode Steps:    26 Return:  26.0000 FPS: 9088.01
11:17:05.940 [INFO] (trainer.py:109) Total Epi:   377 Steps:    7984 Episode Steps:    14 Return:  14.0000 FPS: 10495.21
11:17:05.942 [INFO] (trainer.py:109) Total Epi:   378 Steps:    8000 Episode Steps:    16 Return:  16.0000 FPS: 10259.14
11:17:05.945 [INFO] (trainer.py:109) Total Epi:   379 Steps:    8022 Episode Steps:    22 Return:  22.0000 FPS: 10867.98
11:17:05.954 [INFO] (trainer.py:109) Total Epi:   380 Steps:    8120 Episode Steps:    98 Return:  98.0000 FPS: 11017.23
11:17:05.956 [INFO] (trainer.py:109) Total Epi:   381 Steps:    8131 Episode Steps:    11 Return:  11.0000 FPS: 10356.30
11:17:05.959 [INFO] (trainer.py:109) Total Epi:   382 Steps:    8154 Episode Steps:    23 Return:  23.0000 FPS: 10693.55
11:17:05.960 [INFO] (trainer.py:109) Total Epi:   383 Steps:    8165 Episode Steps:    11 Return:  11.0000 FPS: 10335.58
11:17:05.964 [INFO] (trainer.py:109) Total Epi:   384 Steps:    8196 Episode Steps:    31 Return:  31.0000 FPS: 10456.97
11:17:05.966 [INFO] (trainer.py:109) Total Epi:   385 Steps:    8209 Episode Steps:    13 Return:  13.0000 FPS: 10123.39
11:17:05.971 [INFO] (trainer.py:109) Total Epi:   386 Steps:    8256 Episode Steps:    47 Return:  47.0000 FPS: 9811.59
11:17:05.979 [INFO] (trainer.py:109) Total Epi:   387 Steps:    8328 Episode Steps:    72 Return:  72.0000 FPS: 11118.52
11:17:05.981 [INFO] (trainer.py:109) Total Epi:   388 Steps:    8343 Episode Steps:    15 Return:  15.0000 FPS: 9941.64
11:17:05.984 [INFO] (trainer.py:109) Total Epi:   389 Steps:    8362 Episode Steps:    19 Return:  19.0000 FPS: 9280.88
11:17:05.987 [INFO] (trainer.py:109) Total Epi:   390 Steps:    8389 Episode Steps:    27 Return:  27.0000 FPS: 10836.75
11:17:05.989 [INFO] (trainer.py:109) Total Epi:   391 Steps:    8401 Episode Steps:    12 Return:  12.0000 FPS: 10293.26
11:17:05.991 [INFO] (trainer.py:109) Total Epi:   392 Steps:    8411 Episode Steps:    10 Return:  10.0000 FPS: 10383.50
11:17:05.994 [INFO] (trainer.py:109) Total Epi:   393 Steps:    8438 Episode Steps:    27 Return:  27.0000 FPS: 10782.20
11:17:05.996 [INFO] (trainer.py:109) Total Epi:   394 Steps:    8453 Episode Steps:    15 Return:  15.0000 FPS: 9754.18
11:17:05.998 [INFO] (trainer.py:109) Total Epi:   395 Steps:    8465 Episode Steps:    12 Return:  12.0000 FPS: 9950.59
11:17:06.000 [INFO] (trainer.py:109) Total Epi:   396 Steps:    8479 Episode Steps:    14 Return:  14.0000 FPS: 8543.50
11:17:06.002 [INFO] (trainer.py:109) Total Epi:   397 Steps:    8495 Episode Steps:    16 Return:  16.0000 FPS: 10183.84
11:17:06.004 [INFO] (trainer.py:109) Total Epi:   398 Steps:    8507 Episode Steps:    12 Return:  12.0000 FPS: 10432.95
11:17:06.010 [INFO] (trainer.py:109) Total Epi:   399 Steps:    8565 Episode Steps:    58 Return:  58.0000 FPS: 11189.45
11:17:06.012 [INFO] (trainer.py:109) Total Epi:   400 Steps:    8583 Episode Steps:    18 Return:  18.0000 FPS: 10658.63
11:17:06.017 [INFO] (trainer.py:109) Total Epi:   401 Steps:    8621 Episode Steps:    38 Return:  38.0000 FPS: 10291.14
11:17:06.021 [INFO] (trainer.py:109) Total Epi:   402 Steps:    8662 Episode Steps:    41 Return:  41.0000 FPS: 11183.25
11:17:06.025 [INFO] (trainer.py:109) Total Epi:   403 Steps:    8696 Episode Steps:    34 Return:  34.0000 FPS: 11285.33
11:17:06.027 [INFO] (trainer.py:109) Total Epi:   404 Steps:    8716 Episode Steps:    20 Return:  20.0000 FPS: 11035.62
11:17:06.029 [INFO] (trainer.py:109) Total Epi:   405 Steps:    8731 Episode Steps:    15 Return:  15.0000 FPS: 9454.43
11:17:06.032 [INFO] (trainer.py:109) Total Epi:   406 Steps:    8743 Episode Steps:    12 Return:  12.0000 FPS: 9603.07
11:17:06.034 [INFO] (trainer.py:109) Total Epi:   407 Steps:    8758 Episode Steps:    15 Return:  15.0000 FPS: 10065.41
11:17:06.036 [INFO] (trainer.py:109) Total Epi:   408 Steps:    8777 Episode Steps:    19 Return:  19.0000 FPS: 10873.83
11:17:06.039 [INFO] (trainer.py:109) Total Epi:   409 Steps:    8795 Episode Steps:    18 Return:  18.0000 FPS: 10679.98
11:17:06.041 [INFO] (trainer.py:109) Total Epi:   410 Steps:    8817 Episode Steps:    22 Return:  22.0000 FPS: 10683.63
11:17:06.044 [INFO] (trainer.py:109) Total Epi:   411 Steps:    8841 Episode Steps:    24 Return:  24.0000 FPS: 11105.69
11:17:06.046 [INFO] (trainer.py:109) Total Epi:   412 Steps:    8856 Episode Steps:    15 Return:  15.0000 FPS: 9745.68
11:17:06.048 [INFO] (trainer.py:109) Total Epi:   413 Steps:    8872 Episode Steps:    16 Return:  16.0000 FPS: 10823.08
11:17:06.051 [INFO] (trainer.py:109) Total Epi:   414 Steps:    8898 Episode Steps:    26 Return:  26.0000 FPS: 11066.49
11:17:06.055 [INFO] (trainer.py:109) Total Epi:   415 Steps:    8936 Episode Steps:    38 Return:  38.0000 FPS: 11099.17
11:17:06.058 [INFO] (trainer.py:109) Total Epi:   416 Steps:    8962 Episode Steps:    26 Return:  26.0000 FPS: 10752.25
11:17:06.062 [INFO] (trainer.py:109) Total Epi:   417 Steps:    8991 Episode Steps:    29 Return:  29.0000 FPS: 9258.62
11:17:06.067 [INFO] (trainer.py:109) Total Epi:   418 Steps:    9034 Episode Steps:    43 Return:  43.0000 FPS: 10381.63
11:17:06.069 [INFO] (trainer.py:109) Total Epi:   419 Steps:    9046 Episode Steps:    12 Return:  12.0000 FPS: 10194.19
11:17:06.073 [INFO] (trainer.py:109) Total Epi:   420 Steps:    9077 Episode Steps:    31 Return:  31.0000 FPS: 11182.14
11:17:06.078 [INFO] (trainer.py:109) Total Epi:   421 Steps:    9127 Episode Steps:    50 Return:  50.0000 FPS: 11288.19
11:17:06.081 [INFO] (trainer.py:109) Total Epi:   422 Steps:    9152 Episode Steps:    25 Return:  25.0000 FPS: 10721.33
11:17:06.084 [INFO] (trainer.py:109) Total Epi:   423 Steps:    9179 Episode Steps:    27 Return:  27.0000 FPS: 11209.97
11:17:06.086 [INFO] (trainer.py:109) Total Epi:   424 Steps:    9198 Episode Steps:    19 Return:  19.0000 FPS: 10581.65
11:17:06.088 [INFO] (trainer.py:109) Total Epi:   425 Steps:    9208 Episode Steps:    10 Return:  10.0000 FPS: 10362.29
11:17:06.091 [INFO] (trainer.py:109) Total Epi:   426 Steps:    9233 Episode Steps:    25 Return:  25.0000 FPS: 10890.20
11:17:06.093 [INFO] (trainer.py:109) Total Epi:   427 Steps:    9246 Episode Steps:    13 Return:  13.0000 FPS: 7735.91
11:17:06.095 [INFO] (trainer.py:109) Total Epi:   428 Steps:    9259 Episode Steps:    13 Return:  13.0000 FPS: 10218.89
11:17:06.098 [INFO] (trainer.py:109) Total Epi:   429 Steps:    9282 Episode Steps:    23 Return:  23.0000 FPS: 10701.12
11:17:06.100 [INFO] (trainer.py:109) Total Epi:   430 Steps:    9295 Episode Steps:    13 Return:  13.0000 FPS: 8667.52
11:17:06.102 [INFO] (trainer.py:109) Total Epi:   431 Steps:    9308 Episode Steps:    13 Return:  13.0000 FPS: 10062.71
11:17:06.104 [INFO] (trainer.py:109) Total Epi:   432 Steps:    9324 Episode Steps:    16 Return:  16.0000 FPS: 10794.87
11:17:06.106 [INFO] (trainer.py:109) Total Epi:   433 Steps:    9338 Episode Steps:    14 Return:  14.0000 FPS: 10226.23
11:17:06.108 [INFO] (trainer.py:109) Total Epi:   434 Steps:    9356 Episode Steps:    18 Return:  18.0000 FPS: 10895.22
11:17:06.110 [INFO] (trainer.py:109) Total Epi:   435 Steps:    9372 Episode Steps:    16 Return:  16.0000 FPS: 10438.69
11:17:06.115 [INFO] (trainer.py:109) Total Epi:   436 Steps:    9411 Episode Steps:    39 Return:  39.0000 FPS: 10645.82
11:17:06.118 [INFO] (trainer.py:109) Total Epi:   437 Steps:    9444 Episode Steps:    33 Return:  33.0000 FPS: 11078.52
11:17:06.120 [INFO] (trainer.py:109) Total Epi:   438 Steps:    9460 Episode Steps:    16 Return:  16.0000 FPS: 10802.22
11:17:06.123 [INFO] (trainer.py:109) Total Epi:   439 Steps:    9483 Episode Steps:    23 Return:  23.0000 FPS: 8982.20
11:17:06.126 [INFO] (trainer.py:109) Total Epi:   440 Steps:    9498 Episode Steps:    15 Return:  15.0000 FPS: 10021.66
11:17:06.127 [INFO] (trainer.py:109) Total Epi:   441 Steps:    9510 Episode Steps:    12 Return:  12.0000 FPS: 10487.65
11:17:06.129 [INFO] (trainer.py:109) Total Epi:   442 Steps:    9522 Episode Steps:    12 Return:  12.0000 FPS: 9722.65
11:17:06.131 [INFO] (trainer.py:109) Total Epi:   443 Steps:    9536 Episode Steps:    14 Return:  14.0000 FPS: 10674.29
11:17:06.133 [INFO] (trainer.py:109) Total Epi:   444 Steps:    9546 Episode Steps:    10 Return:  10.0000 FPS: 8711.26
11:17:06.136 [INFO] (trainer.py:109) Total Epi:   445 Steps:    9565 Episode Steps:    19 Return:  19.0000 FPS: 10959.69
11:17:06.140 [INFO] (trainer.py:109) Total Epi:   446 Steps:    9603 Episode Steps:    38 Return:  38.0000 FPS: 11149.79
11:17:06.141 [INFO] (trainer.py:109) Total Epi:   447 Steps:    9614 Episode Steps:    11 Return:  11.0000 FPS: 9770.85
11:17:06.143 [INFO] (trainer.py:109) Total Epi:   448 Steps:    9629 Episode Steps:    15 Return:  15.0000 FPS: 10713.31
11:17:06.145 [INFO] (trainer.py:109) Total Epi:   449 Steps:    9642 Episode Steps:    13 Return:  13.0000 FPS: 9560.48
11:17:06.147 [INFO] (trainer.py:109) Total Epi:   450 Steps:    9656 Episode Steps:    14 Return:  14.0000 FPS: 10658.03
11:17:06.149 [INFO] (trainer.py:109) Total Epi:   451 Steps:    9672 Episode Steps:    16 Return:  16.0000 FPS: 10124.33
11:17:06.152 [INFO] (trainer.py:109) Total Epi:   452 Steps:    9693 Episode Steps:    21 Return:  21.0000 FPS: 10787.59
11:17:06.155 [INFO] (trainer.py:109) Total Epi:   453 Steps:    9714 Episode Steps:    21 Return:  21.0000 FPS: 8626.01
11:17:06.159 [INFO] (trainer.py:109) Total Epi:   454 Steps:    9742 Episode Steps:    28 Return:  28.0000 FPS: 10782.19
11:17:06.166 [INFO] (trainer.py:109) Total Epi:   455 Steps:    9814 Episode Steps:    72 Return:  72.0000 FPS: 11154.09
11:17:06.172 [INFO] (trainer.py:109) Total Epi:   456 Steps:    9882 Episode Steps:    68 Return:  68.0000 FPS: 11378.94
11:17:06.174 [INFO] (trainer.py:109) Total Epi:   457 Steps:    9894 Episode Steps:    12 Return:  12.0000 FPS: 10303.75
11:17:06.177 [INFO] (trainer.py:109) Total Epi:   458 Steps:    9915 Episode Steps:    21 Return:  21.0000 FPS: 10919.73
11:17:06.179 [INFO] (trainer.py:109) Total Epi:   459 Steps:    9928 Episode Steps:    13 Return:  13.0000 FPS: 10031.65
11:17:06.181 [INFO] (trainer.py:109) Total Epi:   460 Steps:    9940 Episode Steps:    12 Return:  12.0000 FPS: 10416.21
11:17:06.182 [INFO] (trainer.py:109) Total Epi:   461 Steps:    9951 Episode Steps:    11 Return:  11.0000 FPS: 10480.90
11:17:06.186 [INFO] (trainer.py:109) Total Epi:   462 Steps:    9978 Episode Steps:    27 Return:  27.0000 FPS: 9067.11
11:17:06.188 [INFO] (trainer.py:109) Total Epi:   463 Steps:    9995 Episode Steps:    17 Return:  17.0000 FPS: 10643.91
11:17:10.377 [INFO] (trainer.py:137) Evaluation Total Steps:   10000 Average Reward  10.0000 over  5 episodes
11:17:10.504 [INFO] (trainer.py:109) Total Epi:   464 Steps:   10009 Episode Steps:    14 Return:  14.0000 FPS:  3.24
11:17:10.570 [INFO] (trainer.py:109) Total Epi:   465 Steps:   10020 Episode Steps:    11 Return:  11.0000 FPS: 168.33
11:17:10.700 [INFO] (trainer.py:109) Total Epi:   466 Steps:   10042 Episode Steps:    22 Return:  22.0000 FPS: 169.76
11:17:10.768 [INFO] (trainer.py:109) Total Epi:   467 Steps:   10053 Episode Steps:    11 Return:  11.0000 FPS: 164.13
11:17:10.832 [INFO] (trainer.py:109) Total Epi:   468 Steps:   10064 Episode Steps:    11 Return:  11.0000 FPS: 174.24
11:17:10.898 [INFO] (trainer.py:109) Total Epi:   469 Steps:   10075 Episode Steps:    11 Return:  11.0000 FPS: 169.61
11:17:10.974 [INFO] (trainer.py:109) Total Epi:   470 Steps:   10088 Episode Steps:    13 Return:  13.0000 FPS: 172.42
11:17:11.143 [INFO] (trainer.py:109) Total Epi:   471 Steps:   10118 Episode Steps:    30 Return:  30.0000 FPS: 178.66
11:17:11.201 [INFO] (trainer.py:109) Total Epi:   472 Steps:   10128 Episode Steps:    10 Return:  10.0000 FPS: 173.22
11:17:11.471 [INFO] (trainer.py:109) Total Epi:   473 Steps:   10177 Episode Steps:    49 Return:  49.0000 FPS: 182.05
11:17:11.551 [INFO] (trainer.py:109) Total Epi:   474 Steps:   10191 Episode Steps:    14 Return:  14.0000 FPS: 178.23
11:17:11.679 [INFO] (trainer.py:109) Total Epi:   475 Steps:   10214 Episode Steps:    23 Return:  23.0000 FPS: 180.73
11:17:11.731 [INFO] (trainer.py:109) Total Epi:   476 Steps:   10223 Episode Steps:     9 Return:  9.0000 FPS: 175.15
11:17:11.808 [INFO] (trainer.py:109) Total Epi:   477 Steps:   10236 Episode Steps:    13 Return:  13.0000 FPS: 171.61
11:17:11.865 [INFO] (trainer.py:109) Total Epi:   478 Steps:   10246 Episode Steps:    10 Return:  10.0000 FPS: 177.56
11:17:11.934 [INFO] (trainer.py:109) Total Epi:   479 Steps:   10258 Episode Steps:    12 Return:  12.0000 FPS: 175.88
11:17:12.026 [INFO] (trainer.py:109) Total Epi:   480 Steps:   10274 Episode Steps:    16 Return:  16.0000 FPS: 175.35
11:17:12.099 [INFO] (trainer.py:109) Total Epi:   481 Steps:   10287 Episode Steps:    13 Return:  13.0000 FPS: 179.14
11:17:12.180 [INFO] (trainer.py:109) Total Epi:   482 Steps:   10301 Episode Steps:    14 Return:  14.0000 FPS: 175.02
11:17:12.316 [INFO] (trainer.py:109) Total Epi:   483 Steps:   10325 Episode Steps:    24 Return:  24.0000 FPS: 178.39
11:17:12.373 [INFO] (trainer.py:109) Total Epi:   484 Steps:   10335 Episode Steps:    10 Return:  10.0000 FPS: 177.18
11:17:12.420 [INFO] (trainer.py:109) Total Epi:   485 Steps:   10343 Episode Steps:     8 Return:  8.0000 FPS: 172.45
11:17:12.537 [INFO] (trainer.py:109) Total Epi:   486 Steps:   10364 Episode Steps:    21 Return:  21.0000 FPS: 181.18
11:17:12.636 [INFO] (trainer.py:109) Total Epi:   487 Steps:   10381 Episode Steps:    17 Return:  17.0000 FPS: 174.22
11:17:12.756 [INFO] (trainer.py:109) Total Epi:   488 Steps:   10402 Episode Steps:    21 Return:  21.0000 FPS: 174.84
11:17:12.831 [INFO] (trainer.py:109) Total Epi:   489 Steps:   10415 Episode Steps:    13 Return:  13.0000 FPS: 176.80
11:17:12.927 [INFO] (trainer.py:109) Total Epi:   490 Steps:   10432 Episode Steps:    17 Return:  17.0000 FPS: 178.11
11:17:13.044 [INFO] (trainer.py:109) Total Epi:   491 Steps:   10453 Episode Steps:    21 Return:  21.0000 FPS: 181.16
11:17:13.117 [INFO] (trainer.py:109) Total Epi:   492 Steps:   10466 Episode Steps:    13 Return:  13.0000 FPS: 180.35
11:17:13.231 [INFO] (trainer.py:109) Total Epi:   493 Steps:   10486 Episode Steps:    20 Return:  20.0000 FPS: 175.90
11:17:13.355 [INFO] (trainer.py:109) Total Epi:   494 Steps:   10508 Episode Steps:    22 Return:  22.0000 FPS: 179.43
11:17:13.445 [INFO] (trainer.py:109) Total Epi:   495 Steps:   10524 Episode Steps:    16 Return:  16.0000 FPS: 179.14
11:17:13.529 [INFO] (trainer.py:109) Total Epi:   496 Steps:   10539 Episode Steps:    15 Return:  15.0000 FPS: 179.57
11:17:13.616 [INFO] (trainer.py:109) Total Epi:   497 Steps:   10554 Episode Steps:    15 Return:  15.0000 FPS: 175.46
11:17:14.077 [INFO] (trainer.py:109) Total Epi:   498 Steps:   10637 Episode Steps:    83 Return:  83.0000 FPS: 180.13
11:17:14.246 [INFO] (trainer.py:109) Total Epi:   499 Steps:   10667 Episode Steps:    30 Return:  30.0000 FPS: 179.14
11:17:14.398 [INFO] (trainer.py:109) Total Epi:   500 Steps:   10694 Episode Steps:    27 Return:  27.0000 FPS: 178.20
11:17:14.537 [INFO] (trainer.py:109) Total Epi:   501 Steps:   10718 Episode Steps:    24 Return:  24.0000 FPS: 174.55
11:17:14.682 [INFO] (trainer.py:109) Total Epi:   502 Steps:   10744 Episode Steps:    26 Return:  26.0000 FPS: 180.78
11:17:14.774 [INFO] (trainer.py:109) Total Epi:   503 Steps:   10760 Episode Steps:    16 Return:  16.0000 FPS: 174.25
11:17:14.832 [INFO] (trainer.py:109) Total Epi:   504 Steps:   10770 Episode Steps:    10 Return:  10.0000 FPS: 175.18
11:17:15.038 [INFO] (trainer.py:109) Total Epi:   505 Steps:   10807 Episode Steps:    37 Return:  37.0000 FPS: 180.56
11:17:15.292 [INFO] (trainer.py:109) Total Epi:   506 Steps:   10853 Episode Steps:    46 Return:  46.0000 FPS: 181.78
11:17:15.624 [INFO] (trainer.py:109) Total Epi:   507 Steps:   10914 Episode Steps:    61 Return:  61.0000 FPS: 183.85
11:17:15.982 [INFO] (trainer.py:109) Total Epi:   508 Steps:   10979 Episode Steps:    65 Return:  65.0000 FPS: 182.54
11:17:16.416 [INFO] (trainer.py:109) Total Epi:   509 Steps:   11058 Episode Steps:    79 Return:  79.0000 FPS: 182.08
11:17:17.222 [INFO] (trainer.py:109) Total Epi:   510 Steps:   11204 Episode Steps:   146 Return:  146.0000 FPS: 181.52
11:17:18.300 [INFO] (trainer.py:109) Total Epi:   511 Steps:   11402 Episode Steps:   198 Return:  198.0000 FPS: 183.66
11:17:19.395 [INFO] (trainer.py:109) Total Epi:   512 Steps:   11602 Episode Steps:   200 Return:  200.0000 FPS: 182.93
11:17:20.484 [INFO] (trainer.py:109) Total Epi:   513 Steps:   11802 Episode Steps:   200 Return:  200.0000 FPS: 183.71
11:17:21.577 [INFO] (trainer.py:109) Total Epi:   514 Steps:   12002 Episode Steps:   200 Return:  200.0000 FPS: 183.17
11:17:22.673 [INFO] (trainer.py:109) Total Epi:   515 Steps:   12202 Episode Steps:   200 Return:  200.0000 FPS: 182.68
11:17:23.766 [INFO] (trainer.py:109) Total Epi:   516 Steps:   12402 Episode Steps:   200 Return:  200.0000 FPS: 183.00
11:17:24.865 [INFO] (trainer.py:109) Total Epi:   517 Steps:   12602 Episode Steps:   200 Return:  200.0000 FPS: 182.25
11:17:25.966 [INFO] (trainer.py:109) Total Epi:   518 Steps:   12802 Episode Steps:   200 Return:  200.0000 FPS: 181.77
11:17:27.022 [INFO] (trainer.py:109) Total Epi:   519 Steps:   12996 Episode Steps:   194 Return:  194.0000 FPS: 183.85
11:17:28.123 [INFO] (trainer.py:109) Total Epi:   520 Steps:   13196 Episode Steps:   200 Return:  200.0000 FPS: 181.71
11:17:29.251 [INFO] (trainer.py:109) Total Epi:   521 Steps:   13396 Episode Steps:   200 Return:  200.0000 FPS: 177.45
11:17:30.374 [INFO] (trainer.py:109) Total Epi:   522 Steps:   13596 Episode Steps:   200 Return:  200.0000 FPS: 178.29
11:17:31.478 [INFO] (trainer.py:109) Total Epi:   523 Steps:   13796 Episode Steps:   200 Return:  200.0000 FPS: 181.32
11:17:32.569 [INFO] (trainer.py:109) Total Epi:   524 Steps:   13996 Episode Steps:   200 Return:  200.0000 FPS: 183.51
11:17:33.686 [INFO] (trainer.py:109) Total Epi:   525 Steps:   14196 Episode Steps:   200 Return:  200.0000 FPS: 179.05
11:17:34.782 [INFO] (trainer.py:109) Total Epi:   526 Steps:   14396 Episode Steps:   200 Return:  200.0000 FPS: 182.74
11:17:35.891 [INFO] (trainer.py:109) Total Epi:   527 Steps:   14596 Episode Steps:   200 Return:  200.0000 FPS: 180.52
11:17:36.987 [INFO] (trainer.py:109) Total Epi:   528 Steps:   14796 Episode Steps:   200 Return:  200.0000 FPS: 182.61
11:17:38.030 [INFO] (trainer.py:109) Total Epi:   529 Steps:   14987 Episode Steps:   191 Return:  191.0000 FPS: 183.26
11:17:39.127 [INFO] (trainer.py:109) Total Epi:   530 Steps:   15187 Episode Steps:   200 Return:  200.0000 FPS: 182.39
11:17:40.234 [INFO] (trainer.py:109) Total Epi:   531 Steps:   15387 Episode Steps:   200 Return:  200.0000 FPS: 180.84
11:17:41.322 [INFO] (trainer.py:109) Total Epi:   532 Steps:   15587 Episode Steps:   200 Return:  200.0000 FPS: 184.06
11:17:42.424 [INFO] (trainer.py:109) Total Epi:   533 Steps:   15787 Episode Steps:   200 Return:  200.0000 FPS: 181.54
11:17:43.527 [INFO] (trainer.py:109) Total Epi:   534 Steps:   15987 Episode Steps:   200 Return:  200.0000 FPS: 181.54
11:17:44.623 [INFO] (trainer.py:109) Total Epi:   535 Steps:   16187 Episode Steps:   200 Return:  200.0000 FPS: 182.49
