13:56:18.146 [INFO] (trainer.py:109) Total Epi:     1 Steps:     200 Episode Steps:   200 Return: -889.5563 FPS: 2171.13
13:56:18.209 [INFO] (trainer.py:109) Total Epi:     2 Steps:     400 Episode Steps:   200 Return: -1600.0521 FPS: 3306.28
13:56:18.272 [INFO] (trainer.py:109) Total Epi:     3 Steps:     600 Episode Steps:   200 Return: -966.5090 FPS: 3255.72
13:56:18.339 [INFO] (trainer.py:109) Total Epi:     4 Steps:     800 Episode Steps:   200 Return: -1053.0699 FPS: 3028.44
13:56:18.401 [INFO] (trainer.py:109) Total Epi:     5 Steps:    1000 Episode Steps:   200 Return: -867.0044 FPS: 3302.99
13:56:18.463 [INFO] (trainer.py:109) Total Epi:     6 Steps:    1200 Episode Steps:   200 Return: -881.3552 FPS: 3265.96
13:56:18.526 [INFO] (trainer.py:109) Total Epi:     7 Steps:    1400 Episode Steps:   200 Return: -1641.1821 FPS: 3274.57
13:56:18.587 [INFO] (trainer.py:109) Total Epi:     8 Steps:    1600 Episode Steps:   200 Return: -1336.0786 FPS: 3285.76
13:56:18.650 [INFO] (trainer.py:109) Total Epi:     9 Steps:    1800 Episode Steps:   200 Return: -1830.9623 FPS: 3244.35
13:56:18.713 [INFO] (trainer.py:109) Total Epi:    10 Steps:    2000 Episode Steps:   200 Return: -1329.5275 FPS: 3226.40
13:56:18.778 [INFO] (trainer.py:109) Total Epi:    11 Steps:    2200 Episode Steps:   200 Return: -855.4755 FPS: 3147.43
13:56:18.841 [INFO] (trainer.py:109) Total Epi:    12 Steps:    2400 Episode Steps:   200 Return: -1675.7282 FPS: 3255.67
13:56:18.904 [INFO] (trainer.py:109) Total Epi:    13 Steps:    2600 Episode Steps:   200 Return: -1344.7555 FPS: 3228.70
13:56:18.966 [INFO] (trainer.py:109) Total Epi:    14 Steps:    2800 Episode Steps:   200 Return: -860.9329 FPS: 3267.82
13:56:19.028 [INFO] (trainer.py:109) Total Epi:    15 Steps:    3000 Episode Steps:   200 Return: -869.3064 FPS: 3266.09
13:56:19.091 [INFO] (trainer.py:109) Total Epi:    16 Steps:    3200 Episode Steps:   200 Return: -1652.5712 FPS: 3261.05
13:56:19.153 [INFO] (trainer.py:109) Total Epi:    17 Steps:    3400 Episode Steps:   200 Return: -902.1606 FPS: 3263.62
13:56:19.216 [INFO] (trainer.py:109) Total Epi:    18 Steps:    3600 Episode Steps:   200 Return: -1321.5005 FPS: 3258.22
13:56:19.278 [INFO] (trainer.py:109) Total Epi:    19 Steps:    3800 Episode Steps:   200 Return: -857.3288 FPS: 3258.43
13:56:19.340 [INFO] (trainer.py:109) Total Epi:    20 Steps:    4000 Episode Steps:   200 Return: -995.5251 FPS: 3301.56
13:56:19.400 [INFO] (trainer.py:109) Total Epi:    21 Steps:    4200 Episode Steps:   200 Return: -1637.2369 FPS: 3356.08
13:56:19.461 [INFO] (trainer.py:109) Total Epi:    22 Steps:    4400 Episode Steps:   200 Return: -1287.8181 FPS: 3372.39
13:56:19.521 [INFO] (trainer.py:109) Total Epi:    23 Steps:    4600 Episode Steps:   200 Return: -1067.6248 FPS: 3390.47
13:56:19.582 [INFO] (trainer.py:109) Total Epi:    24 Steps:    4800 Episode Steps:   200 Return: -1348.9554 FPS: 3345.47
13:56:19.643 [INFO] (trainer.py:109) Total Epi:    25 Steps:    5000 Episode Steps:   200 Return: -1355.4801 FPS: 3361.53
13:56:19.704 [INFO] (trainer.py:109) Total Epi:    26 Steps:    5200 Episode Steps:   200 Return: -1521.1252 FPS: 3334.19
13:56:19.766 [INFO] (trainer.py:109) Total Epi:    27 Steps:    5400 Episode Steps:   200 Return: -880.0942 FPS: 3271.77
13:56:19.828 [INFO] (trainer.py:109) Total Epi:    28 Steps:    5600 Episode Steps:   200 Return: -966.0151 FPS: 3301.80
13:56:19.889 [INFO] (trainer.py:109) Total Epi:    29 Steps:    5800 Episode Steps:   200 Return: -1089.4182 FPS: 3341.33
13:56:19.949 [INFO] (trainer.py:109) Total Epi:    30 Steps:    6000 Episode Steps:   200 Return: -954.2976 FPS: 3349.86
13:56:20.010 [INFO] (trainer.py:109) Total Epi:    31 Steps:    6200 Episode Steps:   200 Return: -892.1064 FPS: 3347.41
13:56:20.071 [INFO] (trainer.py:109) Total Epi:    32 Steps:    6400 Episode Steps:   200 Return: -1753.0362 FPS: 3353.05
13:56:20.132 [INFO] (trainer.py:109) Total Epi:    33 Steps:    6600 Episode Steps:   200 Return: -1705.0012 FPS: 3358.01
13:56:20.192 [INFO] (trainer.py:109) Total Epi:    34 Steps:    6800 Episode Steps:   200 Return: -1455.7541 FPS: 3365.79
13:56:20.253 [INFO] (trainer.py:109) Total Epi:    35 Steps:    7000 Episode Steps:   200 Return: -1077.5618 FPS: 3346.61
13:56:20.314 [INFO] (trainer.py:109) Total Epi:    36 Steps:    7200 Episode Steps:   200 Return: -1093.2798 FPS: 3338.82
13:56:20.375 [INFO] (trainer.py:109) Total Epi:    37 Steps:    7400 Episode Steps:   200 Return: -895.1865 FPS: 3330.70
13:56:20.437 [INFO] (trainer.py:109) Total Epi:    38 Steps:    7600 Episode Steps:   200 Return: -1283.0546 FPS: 3331.08
13:56:20.498 [INFO] (trainer.py:109) Total Epi:    39 Steps:    7800 Episode Steps:   200 Return: -1397.0291 FPS: 3340.97
13:56:20.559 [INFO] (trainer.py:109) Total Epi:    40 Steps:    8000 Episode Steps:   200 Return: -1034.6459 FPS: 3323.86
13:56:20.620 [INFO] (trainer.py:109) Total Epi:    41 Steps:    8200 Episode Steps:   200 Return: -1300.2210 FPS: 3343.37
13:56:20.681 [INFO] (trainer.py:109) Total Epi:    42 Steps:    8400 Episode Steps:   200 Return: -870.4018 FPS: 3330.12
13:56:20.742 [INFO] (trainer.py:109) Total Epi:    43 Steps:    8600 Episode Steps:   200 Return: -960.8240 FPS: 3312.92
13:56:20.803 [INFO] (trainer.py:109) Total Epi:    44 Steps:    8800 Episode Steps:   200 Return: -1762.5565 FPS: 3345.14
13:56:20.864 [INFO] (trainer.py:109) Total Epi:    45 Steps:    9000 Episode Steps:   200 Return: -1373.8281 FPS: 3347.01
13:56:20.927 [INFO] (trainer.py:109) Total Epi:    46 Steps:    9200 Episode Steps:   200 Return: -1072.1829 FPS: 3240.12
13:56:20.990 [INFO] (trainer.py:109) Total Epi:    47 Steps:    9400 Episode Steps:   200 Return: -1490.9054 FPS: 3259.64
13:56:21.052 [INFO] (trainer.py:109) Total Epi:    48 Steps:    9600 Episode Steps:   200 Return: -846.8612 FPS: 3268.70
13:56:21.114 [INFO] (trainer.py:109) Total Epi:    49 Steps:    9800 Episode Steps:   200 Return: -865.0658 FPS: 3252.48
13:56:21.177 [INFO] (trainer.py:109) Total Epi:    50 Steps:   10000 Episode Steps:   200 Return: -1573.0897 FPS: 3281.21
13:56:25.444 [INFO] (trainer.py:137) Evaluation Total Steps:   10000 Average Reward -1473.4068 over  5 episodes
13:56:26.965 [INFO] (trainer.py:109) Total Epi:    51 Steps:   10200 Episode Steps:   200 Return: -1702.2895 FPS: 34.56
13:56:28.342 [INFO] (trainer.py:109) Total Epi:    52 Steps:   10400 Episode Steps:   200 Return: -1635.7751 FPS: 145.36
13:56:29.719 [INFO] (trainer.py:109) Total Epi:    53 Steps:   10600 Episode Steps:   200 Return: -1686.6037 FPS: 145.28
13:56:31.098 [INFO] (trainer.py:109) Total Epi:    54 Steps:   10800 Episode Steps:   200 Return: -1832.1170 FPS: 145.13
13:56:32.476 [INFO] (trainer.py:109) Total Epi:    55 Steps:   11000 Episode Steps:   200 Return: -1545.3272 FPS: 145.27
13:56:33.879 [INFO] (trainer.py:109) Total Epi:    56 Steps:   11200 Episode Steps:   200 Return: -1626.4036 FPS: 142.64
13:56:35.939 [INFO] (trainer.py:109) Total Epi:    57 Steps:   11400 Episode Steps:   200 Return: -1259.5380 FPS: 97.13
13:56:37.837 [INFO] (trainer.py:109) Total Epi:    58 Steps:   11600 Episode Steps:   200 Return: -1243.9750 FPS: 105.40
13:56:39.328 [INFO] (trainer.py:109) Total Epi:    59 Steps:   11800 Episode Steps:   200 Return: -1109.2241 FPS: 134.26
13:56:40.938 [INFO] (trainer.py:109) Total Epi:    60 Steps:   12000 Episode Steps:   200 Return: -1003.1737 FPS: 124.33
13:56:42.548 [INFO] (trainer.py:109) Total Epi:    61 Steps:   12200 Episode Steps:   200 Return: -2.5390 FPS: 124.24
13:56:44.106 [INFO] (trainer.py:109) Total Epi:    62 Steps:   12400 Episode Steps:   200 Return: -392.3639 FPS: 128.45
13:56:45.941 [INFO] (trainer.py:109) Total Epi:    63 Steps:   12600 Episode Steps:   200 Return: -130.8253 FPS: 109.09
13:56:47.570 [INFO] (trainer.py:109) Total Epi:    64 Steps:   12800 Episode Steps:   200 Return: -128.2492 FPS: 122.89
13:56:49.019 [INFO] (trainer.py:109) Total Epi:    65 Steps:   13000 Episode Steps:   200 Return: -130.9100 FPS: 138.13
13:56:50.685 [INFO] (trainer.py:109) Total Epi:    66 Steps:   13200 Episode Steps:   200 Return: -128.2141 FPS: 120.12
13:56:52.830 [INFO] (trainer.py:109) Total Epi:    67 Steps:   13400 Episode Steps:   200 Return: -2.1647 FPS: 93.26
13:56:54.675 [INFO] (trainer.py:109) Total Epi:    68 Steps:   13600 Episode Steps:   200 Return: -237.5546 FPS: 108.50
13:56:56.365 [INFO] (trainer.py:109) Total Epi:    69 Steps:   13800 Episode Steps:   200 Return: -124.2901 FPS: 118.40
13:56:57.815 [INFO] (trainer.py:109) Total Epi:    70 Steps:   14000 Episode Steps:   200 Return: -122.4406 FPS: 138.10
13:56:59.209 [INFO] (trainer.py:109) Total Epi:    71 Steps:   14200 Episode Steps:   200 Return: -0.7652 FPS: 143.51
13:57:00.592 [INFO] (trainer.py:109) Total Epi:    72 Steps:   14400 Episode Steps:   200 Return: -353.2859 FPS: 144.76
13:57:01.975 [INFO] (trainer.py:109) Total Epi:    73 Steps:   14600 Episode Steps:   200 Return: -125.4455 FPS: 144.72
13:57:03.348 [INFO] (trainer.py:109) Total Epi:    74 Steps:   14800 Episode Steps:   200 Return: -124.9145 FPS: 145.73
13:57:04.719 [INFO] (trainer.py:109) Total Epi:    75 Steps:   15000 Episode Steps:   200 Return: -126.7545 FPS: 145.99
13:57:06.127 [INFO] (trainer.py:109) Total Epi:    76 Steps:   15200 Episode Steps:   200 Return: -127.9102 FPS: 142.16
13:57:07.652 [INFO] (trainer.py:109) Total Epi:    77 Steps:   15400 Episode Steps:   200 Return: -325.7349 FPS: 131.19
13:57:09.098 [INFO] (trainer.py:109) Total Epi:    78 Steps:   15600 Episode Steps:   200 Return: -124.0669 FPS: 138.47
13:57:10.468 [INFO] (trainer.py:109) Total Epi:    79 Steps:   15800 Episode Steps:   200 Return: -224.6721 FPS: 146.00
13:57:11.847 [INFO] (trainer.py:109) Total Epi:    80 Steps:   16000 Episode Steps:   200 Return: -125.2646 FPS: 145.12
13:57:13.224 [INFO] (trainer.py:109) Total Epi:    81 Steps:   16200 Episode Steps:   200 Return: -348.3443 FPS: 145.37
13:57:14.715 [INFO] (trainer.py:109) Total Epi:    82 Steps:   16400 Episode Steps:   200 Return: -119.9385 FPS: 134.23
13:57:16.535 [INFO] (trainer.py:109) Total Epi:    83 Steps:   16600 Episode Steps:   200 Return: -117.5205 FPS: 109.95
13:57:17.961 [INFO] (trainer.py:109) Total Epi:    84 Steps:   16800 Episode Steps:   200 Return: -0.7905 FPS: 140.43
13:57:19.377 [INFO] (trainer.py:109) Total Epi:    85 Steps:   17000 Episode Steps:   200 Return: -126.8056 FPS: 141.25
13:57:20.774 [INFO] (trainer.py:109) Total Epi:    86 Steps:   17200 Episode Steps:   200 Return: -123.6634 FPS: 143.28
13:57:22.177 [INFO] (trainer.py:109) Total Epi:    87 Steps:   17400 Episode Steps:   200 Return: -119.3583 FPS: 142.68
13:57:23.567 [INFO] (trainer.py:109) Total Epi:    88 Steps:   17600 Episode Steps:   200 Return: -115.4035 FPS: 143.96
13:57:24.957 [INFO] (trainer.py:109) Total Epi:    89 Steps:   17800 Episode Steps:   200 Return: -120.0845 FPS: 143.98
13:57:26.366 [INFO] (trainer.py:109) Total Epi:    90 Steps:   18000 Episode Steps:   200 Return: -1.6282 FPS: 142.11
13:57:27.887 [INFO] (trainer.py:109) Total Epi:    91 Steps:   18200 Episode Steps:   200 Return: -255.0241 FPS: 131.57
13:57:29.488 [INFO] (trainer.py:109) Total Epi:    92 Steps:   18400 Episode Steps:   200 Return: -1.8462 FPS: 124.97
13:57:31.037 [INFO] (trainer.py:109) Total Epi:    93 Steps:   18600 Episode Steps:   200 Return: -123.0754 FPS: 129.20
13:57:32.420 [INFO] (trainer.py:109) Total Epi:    94 Steps:   18800 Episode Steps:   200 Return: -116.8624 FPS: 144.74
13:57:33.803 [INFO] (trainer.py:109) Total Epi:    95 Steps:   19000 Episode Steps:   200 Return: -114.5578 FPS: 144.73
13:57:35.238 [INFO] (trainer.py:109) Total Epi:    96 Steps:   19200 Episode Steps:   200 Return: -117.2340 FPS: 139.41
13:57:37.008 [INFO] (trainer.py:109) Total Epi:    97 Steps:   19400 Episode Steps:   200 Return: -119.5731 FPS: 113.05
13:57:38.711 [INFO] (trainer.py:109) Total Epi:    98 Steps:   19600 Episode Steps:   200 Return: -230.0871 FPS: 117.57
13:57:40.420 [INFO] (trainer.py:109) Total Epi:    99 Steps:   19800 Episode Steps:   200 Return: -4.8662 FPS: 117.09
13:57:42.320 [INFO] (trainer.py:109) Total Epi:   100 Steps:   20000 Episode Steps:   200 Return: -120.1198 FPS: 105.35
13:57:43.073 [INFO] (trainer.py:137) Evaluation Total Steps:   20000 Average Reward -139.8156 over  5 episodes
13:57:44.888 [INFO] (trainer.py:109) Total Epi:   101 Steps:   20200 Episode Steps:   200 Return: -1.3838 FPS: 77.91
13:57:46.708 [INFO] (trainer.py:109) Total Epi:   102 Steps:   20400 Episode Steps:   200 Return: -123.2634 FPS: 109.95
13:57:48.515 [INFO] (trainer.py:109) Total Epi:   103 Steps:   20600 Episode Steps:   200 Return: -119.7757 FPS: 110.75
13:57:50.005 [INFO] (trainer.py:109) Total Epi:   104 Steps:   20800 Episode Steps:   200 Return: -249.2477 FPS: 134.36
13:57:52.193 [INFO] (trainer.py:109) Total Epi:   105 Steps:   21000 Episode Steps:   200 Return: -233.3735 FPS: 91.46
13:57:53.776 [INFO] (trainer.py:109) Total Epi:   106 Steps:   21200 Episode Steps:   200 Return: -117.2695 FPS: 126.42
13:57:55.708 [INFO] (trainer.py:109) Total Epi:   107 Steps:   21400 Episode Steps:   200 Return: -239.4665 FPS: 103.57
13:57:57.353 [INFO] (trainer.py:109) Total Epi:   108 Steps:   21600 Episode Steps:   200 Return: -317.5882 FPS: 121.72
13:57:58.897 [INFO] (trainer.py:109) Total Epi:   109 Steps:   21800 Episode Steps:   200 Return: -120.1506 FPS: 129.61
13:58:00.520 [INFO] (trainer.py:109) Total Epi:   110 Steps:   22000 Episode Steps:   200 Return: -124.2435 FPS: 123.31
13:58:02.567 [INFO] (trainer.py:109) Total Epi:   111 Steps:   22200 Episode Steps:   200 Return: -241.4728 FPS: 97.74
13:58:04.294 [INFO] (trainer.py:109) Total Epi:   112 Steps:   22400 Episode Steps:   200 Return: -238.1129 FPS: 115.86
13:58:06.200 [INFO] (trainer.py:109) Total Epi:   113 Steps:   22600 Episode Steps:   200 Return: -116.8902 FPS: 105.07
13:58:07.759 [INFO] (trainer.py:109) Total Epi:   114 Steps:   22800 Episode Steps:   200 Return: -249.4433 FPS: 128.37
13:58:09.201 [INFO] (trainer.py:109) Total Epi:   115 Steps:   23000 Episode Steps:   200 Return: -116.2270 FPS: 138.79
13:58:10.769 [INFO] (trainer.py:109) Total Epi:   116 Steps:   23200 Episode Steps:   200 Return: -120.1349 FPS: 127.62
13:58:12.949 [INFO] (trainer.py:109) Total Epi:   117 Steps:   23400 Episode Steps:   200 Return: -1.1172 FPS: 91.80
13:58:14.973 [INFO] (trainer.py:109) Total Epi:   118 Steps:   23600 Episode Steps:   200 Return: -1.1290 FPS: 98.88
13:58:16.465 [INFO] (trainer.py:109) Total Epi:   119 Steps:   23800 Episode Steps:   200 Return: -3.7105 FPS: 134.11
13:58:18.464 [INFO] (trainer.py:109) Total Epi:   120 Steps:   24000 Episode Steps:   200 Return: -227.0966 FPS: 100.10
13:58:20.636 [INFO] (trainer.py:109) Total Epi:   121 Steps:   24200 Episode Steps:   200 Return: -120.7471 FPS: 92.11
13:58:22.076 [INFO] (trainer.py:109) Total Epi:   122 Steps:   24400 Episode Steps:   200 Return: -243.3736 FPS: 139.04
13:58:23.480 [INFO] (trainer.py:109) Total Epi:   123 Steps:   24600 Episode Steps:   200 Return: -125.0246 FPS: 142.46
13:58:24.879 [INFO] (trainer.py:109) Total Epi:   124 Steps:   24800 Episode Steps:   200 Return: -231.8384 FPS: 143.13
13:58:26.262 [INFO] (trainer.py:109) Total Epi:   125 Steps:   25000 Episode Steps:   200 Return: -122.1390 FPS: 144.73
13:58:27.652 [INFO] (trainer.py:109) Total Epi:   126 Steps:   25200 Episode Steps:   200 Return: -128.5517 FPS: 143.94
13:58:29.037 [INFO] (trainer.py:109) Total Epi:   127 Steps:   25400 Episode Steps:   200 Return: -227.6319 FPS: 144.47
13:58:30.429 [INFO] (trainer.py:109) Total Epi:   128 Steps:   25600 Episode Steps:   200 Return: -3.9611 FPS: 143.78
13:58:31.830 [INFO] (trainer.py:109) Total Epi:   129 Steps:   25800 Episode Steps:   200 Return: -0.8941 FPS: 142.85
13:58:33.217 [INFO] (trainer.py:109) Total Epi:   130 Steps:   26000 Episode Steps:   200 Return: -239.8044 FPS: 144.33
13:58:34.603 [INFO] (trainer.py:109) Total Epi:   131 Steps:   26200 Episode Steps:   200 Return: -247.0810 FPS: 144.37
13:58:35.997 [INFO] (trainer.py:109) Total Epi:   132 Steps:   26400 Episode Steps:   200 Return: -123.3565 FPS: 143.63
13:58:37.398 [INFO] (trainer.py:109) Total Epi:   133 Steps:   26600 Episode Steps:   200 Return: -120.9864 FPS: 142.87
13:58:38.786 [INFO] (trainer.py:109) Total Epi:   134 Steps:   26800 Episode Steps:   200 Return: -338.4716 FPS: 144.17
13:58:40.175 [INFO] (trainer.py:109) Total Epi:   135 Steps:   27000 Episode Steps:   200 Return: -328.2958 FPS: 144.07
13:58:41.556 [INFO] (trainer.py:109) Total Epi:   136 Steps:   27200 Episode Steps:   200 Return: -247.8356 FPS: 144.90
13:58:42.942 [INFO] (trainer.py:109) Total Epi:   137 Steps:   27400 Episode Steps:   200 Return: -0.9636 FPS: 144.38
13:58:44.325 [INFO] (trainer.py:109) Total Epi:   138 Steps:   27600 Episode Steps:   200 Return: -123.3415 FPS: 144.72
13:58:45.723 [INFO] (trainer.py:109) Total Epi:   139 Steps:   27800 Episode Steps:   200 Return: -120.8041 FPS: 143.24
13:58:47.120 [INFO] (trainer.py:109) Total Epi:   140 Steps:   28000 Episode Steps:   200 Return: -319.1778 FPS: 143.23
13:58:48.627 [INFO] (trainer.py:109) Total Epi:   141 Steps:   28200 Episode Steps:   200 Return: -120.7117 FPS: 132.75
13:58:50.019 [INFO] (trainer.py:109) Total Epi:   142 Steps:   28400 Episode Steps:   200 Return: -1.3147 FPS: 143.81
13:58:51.511 [INFO] (trainer.py:109) Total Epi:   143 Steps:   28600 Episode Steps:   200 Return: -223.8859 FPS: 134.10
13:58:53.002 [INFO] (trainer.py:109) Total Epi:   144 Steps:   28800 Episode Steps:   200 Return: -126.1231 FPS: 134.24
13:58:54.389 [INFO] (trainer.py:109) Total Epi:   145 Steps:   29000 Episode Steps:   200 Return: -252.1097 FPS: 144.39
13:58:55.791 [INFO] (trainer.py:109) Total Epi:   146 Steps:   29200 Episode Steps:   200 Return: -117.2711 FPS: 142.69
13:58:57.549 [INFO] (trainer.py:109) Total Epi:   147 Steps:   29400 Episode Steps:   200 Return: -224.7870 FPS: 113.86
13:58:59.376 [INFO] (trainer.py:109) Total Epi:   148 Steps:   29600 Episode Steps:   200 Return: -124.9596 FPS: 109.50
13:59:00.803 [INFO] (trainer.py:109) Total Epi:   149 Steps:   29800 Episode Steps:   200 Return: -118.7953 FPS: 140.26
13:59:02.337 [INFO] (trainer.py:109) Total Epi:   150 Steps:   30000 Episode Steps:   200 Return: -1.8659 FPS: 130.47
13:59:03.183 [INFO] (trainer.py:137) Evaluation Total Steps:   30000 Average Reward -96.6564 over  5 episodes
13:59:04.816 [INFO] (trainer.py:109) Total Epi:   151 Steps:   30200 Episode Steps:   200 Return: -233.3857 FPS: 80.72
13:59:06.206 [INFO] (trainer.py:109) Total Epi:   152 Steps:   30400 Episode Steps:   200 Return: -123.4017 FPS: 144.00
13:59:07.605 [INFO] (trainer.py:109) Total Epi:   153 Steps:   30600 Episode Steps:   200 Return: -118.7317 FPS: 143.03
13:59:08.998 [INFO] (trainer.py:109) Total Epi:   154 Steps:   30800 Episode Steps:   200 Return: -125.5445 FPS: 143.70
13:59:10.383 [INFO] (trainer.py:109) Total Epi:   155 Steps:   31000 Episode Steps:   200 Return: -340.0270 FPS: 144.47
13:59:11.785 [INFO] (trainer.py:109) Total Epi:   156 Steps:   31200 Episode Steps:   200 Return: -125.5762 FPS: 142.75
13:59:13.404 [INFO] (trainer.py:109) Total Epi:   157 Steps:   31400 Episode Steps:   200 Return: -120.5803 FPS: 123.59
13:59:15.461 [INFO] (trainer.py:109) Total Epi:   158 Steps:   31600 Episode Steps:   200 Return: -123.2732 FPS: 97.32
13:59:17.165 [INFO] (trainer.py:109) Total Epi:   159 Steps:   31800 Episode Steps:   200 Return: -123.3731 FPS: 117.46
13:59:18.959 [INFO] (trainer.py:109) Total Epi:   160 Steps:   32000 Episode Steps:   200 Return: -288.2372 FPS: 111.54
13:59:20.710 [INFO] (trainer.py:109) Total Epi:   161 Steps:   32200 Episode Steps:   200 Return: -118.0598 FPS: 114.30
13:59:22.144 [INFO] (trainer.py:109) Total Epi:   162 Steps:   32400 Episode Steps:   200 Return: -330.9898 FPS: 139.60
13:59:24.205 [INFO] (trainer.py:109) Total Epi:   163 Steps:   32600 Episode Steps:   200 Return: -115.7376 FPS: 97.06
13:59:26.337 [INFO] (trainer.py:109) Total Epi:   164 Steps:   32800 Episode Steps:   200 Return: -1.1680 FPS: 93.86
13:59:28.001 [INFO] (trainer.py:109) Total Epi:   165 Steps:   33000 Episode Steps:   200 Return: -248.4185 FPS: 120.30
13:59:29.552 [INFO] (trainer.py:109) Total Epi:   166 Steps:   33200 Episode Steps:   200 Return: -118.1880 FPS: 128.97
13:59:31.099 [INFO] (trainer.py:109) Total Epi:   167 Steps:   33400 Episode Steps:   200 Return: -124.1402 FPS: 129.37
13:59:32.869 [INFO] (trainer.py:109) Total Epi:   168 Steps:   33600 Episode Steps:   200 Return: -117.1343 FPS: 113.05
13:59:34.565 [INFO] (trainer.py:109) Total Epi:   169 Steps:   33800 Episode Steps:   200 Return: -114.5894 FPS: 118.01
13:59:36.218 [INFO] (trainer.py:109) Total Epi:   170 Steps:   34000 Episode Steps:   200 Return: -120.6246 FPS: 121.07
13:59:37.706 [INFO] (trainer.py:109) Total Epi:   171 Steps:   34200 Episode Steps:   200 Return: -240.8321 FPS: 134.68
13:59:39.162 [INFO] (trainer.py:109) Total Epi:   172 Steps:   34400 Episode Steps:   200 Return: -332.1399 FPS: 137.40
13:59:40.739 [INFO] (trainer.py:109) Total Epi:   173 Steps:   34600 Episode Steps:   200 Return: -125.8747 FPS: 126.95
13:59:42.289 [INFO] (trainer.py:109) Total Epi:   174 Steps:   34800 Episode Steps:   200 Return: -125.7469 FPS: 129.15
13:59:43.790 [INFO] (trainer.py:109) Total Epi:   175 Steps:   35000 Episode Steps:   200 Return: -229.8473 FPS: 133.33
13:59:45.463 [INFO] (trainer.py:109) Total Epi:   176 Steps:   35200 Episode Steps:   200 Return: -363.5302 FPS: 119.57
13:59:46.964 [INFO] (trainer.py:109) Total Epi:   177 Steps:   35400 Episode Steps:   200 Return: -354.7278 FPS: 133.31
13:59:48.390 [INFO] (trainer.py:109) Total Epi:   178 Steps:   35600 Episode Steps:   200 Return: -125.2047 FPS: 140.40
13:59:49.917 [INFO] (trainer.py:109) Total Epi:   179 Steps:   35800 Episode Steps:   200 Return: -126.3836 FPS: 131.09
13:59:51.473 [INFO] (trainer.py:109) Total Epi:   180 Steps:   36000 Episode Steps:   200 Return: -126.1633 FPS: 128.59
13:59:52.933 [INFO] (trainer.py:109) Total Epi:   181 Steps:   36200 Episode Steps:   200 Return: -1.4071 FPS: 137.04
13:59:54.515 [INFO] (trainer.py:109) Total Epi:   182 Steps:   36400 Episode Steps:   200 Return: -116.8200 FPS: 126.52
13:59:56.074 [INFO] (trainer.py:109) Total Epi:   183 Steps:   36600 Episode Steps:   200 Return: -227.2791 FPS: 128.36
13:59:57.465 [INFO] (trainer.py:109) Total Epi:   184 Steps:   36800 Episode Steps:   200 Return: -241.3139 FPS: 143.89
13:59:58.854 [INFO] (trainer.py:109) Total Epi:   185 Steps:   37000 Episode Steps:   200 Return: -237.6665 FPS: 144.10
14:00:00.249 [INFO] (trainer.py:109) Total Epi:   186 Steps:   37200 Episode Steps:   200 Return: -124.6828 FPS: 143.43
14:00:01.740 [INFO] (trainer.py:109) Total Epi:   187 Steps:   37400 Episode Steps:   200 Return: -125.9501 FPS: 134.28
14:00:03.414 [INFO] (trainer.py:109) Total Epi:   188 Steps:   37600 Episode Steps:   200 Return: -125.0695 FPS: 119.54
14:00:05.023 [INFO] (trainer.py:109) Total Epi:   189 Steps:   37800 Episode Steps:   200 Return: -127.1908 FPS: 124.38
14:00:06.443 [INFO] (trainer.py:109) Total Epi:   190 Steps:   38000 Episode Steps:   200 Return: -255.1167 FPS: 140.91
14:00:07.837 [INFO] (trainer.py:109) Total Epi:   191 Steps:   38200 Episode Steps:   200 Return: -119.4269 FPS: 143.62
14:00:09.222 [INFO] (trainer.py:109) Total Epi:   192 Steps:   38400 Episode Steps:   200 Return: -120.6275 FPS: 144.45
14:00:10.602 [INFO] (trainer.py:109) Total Epi:   193 Steps:   38600 Episode Steps:   200 Return: -122.7694 FPS: 145.08
14:00:12.026 [INFO] (trainer.py:109) Total Epi:   194 Steps:   38800 Episode Steps:   200 Return: -125.2291 FPS: 140.51
14:00:13.456 [INFO] (trainer.py:109) Total Epi:   195 Steps:   39000 Episode Steps:   200 Return: -232.7216 FPS: 139.98
14:00:14.850 [INFO] (trainer.py:109) Total Epi:   196 Steps:   39200 Episode Steps:   200 Return: -234.9662 FPS: 143.52
14:00:16.368 [INFO] (trainer.py:109) Total Epi:   197 Steps:   39400 Episode Steps:   200 Return: -231.7896 FPS: 131.86
14:00:17.763 [INFO] (trainer.py:109) Total Epi:   198 Steps:   39600 Episode Steps:   200 Return: -232.0039 FPS: 143.51
14:00:19.377 [INFO] (trainer.py:109) Total Epi:   199 Steps:   39800 Episode Steps:   200 Return: -342.2257 FPS: 124.01
14:00:20.809 [INFO] (trainer.py:109) Total Epi:   200 Steps:   40000 Episode Steps:   200 Return: -117.5887 FPS: 139.72
14:00:21.375 [INFO] (trainer.py:137) Evaluation Total Steps:   40000 Average Reward -216.4040 over  5 episodes
14:00:22.977 [INFO] (trainer.py:109) Total Epi:   201 Steps:   40200 Episode Steps:   200 Return: -119.0752 FPS: 92.28
14:00:24.569 [INFO] (trainer.py:109) Total Epi:   202 Steps:   40400 Episode Steps:   200 Return: -123.1754 FPS: 125.78
14:00:26.224 [INFO] (trainer.py:109) Total Epi:   203 Steps:   40600 Episode Steps:   200 Return: -124.3294 FPS: 120.97
14:00:27.897 [INFO] (trainer.py:109) Total Epi:   204 Steps:   40800 Episode Steps:   200 Return: -120.9014 FPS: 119.58
14:00:29.772 [INFO] (trainer.py:109) Total Epi:   205 Steps:   41000 Episode Steps:   200 Return: -227.2069 FPS: 106.72
14:00:31.321 [INFO] (trainer.py:109) Total Epi:   206 Steps:   41200 Episode Steps:   200 Return: -118.3806 FPS: 129.22
14:00:33.003 [INFO] (trainer.py:109) Total Epi:   207 Steps:   41400 Episode Steps:   200 Return: -121.4948 FPS: 118.97
14:00:34.944 [INFO] (trainer.py:109) Total Epi:   208 Steps:   41600 Episode Steps:   200 Return: -125.8968 FPS: 103.13
14:00:37.050 [INFO] (trainer.py:109) Total Epi:   209 Steps:   41800 Episode Steps:   200 Return: -122.9664 FPS: 94.99
14:00:39.158 [INFO] (trainer.py:109) Total Epi:   210 Steps:   42000 Episode Steps:   200 Return: -115.5660 FPS: 94.95
14:00:41.351 [INFO] (trainer.py:109) Total Epi:   211 Steps:   42200 Episode Steps:   200 Return: -115.5333 FPS: 91.24
14:00:43.506 [INFO] (trainer.py:109) Total Epi:   212 Steps:   42400 Episode Steps:   200 Return: -121.2176 FPS: 92.83
14:00:45.360 [INFO] (trainer.py:109) Total Epi:   213 Steps:   42600 Episode Steps:   200 Return: -126.6401 FPS: 108.02
14:00:47.085 [INFO] (trainer.py:109) Total Epi:   214 Steps:   42800 Episode Steps:   200 Return: -229.6289 FPS: 116.04
14:00:48.996 [INFO] (trainer.py:109) Total Epi:   215 Steps:   43000 Episode Steps:   200 Return: -246.9147 FPS: 104.71
14:00:50.453 [INFO] (trainer.py:109) Total Epi:   216 Steps:   43200 Episode Steps:   200 Return: -275.0011 FPS: 137.42
14:00:52.035 [INFO] (trainer.py:109) Total Epi:   217 Steps:   43400 Episode Steps:   200 Return: -244.4966 FPS: 126.49
14:00:53.458 [INFO] (trainer.py:109) Total Epi:   218 Steps:   43600 Episode Steps:   200 Return: -227.7572 FPS: 140.60
14:00:54.886 [INFO] (trainer.py:109) Total Epi:   219 Steps:   43800 Episode Steps:   200 Return: -250.3503 FPS: 140.12
14:00:56.307 [INFO] (trainer.py:109) Total Epi:   220 Steps:   44000 Episode Steps:   200 Return: -120.5873 FPS: 140.89
14:00:57.724 [INFO] (trainer.py:109) Total Epi:   221 Steps:   44200 Episode Steps:   200 Return: -240.2677 FPS: 141.29
14:00:59.178 [INFO] (trainer.py:109) Total Epi:   222 Steps:   44400 Episode Steps:   200 Return: -122.5008 FPS: 137.57
14:01:00.569 [INFO] (trainer.py:109) Total Epi:   223 Steps:   44600 Episode Steps:   200 Return: -125.2841 FPS: 143.92
14:01:01.958 [INFO] (trainer.py:109) Total Epi:   224 Steps:   44800 Episode Steps:   200 Return: -123.3725 FPS: 144.12
14:01:03.356 [INFO] (trainer.py:109) Total Epi:   225 Steps:   45000 Episode Steps:   200 Return: -114.3978 FPS: 143.14
14:01:04.755 [INFO] (trainer.py:109) Total Epi:   226 Steps:   45200 Episode Steps:   200 Return: -2.5009 FPS: 143.04
14:01:06.713 [INFO] (trainer.py:109) Total Epi:   227 Steps:   45400 Episode Steps:   200 Return: -118.5981 FPS: 102.17
14:01:09.350 [INFO] (trainer.py:109) Total Epi:   228 Steps:   45600 Episode Steps:   200 Return: -126.8205 FPS: 75.88
14:01:11.196 [INFO] (trainer.py:109) Total Epi:   229 Steps:   45800 Episode Steps:   200 Return: -120.7748 FPS: 108.42
14:01:12.981 [INFO] (trainer.py:109) Total Epi:   230 Steps:   46000 Episode Steps:   200 Return: -118.0825 FPS: 112.14
14:01:14.389 [INFO] (trainer.py:109) Total Epi:   231 Steps:   46200 Episode Steps:   200 Return: -1.2073 FPS: 142.14
14:01:15.788 [INFO] (trainer.py:109) Total Epi:   232 Steps:   46400 Episode Steps:   200 Return: -236.3958 FPS: 143.07
14:01:17.194 [INFO] (trainer.py:109) Total Epi:   233 Steps:   46600 Episode Steps:   200 Return: -122.8505 FPS: 142.38
14:01:18.574 [INFO] (trainer.py:109) Total Epi:   234 Steps:   46800 Episode Steps:   200 Return: -250.2080 FPS: 145.02
14:01:19.961 [INFO] (trainer.py:109) Total Epi:   235 Steps:   47000 Episode Steps:   200 Return: -320.2781 FPS: 144.27
14:01:21.342 [INFO] (trainer.py:109) Total Epi:   236 Steps:   47200 Episode Steps:   200 Return: -234.3690 FPS: 144.97
14:01:22.890 [INFO] (trainer.py:109) Total Epi:   237 Steps:   47400 Episode Steps:   200 Return: -114.5168 FPS: 129.24
14:01:24.294 [INFO] (trainer.py:109) Total Epi:   238 Steps:   47600 Episode Steps:   200 Return: -122.0576 FPS: 142.57
14:01:25.685 [INFO] (trainer.py:109) Total Epi:   239 Steps:   47800 Episode Steps:   200 Return: -126.6848 FPS: 143.92
14:01:27.074 [INFO] (trainer.py:109) Total Epi:   240 Steps:   48000 Episode Steps:   200 Return: -115.7201 FPS: 144.04
14:01:28.465 [INFO] (trainer.py:109) Total Epi:   241 Steps:   48200 Episode Steps:   200 Return: -243.2735 FPS: 143.91
14:01:29.855 [INFO] (trainer.py:109) Total Epi:   242 Steps:   48400 Episode Steps:   200 Return: -120.5883 FPS: 144.02
14:01:31.246 [INFO] (trainer.py:109) Total Epi:   243 Steps:   48600 Episode Steps:   200 Return: -126.0359 FPS: 143.84
14:01:32.628 [INFO] (trainer.py:109) Total Epi:   244 Steps:   48800 Episode Steps:   200 Return: -242.6546 FPS: 144.79
14:01:34.012 [INFO] (trainer.py:109) Total Epi:   245 Steps:   49000 Episode Steps:   200 Return: -118.0033 FPS: 144.60
14:01:35.401 [INFO] (trainer.py:109) Total Epi:   246 Steps:   49200 Episode Steps:   200 Return: -343.8392 FPS: 144.17
14:01:36.797 [INFO] (trainer.py:109) Total Epi:   247 Steps:   49400 Episode Steps:   200 Return: -127.6095 FPS: 143.35
14:01:38.196 [INFO] (trainer.py:109) Total Epi:   248 Steps:   49600 Episode Steps:   200 Return: -2.1721 FPS: 143.10
14:01:39.581 [INFO] (trainer.py:109) Total Epi:   249 Steps:   49800 Episode Steps:   200 Return: -124.7793 FPS: 144.48
14:01:40.966 [INFO] (trainer.py:109) Total Epi:   250 Steps:   50000 Episode Steps:   200 Return: -228.4619 FPS: 144.46
14:01:41.512 [INFO] (trainer.py:137) Evaluation Total Steps:   50000 Average Reward -140.1946 over  5 episodes
14:01:42.949 [INFO] (trainer.py:109) Total Epi:   251 Steps:   50200 Episode Steps:   200 Return: -120.5910 FPS: 100.90
14:01:44.330 [INFO] (trainer.py:109) Total Epi:   252 Steps:   50400 Episode Steps:   200 Return: -115.8665 FPS: 144.91
14:01:45.711 [INFO] (trainer.py:109) Total Epi:   253 Steps:   50600 Episode Steps:   200 Return: -116.7463 FPS: 145.02
14:01:47.089 [INFO] (trainer.py:109) Total Epi:   254 Steps:   50800 Episode Steps:   200 Return: -226.5702 FPS: 145.23
14:01:48.529 [INFO] (trainer.py:109) Total Epi:   255 Steps:   51000 Episode Steps:   200 Return: -127.3431 FPS: 138.97
14:01:50.175 [INFO] (trainer.py:109) Total Epi:   256 Steps:   51200 Episode Steps:   200 Return: -232.4523 FPS: 121.55
14:01:52.008 [INFO] (trainer.py:109) Total Epi:   257 Steps:   51400 Episode Steps:   200 Return: -123.6777 FPS: 109.16
14:01:53.459 [INFO] (trainer.py:109) Total Epi:   258 Steps:   51600 Episode Steps:   200 Return: -243.5764 FPS: 137.95
14:01:55.176 [INFO] (trainer.py:109) Total Epi:   259 Steps:   51800 Episode Steps:   200 Return: -227.7629 FPS: 116.56
14:01:56.668 [INFO] (trainer.py:109) Total Epi:   260 Steps:   52000 Episode Steps:   200 Return: -339.5694 FPS: 134.14
14:01:58.103 [INFO] (trainer.py:109) Total Epi:   261 Steps:   52200 Episode Steps:   200 Return: -127.7386 FPS: 139.45
14:01:59.848 [INFO] (trainer.py:109) Total Epi:   262 Steps:   52400 Episode Steps:   200 Return: -121.3797 FPS: 114.72
14:02:01.733 [INFO] (trainer.py:109) Total Epi:   263 Steps:   52600 Episode Steps:   200 Return: -242.1869 FPS: 106.16
14:02:03.186 [INFO] (trainer.py:109) Total Epi:   264 Steps:   52800 Episode Steps:   200 Return: -118.3562 FPS: 137.75
14:02:04.621 [INFO] (trainer.py:109) Total Epi:   265 Steps:   53000 Episode Steps:   200 Return: -228.7236 FPS: 139.43
14:02:06.041 [INFO] (trainer.py:109) Total Epi:   266 Steps:   53200 Episode Steps:   200 Return: -117.1621 FPS: 140.88
14:02:07.520 [INFO] (trainer.py:109) Total Epi:   267 Steps:   53400 Episode Steps:   200 Return: -127.2389 FPS: 135.33
14:02:09.074 [INFO] (trainer.py:109) Total Epi:   268 Steps:   53600 Episode Steps:   200 Return: -123.3559 FPS: 128.83
14:02:10.477 [INFO] (trainer.py:109) Total Epi:   269 Steps:   53800 Episode Steps:   200 Return: -3.3584 FPS: 142.62
14:02:11.938 [INFO] (trainer.py:109) Total Epi:   270 Steps:   54000 Episode Steps:   200 Return: -242.4337 FPS: 136.97
14:02:13.479 [INFO] (trainer.py:109) Total Epi:   271 Steps:   54200 Episode Steps:   200 Return: -125.0210 FPS: 129.84
14:02:15.080 [INFO] (trainer.py:109) Total Epi:   272 Steps:   54400 Episode Steps:   200 Return: -122.3253 FPS: 125.04
14:02:16.805 [INFO] (trainer.py:109) Total Epi:   273 Steps:   54600 Episode Steps:   200 Return: -121.5353 FPS: 116.01
14:02:18.619 [INFO] (trainer.py:109) Total Epi:   274 Steps:   54800 Episode Steps:   200 Return: -125.6763 FPS: 110.28
14:02:20.103 [INFO] (trainer.py:109) Total Epi:   275 Steps:   55000 Episode Steps:   200 Return: -124.8490 FPS: 134.93
14:02:21.554 [INFO] (trainer.py:109) Total Epi:   276 Steps:   55200 Episode Steps:   200 Return: -121.6258 FPS: 137.88
14:02:23.009 [INFO] (trainer.py:109) Total Epi:   277 Steps:   55400 Episode Steps:   200 Return: -126.1854 FPS: 137.55
14:02:24.443 [INFO] (trainer.py:109) Total Epi:   278 Steps:   55600 Episode Steps:   200 Return: -234.0896 FPS: 139.54
14:02:26.228 [INFO] (trainer.py:109) Total Epi:   279 Steps:   55800 Episode Steps:   200 Return: -243.4623 FPS: 112.11
14:02:28.106 [INFO] (trainer.py:109) Total Epi:   280 Steps:   56000 Episode Steps:   200 Return: -118.2800 FPS: 106.60
14:02:29.890 [INFO] (trainer.py:109) Total Epi:   281 Steps:   56200 Episode Steps:   200 Return: -239.7550 FPS: 112.15
14:02:31.492 [INFO] (trainer.py:109) Total Epi:   282 Steps:   56400 Episode Steps:   200 Return: -124.7539 FPS: 124.94
14:02:33.272 [INFO] (trainer.py:109) Total Epi:   283 Steps:   56600 Episode Steps:   200 Return: -1.8721 FPS: 112.41
14:02:34.831 [INFO] (trainer.py:109) Total Epi:   284 Steps:   56800 Episode Steps:   200 Return: -117.1838 FPS: 128.38
14:02:36.596 [INFO] (trainer.py:109) Total Epi:   285 Steps:   57000 Episode Steps:   200 Return: -126.9572 FPS: 113.37
14:02:38.468 [INFO] (trainer.py:109) Total Epi:   286 Steps:   57200 Episode Steps:   200 Return: -233.1754 FPS: 106.89
14:02:40.253 [INFO] (trainer.py:109) Total Epi:   287 Steps:   57400 Episode Steps:   200 Return: -116.5522 FPS: 112.08
14:02:41.664 [INFO] (trainer.py:109) Total Epi:   288 Steps:   57600 Episode Steps:   200 Return: -116.8252 FPS: 141.93
14:02:43.150 [INFO] (trainer.py:109) Total Epi:   289 Steps:   57800 Episode Steps:   200 Return: -2.2376 FPS: 134.59
14:02:44.559 [INFO] (trainer.py:109) Total Epi:   290 Steps:   58000 Episode Steps:   200 Return: -121.7750 FPS: 142.13
14:02:46.042 [INFO] (trainer.py:109) Total Epi:   291 Steps:   58200 Episode Steps:   200 Return: -2.4444 FPS: 134.94
14:02:47.487 [INFO] (trainer.py:109) Total Epi:   292 Steps:   58400 Episode Steps:   200 Return: -3.9249 FPS: 138.43
14:02:48.953 [INFO] (trainer.py:109) Total Epi:   293 Steps:   58600 Episode Steps:   200 Return: -237.5957 FPS: 136.56
14:02:50.387 [INFO] (trainer.py:109) Total Epi:   294 Steps:   58800 Episode Steps:   200 Return: -230.4074 FPS: 139.56
14:02:51.951 [INFO] (trainer.py:109) Total Epi:   295 Steps:   59000 Episode Steps:   200 Return: -122.9555 FPS: 128.00
14:02:53.542 [INFO] (trainer.py:109) Total Epi:   296 Steps:   59200 Episode Steps:   200 Return: -123.7638 FPS: 125.78
14:02:55.074 [INFO] (trainer.py:109) Total Epi:   297 Steps:   59400 Episode Steps:   200 Return: -118.9990 FPS: 130.64
14:02:56.480 [INFO] (trainer.py:109) Total Epi:   298 Steps:   59600 Episode Steps:   200 Return: -234.9366 FPS: 142.32
14:02:57.902 [INFO] (trainer.py:109) Total Epi:   299 Steps:   59800 Episode Steps:   200 Return: -125.4493 FPS: 140.71
14:02:59.338 [INFO] (trainer.py:109) Total Epi:   300 Steps:   60000 Episode Steps:   200 Return: -1.3025 FPS: 139.35
14:02:59.995 [INFO] (trainer.py:137) Evaluation Total Steps:   60000 Average Reward -160.1806 over  5 episodes
14:03:01.536 [INFO] (trainer.py:109) Total Epi:   301 Steps:   60200 Episode Steps:   200 Return: -240.8393 FPS: 91.06
14:03:03.071 [INFO] (trainer.py:109) Total Epi:   302 Steps:   60400 Episode Steps:   200 Return: -124.6146 FPS: 130.33
14:03:04.554 [INFO] (trainer.py:109) Total Epi:   303 Steps:   60600 Episode Steps:   200 Return: -126.1614 FPS: 135.00
14:03:05.964 [INFO] (trainer.py:109) Total Epi:   304 Steps:   60800 Episode Steps:   200 Return: -232.4727 FPS: 141.93
14:03:07.725 [INFO] (trainer.py:109) Total Epi:   305 Steps:   61000 Episode Steps:   200 Return: -228.9180 FPS: 113.62
14:03:09.835 [INFO] (trainer.py:109) Total Epi:   306 Steps:   61200 Episode Steps:   200 Return: -251.4721 FPS: 94.81
14:03:11.538 [INFO] (trainer.py:109) Total Epi:   307 Steps:   61400 Episode Steps:   200 Return: -230.9816 FPS: 117.61
14:03:12.964 [INFO] (trainer.py:109) Total Epi:   308 Steps:   61600 Episode Steps:   200 Return: -126.8006 FPS: 140.34
14:03:14.381 [INFO] (trainer.py:109) Total Epi:   309 Steps:   61800 Episode Steps:   200 Return: -126.2479 FPS: 141.24
14:03:15.959 [INFO] (trainer.py:109) Total Epi:   310 Steps:   62000 Episode Steps:   200 Return: -247.4323 FPS: 126.76
14:03:17.395 [INFO] (trainer.py:109) Total Epi:   311 Steps:   62200 Episode Steps:   200 Return: -1.4111 FPS: 139.35
14:03:18.810 [INFO] (trainer.py:109) Total Epi:   312 Steps:   62400 Episode Steps:   200 Return: -232.4010 FPS: 141.43
14:03:20.219 [INFO] (trainer.py:109) Total Epi:   313 Steps:   62600 Episode Steps:   200 Return: -240.1214 FPS: 142.06
14:03:21.639 [INFO] (trainer.py:109) Total Epi:   314 Steps:   62800 Episode Steps:   200 Return: -351.6568 FPS: 140.99
14:03:23.051 [INFO] (trainer.py:109) Total Epi:   315 Steps:   63000 Episode Steps:   200 Return: -2.3077 FPS: 141.72
14:03:24.468 [INFO] (trainer.py:109) Total Epi:   316 Steps:   63200 Episode Steps:   200 Return: -125.5412 FPS: 141.27
14:03:25.888 [INFO] (trainer.py:109) Total Epi:   317 Steps:   63400 Episode Steps:   200 Return: -126.8563 FPS: 140.94
14:03:27.293 [INFO] (trainer.py:109) Total Epi:   318 Steps:   63600 Episode Steps:   200 Return: -121.9849 FPS: 142.44
14:03:28.710 [INFO] (trainer.py:109) Total Epi:   319 Steps:   63800 Episode Steps:   200 Return: -120.2957 FPS: 141.20
14:03:30.116 [INFO] (trainer.py:109) Total Epi:   320 Steps:   64000 Episode Steps:   200 Return: -238.9650 FPS: 142.41
14:03:31.551 [INFO] (trainer.py:109) Total Epi:   321 Steps:   64200 Episode Steps:   200 Return: -119.2179 FPS: 139.39
14:03:32.964 [INFO] (trainer.py:109) Total Epi:   322 Steps:   64400 Episode Steps:   200 Return: -123.3215 FPS: 141.64
14:03:34.369 [INFO] (trainer.py:109) Total Epi:   323 Steps:   64600 Episode Steps:   200 Return: -231.2467 FPS: 142.47
14:03:35.754 [INFO] (trainer.py:109) Total Epi:   324 Steps:   64800 Episode Steps:   200 Return: -3.5024 FPS: 144.52
14:03:37.155 [INFO] (trainer.py:109) Total Epi:   325 Steps:   65000 Episode Steps:   200 Return: -238.4185 FPS: 142.79
14:03:38.554 [INFO] (trainer.py:109) Total Epi:   326 Steps:   65200 Episode Steps:   200 Return: -5.2779 FPS: 143.11
14:03:39.956 [INFO] (trainer.py:109) Total Epi:   327 Steps:   65400 Episode Steps:   200 Return: -120.9921 FPS: 142.78
14:03:41.351 [INFO] (trainer.py:109) Total Epi:   328 Steps:   65600 Episode Steps:   200 Return: -236.6268 FPS: 143.41
14:03:42.752 [INFO] (trainer.py:109) Total Epi:   329 Steps:   65800 Episode Steps:   200 Return: -121.6720 FPS: 142.91
14:03:44.155 [INFO] (trainer.py:109) Total Epi:   330 Steps:   66000 Episode Steps:   200 Return: -235.5784 FPS: 142.64
14:03:45.720 [INFO] (trainer.py:109) Total Epi:   331 Steps:   66200 Episode Steps:   200 Return: -122.0634 FPS: 127.86
14:03:47.142 [INFO] (trainer.py:109) Total Epi:   332 Steps:   66400 Episode Steps:   200 Return: -233.9319 FPS: 140.74
14:03:48.596 [INFO] (trainer.py:109) Total Epi:   333 Steps:   66600 Episode Steps:   200 Return: -2.3067 FPS: 137.66
14:03:50.005 [INFO] (trainer.py:109) Total Epi:   334 Steps:   66800 Episode Steps:   200 Return: -124.9966 FPS: 142.02
14:03:51.414 [INFO] (trainer.py:109) Total Epi:   335 Steps:   67000 Episode Steps:   200 Return: -231.6775 FPS: 142.03
14:03:52.863 [INFO] (trainer.py:109) Total Epi:   336 Steps:   67200 Episode Steps:   200 Return: -124.1082 FPS: 138.15
14:03:54.259 [INFO] (trainer.py:109) Total Epi:   337 Steps:   67400 Episode Steps:   200 Return: -126.6212 FPS: 143.31
14:03:55.674 [INFO] (trainer.py:109) Total Epi:   338 Steps:   67600 Episode Steps:   200 Return: -2.2373 FPS: 141.43
14:03:57.077 [INFO] (trainer.py:109) Total Epi:   339 Steps:   67800 Episode Steps:   200 Return: -121.6145 FPS: 142.71
14:03:58.479 [INFO] (trainer.py:109) Total Epi:   340 Steps:   68000 Episode Steps:   200 Return: -238.3192 FPS: 142.72
14:03:59.890 [INFO] (trainer.py:109) Total Epi:   341 Steps:   68200 Episode Steps:   200 Return: -117.8547 FPS: 141.82
14:04:01.297 [INFO] (trainer.py:109) Total Epi:   342 Steps:   68400 Episode Steps:   200 Return: -125.6224 FPS: 142.32
14:04:02.735 [INFO] (trainer.py:109) Total Epi:   343 Steps:   68600 Episode Steps:   200 Return: -123.2936 FPS: 139.14
14:04:04.276 [INFO] (trainer.py:109) Total Epi:   344 Steps:   68800 Episode Steps:   200 Return: -233.3407 FPS: 129.85
14:04:05.806 [INFO] (trainer.py:109) Total Epi:   345 Steps:   69000 Episode Steps:   200 Return: -122.2821 FPS: 130.87
14:04:07.403 [INFO] (trainer.py:109) Total Epi:   346 Steps:   69200 Episode Steps:   200 Return: -119.8142 FPS: 125.31
14:04:09.236 [INFO] (trainer.py:109) Total Epi:   347 Steps:   69400 Episode Steps:   200 Return: -118.1198 FPS: 109.16
14:04:10.982 [INFO] (trainer.py:109) Total Epi:   348 Steps:   69600 Episode Steps:   200 Return: -119.9320 FPS: 114.67
14:04:13.293 [INFO] (trainer.py:109) Total Epi:   349 Steps:   69800 Episode Steps:   200 Return: -124.6263 FPS: 86.64
14:04:16.455 [INFO] (trainer.py:109) Total Epi:   350 Steps:   70000 Episode Steps:   200 Return: -123.6876 FPS: 63.27
14:04:17.756 [INFO] (trainer.py:137) Evaluation Total Steps:   70000 Average Reward -121.4489 over  5 episodes
14:04:19.517 [INFO] (trainer.py:109) Total Epi:   351 Steps:   70200 Episode Steps:   200 Return: -245.4957 FPS: 65.35
14:04:21.030 [INFO] (trainer.py:109) Total Epi:   352 Steps:   70400 Episode Steps:   200 Return: -238.2584 FPS: 132.29
14:04:22.667 [INFO] (trainer.py:109) Total Epi:   353 Steps:   70600 Episode Steps:   200 Return: -116.3372 FPS: 122.25
14:04:24.097 [INFO] (trainer.py:109) Total Epi:   354 Steps:   70800 Episode Steps:   200 Return: -122.5093 FPS: 139.99
14:04:25.485 [INFO] (trainer.py:109) Total Epi:   355 Steps:   71000 Episode Steps:   200 Return: -228.6945 FPS: 144.16
14:04:26.873 [INFO] (trainer.py:109) Total Epi:   356 Steps:   71200 Episode Steps:   200 Return: -233.1945 FPS: 144.18
14:04:28.270 [INFO] (trainer.py:109) Total Epi:   357 Steps:   71400 Episode Steps:   200 Return: -373.2552 FPS: 143.29
14:04:29.911 [INFO] (trainer.py:109) Total Epi:   358 Steps:   71600 Episode Steps:   200 Return: -5.5013 FPS: 121.98
14:04:31.320 [INFO] (trainer.py:109) Total Epi:   359 Steps:   71800 Episode Steps:   200 Return: -122.7267 FPS: 141.98
14:04:32.724 [INFO] (trainer.py:109) Total Epi:   360 Steps:   72000 Episode Steps:   200 Return: -120.6988 FPS: 142.64
14:04:34.117 [INFO] (trainer.py:109) Total Epi:   361 Steps:   72200 Episode Steps:   200 Return: -131.5062 FPS: 143.63
14:04:35.536 [INFO] (trainer.py:109) Total Epi:   362 Steps:   72400 Episode Steps:   200 Return: -118.4695 FPS: 141.02
14:04:37.207 [INFO] (trainer.py:109) Total Epi:   363 Steps:   72600 Episode Steps:   200 Return: -241.0907 FPS: 119.78
14:04:38.649 [INFO] (trainer.py:109) Total Epi:   364 Steps:   72800 Episode Steps:   200 Return: -118.2047 FPS: 138.83
14:04:40.445 [INFO] (trainer.py:109) Total Epi:   365 Steps:   73000 Episode Steps:   200 Return: -119.9953 FPS: 111.42
14:04:41.859 [INFO] (trainer.py:109) Total Epi:   366 Steps:   73200 Episode Steps:   200 Return: -122.8471 FPS: 141.50
14:04:43.400 [INFO] (trainer.py:109) Total Epi:   367 Steps:   73400 Episode Steps:   200 Return: -122.4766 FPS: 129.85
14:04:44.906 [INFO] (trainer.py:109) Total Epi:   368 Steps:   73600 Episode Steps:   200 Return: -119.2530 FPS: 132.87
14:04:46.301 [INFO] (trainer.py:109) Total Epi:   369 Steps:   73800 Episode Steps:   200 Return: -227.9957 FPS: 143.51
14:04:47.698 [INFO] (trainer.py:109) Total Epi:   370 Steps:   74000 Episode Steps:   200 Return: -239.3485 FPS: 143.30
14:04:49.095 [INFO] (trainer.py:109) Total Epi:   371 Steps:   74200 Episode Steps:   200 Return: -123.8273 FPS: 143.27
14:04:50.493 [INFO] (trainer.py:109) Total Epi:   372 Steps:   74400 Episode Steps:   200 Return: -126.2200 FPS: 143.14
14:04:51.905 [INFO] (trainer.py:109) Total Epi:   373 Steps:   74600 Episode Steps:   200 Return: -124.4052 FPS: 141.77
14:04:53.297 [INFO] (trainer.py:109) Total Epi:   374 Steps:   74800 Episode Steps:   200 Return: -3.1278 FPS: 143.77
14:04:54.685 [INFO] (trainer.py:109) Total Epi:   375 Steps:   75000 Episode Steps:   200 Return: -125.7067 FPS: 144.18
14:04:56.113 [INFO] (trainer.py:109) Total Epi:   376 Steps:   75200 Episode Steps:   200 Return: -247.4853 FPS: 140.15
14:04:57.511 [INFO] (trainer.py:109) Total Epi:   377 Steps:   75400 Episode Steps:   200 Return: -125.9367 FPS: 143.18
14:04:58.912 [INFO] (trainer.py:109) Total Epi:   378 Steps:   75600 Episode Steps:   200 Return: -115.5784 FPS: 142.84
14:05:00.294 [INFO] (trainer.py:109) Total Epi:   379 Steps:   75800 Episode Steps:   200 Return: -120.4811 FPS: 144.80
14:05:01.680 [INFO] (trainer.py:109) Total Epi:   380 Steps:   76000 Episode Steps:   200 Return: -122.1217 FPS: 144.37
14:05:03.065 [INFO] (trainer.py:109) Total Epi:   381 Steps:   76200 Episode Steps:   200 Return: -126.5280 FPS: 144.55
14:05:04.455 [INFO] (trainer.py:109) Total Epi:   382 Steps:   76400 Episode Steps:   200 Return: -123.7717 FPS: 143.99
14:05:05.852 [INFO] (trainer.py:109) Total Epi:   383 Steps:   76600 Episode Steps:   200 Return: -122.4505 FPS: 143.26
14:05:07.246 [INFO] (trainer.py:109) Total Epi:   384 Steps:   76800 Episode Steps:   200 Return: -126.0056 FPS: 143.57
14:05:08.658 [INFO] (trainer.py:109) Total Epi:   385 Steps:   77000 Episode Steps:   200 Return: -2.9284 FPS: 141.69
14:05:10.093 [INFO] (trainer.py:109) Total Epi:   386 Steps:   77200 Episode Steps:   200 Return: -336.3788 FPS: 139.53
14:05:11.496 [INFO] (trainer.py:109) Total Epi:   387 Steps:   77400 Episode Steps:   200 Return: -3.6208 FPS: 142.64
14:05:12.886 [INFO] (trainer.py:109) Total Epi:   388 Steps:   77600 Episode Steps:   200 Return: -338.5026 FPS: 143.94
14:05:14.276 [INFO] (trainer.py:109) Total Epi:   389 Steps:   77800 Episode Steps:   200 Return: -123.5110 FPS: 144.05
14:05:15.659 [INFO] (trainer.py:109) Total Epi:   390 Steps:   78000 Episode Steps:   200 Return: -126.9002 FPS: 144.71
14:05:17.054 [INFO] (trainer.py:109) Total Epi:   391 Steps:   78200 Episode Steps:   200 Return: -120.8217 FPS: 143.42
14:05:18.448 [INFO] (trainer.py:109) Total Epi:   392 Steps:   78400 Episode Steps:   200 Return: -116.5338 FPS: 143.62
14:05:19.842 [INFO] (trainer.py:109) Total Epi:   393 Steps:   78600 Episode Steps:   200 Return: -125.9331 FPS: 143.58
14:05:21.232 [INFO] (trainer.py:109) Total Epi:   394 Steps:   78800 Episode Steps:   200 Return: -230.7672 FPS: 143.94
14:05:22.633 [INFO] (trainer.py:109) Total Epi:   395 Steps:   79000 Episode Steps:   200 Return: -1.1810 FPS: 142.86
14:05:24.029 [INFO] (trainer.py:109) Total Epi:   396 Steps:   79200 Episode Steps:   200 Return: -235.1324 FPS: 143.40
14:05:25.416 [INFO] (trainer.py:109) Total Epi:   397 Steps:   79400 Episode Steps:   200 Return: -127.7306 FPS: 144.28
14:05:26.807 [INFO] (trainer.py:109) Total Epi:   398 Steps:   79600 Episode Steps:   200 Return: -119.8083 FPS: 143.93
14:05:28.198 [INFO] (trainer.py:109) Total Epi:   399 Steps:   79800 Episode Steps:   200 Return: -116.5290 FPS: 143.87
14:05:29.610 [INFO] (trainer.py:109) Total Epi:   400 Steps:   80000 Episode Steps:   200 Return: -126.0964 FPS: 141.72
14:05:30.168 [INFO] (trainer.py:137) Evaluation Total Steps:   80000 Average Reward -97.8430 over  5 episodes
14:05:31.655 [INFO] (trainer.py:109) Total Epi:   401 Steps:   80200 Episode Steps:   200 Return: -230.2139 FPS: 97.84
14:05:33.115 [INFO] (trainer.py:109) Total Epi:   402 Steps:   80400 Episode Steps:   200 Return: -1.6147 FPS: 137.05
14:05:34.529 [INFO] (trainer.py:109) Total Epi:   403 Steps:   80600 Episode Steps:   200 Return: -117.4316 FPS: 141.65
14:05:35.924 [INFO] (trainer.py:109) Total Epi:   404 Steps:   80800 Episode Steps:   200 Return: -116.8918 FPS: 143.43
14:05:37.323 [INFO] (trainer.py:109) Total Epi:   405 Steps:   81000 Episode Steps:   200 Return: -230.1450 FPS: 143.08
14:05:38.706 [INFO] (trainer.py:109) Total Epi:   406 Steps:   81200 Episode Steps:   200 Return: -125.9314 FPS: 144.67
14:05:40.093 [INFO] (trainer.py:109) Total Epi:   407 Steps:   81400 Episode Steps:   200 Return: -253.9216 FPS: 144.33
14:05:41.536 [INFO] (trainer.py:109) Total Epi:   408 Steps:   81600 Episode Steps:   200 Return: -227.2696 FPS: 138.72
14:05:43.023 [INFO] (trainer.py:109) Total Epi:   409 Steps:   81800 Episode Steps:   200 Return: -362.7031 FPS: 134.57
14:05:44.767 [INFO] (trainer.py:109) Total Epi:   410 Steps:   82000 Episode Steps:   200 Return: -119.8290 FPS: 114.70
14:05:46.451 [INFO] (trainer.py:109) Total Epi:   411 Steps:   82200 Episode Steps:   200 Return: -126.5105 FPS: 118.87
14:05:47.943 [INFO] (trainer.py:109) Total Epi:   412 Steps:   82400 Episode Steps:   200 Return: -120.9041 FPS: 134.12
14:05:49.757 [INFO] (trainer.py:109) Total Epi:   413 Steps:   82600 Episode Steps:   200 Return: -4.2059 FPS: 110.35
14:05:51.472 [INFO] (trainer.py:109) Total Epi:   414 Steps:   82800 Episode Steps:   200 Return: -254.0262 FPS: 116.71
14:05:53.176 [INFO] (trainer.py:109) Total Epi:   415 Steps:   83000 Episode Steps:   200 Return: -116.8729 FPS: 117.40
14:05:54.583 [INFO] (trainer.py:109) Total Epi:   416 Steps:   83200 Episode Steps:   200 Return: -1.5220 FPS: 142.31
14:05:56.214 [INFO] (trainer.py:109) Total Epi:   417 Steps:   83400 Episode Steps:   200 Return: -237.5311 FPS: 122.68
14:05:57.793 [INFO] (trainer.py:109) Total Epi:   418 Steps:   83600 Episode Steps:   200 Return: -234.3743 FPS: 126.86
14:05:59.292 [INFO] (trainer.py:109) Total Epi:   419 Steps:   83800 Episode Steps:   200 Return: -225.3119 FPS: 133.51
14:06:00.812 [INFO] (trainer.py:109) Total Epi:   420 Steps:   84000 Episode Steps:   200 Return: -226.3097 FPS: 131.64
14:06:02.348 [INFO] (trainer.py:109) Total Epi:   421 Steps:   84200 Episode Steps:   200 Return: -120.5171 FPS: 130.25
14:06:04.068 [INFO] (trainer.py:109) Total Epi:   422 Steps:   84400 Episode Steps:   200 Return: -121.4306 FPS: 116.41
14:06:05.556 [INFO] (trainer.py:109) Total Epi:   423 Steps:   84600 Episode Steps:   200 Return: -125.4461 FPS: 134.43
14:06:07.429 [INFO] (trainer.py:109) Total Epi:   424 Steps:   84800 Episode Steps:   200 Return: -118.4136 FPS: 106.89
14:06:08.853 [INFO] (trainer.py:109) Total Epi:   425 Steps:   85000 Episode Steps:   200 Return: -227.2641 FPS: 140.49
14:06:10.609 [INFO] (trainer.py:109) Total Epi:   426 Steps:   85200 Episode Steps:   200 Return: -2.0068 FPS: 113.95
14:06:12.365 [INFO] (trainer.py:109) Total Epi:   427 Steps:   85400 Episode Steps:   200 Return: -246.3709 FPS: 113.98
14:06:13.822 [INFO] (trainer.py:109) Total Epi:   428 Steps:   85600 Episode Steps:   200 Return: -2.1831 FPS: 137.34
14:06:15.244 [INFO] (trainer.py:109) Total Epi:   429 Steps:   85800 Episode Steps:   200 Return: -1.7169 FPS: 140.76
14:06:16.815 [INFO] (trainer.py:109) Total Epi:   430 Steps:   86000 Episode Steps:   200 Return: -240.3229 FPS: 127.43
14:06:18.638 [INFO] (trainer.py:109) Total Epi:   431 Steps:   86200 Episode Steps:   200 Return: -121.9566 FPS: 109.72
14:06:20.132 [INFO] (trainer.py:109) Total Epi:   432 Steps:   86400 Episode Steps:   200 Return: -127.6466 FPS: 133.98
14:06:21.732 [INFO] (trainer.py:109) Total Epi:   433 Steps:   86600 Episode Steps:   200 Return: -117.0798 FPS: 125.06
14:06:23.232 [INFO] (trainer.py:109) Total Epi:   434 Steps:   86800 Episode Steps:   200 Return: -115.0113 FPS: 133.48
14:06:24.653 [INFO] (trainer.py:109) Total Epi:   435 Steps:   87000 Episode Steps:   200 Return: -123.1435 FPS: 140.87
14:06:26.102 [INFO] (trainer.py:109) Total Epi:   436 Steps:   87200 Episode Steps:   200 Return: -127.9971 FPS: 138.13
14:06:27.517 [INFO] (trainer.py:109) Total Epi:   437 Steps:   87400 Episode Steps:   200 Return: -124.1213 FPS: 141.39
14:06:28.928 [INFO] (trainer.py:109) Total Epi:   438 Steps:   87600 Episode Steps:   200 Return: -123.4273 FPS: 141.84
14:06:30.452 [INFO] (trainer.py:109) Total Epi:   439 Steps:   87800 Episode Steps:   200 Return: -244.4632 FPS: 131.40
14:06:31.945 [INFO] (trainer.py:109) Total Epi:   440 Steps:   88000 Episode Steps:   200 Return: -231.1972 FPS: 134.06
14:06:33.466 [INFO] (trainer.py:109) Total Epi:   441 Steps:   88200 Episode Steps:   200 Return: -118.5876 FPS: 131.56
14:06:35.140 [INFO] (trainer.py:109) Total Epi:   442 Steps:   88400 Episode Steps:   200 Return: -1.6174 FPS: 119.63
14:06:36.648 [INFO] (trainer.py:109) Total Epi:   443 Steps:   88600 Episode Steps:   200 Return: -237.7847 FPS: 132.65
14:06:38.051 [INFO] (trainer.py:109) Total Epi:   444 Steps:   88800 Episode Steps:   200 Return: -119.5375 FPS: 142.71
14:06:39.450 [INFO] (trainer.py:109) Total Epi:   445 Steps:   89000 Episode Steps:   200 Return: -2.1207 FPS: 143.11
14:06:40.841 [INFO] (trainer.py:109) Total Epi:   446 Steps:   89200 Episode Steps:   200 Return: -116.3719 FPS: 143.83
14:06:42.232 [INFO] (trainer.py:109) Total Epi:   447 Steps:   89400 Episode Steps:   200 Return: -239.8977 FPS: 143.84
14:06:43.617 [INFO] (trainer.py:109) Total Epi:   448 Steps:   89600 Episode Steps:   200 Return: -229.4679 FPS: 144.55
14:06:45.007 [INFO] (trainer.py:109) Total Epi:   449 Steps:   89800 Episode Steps:   200 Return: -117.5901 FPS: 144.00
14:06:46.396 [INFO] (trainer.py:109) Total Epi:   450 Steps:   90000 Episode Steps:   200 Return: -1.6094 FPS: 144.13
14:06:46.951 [INFO] (trainer.py:137) Evaluation Total Steps:   90000 Average Reward -164.3725 over  5 episodes
14:06:48.480 [INFO] (trainer.py:109) Total Epi:   451 Steps:   90200 Episode Steps:   200 Return: -125.1387 FPS: 95.98
14:06:49.976 [INFO] (trainer.py:109) Total Epi:   452 Steps:   90400 Episode Steps:   200 Return: -246.0622 FPS: 133.78
14:06:51.422 [INFO] (trainer.py:109) Total Epi:   453 Steps:   90600 Episode Steps:   200 Return: -261.1304 FPS: 138.42
14:06:52.884 [INFO] (trainer.py:109) Total Epi:   454 Steps:   90800 Episode Steps:   200 Return: -233.6357 FPS: 136.89
14:06:54.281 [INFO] (trainer.py:109) Total Epi:   455 Steps:   91000 Episode Steps:   200 Return: -118.9015 FPS: 143.32
14:06:55.671 [INFO] (trainer.py:109) Total Epi:   456 Steps:   91200 Episode Steps:   200 Return: -118.8912 FPS: 143.96
14:06:57.068 [INFO] (trainer.py:109) Total Epi:   457 Steps:   91400 Episode Steps:   200 Return: -3.2121 FPS: 143.28
14:06:58.459 [INFO] (trainer.py:109) Total Epi:   458 Steps:   91600 Episode Steps:   200 Return: -118.4522 FPS: 143.94
14:06:59.930 [INFO] (trainer.py:109) Total Epi:   459 Steps:   91800 Episode Steps:   200 Return: -1.7554 FPS: 135.97
14:07:01.351 [INFO] (trainer.py:109) Total Epi:   460 Steps:   92000 Episode Steps:   200 Return: -234.5310 FPS: 140.87
14:07:02.878 [INFO] (trainer.py:109) Total Epi:   461 Steps:   92200 Episode Steps:   200 Return: -236.8328 FPS: 131.04
14:07:04.313 [INFO] (trainer.py:109) Total Epi:   462 Steps:   92400 Episode Steps:   200 Return: -118.9586 FPS: 139.45
14:07:05.701 [INFO] (trainer.py:109) Total Epi:   463 Steps:   92600 Episode Steps:   200 Return: -227.8825 FPS: 144.21
14:07:07.106 [INFO] (trainer.py:109) Total Epi:   464 Steps:   92800 Episode Steps:   200 Return: -124.3777 FPS: 142.51
14:07:08.488 [INFO] (trainer.py:109) Total Epi:   465 Steps:   93000 Episode Steps:   200 Return: -1.2344 FPS: 144.80
14:07:09.876 [INFO] (trainer.py:109) Total Epi:   466 Steps:   93200 Episode Steps:   200 Return: -119.9205 FPS: 144.16
14:07:11.264 [INFO] (trainer.py:109) Total Epi:   467 Steps:   93400 Episode Steps:   200 Return: -3.3393 FPS: 144.27
14:07:12.707 [INFO] (trainer.py:109) Total Epi:   468 Steps:   93600 Episode Steps:   200 Return: -294.9720 FPS: 138.63
14:07:14.147 [INFO] (trainer.py:109) Total Epi:   469 Steps:   93800 Episode Steps:   200 Return: -2.5784 FPS: 139.02
14:07:15.658 [INFO] (trainer.py:109) Total Epi:   470 Steps:   94000 Episode Steps:   200 Return: -120.8389 FPS: 132.41
14:07:17.222 [INFO] (trainer.py:109) Total Epi:   471 Steps:   94200 Episode Steps:   200 Return: -122.2935 FPS: 127.98
14:07:18.831 [INFO] (trainer.py:109) Total Epi:   472 Steps:   94400 Episode Steps:   200 Return: -2.3531 FPS: 124.38
14:07:20.650 [INFO] (trainer.py:109) Total Epi:   473 Steps:   94600 Episode Steps:   200 Return: -343.6648 FPS: 110.04
14:07:22.741 [INFO] (trainer.py:109) Total Epi:   474 Steps:   94800 Episode Steps:   200 Return: -123.3235 FPS: 95.70
14:07:24.194 [INFO] (trainer.py:109) Total Epi:   475 Steps:   95000 Episode Steps:   200 Return: -343.4956 FPS: 137.80
14:07:25.623 [INFO] (trainer.py:109) Total Epi:   476 Steps:   95200 Episode Steps:   200 Return: -124.2137 FPS: 140.01
14:07:27.401 [INFO] (trainer.py:109) Total Epi:   477 Steps:   95400 Episode Steps:   200 Return: -119.6980 FPS: 112.53
14:07:29.694 [INFO] (trainer.py:109) Total Epi:   478 Steps:   95600 Episode Steps:   200 Return: -239.5303 FPS: 87.29
14:07:31.585 [INFO] (trainer.py:109) Total Epi:   479 Steps:   95800 Episode Steps:   200 Return: -248.6346 FPS: 105.82
14:07:33.149 [INFO] (trainer.py:109) Total Epi:   480 Steps:   96000 Episode Steps:   200 Return: -225.8868 FPS: 127.97
14:07:34.917 [INFO] (trainer.py:109) Total Epi:   481 Steps:   96200 Episode Steps:   200 Return: -127.0828 FPS: 113.22
14:07:36.446 [INFO] (trainer.py:109) Total Epi:   482 Steps:   96400 Episode Steps:   200 Return: -2.0450 FPS: 130.84
14:07:38.125 [INFO] (trainer.py:109) Total Epi:   483 Steps:   96600 Episode Steps:   200 Return: -121.4637 FPS: 119.25
14:07:39.772 [INFO] (trainer.py:109) Total Epi:   484 Steps:   96800 Episode Steps:   200 Return: -237.8416 FPS: 121.52
14:07:41.414 [INFO] (trainer.py:109) Total Epi:   485 Steps:   97000 Episode Steps:   200 Return: -1.8111 FPS: 121.84
14:07:43.062 [INFO] (trainer.py:109) Total Epi:   486 Steps:   97200 Episode Steps:   200 Return: -1.2786 FPS: 121.46
14:07:44.714 [INFO] (trainer.py:109) Total Epi:   487 Steps:   97400 Episode Steps:   200 Return: -241.8127 FPS: 121.14
14:07:46.181 [INFO] (trainer.py:109) Total Epi:   488 Steps:   97600 Episode Steps:   200 Return: -322.4450 FPS: 136.43
14:07:48.134 [INFO] (trainer.py:109) Total Epi:   489 Steps:   97800 Episode Steps:   200 Return: -357.0558 FPS: 102.47
14:07:49.634 [INFO] (trainer.py:109) Total Epi:   490 Steps:   98000 Episode Steps:   200 Return: -125.5553 FPS: 133.38
14:07:51.108 [INFO] (trainer.py:109) Total Epi:   491 Steps:   98200 Episode Steps:   200 Return: -121.5889 FPS: 135.84
14:07:52.662 [INFO] (trainer.py:109) Total Epi:   492 Steps:   98400 Episode Steps:   200 Return: -125.7873 FPS: 128.74
14:07:54.247 [INFO] (trainer.py:109) Total Epi:   493 Steps:   98600 Episode Steps:   200 Return: -120.6942 FPS: 126.30
14:07:55.944 [INFO] (trainer.py:109) Total Epi:   494 Steps:   98800 Episode Steps:   200 Return: -124.1436 FPS: 117.87
14:07:57.553 [INFO] (trainer.py:109) Total Epi:   495 Steps:   99000 Episode Steps:   200 Return: -122.2028 FPS: 124.41
14:07:59.388 [INFO] (trainer.py:109) Total Epi:   496 Steps:   99200 Episode Steps:   200 Return: -124.7360 FPS: 109.10
14:08:00.851 [INFO] (trainer.py:109) Total Epi:   497 Steps:   99400 Episode Steps:   200 Return: -242.4803 FPS: 136.78
14:08:02.259 [INFO] (trainer.py:109) Total Epi:   498 Steps:   99600 Episode Steps:   200 Return: -121.4429 FPS: 142.22
14:08:03.703 [INFO] (trainer.py:109) Total Epi:   499 Steps:   99800 Episode Steps:   200 Return: -116.7646 FPS: 138.54
14:08:05.086 [INFO] (trainer.py:109) Total Epi:   500 Steps:  100000 Episode Steps:   200 Return: -121.8340 FPS: 144.70
14:08:05.708 [INFO] (trainer.py:137) Evaluation Total Steps:  100000 Average Reward -122.3295 over  5 episodes
14:08:07.491 [INFO] (trainer.py:109) Total Epi:   501 Steps:  100200 Episode Steps:   200 Return: -231.8174 FPS: 83.21
14:08:09.677 [INFO] (trainer.py:109) Total Epi:   502 Steps:  100400 Episode Steps:   200 Return: -116.9102 FPS: 91.54
14:08:12.818 [INFO] (trainer.py:109) Total Epi:   503 Steps:  100600 Episode Steps:   200 Return: -125.1467 FPS: 63.70
14:08:14.461 [INFO] (trainer.py:109) Total Epi:   504 Steps:  100800 Episode Steps:   200 Return: -124.6958 FPS: 122.13
14:08:15.955 [INFO] (trainer.py:109) Total Epi:   505 Steps:  101000 Episode Steps:   200 Return: -121.4919 FPS: 134.00
14:08:17.741 [INFO] (trainer.py:109) Total Epi:   506 Steps:  101200 Episode Steps:   200 Return: -125.6609 FPS: 112.08
14:08:19.249 [INFO] (trainer.py:109) Total Epi:   507 Steps:  101400 Episode Steps:   200 Return: -234.7998 FPS: 132.77
14:08:20.992 [INFO] (trainer.py:109) Total Epi:   508 Steps:  101600 Episode Steps:   200 Return: -234.1905 FPS: 114.85
14:08:22.487 [INFO] (trainer.py:109) Total Epi:   509 Steps:  101800 Episode Steps:   200 Return: -232.8662 FPS: 133.85
14:08:23.942 [INFO] (trainer.py:109) Total Epi:   510 Steps:  102000 Episode Steps:   200 Return: -118.5411 FPS: 137.53
14:08:25.505 [INFO] (trainer.py:109) Total Epi:   511 Steps:  102200 Episode Steps:   200 Return: -229.1852 FPS: 128.03
14:08:27.718 [INFO] (trainer.py:109) Total Epi:   512 Steps:  102400 Episode Steps:   200 Return: -228.4537 FPS: 90.41
14:08:29.426 [INFO] (trainer.py:109) Total Epi:   513 Steps:  102600 Episode Steps:   200 Return: -2.0774 FPS: 117.21
14:08:31.397 [INFO] (trainer.py:109) Total Epi:   514 Steps:  102800 Episode Steps:   200 Return: -115.8158 FPS: 101.48
14:08:34.180 [INFO] (trainer.py:109) Total Epi:   515 Steps:  103000 Episode Steps:   200 Return: -121.4869 FPS: 71.92
14:08:36.807 [INFO] (trainer.py:109) Total Epi:   516 Steps:  103200 Episode Steps:   200 Return: -127.2819 FPS: 76.24
14:08:39.247 [INFO] (trainer.py:109) Total Epi:   517 Steps:  103400 Episode Steps:   200 Return: -113.7141 FPS: 82.00
14:08:41.907 [INFO] (trainer.py:109) Total Epi:   518 Steps:  103600 Episode Steps:   200 Return: -2.2835 FPS: 75.22
14:08:43.685 [INFO] (trainer.py:109) Total Epi:   519 Steps:  103800 Episode Steps:   200 Return: -127.1934 FPS: 112.53
14:08:45.178 [INFO] (trainer.py:109) Total Epi:   520 Steps:  104000 Episode Steps:   200 Return: -124.2554 FPS: 134.07
14:08:46.716 [INFO] (trainer.py:109) Total Epi:   521 Steps:  104200 Episode Steps:   200 Return: -2.2598 FPS: 130.13
14:08:48.121 [INFO] (trainer.py:109) Total Epi:   522 Steps:  104400 Episode Steps:   200 Return: -120.5114 FPS: 142.44
14:08:49.520 [INFO] (trainer.py:109) Total Epi:   523 Steps:  104600 Episode Steps:   200 Return: -233.8650 FPS: 143.03
14:08:50.900 [INFO] (trainer.py:109) Total Epi:   524 Steps:  104800 Episode Steps:   200 Return: -234.4523 FPS: 145.05
14:08:52.296 [INFO] (trainer.py:109) Total Epi:   525 Steps:  105000 Episode Steps:   200 Return: -243.9859 FPS: 143.41
14:08:53.692 [INFO] (trainer.py:109) Total Epi:   526 Steps:  105200 Episode Steps:   200 Return: -124.7947 FPS: 143.38
14:08:55.196 [INFO] (trainer.py:109) Total Epi:   527 Steps:  105400 Episode Steps:   200 Return: -229.3764 FPS: 133.07
14:08:57.215 [INFO] (trainer.py:109) Total Epi:   528 Steps:  105600 Episode Steps:   200 Return: -125.4451 FPS: 99.11
14:08:59.396 [INFO] (trainer.py:109) Total Epi:   529 Steps:  105800 Episode Steps:   200 Return: -2.1284 FPS: 91.77
14:09:02.185 [INFO] (trainer.py:109) Total Epi:   530 Steps:  106000 Episode Steps:   200 Return: -120.1946 FPS: 71.85
14:09:05.422 [INFO] (trainer.py:109) Total Epi:   531 Steps:  106200 Episode Steps:   200 Return: -123.9708 FPS: 61.95
14:09:06.939 [INFO] (trainer.py:109) Total Epi:   532 Steps:  106400 Episode Steps:   200 Return: -128.2123 FPS: 131.97
14:09:08.446 [INFO] (trainer.py:109) Total Epi:   533 Steps:  106600 Episode Steps:   200 Return: -117.5192 FPS: 132.78
14:09:10.370 [INFO] (trainer.py:109) Total Epi:   534 Steps:  106800 Episode Steps:   200 Return: -118.7392 FPS: 104.00
14:09:12.502 [INFO] (trainer.py:109) Total Epi:   535 Steps:  107000 Episode Steps:   200 Return: -114.8015 FPS: 93.84
14:09:15.068 [INFO] (trainer.py:109) Total Epi:   536 Steps:  107200 Episode Steps:   200 Return: -234.1730 FPS: 77.98
14:09:18.437 [INFO] (trainer.py:109) Total Epi:   537 Steps:  107400 Episode Steps:   200 Return: -124.9160 FPS: 59.39
14:09:20.876 [INFO] (trainer.py:109) Total Epi:   538 Steps:  107600 Episode Steps:   200 Return: -127.4113 FPS: 82.04
14:09:22.703 [INFO] (trainer.py:109) Total Epi:   539 Steps:  107800 Episode Steps:   200 Return: -1.3077 FPS: 109.58
14:09:24.188 [INFO] (trainer.py:109) Total Epi:   540 Steps:  108000 Episode Steps:   200 Return: -222.6708 FPS: 134.84
14:09:25.758 [INFO] (trainer.py:109) Total Epi:   541 Steps:  108200 Episode Steps:   200 Return: -123.7951 FPS: 127.40
14:09:27.204 [INFO] (trainer.py:109) Total Epi:   542 Steps:  108400 Episode Steps:   200 Return: -114.4582 FPS: 138.40
14:09:28.607 [INFO] (trainer.py:109) Total Epi:   543 Steps:  108600 Episode Steps:   200 Return: -1.6854 FPS: 142.73
14:09:30.194 [INFO] (trainer.py:109) Total Epi:   544 Steps:  108800 Episode Steps:   200 Return: -118.5858 FPS: 126.04
14:09:31.674 [INFO] (trainer.py:109) Total Epi:   545 Steps:  109000 Episode Steps:   200 Return: -123.6707 FPS: 135.25
14:09:33.919 [INFO] (trainer.py:109) Total Epi:   546 Steps:  109200 Episode Steps:   200 Return: -118.9148 FPS: 89.13
14:09:35.340 [INFO] (trainer.py:109) Total Epi:   547 Steps:  109400 Episode Steps:   200 Return: -126.8812 FPS: 140.83
14:09:36.963 [INFO] (trainer.py:109) Total Epi:   548 Steps:  109600 Episode Steps:   200 Return: -122.6077 FPS: 123.36
14:09:39.298 [INFO] (trainer.py:109) Total Epi:   549 Steps:  109800 Episode Steps:   200 Return: -256.4966 FPS: 85.77
14:09:41.142 [INFO] (trainer.py:109) Total Epi:   550 Steps:  110000 Episode Steps:   200 Return: -114.5583 FPS: 108.53
14:09:41.715 [INFO] (trainer.py:137) Evaluation Total Steps:  110000 Average Reward -165.3656 over  5 episodes
14:09:43.857 [INFO] (trainer.py:109) Total Epi:   551 Steps:  110200 Episode Steps:   200 Return: -119.4274 FPS: 73.69
14:09:45.256 [INFO] (trainer.py:109) Total Epi:   552 Steps:  110400 Episode Steps:   200 Return: -247.3169 FPS: 143.02
14:09:46.665 [INFO] (trainer.py:109) Total Epi:   553 Steps:  110600 Episode Steps:   200 Return: -121.7215 FPS: 142.05
14:09:48.103 [INFO] (trainer.py:109) Total Epi:   554 Steps:  110800 Episode Steps:   200 Return: -347.6394 FPS: 139.17
14:09:50.322 [INFO] (trainer.py:109) Total Epi:   555 Steps:  111000 Episode Steps:   200 Return: -237.6037 FPS: 90.19
14:09:52.818 [INFO] (trainer.py:109) Total Epi:   556 Steps:  111200 Episode Steps:   200 Return: -126.8160 FPS: 80.16
14:09:54.486 [INFO] (trainer.py:109) Total Epi:   557 Steps:  111400 Episode Steps:   200 Return: -239.7069 FPS: 119.94
14:09:57.551 [INFO] (trainer.py:109) Total Epi:   558 Steps:  111600 Episode Steps:   200 Return: -115.5888 FPS: 65.28
14:10:00.054 [INFO] (trainer.py:109) Total Epi:   559 Steps:  111800 Episode Steps:   200 Return: -124.0747 FPS: 80.11
14:10:02.951 [INFO] (trainer.py:109) Total Epi:   560 Steps:  112000 Episode Steps:   200 Return: -1.4567 FPS: 69.08
14:10:05.659 [INFO] (trainer.py:109) Total Epi:   561 Steps:  112200 Episode Steps:   200 Return: -125.4637 FPS: 73.87
14:10:08.485 [INFO] (trainer.py:109) Total Epi:   562 Steps:  112400 Episode Steps:   200 Return: -117.1666 FPS: 70.81
14:10:11.067 [INFO] (trainer.py:109) Total Epi:   563 Steps:  112600 Episode Steps:   200 Return: -3.2259 FPS: 77.50
14:10:12.711 [INFO] (trainer.py:109) Total Epi:   564 Steps:  112800 Episode Steps:   200 Return: -338.4992 FPS: 121.76
14:10:14.221 [INFO] (trainer.py:109) Total Epi:   565 Steps:  113000 Episode Steps:   200 Return: -342.0981 FPS: 132.47
14:10:15.804 [INFO] (trainer.py:109) Total Epi:   566 Steps:  113200 Episode Steps:   200 Return: -126.2732 FPS: 126.43
14:10:18.204 [INFO] (trainer.py:109) Total Epi:   567 Steps:  113400 Episode Steps:   200 Return: -2.1268 FPS: 83.39
14:10:20.732 [INFO] (trainer.py:109) Total Epi:   568 Steps:  113600 Episode Steps:   200 Return: -351.0928 FPS: 79.13
14:10:24.122 [INFO] (trainer.py:109) Total Epi:   569 Steps:  113800 Episode Steps:   200 Return: -234.2943 FPS: 59.03
14:10:27.295 [INFO] (trainer.py:109) Total Epi:   570 Steps:  114000 Episode Steps:   200 Return: -115.9276 FPS: 63.04
14:10:29.419 [INFO] (trainer.py:109) Total Epi:   571 Steps:  114200 Episode Steps:   200 Return: -123.4935 FPS: 94.19
14:10:31.065 [INFO] (trainer.py:109) Total Epi:   572 Steps:  114400 Episode Steps:   200 Return: -128.0736 FPS: 121.59
14:10:32.478 [INFO] (trainer.py:109) Total Epi:   573 Steps:  114600 Episode Steps:   200 Return: -123.2091 FPS: 141.69
14:10:34.027 [INFO] (trainer.py:109) Total Epi:   574 Steps:  114800 Episode Steps:   200 Return: -223.8046 FPS: 129.21
14:10:35.428 [INFO] (trainer.py:109) Total Epi:   575 Steps:  115000 Episode Steps:   200 Return: -345.6025 FPS: 142.77
14:10:36.839 [INFO] (trainer.py:109) Total Epi:   576 Steps:  115200 Episode Steps:   200 Return: -125.9644 FPS: 141.83
14:10:38.236 [INFO] (trainer.py:109) Total Epi:   577 Steps:  115400 Episode Steps:   200 Return: -230.6648 FPS: 143.30
14:10:39.633 [INFO] (trainer.py:109) Total Epi:   578 Steps:  115600 Episode Steps:   200 Return: -1.2760 FPS: 143.30
14:10:41.029 [INFO] (trainer.py:109) Total Epi:   579 Steps:  115800 Episode Steps:   200 Return: -115.8840 FPS: 143.29
14:10:42.426 [INFO] (trainer.py:109) Total Epi:   580 Steps:  116000 Episode Steps:   200 Return: -224.5140 FPS: 143.26
14:10:43.834 [INFO] (trainer.py:109) Total Epi:   581 Steps:  116200 Episode Steps:   200 Return: -125.8405 FPS: 142.12
14:10:46.275 [INFO] (trainer.py:109) Total Epi:   582 Steps:  116400 Episode Steps:   200 Return: -235.1575 FPS: 82.00
14:10:47.923 [INFO] (trainer.py:109) Total Epi:   583 Steps:  116600 Episode Steps:   200 Return: -127.1263 FPS: 121.44
14:10:50.232 [INFO] (trainer.py:109) Total Epi:   584 Steps:  116800 Episode Steps:   200 Return: -126.3142 FPS: 86.66
14:10:51.777 [INFO] (trainer.py:109) Total Epi:   585 Steps:  117000 Episode Steps:   200 Return: -116.2816 FPS: 129.60
14:10:53.198 [INFO] (trainer.py:109) Total Epi:   586 Steps:  117200 Episode Steps:   200 Return: -118.9253 FPS: 140.79
14:10:54.715 [INFO] (trainer.py:109) Total Epi:   587 Steps:  117400 Episode Steps:   200 Return: -120.2646 FPS: 131.91
14:10:56.111 [INFO] (trainer.py:109) Total Epi:   588 Steps:  117600 Episode Steps:   200 Return: -124.1797 FPS: 143.41
14:10:57.733 [INFO] (trainer.py:109) Total Epi:   589 Steps:  117800 Episode Steps:   200 Return: -234.0522 FPS: 123.40
14:10:59.131 [INFO] (trainer.py:109) Total Epi:   590 Steps:  118000 Episode Steps:   200 Return: -245.3120 FPS: 143.13
14:11:00.526 [INFO] (trainer.py:109) Total Epi:   591 Steps:  118200 Episode Steps:   200 Return: -118.5046 FPS: 143.50
14:11:01.919 [INFO] (trainer.py:109) Total Epi:   592 Steps:  118400 Episode Steps:   200 Return: -1.4263 FPS: 143.60
14:11:03.563 [INFO] (trainer.py:109) Total Epi:   593 Steps:  118600 Episode Steps:   200 Return: -127.6330 FPS: 121.74
14:11:05.168 [INFO] (trainer.py:109) Total Epi:   594 Steps:  118800 Episode Steps:   200 Return: -123.4879 FPS: 124.76
14:11:06.723 [INFO] (trainer.py:109) Total Epi:   595 Steps:  119000 Episode Steps:   200 Return: -228.1062 FPS: 128.73
14:11:08.990 [INFO] (trainer.py:109) Total Epi:   596 Steps:  119200 Episode Steps:   200 Return: -124.8751 FPS: 88.23
14:11:11.513 [INFO] (trainer.py:109) Total Epi:   597 Steps:  119400 Episode Steps:   200 Return: -126.1639 FPS: 79.30
14:11:13.261 [INFO] (trainer.py:109) Total Epi:   598 Steps:  119600 Episode Steps:   200 Return: -123.7875 FPS: 114.49
14:11:14.771 [INFO] (trainer.py:109) Total Epi:   599 Steps:  119800 Episode Steps:   200 Return: -238.9341 FPS: 132.54
14:11:16.311 [INFO] (trainer.py:109) Total Epi:   600 Steps:  120000 Episode Steps:   200 Return: -1.3299 FPS: 129.99
14:11:16.890 [INFO] (trainer.py:137) Evaluation Total Steps:  120000 Average Reward -191.2272 over  5 episodes
14:11:18.446 [INFO] (trainer.py:109) Total Epi:   601 Steps:  120200 Episode Steps:   200 Return: -118.4035 FPS: 93.69
14:11:19.987 [INFO] (trainer.py:109) Total Epi:   602 Steps:  120400 Episode Steps:   200 Return: -250.5483 FPS: 129.94
14:11:21.514 [INFO] (trainer.py:109) Total Epi:   603 Steps:  120600 Episode Steps:   200 Return: -121.3379 FPS: 131.03
14:11:23.092 [INFO] (trainer.py:109) Total Epi:   604 Steps:  120800 Episode Steps:   200 Return: -236.1858 FPS: 126.83
14:11:24.724 [INFO] (trainer.py:109) Total Epi:   605 Steps:  121000 Episode Steps:   200 Return: -2.2943 FPS: 122.64
14:11:26.264 [INFO] (trainer.py:109) Total Epi:   606 Steps:  121200 Episode Steps:   200 Return: -125.6327 FPS: 129.98
14:11:28.396 [INFO] (trainer.py:109) Total Epi:   607 Steps:  121400 Episode Steps:   200 Return: -127.6377 FPS: 93.84
14:11:30.478 [INFO] (trainer.py:109) Total Epi:   608 Steps:  121600 Episode Steps:   200 Return: -234.4822 FPS: 96.12
14:11:31.892 [INFO] (trainer.py:109) Total Epi:   609 Steps:  121800 Episode Steps:   200 Return: -119.5741 FPS: 141.52
14:11:33.309 [INFO] (trainer.py:109) Total Epi:   610 Steps:  122000 Episode Steps:   200 Return: -238.2228 FPS: 141.22
14:11:34.998 [INFO] (trainer.py:109) Total Epi:   611 Steps:  122200 Episode Steps:   200 Return: -120.0145 FPS: 118.47
14:11:37.109 [INFO] (trainer.py:109) Total Epi:   612 Steps:  122400 Episode Steps:   200 Return: -236.1393 FPS: 94.81
14:11:39.106 [INFO] (trainer.py:109) Total Epi:   613 Steps:  122600 Episode Steps:   200 Return: -118.5335 FPS: 100.19
14:11:41.227 [INFO] (trainer.py:109) Total Epi:   614 Steps:  122800 Episode Steps:   200 Return: -117.4155 FPS: 94.41
14:11:43.691 [INFO] (trainer.py:109) Total Epi:   615 Steps:  123000 Episode Steps:   200 Return: -3.4264 FPS: 81.18
14:11:45.837 [INFO] (trainer.py:109) Total Epi:   616 Steps:  123200 Episode Steps:   200 Return: -118.6619 FPS: 93.25
14:11:47.451 [INFO] (trainer.py:109) Total Epi:   617 Steps:  123400 Episode Steps:   200 Return: -116.6010 FPS: 123.97
14:11:49.063 [INFO] (trainer.py:109) Total Epi:   618 Steps:  123600 Episode Steps:   200 Return: -123.5656 FPS: 124.14
14:11:50.526 [INFO] (trainer.py:109) Total Epi:   619 Steps:  123800 Episode Steps:   200 Return: -122.1728 FPS: 136.82
14:11:51.984 [INFO] (trainer.py:109) Total Epi:   620 Steps:  124000 Episode Steps:   200 Return: -237.7195 FPS: 137.29
14:11:53.659 [INFO] (trainer.py:109) Total Epi:   621 Steps:  124200 Episode Steps:   200 Return: -121.2945 FPS: 119.43
14:11:55.205 [INFO] (trainer.py:109) Total Epi:   622 Steps:  124400 Episode Steps:   200 Return: -3.1774 FPS: 129.49
14:11:56.726 [INFO] (trainer.py:109) Total Epi:   623 Steps:  124600 Episode Steps:   200 Return: -117.2453 FPS: 131.57
14:11:58.222 [INFO] (trainer.py:109) Total Epi:   624 Steps:  124800 Episode Steps:   200 Return: -0.9568 FPS: 133.77
14:11:59.651 [INFO] (trainer.py:109) Total Epi:   625 Steps:  125000 Episode Steps:   200 Return: -2.7442 FPS: 140.04
14:12:01.231 [INFO] (trainer.py:109) Total Epi:   626 Steps:  125200 Episode Steps:   200 Return: -348.4712 FPS: 126.65
14:12:02.769 [INFO] (trainer.py:109) Total Epi:   627 Steps:  125400 Episode Steps:   200 Return: -121.4450 FPS: 130.16
14:12:04.504 [INFO] (trainer.py:109) Total Epi:   628 Steps:  125600 Episode Steps:   200 Return: -4.2759 FPS: 115.37
14:12:06.112 [INFO] (trainer.py:109) Total Epi:   629 Steps:  125800 Episode Steps:   200 Return: -126.6736 FPS: 124.41
14:12:07.758 [INFO] (trainer.py:109) Total Epi:   630 Steps:  126000 Episode Steps:   200 Return: -123.1021 FPS: 121.59
14:12:09.368 [INFO] (trainer.py:109) Total Epi:   631 Steps:  126200 Episode Steps:   200 Return: -121.9637 FPS: 124.33
14:12:10.792 [INFO] (trainer.py:109) Total Epi:   632 Steps:  126400 Episode Steps:   200 Return: -125.9000 FPS: 140.46
14:12:12.390 [INFO] (trainer.py:109) Total Epi:   633 Steps:  126600 Episode Steps:   200 Return: -125.8063 FPS: 125.30
14:12:13.897 [INFO] (trainer.py:109) Total Epi:   634 Steps:  126800 Episode Steps:   200 Return: -223.2247 FPS: 132.86
14:12:15.679 [INFO] (trainer.py:109) Total Epi:   635 Steps:  127000 Episode Steps:   200 Return: -124.3774 FPS: 112.30
14:12:17.448 [INFO] (trainer.py:109) Total Epi:   636 Steps:  127200 Episode Steps:   200 Return: -227.2681 FPS: 113.14
14:12:19.008 [INFO] (trainer.py:109) Total Epi:   637 Steps:  127400 Episode Steps:   200 Return: -120.6907 FPS: 128.27
14:12:20.763 [INFO] (trainer.py:109) Total Epi:   638 Steps:  127600 Episode Steps:   200 Return: -114.8946 FPS: 113.98
14:12:23.213 [INFO] (trainer.py:109) Total Epi:   639 Steps:  127800 Episode Steps:   200 Return: -124.7543 FPS: 81.67
14:12:24.981 [INFO] (trainer.py:109) Total Epi:   640 Steps:  128000 Episode Steps:   200 Return: -122.6380 FPS: 113.20
14:12:27.763 [INFO] (trainer.py:109) Total Epi:   641 Steps:  128200 Episode Steps:   200 Return: -3.6022 FPS: 71.91
14:12:30.066 [INFO] (trainer.py:109) Total Epi:   642 Steps:  128400 Episode Steps:   200 Return: -234.5557 FPS: 86.93
14:12:31.617 [INFO] (trainer.py:109) Total Epi:   643 Steps:  128600 Episode Steps:   200 Return: -121.5313 FPS: 129.07
14:12:33.037 [INFO] (trainer.py:109) Total Epi:   644 Steps:  128800 Episode Steps:   200 Return: -231.0910 FPS: 141.11
14:12:34.627 [INFO] (trainer.py:109) Total Epi:   645 Steps:  129000 Episode Steps:   200 Return: -379.2847 FPS: 125.93
14:12:36.038 [INFO] (trainer.py:109) Total Epi:   646 Steps:  129200 Episode Steps:   200 Return: -230.3614 FPS: 141.82
14:12:37.630 [INFO] (trainer.py:109) Total Epi:   647 Steps:  129400 Episode Steps:   200 Return: -123.5734 FPS: 125.70
14:12:39.372 [INFO] (trainer.py:109) Total Epi:   648 Steps:  129600 Episode Steps:   200 Return: -122.7236 FPS: 114.85
14:12:40.825 [INFO] (trainer.py:109) Total Epi:   649 Steps:  129800 Episode Steps:   200 Return: -227.1217 FPS: 137.85
14:12:42.224 [INFO] (trainer.py:109) Total Epi:   650 Steps:  130000 Episode Steps:   200 Return: -123.3191 FPS: 143.03
14:12:42.778 [INFO] (trainer.py:137) Evaluation Total Steps:  130000 Average Reward -145.0956 over  5 episodes
14:12:44.618 [INFO] (trainer.py:109) Total Epi:   651 Steps:  130200 Episode Steps:   200 Return: -117.5602 FPS: 83.58
14:12:46.011 [INFO] (trainer.py:109) Total Epi:   652 Steps:  130400 Episode Steps:   200 Return: -120.6555 FPS: 143.68
14:12:47.411 [INFO] (trainer.py:109) Total Epi:   653 Steps:  130600 Episode Steps:   200 Return: -121.7306 FPS: 142.98
14:12:48.791 [INFO] (trainer.py:109) Total Epi:   654 Steps:  130800 Episode Steps:   200 Return: -121.6968 FPS: 144.96
14:12:50.190 [INFO] (trainer.py:109) Total Epi:   655 Steps:  131000 Episode Steps:   200 Return: -120.7218 FPS: 143.09
14:12:51.576 [INFO] (trainer.py:109) Total Epi:   656 Steps:  131200 Episode Steps:   200 Return: -117.6130 FPS: 144.44
14:12:52.969 [INFO] (trainer.py:109) Total Epi:   657 Steps:  131400 Episode Steps:   200 Return: -120.8462 FPS: 143.66
14:12:54.355 [INFO] (trainer.py:109) Total Epi:   658 Steps:  131600 Episode Steps:   200 Return: -127.4552 FPS: 144.35
14:12:55.739 [INFO] (trainer.py:109) Total Epi:   659 Steps:  131800 Episode Steps:   200 Return: -2.0721 FPS: 144.64
14:12:57.140 [INFO] (trainer.py:109) Total Epi:   660 Steps:  132000 Episode Steps:   200 Return: -244.2827 FPS: 142.82
14:12:58.533 [INFO] (trainer.py:109) Total Epi:   661 Steps:  132200 Episode Steps:   200 Return: -225.5523 FPS: 143.69
14:12:59.920 [INFO] (trainer.py:109) Total Epi:   662 Steps:  132400 Episode Steps:   200 Return: -239.1127 FPS: 144.32
14:13:01.305 [INFO] (trainer.py:109) Total Epi:   663 Steps:  132600 Episode Steps:   200 Return: -241.2672 FPS: 144.53
14:13:02.697 [INFO] (trainer.py:109) Total Epi:   664 Steps:  132800 Episode Steps:   200 Return: -116.6470 FPS: 143.82
14:13:04.083 [INFO] (trainer.py:109) Total Epi:   665 Steps:  133000 Episode Steps:   200 Return: -122.0706 FPS: 144.33
14:13:05.472 [INFO] (trainer.py:109) Total Epi:   666 Steps:  133200 Episode Steps:   200 Return: -126.8672 FPS: 144.06
14:13:06.862 [INFO] (trainer.py:109) Total Epi:   667 Steps:  133400 Episode Steps:   200 Return: -126.9907 FPS: 144.02
14:13:08.245 [INFO] (trainer.py:109) Total Epi:   668 Steps:  133600 Episode Steps:   200 Return: -240.8622 FPS: 144.71
14:13:09.634 [INFO] (trainer.py:109) Total Epi:   669 Steps:  133800 Episode Steps:   200 Return: -240.9100 FPS: 144.17
14:13:11.025 [INFO] (trainer.py:109) Total Epi:   670 Steps:  134000 Episode Steps:   200 Return: -255.9787 FPS: 143.87
14:13:12.417 [INFO] (trainer.py:109) Total Epi:   671 Steps:  134200 Episode Steps:   200 Return: -248.2502 FPS: 143.71
14:13:13.800 [INFO] (trainer.py:109) Total Epi:   672 Steps:  134400 Episode Steps:   200 Return: -121.7584 FPS: 144.77
14:13:15.181 [INFO] (trainer.py:109) Total Epi:   673 Steps:  134600 Episode Steps:   200 Return: -121.7155 FPS: 144.88
14:13:16.566 [INFO] (trainer.py:109) Total Epi:   674 Steps:  134800 Episode Steps:   200 Return: -125.7599 FPS: 144.55
14:13:17.957 [INFO] (trainer.py:109) Total Epi:   675 Steps:  135000 Episode Steps:   200 Return: -121.6338 FPS: 143.87
14:13:19.343 [INFO] (trainer.py:109) Total Epi:   676 Steps:  135200 Episode Steps:   200 Return: -240.1214 FPS: 144.35
14:13:20.725 [INFO] (trainer.py:109) Total Epi:   677 Steps:  135400 Episode Steps:   200 Return: -2.0560 FPS: 144.90
14:13:22.112 [INFO] (trainer.py:109) Total Epi:   678 Steps:  135600 Episode Steps:   200 Return: -128.1504 FPS: 144.29
14:13:23.506 [INFO] (trainer.py:109) Total Epi:   679 Steps:  135800 Episode Steps:   200 Return: -125.5621 FPS: 143.54
14:13:25.144 [INFO] (trainer.py:109) Total Epi:   680 Steps:  136000 Episode Steps:   200 Return: -118.7456 FPS: 122.18
14:13:26.570 [INFO] (trainer.py:109) Total Epi:   681 Steps:  136200 Episode Steps:   200 Return: -122.1798 FPS: 140.31
14:13:28.082 [INFO] (trainer.py:109) Total Epi:   682 Steps:  136400 Episode Steps:   200 Return: -120.7315 FPS: 132.38
14:13:29.674 [INFO] (trainer.py:109) Total Epi:   683 Steps:  136600 Episode Steps:   200 Return: -117.4692 FPS: 125.72
14:13:32.097 [INFO] (trainer.py:109) Total Epi:   684 Steps:  136800 Episode Steps:   200 Return: -1.2885 FPS: 82.56
14:13:33.531 [INFO] (trainer.py:109) Total Epi:   685 Steps:  137000 Episode Steps:   200 Return: -119.2213 FPS: 139.59
14:13:34.941 [INFO] (trainer.py:109) Total Epi:   686 Steps:  137200 Episode Steps:   200 Return: -121.5446 FPS: 141.94
14:13:36.334 [INFO] (trainer.py:109) Total Epi:   687 Steps:  137400 Episode Steps:   200 Return: -115.0275 FPS: 143.71
14:13:38.204 [INFO] (trainer.py:109) Total Epi:   688 Steps:  137600 Episode Steps:   200 Return: -226.0707 FPS: 106.98
14:13:39.989 [INFO] (trainer.py:109) Total Epi:   689 Steps:  137800 Episode Steps:   200 Return: -232.4473 FPS: 112.12
14:13:42.537 [INFO] (trainer.py:109) Total Epi:   690 Steps:  138000 Episode Steps:   200 Return: -117.3868 FPS: 78.55
14:13:44.614 [INFO] (trainer.py:109) Total Epi:   691 Steps:  138200 Episode Steps:   200 Return: -125.0568 FPS: 96.34
14:13:46.959 [INFO] (trainer.py:109) Total Epi:   692 Steps:  138400 Episode Steps:   200 Return: -122.4764 FPS: 85.31
14:13:49.335 [INFO] (trainer.py:109) Total Epi:   693 Steps:  138600 Episode Steps:   200 Return: -226.6634 FPS: 84.23
14:13:51.163 [INFO] (trainer.py:109) Total Epi:   694 Steps:  138800 Episode Steps:   200 Return: -120.8524 FPS: 109.46
14:13:52.559 [INFO] (trainer.py:109) Total Epi:   695 Steps:  139000 Episode Steps:   200 Return: -232.3893 FPS: 143.37
14:13:54.483 [INFO] (trainer.py:109) Total Epi:   696 Steps:  139200 Episode Steps:   200 Return: -1.1699 FPS: 104.00
14:13:56.501 [INFO] (trainer.py:109) Total Epi:   697 Steps:  139400 Episode Steps:   200 Return: -122.8307 FPS: 99.19
14:13:58.074 [INFO] (trainer.py:109) Total Epi:   698 Steps:  139600 Episode Steps:   200 Return: -125.3603 FPS: 127.17
14:13:59.679 [INFO] (trainer.py:109) Total Epi:   699 Steps:  139800 Episode Steps:   200 Return: -236.2085 FPS: 124.70
14:14:01.307 [INFO] (trainer.py:109) Total Epi:   700 Steps:  140000 Episode Steps:   200 Return: -121.7723 FPS: 122.97
14:14:01.941 [INFO] (trainer.py:137) Evaluation Total Steps:  140000 Average Reward -142.6249 over  5 episodes
14:14:03.640 [INFO] (trainer.py:109) Total Epi:   701 Steps:  140200 Episode Steps:   200 Return: -123.7467 FPS: 85.77
14:14:05.058 [INFO] (trainer.py:109) Total Epi:   702 Steps:  140400 Episode Steps:   200 Return: -124.9270 FPS: 141.12
14:14:06.460 [INFO] (trainer.py:109) Total Epi:   703 Steps:  140600 Episode Steps:   200 Return: -114.8811 FPS: 142.73
14:14:09.058 [INFO] (trainer.py:109) Total Epi:   704 Steps:  140800 Episode Steps:   200 Return: -121.1740 FPS: 77.01
14:14:10.703 [INFO] (trainer.py:109) Total Epi:   705 Steps:  141000 Episode Steps:   200 Return: -117.2675 FPS: 121.70
14:14:13.531 [INFO] (trainer.py:109) Total Epi:   706 Steps:  141200 Episode Steps:   200 Return: -245.5326 FPS: 70.74
14:14:15.684 [INFO] (trainer.py:109) Total Epi:   707 Steps:  141400 Episode Steps:   200 Return: -248.9959 FPS: 92.94
14:14:18.184 [INFO] (trainer.py:109) Total Epi:   708 Steps:  141600 Episode Steps:   200 Return: -120.5347 FPS: 80.06
14:14:20.039 [INFO] (trainer.py:109) Total Epi:   709 Steps:  141800 Episode Steps:   200 Return: -1.9004 FPS: 107.94
14:14:22.208 [INFO] (trainer.py:109) Total Epi:   710 Steps:  142000 Episode Steps:   200 Return: -3.6164 FPS: 92.24
14:14:25.067 [INFO] (trainer.py:109) Total Epi:   711 Steps:  142200 Episode Steps:   200 Return: -121.3704 FPS: 70.00
14:14:27.441 [INFO] (trainer.py:109) Total Epi:   712 Steps:  142400 Episode Steps:   200 Return: -122.2595 FPS: 84.34
14:14:29.393 [INFO] (trainer.py:109) Total Epi:   713 Steps:  142600 Episode Steps:   200 Return: -1.0021 FPS: 102.54
14:14:31.227 [INFO] (trainer.py:109) Total Epi:   714 Steps:  142800 Episode Steps:   200 Return: -123.8731 FPS: 109.13
14:14:32.961 [INFO] (trainer.py:109) Total Epi:   715 Steps:  143000 Episode Steps:   200 Return: -114.8622 FPS: 115.44
14:14:34.518 [INFO] (trainer.py:109) Total Epi:   716 Steps:  143200 Episode Steps:   200 Return: -0.8564 FPS: 128.53
14:14:36.064 [INFO] (trainer.py:109) Total Epi:   717 Steps:  143400 Episode Steps:   200 Return: -120.8801 FPS: 129.44
14:14:37.616 [INFO] (trainer.py:109) Total Epi:   718 Steps:  143600 Episode Steps:   200 Return: -122.5647 FPS: 128.93
14:14:39.134 [INFO] (trainer.py:109) Total Epi:   719 Steps:  143800 Episode Steps:   200 Return: -237.1545 FPS: 131.82
14:14:40.664 [INFO] (trainer.py:109) Total Epi:   720 Steps:  144000 Episode Steps:   200 Return: -120.4819 FPS: 130.87
14:14:42.224 [INFO] (trainer.py:109) Total Epi:   721 Steps:  144200 Episode Steps:   200 Return: -233.7420 FPS: 128.23
14:14:43.794 [INFO] (trainer.py:109) Total Epi:   722 Steps:  144400 Episode Steps:   200 Return: -244.8356 FPS: 127.51
14:14:45.327 [INFO] (trainer.py:109) Total Epi:   723 Steps:  144600 Episode Steps:   200 Return: -1.1956 FPS: 130.48
14:14:46.856 [INFO] (trainer.py:109) Total Epi:   724 Steps:  144800 Episode Steps:   200 Return: -120.2471 FPS: 130.94
14:14:48.593 [INFO] (trainer.py:109) Total Epi:   725 Steps:  145000 Episode Steps:   200 Return: -118.8226 FPS: 115.21
14:14:50.153 [INFO] (trainer.py:109) Total Epi:   726 Steps:  145200 Episode Steps:   200 Return: -117.4980 FPS: 128.27
14:14:51.694 [INFO] (trainer.py:109) Total Epi:   727 Steps:  145400 Episode Steps:   200 Return: -126.6156 FPS: 129.86
14:14:53.238 [INFO] (trainer.py:109) Total Epi:   728 Steps:  145600 Episode Steps:   200 Return: -122.1366 FPS: 129.70
14:14:54.898 [INFO] (trainer.py:109) Total Epi:   729 Steps:  145800 Episode Steps:   200 Return: -331.1125 FPS: 120.50
14:14:56.583 [INFO] (trainer.py:109) Total Epi:   730 Steps:  146000 Episode Steps:   200 Return: -117.9944 FPS: 118.79
14:14:58.142 [INFO] (trainer.py:109) Total Epi:   731 Steps:  146200 Episode Steps:   200 Return: -121.1711 FPS: 128.40
14:14:59.668 [INFO] (trainer.py:109) Total Epi:   732 Steps:  146400 Episode Steps:   200 Return: -123.7616 FPS: 131.13
14:15:01.208 [INFO] (trainer.py:109) Total Epi:   733 Steps:  146600 Episode Steps:   200 Return: -227.1710 FPS: 129.90
14:15:02.761 [INFO] (trainer.py:109) Total Epi:   734 Steps:  146800 Episode Steps:   200 Return: -121.4557 FPS: 128.94
14:15:04.368 [INFO] (trainer.py:109) Total Epi:   735 Steps:  147000 Episode Steps:   200 Return: -125.9040 FPS: 124.52
14:15:05.907 [INFO] (trainer.py:109) Total Epi:   736 Steps:  147200 Episode Steps:   200 Return: -261.2356 FPS: 130.05
14:15:07.436 [INFO] (trainer.py:109) Total Epi:   737 Steps:  147400 Episode Steps:   200 Return: -125.0206 FPS: 130.82
14:15:08.967 [INFO] (trainer.py:109) Total Epi:   738 Steps:  147600 Episode Steps:   200 Return: -251.3515 FPS: 130.79
14:15:10.491 [INFO] (trainer.py:109) Total Epi:   739 Steps:  147800 Episode Steps:   200 Return: -120.1723 FPS: 131.30
14:15:12.027 [INFO] (trainer.py:109) Total Epi:   740 Steps:  148000 Episode Steps:   200 Return: -238.7805 FPS: 130.27
14:15:13.576 [INFO] (trainer.py:109) Total Epi:   741 Steps:  148200 Episode Steps:   200 Return: -248.6036 FPS: 129.24
14:15:15.135 [INFO] (trainer.py:109) Total Epi:   742 Steps:  148400 Episode Steps:   200 Return: -123.7029 FPS: 128.33
14:15:16.679 [INFO] (trainer.py:109) Total Epi:   743 Steps:  148600 Episode Steps:   200 Return: -232.7203 FPS: 129.65
14:15:18.257 [INFO] (trainer.py:109) Total Epi:   744 Steps:  148800 Episode Steps:   200 Return: -233.3060 FPS: 126.84
14:15:19.787 [INFO] (trainer.py:109) Total Epi:   745 Steps:  149000 Episode Steps:   200 Return: -115.5811 FPS: 130.82
14:15:21.336 [INFO] (trainer.py:109) Total Epi:   746 Steps:  149200 Episode Steps:   200 Return: -226.3484 FPS: 129.18
14:15:22.896 [INFO] (trainer.py:109) Total Epi:   747 Steps:  149400 Episode Steps:   200 Return: -120.7520 FPS: 128.30
14:15:24.424 [INFO] (trainer.py:109) Total Epi:   748 Steps:  149600 Episode Steps:   200 Return: -234.2100 FPS: 130.91
14:15:25.959 [INFO] (trainer.py:109) Total Epi:   749 Steps:  149800 Episode Steps:   200 Return: -226.0314 FPS: 130.41
14:15:27.492 [INFO] (trainer.py:109) Total Epi:   750 Steps:  150000 Episode Steps:   200 Return: -1.1843 FPS: 130.52
14:15:28.078 [INFO] (trainer.py:137) Evaluation Total Steps:  150000 Average Reward -92.2741 over  5 episodes
14:15:29.650 [INFO] (trainer.py:109) Total Epi:   751 Steps:  150200 Episode Steps:   200 Return: -253.6950 FPS: 92.74
14:15:31.217 [INFO] (trainer.py:109) Total Epi:   752 Steps:  150400 Episode Steps:   200 Return: -119.8187 FPS: 127.68
14:15:32.756 [INFO] (trainer.py:109) Total Epi:   753 Steps:  150600 Episode Steps:   200 Return: -122.3297 FPS: 130.09
14:15:34.286 [INFO] (trainer.py:109) Total Epi:   754 Steps:  150800 Episode Steps:   200 Return: -227.0496 FPS: 130.78
14:15:36.154 [INFO] (trainer.py:109) Total Epi:   755 Steps:  151000 Episode Steps:   200 Return: -126.6619 FPS: 107.14
14:15:37.705 [INFO] (trainer.py:109) Total Epi:   756 Steps:  151200 Episode Steps:   200 Return: -125.1807 FPS: 129.01
14:15:39.576 [INFO] (trainer.py:109) Total Epi:   757 Steps:  151400 Episode Steps:   200 Return: -248.6946 FPS: 106.93
14:15:41.239 [INFO] (trainer.py:109) Total Epi:   758 Steps:  151600 Episode Steps:   200 Return: -117.7731 FPS: 120.39
14:15:42.816 [INFO] (trainer.py:109) Total Epi:   759 Steps:  151800 Episode Steps:   200 Return: -230.5115 FPS: 126.89
14:15:44.358 [INFO] (trainer.py:109) Total Epi:   760 Steps:  152000 Episode Steps:   200 Return: -1.3925 FPS: 129.77
14:15:45.934 [INFO] (trainer.py:109) Total Epi:   761 Steps:  152200 Episode Steps:   200 Return: -127.0112 FPS: 127.02
14:15:47.464 [INFO] (trainer.py:109) Total Epi:   762 Steps:  152400 Episode Steps:   200 Return: -116.6805 FPS: 130.78
14:15:49.002 [INFO] (trainer.py:109) Total Epi:   763 Steps:  152600 Episode Steps:   200 Return: -0.9648 FPS: 130.13
14:15:50.548 [INFO] (trainer.py:109) Total Epi:   764 Steps:  152800 Episode Steps:   200 Return: -123.5838 FPS: 129.46
14:15:52.140 [INFO] (trainer.py:109) Total Epi:   765 Steps:  153000 Episode Steps:   200 Return: -119.9382 FPS: 125.70
14:15:53.682 [INFO] (trainer.py:109) Total Epi:   766 Steps:  153200 Episode Steps:   200 Return: -125.1134 FPS: 129.73
14:15:55.365 [INFO] (trainer.py:109) Total Epi:   767 Steps:  153400 Episode Steps:   200 Return: -122.1889 FPS: 118.92
14:15:56.934 [INFO] (trainer.py:109) Total Epi:   768 Steps:  153600 Episode Steps:   200 Return: -117.2972 FPS: 127.57
14:15:58.697 [INFO] (trainer.py:109) Total Epi:   769 Steps:  153800 Episode Steps:   200 Return: -121.9672 FPS: 113.51
14:16:00.239 [INFO] (trainer.py:109) Total Epi:   770 Steps:  154000 Episode Steps:   200 Return: -124.2948 FPS: 129.83
14:16:01.931 [INFO] (trainer.py:109) Total Epi:   771 Steps:  154200 Episode Steps:   200 Return: -243.4738 FPS: 118.22
14:16:03.490 [INFO] (trainer.py:109) Total Epi:   772 Steps:  154400 Episode Steps:   200 Return: -115.4636 FPS: 128.43
