12:19:57.394 [INFO] (trainer.py:109) Total Epi:     1 Steps:     200 Episode Steps:   200 Return: -861.9872 FPS: 2084.99
12:19:57.460 [INFO] (trainer.py:109) Total Epi:     2 Steps:     400 Episode Steps:   200 Return: -873.3481 FPS: 3193.41
12:19:57.522 [INFO] (trainer.py:109) Total Epi:     3 Steps:     600 Episode Steps:   200 Return: -1562.6075 FPS: 3256.07
12:19:57.584 [INFO] (trainer.py:109) Total Epi:     4 Steps:     800 Episode Steps:   200 Return: -1188.5707 FPS: 3259.82
12:19:57.646 [INFO] (trainer.py:109) Total Epi:     5 Steps:    1000 Episode Steps:   200 Return: -871.3777 FPS: 3329.11
12:19:57.706 [INFO] (trainer.py:109) Total Epi:     6 Steps:    1200 Episode Steps:   200 Return: -1279.3764 FPS: 3371.59
12:19:57.769 [INFO] (trainer.py:109) Total Epi:     7 Steps:    1400 Episode Steps:   200 Return: -876.4554 FPS: 3255.19
12:19:57.829 [INFO] (trainer.py:109) Total Epi:     8 Steps:    1600 Episode Steps:   200 Return: -1454.0480 FPS: 3352.53
12:19:57.890 [INFO] (trainer.py:109) Total Epi:     9 Steps:    1800 Episode Steps:   200 Return: -1466.1433 FPS: 3347.66
12:19:57.952 [INFO] (trainer.py:109) Total Epi:    10 Steps:    2000 Episode Steps:   200 Return: -1579.9009 FPS: 3281.25
12:19:58.013 [INFO] (trainer.py:109) Total Epi:    11 Steps:    2200 Episode Steps:   200 Return: -1685.1553 FPS: 3351.09
12:19:58.076 [INFO] (trainer.py:109) Total Epi:    12 Steps:    2400 Episode Steps:   200 Return: -1211.8050 FPS: 3250.80
12:19:58.139 [INFO] (trainer.py:109) Total Epi:    13 Steps:    2600 Episode Steps:   200 Return: -853.1534 FPS: 3221.12
12:19:58.202 [INFO] (trainer.py:109) Total Epi:    14 Steps:    2800 Episode Steps:   200 Return: -871.4742 FPS: 3243.36
12:19:58.269 [INFO] (trainer.py:109) Total Epi:    15 Steps:    3000 Episode Steps:   200 Return: -1536.9692 FPS: 2990.59
12:19:58.335 [INFO] (trainer.py:109) Total Epi:    16 Steps:    3200 Episode Steps:   200 Return: -970.2419 FPS: 3113.54
12:19:58.397 [INFO] (trainer.py:109) Total Epi:    17 Steps:    3400 Episode Steps:   200 Return: -1098.4099 FPS: 3252.54
12:19:58.461 [INFO] (trainer.py:109) Total Epi:    18 Steps:    3600 Episode Steps:   200 Return: -1543.0388 FPS: 3209.96
12:19:58.523 [INFO] (trainer.py:109) Total Epi:    19 Steps:    3800 Episode Steps:   200 Return: -1362.8802 FPS: 3269.90
12:19:58.585 [INFO] (trainer.py:109) Total Epi:    20 Steps:    4000 Episode Steps:   200 Return: -1466.8000 FPS: 3286.32
12:19:58.647 [INFO] (trainer.py:109) Total Epi:    21 Steps:    4200 Episode Steps:   200 Return: -1188.8243 FPS: 3301.78
12:19:58.709 [INFO] (trainer.py:109) Total Epi:    22 Steps:    4400 Episode Steps:   200 Return: -979.6210 FPS: 3279.00
12:19:58.772 [INFO] (trainer.py:109) Total Epi:    23 Steps:    4600 Episode Steps:   200 Return: -927.3592 FPS: 3248.69
12:19:58.834 [INFO] (trainer.py:109) Total Epi:    24 Steps:    4800 Episode Steps:   200 Return: -1318.8834 FPS: 3252.74
12:19:58.896 [INFO] (trainer.py:109) Total Epi:    25 Steps:    5000 Episode Steps:   200 Return: -1478.4036 FPS: 3287.93
12:19:58.958 [INFO] (trainer.py:109) Total Epi:    26 Steps:    5200 Episode Steps:   200 Return: -1082.9043 FPS: 3284.05
12:19:59.020 [INFO] (trainer.py:109) Total Epi:    27 Steps:    5400 Episode Steps:   200 Return: -1217.1750 FPS: 3319.05
12:19:59.081 [INFO] (trainer.py:109) Total Epi:    28 Steps:    5600 Episode Steps:   200 Return: -1503.9974 FPS: 3293.93
12:19:59.143 [INFO] (trainer.py:109) Total Epi:    29 Steps:    5800 Episode Steps:   200 Return: -967.4917 FPS: 3306.98
12:19:59.205 [INFO] (trainer.py:109) Total Epi:    30 Steps:    6000 Episode Steps:   200 Return: -1626.8515 FPS: 3303.87
12:19:59.268 [INFO] (trainer.py:109) Total Epi:    31 Steps:    6200 Episode Steps:   200 Return: -975.4252 FPS: 3232.81
12:19:59.330 [INFO] (trainer.py:109) Total Epi:    32 Steps:    6400 Episode Steps:   200 Return: -1263.3669 FPS: 3269.66
12:19:59.393 [INFO] (trainer.py:109) Total Epi:    33 Steps:    6600 Episode Steps:   200 Return: -974.7619 FPS: 3233.67
12:19:59.457 [INFO] (trainer.py:109) Total Epi:    34 Steps:    6800 Episode Steps:   200 Return: -1387.5917 FPS: 3216.54
12:19:59.520 [INFO] (trainer.py:109) Total Epi:    35 Steps:    7000 Episode Steps:   200 Return: -1593.4935 FPS: 3228.76
12:19:59.583 [INFO] (trainer.py:109) Total Epi:    36 Steps:    7200 Episode Steps:   200 Return: -1067.7344 FPS: 3229.28
12:19:59.643 [INFO] (trainer.py:109) Total Epi:    37 Steps:    7400 Episode Steps:   200 Return: -1609.7402 FPS: 3370.34
12:19:59.703 [INFO] (trainer.py:109) Total Epi:    38 Steps:    7600 Episode Steps:   200 Return: -1559.3773 FPS: 3382.14
12:19:59.766 [INFO] (trainer.py:109) Total Epi:    39 Steps:    7800 Episode Steps:   200 Return: -891.3796 FPS: 3265.66
12:19:59.828 [INFO] (trainer.py:109) Total Epi:    40 Steps:    8000 Episode Steps:   200 Return: -1074.5101 FPS: 3244.19
12:19:59.893 [INFO] (trainer.py:109) Total Epi:    41 Steps:    8200 Episode Steps:   200 Return: -1037.5245 FPS: 3175.01
12:19:59.956 [INFO] (trainer.py:109) Total Epi:    42 Steps:    8400 Episode Steps:   200 Return: -914.9422 FPS: 3232.10
12:20:00.019 [INFO] (trainer.py:109) Total Epi:    43 Steps:    8600 Episode Steps:   200 Return: -1381.5487 FPS: 3222.06
12:20:00.081 [INFO] (trainer.py:109) Total Epi:    44 Steps:    8800 Episode Steps:   200 Return: -1265.1110 FPS: 3262.34
12:20:00.141 [INFO] (trainer.py:109) Total Epi:    45 Steps:    9000 Episode Steps:   200 Return: -1682.1502 FPS: 3364.90
12:20:00.205 [INFO] (trainer.py:109) Total Epi:    46 Steps:    9200 Episode Steps:   200 Return: -1070.0372 FPS: 3222.32
12:20:00.268 [INFO] (trainer.py:109) Total Epi:    47 Steps:    9400 Episode Steps:   200 Return: -1651.7939 FPS: 3189.80
12:20:00.331 [INFO] (trainer.py:109) Total Epi:    48 Steps:    9600 Episode Steps:   200 Return: -962.3547 FPS: 3244.24
12:20:00.393 [INFO] (trainer.py:109) Total Epi:    49 Steps:    9800 Episode Steps:   200 Return: -764.4172 FPS: 3269.85
12:20:00.456 [INFO] (trainer.py:109) Total Epi:    50 Steps:   10000 Episode Steps:   200 Return: -1330.1381 FPS: 3276.83
12:20:06.940 [INFO] (trainer.py:137) Evaluation Total Steps:   10000 Average Reward -1276.0009 over  5 episodes
12:20:08.506 [INFO] (trainer.py:109) Total Epi:    51 Steps:   10200 Episode Steps:   200 Return: -1271.1392 FPS: 24.85
12:20:09.925 [INFO] (trainer.py:109) Total Epi:    52 Steps:   10400 Episode Steps:   200 Return: -1861.5286 FPS: 141.06
12:20:11.655 [INFO] (trainer.py:109) Total Epi:    53 Steps:   10600 Episode Steps:   200 Return: -1727.8541 FPS: 115.68
12:20:13.518 [INFO] (trainer.py:109) Total Epi:    54 Steps:   10800 Episode Steps:   200 Return: -1710.7424 FPS: 107.39
12:20:15.069 [INFO] (trainer.py:109) Total Epi:    55 Steps:   11000 Episode Steps:   200 Return: -1681.3443 FPS: 129.05
12:20:16.531 [INFO] (trainer.py:109) Total Epi:    56 Steps:   11200 Episode Steps:   200 Return: -1530.5861 FPS: 136.95
12:20:18.285 [INFO] (trainer.py:109) Total Epi:    57 Steps:   11400 Episode Steps:   200 Return: -1561.8426 FPS: 114.05
12:20:19.833 [INFO] (trainer.py:109) Total Epi:    58 Steps:   11600 Episode Steps:   200 Return: -1322.9693 FPS: 129.34
12:20:21.472 [INFO] (trainer.py:109) Total Epi:    59 Steps:   11800 Episode Steps:   200 Return: -1286.0261 FPS: 122.07
12:20:23.041 [INFO] (trainer.py:109) Total Epi:    60 Steps:   12000 Episode Steps:   200 Return: -955.5892 FPS: 127.59
12:20:24.947 [INFO] (trainer.py:109) Total Epi:    61 Steps:   12200 Episode Steps:   200 Return: -1047.0893 FPS: 104.96
12:20:27.487 [INFO] (trainer.py:109) Total Epi:    62 Steps:   12400 Episode Steps:   200 Return: -527.9149 FPS: 78.92
12:20:29.358 [INFO] (trainer.py:109) Total Epi:    63 Steps:   12600 Episode Steps:   200 Return: -581.3158 FPS: 107.07
12:20:30.784 [INFO] (trainer.py:109) Total Epi:    64 Steps:   12800 Episode Steps:   200 Return: -0.9447 FPS: 140.37
12:20:32.199 [INFO] (trainer.py:109) Total Epi:    65 Steps:   13000 Episode Steps:   200 Return: -263.3445 FPS: 141.35
12:20:33.600 [INFO] (trainer.py:109) Total Epi:    66 Steps:   13200 Episode Steps:   200 Return: -128.6582 FPS: 142.84
12:20:35.003 [INFO] (trainer.py:109) Total Epi:    67 Steps:   13400 Episode Steps:   200 Return: -1.0610 FPS: 142.69
12:20:36.751 [INFO] (trainer.py:109) Total Epi:    68 Steps:   13600 Episode Steps:   200 Return: -4.4517 FPS: 114.46
12:20:38.390 [INFO] (trainer.py:109) Total Epi:    69 Steps:   13800 Episode Steps:   200 Return: -125.0383 FPS: 122.17
12:20:39.846 [INFO] (trainer.py:109) Total Epi:    70 Steps:   14000 Episode Steps:   200 Return: -125.5746 FPS: 137.45
12:20:41.562 [INFO] (trainer.py:109) Total Epi:    71 Steps:   14200 Episode Steps:   200 Return: -252.0615 FPS: 116.60
12:20:43.278 [INFO] (trainer.py:109) Total Epi:    72 Steps:   14400 Episode Steps:   200 Return: -118.0330 FPS: 116.60
12:20:44.981 [INFO] (trainer.py:109) Total Epi:    73 Steps:   14600 Episode Steps:   200 Return: -125.4201 FPS: 117.49
12:20:46.823 [INFO] (trainer.py:109) Total Epi:    74 Steps:   14800 Episode Steps:   200 Return: -125.4500 FPS: 108.66
12:20:48.449 [INFO] (trainer.py:109) Total Epi:    75 Steps:   15000 Episode Steps:   200 Return: -123.7528 FPS: 123.04
12:20:49.944 [INFO] (trainer.py:109) Total Epi:    76 Steps:   15200 Episode Steps:   200 Return: -117.4343 FPS: 133.84
12:20:52.168 [INFO] (trainer.py:109) Total Epi:    77 Steps:   15400 Episode Steps:   200 Return: -1.6294 FPS: 89.97
12:20:53.732 [INFO] (trainer.py:109) Total Epi:    78 Steps:   15600 Episode Steps:   200 Return: -121.0261 FPS: 128.02
12:20:55.436 [INFO] (trainer.py:109) Total Epi:    79 Steps:   15800 Episode Steps:   200 Return: -239.8105 FPS: 117.44
12:20:57.217 [INFO] (trainer.py:109) Total Epi:    80 Steps:   16000 Episode Steps:   200 Return: -114.6820 FPS: 112.35
12:20:58.717 [INFO] (trainer.py:109) Total Epi:    81 Steps:   16200 Episode Steps:   200 Return: -3.9124 FPS: 133.37
12:21:00.276 [INFO] (trainer.py:109) Total Epi:    82 Steps:   16400 Episode Steps:   200 Return: -388.3163 FPS: 128.39
12:21:02.038 [INFO] (trainer.py:109) Total Epi:    83 Steps:   16600 Episode Steps:   200 Return: -119.5397 FPS: 113.59
12:21:03.598 [INFO] (trainer.py:109) Total Epi:    84 Steps:   16800 Episode Steps:   200 Return: -118.0986 FPS: 128.26
12:21:05.041 [INFO] (trainer.py:109) Total Epi:    85 Steps:   17000 Episode Steps:   200 Return: -0.6901 FPS: 138.74
12:21:06.612 [INFO] (trainer.py:109) Total Epi:    86 Steps:   17200 Episode Steps:   200 Return: -123.7193 FPS: 127.40
12:21:08.090 [INFO] (trainer.py:109) Total Epi:    87 Steps:   17400 Episode Steps:   200 Return: -376.0459 FPS: 135.42
12:21:09.505 [INFO] (trainer.py:109) Total Epi:    88 Steps:   17600 Episode Steps:   200 Return: -117.3274 FPS: 141.37
12:21:11.275 [INFO] (trainer.py:109) Total Epi:    89 Steps:   17800 Episode Steps:   200 Return: -237.4856 FPS: 113.08
12:21:13.049 [INFO] (trainer.py:109) Total Epi:    90 Steps:   18000 Episode Steps:   200 Return: -115.7723 FPS: 112.75
12:21:15.614 [INFO] (trainer.py:109) Total Epi:    91 Steps:   18200 Episode Steps:   200 Return: -1.8436 FPS: 78.01
12:21:17.358 [INFO] (trainer.py:109) Total Epi:    92 Steps:   18400 Episode Steps:   200 Return: -121.1467 FPS: 114.74
12:21:18.889 [INFO] (trainer.py:109) Total Epi:    93 Steps:   18600 Episode Steps:   200 Return: -121.7259 FPS: 130.74
12:21:20.519 [INFO] (trainer.py:109) Total Epi:    94 Steps:   18800 Episode Steps:   200 Return: -119.9933 FPS: 122.77
12:21:22.148 [INFO] (trainer.py:109) Total Epi:    95 Steps:   19000 Episode Steps:   200 Return: -122.6803 FPS: 122.82
12:21:23.837 [INFO] (trainer.py:109) Total Epi:    96 Steps:   19200 Episode Steps:   200 Return: -118.0841 FPS: 118.47
12:21:25.299 [INFO] (trainer.py:109) Total Epi:    97 Steps:   19400 Episode Steps:   200 Return: -1.2359 FPS: 136.96
12:21:26.965 [INFO] (trainer.py:109) Total Epi:    98 Steps:   19600 Episode Steps:   200 Return: -115.2414 FPS: 120.12
12:21:28.437 [INFO] (trainer.py:109) Total Epi:    99 Steps:   19800 Episode Steps:   200 Return: -124.9476 FPS: 136.02
12:21:29.877 [INFO] (trainer.py:109) Total Epi:   100 Steps:   20000 Episode Steps:   200 Return: -338.4683 FPS: 138.94
12:21:30.406 [INFO] (trainer.py:137) Evaluation Total Steps:   20000 Average Reward -117.9256 over  5 episodes
12:21:31.861 [INFO] (trainer.py:109) Total Epi:   101 Steps:   20200 Episode Steps:   200 Return: -122.4946 FPS: 100.87
12:21:33.277 [INFO] (trainer.py:109) Total Epi:   102 Steps:   20400 Episode Steps:   200 Return: -121.3078 FPS: 141.34
12:21:34.738 [INFO] (trainer.py:109) Total Epi:   103 Steps:   20600 Episode Steps:   200 Return: -123.2988 FPS: 136.96
12:21:36.238 [INFO] (trainer.py:109) Total Epi:   104 Steps:   20800 Episode Steps:   200 Return: -114.6812 FPS: 133.42
12:21:37.737 [INFO] (trainer.py:109) Total Epi:   105 Steps:   21000 Episode Steps:   200 Return: -116.3289 FPS: 133.51
12:21:39.182 [INFO] (trainer.py:109) Total Epi:   106 Steps:   21200 Episode Steps:   200 Return: -114.3004 FPS: 138.54
12:21:40.617 [INFO] (trainer.py:109) Total Epi:   107 Steps:   21400 Episode Steps:   200 Return: -120.6618 FPS: 139.49
12:21:42.077 [INFO] (trainer.py:109) Total Epi:   108 Steps:   21600 Episode Steps:   200 Return: -120.4923 FPS: 137.02
12:21:43.934 [INFO] (trainer.py:109) Total Epi:   109 Steps:   21800 Episode Steps:   200 Return: -120.8761 FPS: 107.77
12:21:45.565 [INFO] (trainer.py:109) Total Epi:   110 Steps:   22000 Episode Steps:   200 Return: -345.6397 FPS: 122.73
12:21:47.167 [INFO] (trainer.py:109) Total Epi:   111 Steps:   22200 Episode Steps:   200 Return: -122.1258 FPS: 124.90
12:21:48.792 [INFO] (trainer.py:109) Total Epi:   112 Steps:   22400 Episode Steps:   200 Return: -117.7218 FPS: 123.19
12:21:50.387 [INFO] (trainer.py:109) Total Epi:   113 Steps:   22600 Episode Steps:   200 Return: -119.6418 FPS: 125.45
12:21:52.017 [INFO] (trainer.py:109) Total Epi:   114 Steps:   22800 Episode Steps:   200 Return: -2.3016 FPS: 122.80
12:21:53.756 [INFO] (trainer.py:109) Total Epi:   115 Steps:   23000 Episode Steps:   200 Return: -121.5471 FPS: 115.06
12:21:55.451 [INFO] (trainer.py:109) Total Epi:   116 Steps:   23200 Episode Steps:   200 Return: -123.8721 FPS: 118.07
12:21:56.972 [INFO] (trainer.py:109) Total Epi:   117 Steps:   23400 Episode Steps:   200 Return: -123.1574 FPS: 131.56
12:21:58.828 [INFO] (trainer.py:109) Total Epi:   118 Steps:   23600 Episode Steps:   200 Return: -119.1600 FPS: 107.81
12:22:00.612 [INFO] (trainer.py:109) Total Epi:   119 Steps:   23800 Episode Steps:   200 Return: -2.2588 FPS: 112.15
12:22:02.193 [INFO] (trainer.py:109) Total Epi:   120 Steps:   24000 Episode Steps:   200 Return: -244.9421 FPS: 126.57
12:22:04.114 [INFO] (trainer.py:109) Total Epi:   121 Steps:   24200 Episode Steps:   200 Return: -237.7422 FPS: 104.17
12:22:06.021 [INFO] (trainer.py:109) Total Epi:   122 Steps:   24400 Episode Steps:   200 Return: -226.7839 FPS: 104.90
12:22:07.696 [INFO] (trainer.py:109) Total Epi:   123 Steps:   24600 Episode Steps:   200 Return: -121.0780 FPS: 119.45
12:22:09.562 [INFO] (trainer.py:109) Total Epi:   124 Steps:   24800 Episode Steps:   200 Return: -119.2643 FPS: 107.28
12:22:11.135 [INFO] (trainer.py:109) Total Epi:   125 Steps:   25000 Episode Steps:   200 Return: -118.4320 FPS: 127.16
12:22:13.110 [INFO] (trainer.py:109) Total Epi:   126 Steps:   25200 Episode Steps:   200 Return: -353.1523 FPS: 101.32
12:22:15.065 [INFO] (trainer.py:109) Total Epi:   127 Steps:   25400 Episode Steps:   200 Return: -3.1011 FPS: 102.37
12:22:16.865 [INFO] (trainer.py:109) Total Epi:   128 Steps:   25600 Episode Steps:   200 Return: -122.2450 FPS: 111.13
12:22:18.503 [INFO] (trainer.py:109) Total Epi:   129 Steps:   25800 Episode Steps:   200 Return: -318.7876 FPS: 122.20
12:22:20.042 [INFO] (trainer.py:109) Total Epi:   130 Steps:   26000 Episode Steps:   200 Return: -124.5909 FPS: 130.07
12:22:21.526 [INFO] (trainer.py:109) Total Epi:   131 Steps:   26200 Episode Steps:   200 Return: -119.0778 FPS: 134.86
12:22:22.990 [INFO] (trainer.py:109) Total Epi:   132 Steps:   26400 Episode Steps:   200 Return: -279.9184 FPS: 136.67
12:22:24.476 [INFO] (trainer.py:109) Total Epi:   133 Steps:   26600 Episode Steps:   200 Return: -119.0477 FPS: 134.64
12:22:25.984 [INFO] (trainer.py:109) Total Epi:   134 Steps:   26800 Episode Steps:   200 Return: -117.6059 FPS: 132.72
12:22:27.423 [INFO] (trainer.py:109) Total Epi:   135 Steps:   27000 Episode Steps:   200 Return: -236.9349 FPS: 139.05
12:22:28.863 [INFO] (trainer.py:109) Total Epi:   136 Steps:   27200 Episode Steps:   200 Return: -232.0889 FPS: 139.00
12:22:30.382 [INFO] (trainer.py:109) Total Epi:   137 Steps:   27400 Episode Steps:   200 Return: -121.0047 FPS: 131.75
12:22:31.844 [INFO] (trainer.py:109) Total Epi:   138 Steps:   27600 Episode Steps:   200 Return: -244.4427 FPS: 136.86
12:22:33.310 [INFO] (trainer.py:109) Total Epi:   139 Steps:   27800 Episode Steps:   200 Return: -123.7459 FPS: 136.56
12:22:34.810 [INFO] (trainer.py:109) Total Epi:   140 Steps:   28000 Episode Steps:   200 Return: -277.8235 FPS: 133.40
12:22:36.321 [INFO] (trainer.py:109) Total Epi:   141 Steps:   28200 Episode Steps:   200 Return: -119.9843 FPS: 132.43
12:22:37.892 [INFO] (trainer.py:109) Total Epi:   142 Steps:   28400 Episode Steps:   200 Return: -122.9303 FPS: 127.38
12:22:39.376 [INFO] (trainer.py:109) Total Epi:   143 Steps:   28600 Episode Steps:   200 Return: -117.5458 FPS: 134.92
12:22:40.867 [INFO] (trainer.py:109) Total Epi:   144 Steps:   28800 Episode Steps:   200 Return: -4.6333 FPS: 134.21
12:22:42.344 [INFO] (trainer.py:109) Total Epi:   145 Steps:   29000 Episode Steps:   200 Return: -117.6453 FPS: 135.45
12:22:43.819 [INFO] (trainer.py:109) Total Epi:   146 Steps:   29200 Episode Steps:   200 Return: -117.9177 FPS: 135.75
12:22:45.290 [INFO] (trainer.py:109) Total Epi:   147 Steps:   29400 Episode Steps:   200 Return: -1.3629 FPS: 136.01
12:22:46.831 [INFO] (trainer.py:109) Total Epi:   148 Steps:   29600 Episode Steps:   200 Return: -246.5874 FPS: 129.87
12:22:48.272 [INFO] (trainer.py:109) Total Epi:   149 Steps:   29800 Episode Steps:   200 Return: -233.1461 FPS: 138.89
12:22:49.714 [INFO] (trainer.py:109) Total Epi:   150 Steps:   30000 Episode Steps:   200 Return: -239.1373 FPS: 138.77
12:22:50.296 [INFO] (trainer.py:137) Evaluation Total Steps:   30000 Average Reward -71.6003 over  5 episodes
12:22:51.854 [INFO] (trainer.py:109) Total Epi:   151 Steps:   30200 Episode Steps:   200 Return: -123.6214 FPS: 93.51
12:22:53.325 [INFO] (trainer.py:109) Total Epi:   152 Steps:   30400 Episode Steps:   200 Return: -348.7815 FPS: 136.11
12:22:54.777 [INFO] (trainer.py:109) Total Epi:   153 Steps:   30600 Episode Steps:   200 Return: -123.5185 FPS: 137.82
12:22:56.184 [INFO] (trainer.py:109) Total Epi:   154 Steps:   30800 Episode Steps:   200 Return: -120.6756 FPS: 142.19
12:22:57.664 [INFO] (trainer.py:109) Total Epi:   155 Steps:   31000 Episode Steps:   200 Return: -115.7137 FPS: 135.27
12:22:59.087 [INFO] (trainer.py:109) Total Epi:   156 Steps:   31200 Episode Steps:   200 Return: -1.7937 FPS: 140.60
12:23:00.494 [INFO] (trainer.py:109) Total Epi:   157 Steps:   31400 Episode Steps:   200 Return: -124.5227 FPS: 142.20
12:23:01.926 [INFO] (trainer.py:109) Total Epi:   158 Steps:   31600 Episode Steps:   200 Return: -241.4200 FPS: 139.84
12:23:03.368 [INFO] (trainer.py:109) Total Epi:   159 Steps:   31800 Episode Steps:   200 Return: -122.1569 FPS: 138.73
12:23:04.828 [INFO] (trainer.py:109) Total Epi:   160 Steps:   32000 Episode Steps:   200 Return: -227.2515 FPS: 137.11
12:23:06.304 [INFO] (trainer.py:109) Total Epi:   161 Steps:   32200 Episode Steps:   200 Return: -237.0412 FPS: 135.61
12:23:07.794 [INFO] (trainer.py:109) Total Epi:   162 Steps:   32400 Episode Steps:   200 Return: -119.6653 FPS: 134.23
12:23:09.274 [INFO] (trainer.py:109) Total Epi:   163 Steps:   32600 Episode Steps:   200 Return: -123.9303 FPS: 135.23
12:23:10.764 [INFO] (trainer.py:109) Total Epi:   164 Steps:   32800 Episode Steps:   200 Return: -243.0084 FPS: 134.31
12:23:12.272 [INFO] (trainer.py:109) Total Epi:   165 Steps:   33000 Episode Steps:   200 Return: -117.8831 FPS: 132.73
12:23:13.727 [INFO] (trainer.py:109) Total Epi:   166 Steps:   33200 Episode Steps:   200 Return: -353.5535 FPS: 137.51
12:23:15.185 [INFO] (trainer.py:109) Total Epi:   167 Steps:   33400 Episode Steps:   200 Return: -244.9335 FPS: 137.33
12:23:16.655 [INFO] (trainer.py:109) Total Epi:   168 Steps:   33600 Episode Steps:   200 Return: -120.4812 FPS: 136.07
12:23:18.115 [INFO] (trainer.py:109) Total Epi:   169 Steps:   33800 Episode Steps:   200 Return: -120.1630 FPS: 137.09
12:23:19.534 [INFO] (trainer.py:109) Total Epi:   170 Steps:   34000 Episode Steps:   200 Return: -125.5784 FPS: 141.04
12:23:20.961 [INFO] (trainer.py:109) Total Epi:   171 Steps:   34200 Episode Steps:   200 Return: -117.4698 FPS: 140.25
12:23:22.452 [INFO] (trainer.py:109) Total Epi:   172 Steps:   34400 Episode Steps:   200 Return: -119.7454 FPS: 134.27
12:23:23.935 [INFO] (trainer.py:109) Total Epi:   173 Steps:   34600 Episode Steps:   200 Return: -344.3017 FPS: 134.91
12:23:25.397 [INFO] (trainer.py:109) Total Epi:   174 Steps:   34800 Episode Steps:   200 Return: -120.9367 FPS: 136.86
12:23:26.867 [INFO] (trainer.py:109) Total Epi:   175 Steps:   35000 Episode Steps:   200 Return: -118.9387 FPS: 136.18
12:23:28.348 [INFO] (trainer.py:109) Total Epi:   176 Steps:   35200 Episode Steps:   200 Return: -310.0554 FPS: 135.12
12:23:29.763 [INFO] (trainer.py:109) Total Epi:   177 Steps:   35400 Episode Steps:   200 Return: -249.1742 FPS: 141.42
12:23:31.254 [INFO] (trainer.py:109) Total Epi:   178 Steps:   35600 Episode Steps:   200 Return: -328.5577 FPS: 134.22
12:23:32.721 [INFO] (trainer.py:109) Total Epi:   179 Steps:   35800 Episode Steps:   200 Return: -231.1894 FPS: 136.44
12:23:34.202 [INFO] (trainer.py:109) Total Epi:   180 Steps:   36000 Episode Steps:   200 Return: -124.8428 FPS: 135.07
12:23:35.684 [INFO] (trainer.py:109) Total Epi:   181 Steps:   36200 Episode Steps:   200 Return: -229.1214 FPS: 135.06
12:23:37.183 [INFO] (trainer.py:109) Total Epi:   182 Steps:   36400 Episode Steps:   200 Return: -242.0322 FPS: 133.48
12:23:38.686 [INFO] (trainer.py:109) Total Epi:   183 Steps:   36600 Episode Steps:   200 Return: -117.3933 FPS: 133.16
12:23:40.419 [INFO] (trainer.py:109) Total Epi:   184 Steps:   36800 Episode Steps:   200 Return: -1.3290 FPS: 115.48
12:23:42.867 [INFO] (trainer.py:109) Total Epi:   185 Steps:   37000 Episode Steps:   200 Return: -118.9349 FPS: 81.74
12:23:44.617 [INFO] (trainer.py:109) Total Epi:   186 Steps:   37200 Episode Steps:   200 Return: -235.9970 FPS: 114.40
12:23:46.654 [INFO] (trainer.py:109) Total Epi:   187 Steps:   37400 Episode Steps:   200 Return: -116.0175 FPS: 98.20
12:23:48.672 [INFO] (trainer.py:109) Total Epi:   188 Steps:   37600 Episode Steps:   200 Return: -125.0848 FPS: 99.17
12:23:50.628 [INFO] (trainer.py:109) Total Epi:   189 Steps:   37800 Episode Steps:   200 Return: -120.3299 FPS: 102.31
12:23:52.405 [INFO] (trainer.py:109) Total Epi:   190 Steps:   38000 Episode Steps:   200 Return: -294.3230 FPS: 112.59
12:23:54.035 [INFO] (trainer.py:109) Total Epi:   191 Steps:   38200 Episode Steps:   200 Return: -123.2596 FPS: 122.80
12:23:55.908 [INFO] (trainer.py:109) Total Epi:   192 Steps:   38400 Episode Steps:   200 Return: -1.0352 FPS: 106.80
12:23:57.391 [INFO] (trainer.py:109) Total Epi:   193 Steps:   38600 Episode Steps:   200 Return: -123.4556 FPS: 134.97
12:23:59.089 [INFO] (trainer.py:109) Total Epi:   194 Steps:   38800 Episode Steps:   200 Return: -116.8892 FPS: 117.85
12:24:01.278 [INFO] (trainer.py:109) Total Epi:   195 Steps:   39000 Episode Steps:   200 Return: -1.0015 FPS: 91.43
12:24:02.863 [INFO] (trainer.py:109) Total Epi:   196 Steps:   39200 Episode Steps:   200 Return: -1.5649 FPS: 126.24
12:24:04.606 [INFO] (trainer.py:109) Total Epi:   197 Steps:   39400 Episode Steps:   200 Return: -1.6890 FPS: 114.78
12:24:06.413 [INFO] (trainer.py:109) Total Epi:   198 Steps:   39600 Episode Steps:   200 Return: -242.9616 FPS: 110.77
12:24:08.091 [INFO] (trainer.py:109) Total Epi:   199 Steps:   39800 Episode Steps:   200 Return: -235.9328 FPS: 119.20
12:24:09.937 [INFO] (trainer.py:109) Total Epi:   200 Steps:   40000 Episode Steps:   200 Return: -124.5469 FPS: 108.40
12:24:10.818 [INFO] (trainer.py:137) Evaluation Total Steps:   40000 Average Reward -117.2479 over  5 episodes
12:24:12.370 [INFO] (trainer.py:109) Total Epi:   201 Steps:   40200 Episode Steps:   200 Return: -123.6857 FPS: 82.26
12:24:13.782 [INFO] (trainer.py:109) Total Epi:   202 Steps:   40400 Episode Steps:   200 Return: -246.3121 FPS: 141.73
12:24:15.199 [INFO] (trainer.py:109) Total Epi:   203 Steps:   40600 Episode Steps:   200 Return: -228.5183 FPS: 141.26
12:24:16.714 [INFO] (trainer.py:109) Total Epi:   204 Steps:   40800 Episode Steps:   200 Return: -243.7323 FPS: 132.11
12:24:18.206 [INFO] (trainer.py:109) Total Epi:   205 Steps:   41000 Episode Steps:   200 Return: -129.1710 FPS: 134.07
12:24:19.616 [INFO] (trainer.py:109) Total Epi:   206 Steps:   41200 Episode Steps:   200 Return: -356.3839 FPS: 141.95
12:24:21.018 [INFO] (trainer.py:109) Total Epi:   207 Steps:   41400 Episode Steps:   200 Return: -119.7437 FPS: 142.82
12:24:22.418 [INFO] (trainer.py:109) Total Epi:   208 Steps:   41600 Episode Steps:   200 Return: -119.1574 FPS: 142.92
12:24:23.847 [INFO] (trainer.py:109) Total Epi:   209 Steps:   41800 Episode Steps:   200 Return: -242.3182 FPS: 140.07
12:24:25.327 [INFO] (trainer.py:109) Total Epi:   210 Steps:   42000 Episode Steps:   200 Return: -241.8587 FPS: 135.16
12:24:26.881 [INFO] (trainer.py:109) Total Epi:   211 Steps:   42200 Episode Steps:   200 Return: -229.8262 FPS: 128.75
12:24:28.290 [INFO] (trainer.py:109) Total Epi:   212 Steps:   42400 Episode Steps:   200 Return: -126.0191 FPS: 142.13
12:24:29.766 [INFO] (trainer.py:109) Total Epi:   213 Steps:   42600 Episode Steps:   200 Return: -126.2826 FPS: 135.54
12:24:31.187 [INFO] (trainer.py:109) Total Epi:   214 Steps:   42800 Episode Steps:   200 Return: -1.1751 FPS: 140.88
12:24:32.590 [INFO] (trainer.py:109) Total Epi:   215 Steps:   43000 Episode Steps:   200 Return: -121.4766 FPS: 142.60
12:24:34.165 [INFO] (trainer.py:109) Total Epi:   216 Steps:   43200 Episode Steps:   200 Return: -123.4959 FPS: 127.03
12:24:35.671 [INFO] (trainer.py:109) Total Epi:   217 Steps:   43400 Episode Steps:   200 Return: -1.1009 FPS: 132.89
12:24:37.167 [INFO] (trainer.py:109) Total Epi:   218 Steps:   43600 Episode Steps:   200 Return: -120.1955 FPS: 133.77
12:24:38.573 [INFO] (trainer.py:109) Total Epi:   219 Steps:   43800 Episode Steps:   200 Return: -227.2936 FPS: 142.38
12:24:40.000 [INFO] (trainer.py:109) Total Epi:   220 Steps:   44000 Episode Steps:   200 Return: -357.0790 FPS: 140.24
12:24:41.407 [INFO] (trainer.py:109) Total Epi:   221 Steps:   44200 Episode Steps:   200 Return: -120.0374 FPS: 142.24
12:24:42.814 [INFO] (trainer.py:109) Total Epi:   222 Steps:   44400 Episode Steps:   200 Return: -296.7641 FPS: 142.21
12:24:44.217 [INFO] (trainer.py:109) Total Epi:   223 Steps:   44600 Episode Steps:   200 Return: -122.0538 FPS: 142.62
12:24:45.626 [INFO] (trainer.py:109) Total Epi:   224 Steps:   44800 Episode Steps:   200 Return: -235.1808 FPS: 142.06
12:24:47.167 [INFO] (trainer.py:109) Total Epi:   225 Steps:   45000 Episode Steps:   200 Return: -121.0791 FPS: 129.83
12:24:48.846 [INFO] (trainer.py:109) Total Epi:   226 Steps:   45200 Episode Steps:   200 Return: -233.1551 FPS: 119.23
12:24:50.277 [INFO] (trainer.py:109) Total Epi:   227 Steps:   45400 Episode Steps:   200 Return: -120.3294 FPS: 139.92
12:24:52.050 [INFO] (trainer.py:109) Total Epi:   228 Steps:   45600 Episode Steps:   200 Return: -238.3220 FPS: 112.85
12:24:53.885 [INFO] (trainer.py:109) Total Epi:   229 Steps:   45800 Episode Steps:   200 Return: -1.2485 FPS: 109.06
12:24:55.857 [INFO] (trainer.py:109) Total Epi:   230 Steps:   46000 Episode Steps:   200 Return: -238.3472 FPS: 101.47
12:24:57.855 [INFO] (trainer.py:109) Total Epi:   231 Steps:   46200 Episode Steps:   200 Return: -235.7963 FPS: 100.16
12:24:59.843 [INFO] (trainer.py:109) Total Epi:   232 Steps:   46400 Episode Steps:   200 Return: -121.4510 FPS: 100.67
12:25:01.443 [INFO] (trainer.py:109) Total Epi:   233 Steps:   46600 Episode Steps:   200 Return: -1.8612 FPS: 125.03
12:25:02.951 [INFO] (trainer.py:109) Total Epi:   234 Steps:   46800 Episode Steps:   200 Return: -230.8449 FPS: 132.70
12:25:04.455 [INFO] (trainer.py:109) Total Epi:   235 Steps:   47000 Episode Steps:   200 Return: -240.3201 FPS: 133.13
12:25:06.069 [INFO] (trainer.py:109) Total Epi:   236 Steps:   47200 Episode Steps:   200 Return: -128.3730 FPS: 124.02
12:25:07.782 [INFO] (trainer.py:109) Total Epi:   237 Steps:   47400 Episode Steps:   200 Return: -123.5290 FPS: 116.79
12:25:09.476 [INFO] (trainer.py:109) Total Epi:   238 Steps:   47600 Episode Steps:   200 Return: -340.5137 FPS: 118.15
12:25:11.187 [INFO] (trainer.py:109) Total Epi:   239 Steps:   47800 Episode Steps:   200 Return: -119.9220 FPS: 116.95
12:25:12.809 [INFO] (trainer.py:109) Total Epi:   240 Steps:   48000 Episode Steps:   200 Return: -120.1858 FPS: 123.40
12:25:14.338 [INFO] (trainer.py:109) Total Epi:   241 Steps:   48200 Episode Steps:   200 Return: -120.7730 FPS: 130.90
12:25:15.812 [INFO] (trainer.py:109) Total Epi:   242 Steps:   48400 Episode Steps:   200 Return: -120.4870 FPS: 135.71
12:25:17.269 [INFO] (trainer.py:109) Total Epi:   243 Steps:   48600 Episode Steps:   200 Return: -117.2491 FPS: 137.41
12:25:18.743 [INFO] (trainer.py:109) Total Epi:   244 Steps:   48800 Episode Steps:   200 Return: -235.6845 FPS: 135.72
12:25:20.382 [INFO] (trainer.py:109) Total Epi:   245 Steps:   49000 Episode Steps:   200 Return: -310.7785 FPS: 122.16
12:25:22.154 [INFO] (trainer.py:109) Total Epi:   246 Steps:   49200 Episode Steps:   200 Return: -121.1083 FPS: 112.91
12:25:23.633 [INFO] (trainer.py:109) Total Epi:   247 Steps:   49400 Episode Steps:   200 Return: -117.2132 FPS: 135.32
12:25:25.189 [INFO] (trainer.py:109) Total Epi:   248 Steps:   49600 Episode Steps:   200 Return: -246.1048 FPS: 128.65
12:25:26.945 [INFO] (trainer.py:109) Total Epi:   249 Steps:   49800 Episode Steps:   200 Return: -339.5874 FPS: 113.94
12:25:28.529 [INFO] (trainer.py:109) Total Epi:   250 Steps:   50000 Episode Steps:   200 Return: -1.1579 FPS: 126.33
12:25:29.312 [INFO] (trainer.py:137) Evaluation Total Steps:   50000 Average Reward -118.2977 over  5 episodes
12:25:31.248 [INFO] (trainer.py:109) Total Epi:   251 Steps:   50200 Episode Steps:   200 Return: -122.6295 FPS: 73.59
12:25:33.102 [INFO] (trainer.py:109) Total Epi:   252 Steps:   50400 Episode Steps:   200 Return: -119.0294 FPS: 107.98
12:25:34.517 [INFO] (trainer.py:109) Total Epi:   253 Steps:   50600 Episode Steps:   200 Return: -114.9280 FPS: 141.41
12:25:35.924 [INFO] (trainer.py:109) Total Epi:   254 Steps:   50800 Episode Steps:   200 Return: -117.0096 FPS: 142.24
12:25:37.537 [INFO] (trainer.py:109) Total Epi:   255 Steps:   51000 Episode Steps:   200 Return: -120.0454 FPS: 124.06
12:25:39.184 [INFO] (trainer.py:109) Total Epi:   256 Steps:   51200 Episode Steps:   200 Return: -124.8508 FPS: 121.50
12:25:41.382 [INFO] (trainer.py:109) Total Epi:   257 Steps:   51400 Episode Steps:   200 Return: -116.1538 FPS: 91.03
12:25:43.118 [INFO] (trainer.py:109) Total Epi:   258 Steps:   51600 Episode Steps:   200 Return: -2.3555 FPS: 115.29
12:25:44.982 [INFO] (trainer.py:109) Total Epi:   259 Steps:   51800 Episode Steps:   200 Return: -118.8000 FPS: 107.31
12:25:46.594 [INFO] (trainer.py:109) Total Epi:   260 Steps:   52000 Episode Steps:   200 Return: -123.6107 FPS: 124.19
12:25:48.087 [INFO] (trainer.py:109) Total Epi:   261 Steps:   52200 Episode Steps:   200 Return: -119.8405 FPS: 134.06
12:25:49.641 [INFO] (trainer.py:109) Total Epi:   262 Steps:   52400 Episode Steps:   200 Return: -354.9738 FPS: 128.78
12:25:51.154 [INFO] (trainer.py:109) Total Epi:   263 Steps:   52600 Episode Steps:   200 Return: -120.1464 FPS: 132.26
12:25:52.620 [INFO] (trainer.py:109) Total Epi:   264 Steps:   52800 Episode Steps:   200 Return: -123.7333 FPS: 136.47
12:25:54.142 [INFO] (trainer.py:109) Total Epi:   265 Steps:   53000 Episode Steps:   200 Return: -125.6818 FPS: 131.51
12:25:55.855 [INFO] (trainer.py:109) Total Epi:   266 Steps:   53200 Episode Steps:   200 Return: -245.4242 FPS: 116.77
12:25:57.446 [INFO] (trainer.py:109) Total Epi:   267 Steps:   53400 Episode Steps:   200 Return: -244.7374 FPS: 125.83
12:25:59.126 [INFO] (trainer.py:109) Total Epi:   268 Steps:   53600 Episode Steps:   200 Return: -241.0059 FPS: 119.11
12:26:00.962 [INFO] (trainer.py:109) Total Epi:   269 Steps:   53800 Episode Steps:   200 Return: -227.0156 FPS: 108.99
12:26:03.023 [INFO] (trainer.py:109) Total Epi:   270 Steps:   54000 Episode Steps:   200 Return: -232.3966 FPS: 97.11
12:26:04.810 [INFO] (trainer.py:109) Total Epi:   271 Steps:   54200 Episode Steps:   200 Return: -118.1663 FPS: 112.02
12:26:06.297 [INFO] (trainer.py:109) Total Epi:   272 Steps:   54400 Episode Steps:   200 Return: -125.8676 FPS: 134.75
12:26:07.734 [INFO] (trainer.py:109) Total Epi:   273 Steps:   54600 Episode Steps:   200 Return: -117.6374 FPS: 139.28
12:26:09.304 [INFO] (trainer.py:109) Total Epi:   274 Steps:   54800 Episode Steps:   200 Return: -247.0269 FPS: 127.45
12:26:11.077 [INFO] (trainer.py:109) Total Epi:   275 Steps:   55000 Episode Steps:   200 Return: -311.0205 FPS: 112.83
12:26:12.631 [INFO] (trainer.py:109) Total Epi:   276 Steps:   55200 Episode Steps:   200 Return: -122.0226 FPS: 128.81
12:26:14.226 [INFO] (trainer.py:109) Total Epi:   277 Steps:   55400 Episode Steps:   200 Return: -243.0247 FPS: 125.45
12:26:16.096 [INFO] (trainer.py:109) Total Epi:   278 Steps:   55600 Episode Steps:   200 Return: -124.7587 FPS: 107.04
12:26:17.723 [INFO] (trainer.py:109) Total Epi:   279 Steps:   55800 Episode Steps:   200 Return: -124.1917 FPS: 122.99
12:26:19.705 [INFO] (trainer.py:109) Total Epi:   280 Steps:   56000 Episode Steps:   200 Return: -124.9038 FPS: 100.96
12:26:21.375 [INFO] (trainer.py:109) Total Epi:   281 Steps:   56200 Episode Steps:   200 Return: -116.0199 FPS: 119.81
12:26:23.254 [INFO] (trainer.py:109) Total Epi:   282 Steps:   56400 Episode Steps:   200 Return: -235.8978 FPS: 106.50
12:26:24.975 [INFO] (trainer.py:109) Total Epi:   283 Steps:   56600 Episode Steps:   200 Return: -265.1690 FPS: 116.33
12:26:26.962 [INFO] (trainer.py:109) Total Epi:   284 Steps:   56800 Episode Steps:   200 Return: -123.9733 FPS: 100.70
12:26:28.868 [INFO] (trainer.py:109) Total Epi:   285 Steps:   57000 Episode Steps:   200 Return: -241.8694 FPS: 105.02
12:26:30.592 [INFO] (trainer.py:109) Total Epi:   286 Steps:   57200 Episode Steps:   200 Return: -237.0261 FPS: 116.06
12:26:32.178 [INFO] (trainer.py:109) Total Epi:   287 Steps:   57400 Episode Steps:   200 Return: -232.9341 FPS: 126.23
12:26:33.979 [INFO] (trainer.py:109) Total Epi:   288 Steps:   57600 Episode Steps:   200 Return: -265.6007 FPS: 111.09
12:26:35.469 [INFO] (trainer.py:109) Total Epi:   289 Steps:   57800 Episode Steps:   200 Return: -118.8690 FPS: 134.26
12:26:37.044 [INFO] (trainer.py:109) Total Epi:   290 Steps:   58000 Episode Steps:   200 Return: -126.4141 FPS: 127.09
12:26:38.812 [INFO] (trainer.py:109) Total Epi:   291 Steps:   58200 Episode Steps:   200 Return: -1.7929 FPS: 113.24
12:26:40.259 [INFO] (trainer.py:109) Total Epi:   292 Steps:   58400 Episode Steps:   200 Return: -121.5212 FPS: 138.30
12:26:41.954 [INFO] (trainer.py:109) Total Epi:   293 Steps:   58600 Episode Steps:   200 Return: -122.6506 FPS: 118.02
12:26:43.568 [INFO] (trainer.py:109) Total Epi:   294 Steps:   58800 Episode Steps:   200 Return: -122.9145 FPS: 124.18
12:26:44.981 [INFO] (trainer.py:109) Total Epi:   295 Steps:   59000 Episode Steps:   200 Return: -133.3642 FPS: 141.66
12:26:46.598 [INFO] (trainer.py:109) Total Epi:   296 Steps:   59200 Episode Steps:   200 Return: -228.4840 FPS: 123.79
12:26:48.185 [INFO] (trainer.py:109) Total Epi:   297 Steps:   59400 Episode Steps:   200 Return: -122.3203 FPS: 126.08
12:26:49.756 [INFO] (trainer.py:109) Total Epi:   298 Steps:   59600 Episode Steps:   200 Return: -223.9685 FPS: 127.37
12:26:51.170 [INFO] (trainer.py:109) Total Epi:   299 Steps:   59800 Episode Steps:   200 Return: -123.5320 FPS: 141.55
12:26:52.644 [INFO] (trainer.py:109) Total Epi:   300 Steps:   60000 Episode Steps:   200 Return: -1.1725 FPS: 135.78
12:26:53.196 [INFO] (trainer.py:137) Evaluation Total Steps:   60000 Average Reward -121.1782 over  5 episodes
12:26:54.636 [INFO] (trainer.py:109) Total Epi:   301 Steps:   60200 Episode Steps:   200 Return: -124.0410 FPS: 100.44
12:26:56.060 [INFO] (trainer.py:109) Total Epi:   302 Steps:   60400 Episode Steps:   200 Return: -117.7955 FPS: 140.55
12:26:57.570 [INFO] (trainer.py:109) Total Epi:   303 Steps:   60600 Episode Steps:   200 Return: -116.1737 FPS: 132.51
12:26:59.250 [INFO] (trainer.py:109) Total Epi:   304 Steps:   60800 Episode Steps:   200 Return: -2.1816 FPS: 119.18
12:27:01.533 [INFO] (trainer.py:109) Total Epi:   305 Steps:   61000 Episode Steps:   200 Return: -122.1709 FPS: 87.62
12:27:03.941 [INFO] (trainer.py:109) Total Epi:   306 Steps:   61200 Episode Steps:   200 Return: -118.6525 FPS: 83.21
12:27:05.723 [INFO] (trainer.py:109) Total Epi:   307 Steps:   61400 Episode Steps:   200 Return: -119.6112 FPS: 112.34
12:27:07.478 [INFO] (trainer.py:109) Total Epi:   308 Steps:   61600 Episode Steps:   200 Return: -123.2070 FPS: 113.98
12:27:09.060 [INFO] (trainer.py:109) Total Epi:   309 Steps:   61800 Episode Steps:   200 Return: -121.6273 FPS: 126.50
12:27:10.495 [INFO] (trainer.py:109) Total Epi:   310 Steps:   62000 Episode Steps:   200 Return: -363.1714 FPS: 139.43
12:27:12.552 [INFO] (trainer.py:109) Total Epi:   311 Steps:   62200 Episode Steps:   200 Return: -118.6903 FPS: 97.31
12:27:14.140 [INFO] (trainer.py:109) Total Epi:   312 Steps:   62400 Episode Steps:   200 Return: -120.6949 FPS: 125.95
12:27:15.993 [INFO] (trainer.py:109) Total Epi:   313 Steps:   62600 Episode Steps:   200 Return: -126.1932 FPS: 107.99
12:27:17.961 [INFO] (trainer.py:109) Total Epi:   314 Steps:   62800 Episode Steps:   200 Return: -242.9572 FPS: 101.69
12:27:19.680 [INFO] (trainer.py:109) Total Epi:   315 Steps:   63000 Episode Steps:   200 Return: -1.9273 FPS: 116.42
12:27:21.109 [INFO] (trainer.py:109) Total Epi:   316 Steps:   63200 Episode Steps:   200 Return: -124.5080 FPS: 140.08
12:27:22.524 [INFO] (trainer.py:109) Total Epi:   317 Steps:   63400 Episode Steps:   200 Return: -120.2215 FPS: 141.42
12:27:23.940 [INFO] (trainer.py:109) Total Epi:   318 Steps:   63600 Episode Steps:   200 Return: -119.5571 FPS: 141.33
12:27:25.637 [INFO] (trainer.py:109) Total Epi:   319 Steps:   63800 Episode Steps:   200 Return: -125.7121 FPS: 117.92
12:27:27.136 [INFO] (trainer.py:109) Total Epi:   320 Steps:   64000 Episode Steps:   200 Return: -289.6621 FPS: 133.49
12:27:28.630 [INFO] (trainer.py:109) Total Epi:   321 Steps:   64200 Episode Steps:   200 Return: -117.5013 FPS: 133.96
12:27:30.105 [INFO] (trainer.py:109) Total Epi:   322 Steps:   64400 Episode Steps:   200 Return: -259.9340 FPS: 135.62
12:27:31.679 [INFO] (trainer.py:109) Total Epi:   323 Steps:   64600 Episode Steps:   200 Return: -250.9213 FPS: 127.17
12:27:33.225 [INFO] (trainer.py:109) Total Epi:   324 Steps:   64800 Episode Steps:   200 Return: -116.3932 FPS: 129.42
12:27:34.635 [INFO] (trainer.py:109) Total Epi:   325 Steps:   65000 Episode Steps:   200 Return: -121.2555 FPS: 141.95
12:27:36.043 [INFO] (trainer.py:109) Total Epi:   326 Steps:   65200 Episode Steps:   200 Return: -126.4870 FPS: 142.13
12:27:37.461 [INFO] (trainer.py:109) Total Epi:   327 Steps:   65400 Episode Steps:   200 Return: -273.3429 FPS: 141.11
12:27:38.875 [INFO] (trainer.py:109) Total Epi:   328 Steps:   65600 Episode Steps:   200 Return: -126.0701 FPS: 141.63
12:27:40.284 [INFO] (trainer.py:109) Total Epi:   329 Steps:   65800 Episode Steps:   200 Return: -239.9607 FPS: 142.02
12:27:41.682 [INFO] (trainer.py:109) Total Epi:   330 Steps:   66000 Episode Steps:   200 Return: -127.4978 FPS: 143.09
12:27:43.091 [INFO] (trainer.py:109) Total Epi:   331 Steps:   66200 Episode Steps:   200 Return: -126.6523 FPS: 142.08
12:27:44.494 [INFO] (trainer.py:109) Total Epi:   332 Steps:   66400 Episode Steps:   200 Return: -123.1022 FPS: 142.61
12:27:45.903 [INFO] (trainer.py:109) Total Epi:   333 Steps:   66600 Episode Steps:   200 Return: -303.1060 FPS: 142.09
12:27:47.429 [INFO] (trainer.py:109) Total Epi:   334 Steps:   66800 Episode Steps:   200 Return: -1.2857 FPS: 131.12
12:27:48.839 [INFO] (trainer.py:109) Total Epi:   335 Steps:   67000 Episode Steps:   200 Return: -122.0292 FPS: 141.92
12:27:50.252 [INFO] (trainer.py:109) Total Epi:   336 Steps:   67200 Episode Steps:   200 Return: -117.1382 FPS: 141.70
12:27:51.658 [INFO] (trainer.py:109) Total Epi:   337 Steps:   67400 Episode Steps:   200 Return: -121.6182 FPS: 142.34
12:27:53.065 [INFO] (trainer.py:109) Total Epi:   338 Steps:   67600 Episode Steps:   200 Return: -118.3843 FPS: 142.18
12:27:54.468 [INFO] (trainer.py:109) Total Epi:   339 Steps:   67800 Episode Steps:   200 Return: -243.0573 FPS: 142.71
12:27:55.876 [INFO] (trainer.py:109) Total Epi:   340 Steps:   68000 Episode Steps:   200 Return: -121.8118 FPS: 142.10
12:27:57.286 [INFO] (trainer.py:109) Total Epi:   341 Steps:   68200 Episode Steps:   200 Return: -124.4327 FPS: 141.91
12:27:58.682 [INFO] (trainer.py:109) Total Epi:   342 Steps:   68400 Episode Steps:   200 Return: -126.7084 FPS: 143.34
12:28:00.102 [INFO] (trainer.py:109) Total Epi:   343 Steps:   68600 Episode Steps:   200 Return: -123.0973 FPS: 141.00
12:28:01.509 [INFO] (trainer.py:109) Total Epi:   344 Steps:   68800 Episode Steps:   200 Return: -114.6678 FPS: 142.19
12:28:02.942 [INFO] (trainer.py:109) Total Epi:   345 Steps:   69000 Episode Steps:   200 Return: -120.6576 FPS: 139.69
12:28:04.401 [INFO] (trainer.py:109) Total Epi:   346 Steps:   69200 Episode Steps:   200 Return: -122.0611 FPS: 137.19
12:28:06.141 [INFO] (trainer.py:109) Total Epi:   347 Steps:   69400 Episode Steps:   200 Return: -122.1719 FPS: 115.01
12:28:07.964 [INFO] (trainer.py:109) Total Epi:   348 Steps:   69600 Episode Steps:   200 Return: -125.5132 FPS: 109.85
12:28:09.378 [INFO] (trainer.py:109) Total Epi:   349 Steps:   69800 Episode Steps:   200 Return: -126.4829 FPS: 141.53
12:28:10.789 [INFO] (trainer.py:109) Total Epi:   350 Steps:   70000 Episode Steps:   200 Return: -3.5354 FPS: 141.87
12:28:11.307 [INFO] (trainer.py:137) Evaluation Total Steps:   70000 Average Reward -140.8193 over  5 episodes
12:28:12.738 [INFO] (trainer.py:109) Total Epi:   351 Steps:   70200 Episode Steps:   200 Return: -250.2745 FPS: 102.64
12:28:14.196 [INFO] (trainer.py:109) Total Epi:   352 Steps:   70400 Episode Steps:   200 Return: -117.5213 FPS: 137.26
12:28:16.000 [INFO] (trainer.py:109) Total Epi:   353 Steps:   70600 Episode Steps:   200 Return: -116.6187 FPS: 110.97
12:28:17.703 [INFO] (trainer.py:109) Total Epi:   354 Steps:   70800 Episode Steps:   200 Return: -1.4157 FPS: 117.48
12:28:19.286 [INFO] (trainer.py:109) Total Epi:   355 Steps:   71000 Episode Steps:   200 Return: -125.6901 FPS: 126.48
12:28:21.035 [INFO] (trainer.py:109) Total Epi:   356 Steps:   71200 Episode Steps:   200 Return: -305.5767 FPS: 114.37
12:28:22.644 [INFO] (trainer.py:109) Total Epi:   357 Steps:   71400 Episode Steps:   200 Return: -119.7384 FPS: 124.42
12:28:24.321 [INFO] (trainer.py:109) Total Epi:   358 Steps:   71600 Episode Steps:   200 Return: -120.0175 FPS: 119.42
12:28:26.111 [INFO] (trainer.py:109) Total Epi:   359 Steps:   71800 Episode Steps:   200 Return: -247.0835 FPS: 111.78
12:28:27.739 [INFO] (trainer.py:109) Total Epi:   360 Steps:   72000 Episode Steps:   200 Return: -123.5457 FPS: 122.95
12:28:29.630 [INFO] (trainer.py:109) Total Epi:   361 Steps:   72200 Episode Steps:   200 Return: -235.9179 FPS: 105.81
12:28:31.528 [INFO] (trainer.py:109) Total Epi:   362 Steps:   72400 Episode Steps:   200 Return: -238.5376 FPS: 105.44
12:28:33.254 [INFO] (trainer.py:109) Total Epi:   363 Steps:   72600 Episode Steps:   200 Return: -232.5467 FPS: 115.90
12:28:34.889 [INFO] (trainer.py:109) Total Epi:   364 Steps:   72800 Episode Steps:   200 Return: -117.9518 FPS: 122.42
12:28:36.431 [INFO] (trainer.py:109) Total Epi:   365 Steps:   73000 Episode Steps:   200 Return: -118.9719 FPS: 129.76
12:28:37.890 [INFO] (trainer.py:109) Total Epi:   366 Steps:   73200 Episode Steps:   200 Return: -115.8292 FPS: 137.16
12:28:39.503 [INFO] (trainer.py:109) Total Epi:   367 Steps:   73400 Episode Steps:   200 Return: -119.0135 FPS: 124.05
12:28:41.529 [INFO] (trainer.py:109) Total Epi:   368 Steps:   73600 Episode Steps:   200 Return: -122.0437 FPS: 98.84
12:28:42.992 [INFO] (trainer.py:109) Total Epi:   369 Steps:   73800 Episode Steps:   200 Return: -118.0731 FPS: 136.77
12:28:44.585 [INFO] (trainer.py:109) Total Epi:   370 Steps:   74000 Episode Steps:   200 Return: -2.1686 FPS: 125.70
12:28:46.079 [INFO] (trainer.py:109) Total Epi:   371 Steps:   74200 Episode Steps:   200 Return: -3.8739 FPS: 133.97
12:28:47.660 [INFO] (trainer.py:109) Total Epi:   372 Steps:   74400 Episode Steps:   200 Return: -124.0196 FPS: 126.55
12:28:49.719 [INFO] (trainer.py:109) Total Epi:   373 Steps:   74600 Episode Steps:   200 Return: -123.7581 FPS: 97.18
12:28:51.698 [INFO] (trainer.py:109) Total Epi:   374 Steps:   74800 Episode Steps:   200 Return: -123.3762 FPS: 101.10
12:28:53.264 [INFO] (trainer.py:109) Total Epi:   375 Steps:   75000 Episode Steps:   200 Return: -1.5103 FPS: 127.78
12:28:54.678 [INFO] (trainer.py:109) Total Epi:   376 Steps:   75200 Episode Steps:   200 Return: -239.8519 FPS: 141.54
12:28:56.099 [INFO] (trainer.py:109) Total Epi:   377 Steps:   75400 Episode Steps:   200 Return: -121.5670 FPS: 140.87
12:28:57.499 [INFO] (trainer.py:109) Total Epi:   378 Steps:   75600 Episode Steps:   200 Return: -119.8990 FPS: 142.93
12:28:58.919 [INFO] (trainer.py:109) Total Epi:   379 Steps:   75800 Episode Steps:   200 Return: -121.7108 FPS: 140.98
12:29:00.317 [INFO] (trainer.py:109) Total Epi:   380 Steps:   76000 Episode Steps:   200 Return: -246.0402 FPS: 143.14
12:29:01.717 [INFO] (trainer.py:109) Total Epi:   381 Steps:   76200 Episode Steps:   200 Return: -122.3571 FPS: 142.93
12:29:03.128 [INFO] (trainer.py:109) Total Epi:   382 Steps:   76400 Episode Steps:   200 Return: -125.2611 FPS: 141.92
12:29:04.526 [INFO] (trainer.py:109) Total Epi:   383 Steps:   76600 Episode Steps:   200 Return: -226.9382 FPS: 143.13
12:29:05.931 [INFO] (trainer.py:109) Total Epi:   384 Steps:   76800 Episode Steps:   200 Return: -118.6824 FPS: 142.44
12:29:07.333 [INFO] (trainer.py:109) Total Epi:   385 Steps:   77000 Episode Steps:   200 Return: -231.4767 FPS: 142.75
12:29:08.737 [INFO] (trainer.py:109) Total Epi:   386 Steps:   77200 Episode Steps:   200 Return: -226.3424 FPS: 142.56
12:29:10.146 [INFO] (trainer.py:109) Total Epi:   387 Steps:   77400 Episode Steps:   200 Return: -124.9909 FPS: 142.01
12:29:11.559 [INFO] (trainer.py:109) Total Epi:   388 Steps:   77600 Episode Steps:   200 Return: -253.4948 FPS: 141.69
12:29:12.959 [INFO] (trainer.py:109) Total Epi:   389 Steps:   77800 Episode Steps:   200 Return: -118.4688 FPS: 142.91
12:29:14.360 [INFO] (trainer.py:109) Total Epi:   390 Steps:   78000 Episode Steps:   200 Return: -124.5695 FPS: 142.92
12:29:15.764 [INFO] (trainer.py:109) Total Epi:   391 Steps:   78200 Episode Steps:   200 Return: -125.6274 FPS: 142.47
12:29:17.170 [INFO] (trainer.py:109) Total Epi:   392 Steps:   78400 Episode Steps:   200 Return: -2.3994 FPS: 142.34
12:29:18.577 [INFO] (trainer.py:109) Total Epi:   393 Steps:   78600 Episode Steps:   200 Return: -2.7808 FPS: 142.29
12:29:19.977 [INFO] (trainer.py:109) Total Epi:   394 Steps:   78800 Episode Steps:   200 Return: -233.8613 FPS: 142.91
12:29:21.370 [INFO] (trainer.py:109) Total Epi:   395 Steps:   79000 Episode Steps:   200 Return: -1.1825 FPS: 143.65
12:29:22.765 [INFO] (trainer.py:109) Total Epi:   396 Steps:   79200 Episode Steps:   200 Return: -233.8933 FPS: 143.50
12:29:24.214 [INFO] (trainer.py:109) Total Epi:   397 Steps:   79400 Episode Steps:   200 Return: -239.0578 FPS: 138.17
12:29:25.611 [INFO] (trainer.py:109) Total Epi:   398 Steps:   79600 Episode Steps:   200 Return: -1.3186 FPS: 143.25
12:29:27.014 [INFO] (trainer.py:109) Total Epi:   399 Steps:   79800 Episode Steps:   200 Return: -226.7134 FPS: 142.56
12:29:28.411 [INFO] (trainer.py:109) Total Epi:   400 Steps:   80000 Episode Steps:   200 Return: -2.9205 FPS: 143.31
12:29:28.920 [INFO] (trainer.py:137) Evaluation Total Steps:   80000 Average Reward -164.7819 over  5 episodes
12:29:30.363 [INFO] (trainer.py:109) Total Epi:   401 Steps:   80200 Episode Steps:   200 Return: -233.2980 FPS: 102.52
12:29:31.769 [INFO] (trainer.py:109) Total Epi:   402 Steps:   80400 Episode Steps:   200 Return: -125.6249 FPS: 142.27
12:29:33.176 [INFO] (trainer.py:109) Total Epi:   403 Steps:   80600 Episode Steps:   200 Return: -117.0015 FPS: 142.30
12:29:34.581 [INFO] (trainer.py:109) Total Epi:   404 Steps:   80800 Episode Steps:   200 Return: -123.0585 FPS: 142.43
12:29:35.993 [INFO] (trainer.py:109) Total Epi:   405 Steps:   81000 Episode Steps:   200 Return: -128.2626 FPS: 141.72
12:29:37.402 [INFO] (trainer.py:109) Total Epi:   406 Steps:   81200 Episode Steps:   200 Return: -123.4257 FPS: 142.02
12:29:38.813 [INFO] (trainer.py:109) Total Epi:   407 Steps:   81400 Episode Steps:   200 Return: -346.6869 FPS: 141.80
12:29:40.226 [INFO] (trainer.py:109) Total Epi:   408 Steps:   81600 Episode Steps:   200 Return: -125.3285 FPS: 141.73
12:29:41.754 [INFO] (trainer.py:109) Total Epi:   409 Steps:   81800 Episode Steps:   200 Return: -235.3567 FPS: 130.90
12:29:43.273 [INFO] (trainer.py:109) Total Epi:   410 Steps:   82000 Episode Steps:   200 Return: -235.4367 FPS: 131.84
12:29:44.712 [INFO] (trainer.py:109) Total Epi:   411 Steps:   82200 Episode Steps:   200 Return: -235.4036 FPS: 139.09
12:29:46.184 [INFO] (trainer.py:109) Total Epi:   412 Steps:   82400 Episode Steps:   200 Return: -127.0618 FPS: 135.96
12:29:48.277 [INFO] (trainer.py:109) Total Epi:   413 Steps:   82600 Episode Steps:   200 Return: -228.1720 FPS: 95.63
12:29:50.348 [INFO] (trainer.py:109) Total Epi:   414 Steps:   82800 Episode Steps:   200 Return: -241.0692 FPS: 96.61
12:29:51.880 [INFO] (trainer.py:109) Total Epi:   415 Steps:   83000 Episode Steps:   200 Return: -227.8822 FPS: 130.63
12:29:53.521 [INFO] (trainer.py:109) Total Epi:   416 Steps:   83200 Episode Steps:   200 Return: -116.1556 FPS: 121.94
12:29:55.389 [INFO] (trainer.py:109) Total Epi:   417 Steps:   83400 Episode Steps:   200 Return: -235.8809 FPS: 107.16
12:29:57.267 [INFO] (trainer.py:109) Total Epi:   418 Steps:   83600 Episode Steps:   200 Return: -224.2815 FPS: 106.55
12:29:59.360 [INFO] (trainer.py:109) Total Epi:   419 Steps:   83800 Episode Steps:   200 Return: -121.9912 FPS: 95.57
12:30:01.457 [INFO] (trainer.py:109) Total Epi:   420 Steps:   84000 Episode Steps:   200 Return: -125.9037 FPS: 95.44
12:30:03.750 [INFO] (trainer.py:109) Total Epi:   421 Steps:   84200 Episode Steps:   200 Return: -225.2487 FPS: 87.24
12:30:05.191 [INFO] (trainer.py:109) Total Epi:   422 Steps:   84400 Episode Steps:   200 Return: -5.0849 FPS: 138.89
12:30:06.607 [INFO] (trainer.py:109) Total Epi:   423 Steps:   84600 Episode Steps:   200 Return: -1.7541 FPS: 141.36
12:30:08.020 [INFO] (trainer.py:109) Total Epi:   424 Steps:   84800 Episode Steps:   200 Return: -2.6478 FPS: 141.63
12:30:09.428 [INFO] (trainer.py:109) Total Epi:   425 Steps:   85000 Episode Steps:   200 Return: -232.5710 FPS: 142.18
12:30:10.837 [INFO] (trainer.py:109) Total Epi:   426 Steps:   85200 Episode Steps:   200 Return: -116.7824 FPS: 141.99
12:30:12.242 [INFO] (trainer.py:109) Total Epi:   427 Steps:   85400 Episode Steps:   200 Return: -123.3067 FPS: 142.40
12:30:13.645 [INFO] (trainer.py:109) Total Epi:   428 Steps:   85600 Episode Steps:   200 Return: -117.9606 FPS: 142.66
12:30:15.055 [INFO] (trainer.py:109) Total Epi:   429 Steps:   85800 Episode Steps:   200 Return: -121.4294 FPS: 141.99
12:30:16.472 [INFO] (trainer.py:109) Total Epi:   430 Steps:   86000 Episode Steps:   200 Return: -120.8715 FPS: 141.21
12:30:17.883 [INFO] (trainer.py:109) Total Epi:   431 Steps:   86200 Episode Steps:   200 Return: -4.2805 FPS: 141.87
12:30:19.305 [INFO] (trainer.py:109) Total Epi:   432 Steps:   86400 Episode Steps:   200 Return: -229.5454 FPS: 140.73
12:30:21.359 [INFO] (trainer.py:109) Total Epi:   433 Steps:   86600 Episode Steps:   200 Return: -235.7110 FPS: 97.40
12:30:23.472 [INFO] (trainer.py:109) Total Epi:   434 Steps:   86800 Episode Steps:   200 Return: -127.4392 FPS: 94.69
12:30:25.046 [INFO] (trainer.py:109) Total Epi:   435 Steps:   87000 Episode Steps:   200 Return: -238.0425 FPS: 127.12
12:30:26.771 [INFO] (trainer.py:109) Total Epi:   436 Steps:   87200 Episode Steps:   200 Return: -1.8652 FPS: 115.99
12:30:28.365 [INFO] (trainer.py:109) Total Epi:   437 Steps:   87400 Episode Steps:   200 Return: -124.9597 FPS: 125.57
12:30:30.411 [INFO] (trainer.py:109) Total Epi:   438 Steps:   87600 Episode Steps:   200 Return: -240.4590 FPS: 97.82
12:30:31.985 [INFO] (trainer.py:109) Total Epi:   439 Steps:   87800 Episode Steps:   200 Return: -234.4498 FPS: 127.14
12:30:33.669 [INFO] (trainer.py:109) Total Epi:   440 Steps:   88000 Episode Steps:   200 Return: -1.7161 FPS: 118.86
12:30:35.646 [INFO] (trainer.py:109) Total Epi:   441 Steps:   88200 Episode Steps:   200 Return: -124.5008 FPS: 101.23
12:30:37.197 [INFO] (trainer.py:109) Total Epi:   442 Steps:   88400 Episode Steps:   200 Return: -242.7599 FPS: 129.08
12:30:38.700 [INFO] (trainer.py:109) Total Epi:   443 Steps:   88600 Episode Steps:   200 Return: -117.2571 FPS: 133.12
12:30:40.497 [INFO] (trainer.py:109) Total Epi:   444 Steps:   88800 Episode Steps:   200 Return: -229.3898 FPS: 111.38
12:30:42.223 [INFO] (trainer.py:109) Total Epi:   445 Steps:   89000 Episode Steps:   200 Return: -115.7478 FPS: 115.97
12:30:43.722 [INFO] (trainer.py:109) Total Epi:   446 Steps:   89200 Episode Steps:   200 Return: -222.9371 FPS: 133.49
12:30:45.327 [INFO] (trainer.py:109) Total Epi:   447 Steps:   89400 Episode Steps:   200 Return: -125.5406 FPS: 124.65
12:30:46.817 [INFO] (trainer.py:109) Total Epi:   448 Steps:   89600 Episode Steps:   200 Return: -243.2750 FPS: 134.35
12:30:48.338 [INFO] (trainer.py:109) Total Epi:   449 Steps:   89800 Episode Steps:   200 Return: -2.5958 FPS: 131.52
12:30:50.023 [INFO] (trainer.py:109) Total Epi:   450 Steps:   90000 Episode Steps:   200 Return: -126.6890 FPS: 118.78
12:30:50.682 [INFO] (trainer.py:137) Evaluation Total Steps:   90000 Average Reward -183.0588 over  5 episodes
12:30:52.359 [INFO] (trainer.py:109) Total Epi:   451 Steps:   90200 Episode Steps:   200 Return: -121.2628 FPS: 85.65
12:30:54.135 [INFO] (trainer.py:109) Total Epi:   452 Steps:   90400 Episode Steps:   200 Return: -118.2496 FPS: 112.68
12:30:56.146 [INFO] (trainer.py:109) Total Epi:   453 Steps:   90600 Episode Steps:   200 Return: -222.9715 FPS: 99.47
12:30:58.411 [INFO] (trainer.py:109) Total Epi:   454 Steps:   90800 Episode Steps:   200 Return: -2.8313 FPS: 88.43
12:31:01.015 [INFO] (trainer.py:109) Total Epi:   455 Steps:   91000 Episode Steps:   200 Return: -121.5125 FPS: 76.86
12:31:02.999 [INFO] (trainer.py:109) Total Epi:   456 Steps:   91200 Episode Steps:   200 Return: -227.8371 FPS: 100.85
12:31:05.607 [INFO] (trainer.py:109) Total Epi:   457 Steps:   91400 Episode Steps:   200 Return: -230.7796 FPS: 76.72
12:31:07.807 [INFO] (trainer.py:109) Total Epi:   458 Steps:   91600 Episode Steps:   200 Return: -119.0586 FPS: 90.96
12:31:09.536 [INFO] (trainer.py:109) Total Epi:   459 Steps:   91800 Episode Steps:   200 Return: -236.3982 FPS: 115.72
12:31:11.502 [INFO] (trainer.py:109) Total Epi:   460 Steps:   92000 Episode Steps:   200 Return: -119.1503 FPS: 101.77
12:31:13.104 [INFO] (trainer.py:109) Total Epi:   461 Steps:   92200 Episode Steps:   200 Return: -120.6748 FPS: 124.97
12:31:14.655 [INFO] (trainer.py:109) Total Epi:   462 Steps:   92400 Episode Steps:   200 Return: -119.6204 FPS: 129.02
12:31:16.727 [INFO] (trainer.py:109) Total Epi:   463 Steps:   92600 Episode Steps:   200 Return: -232.4780 FPS: 96.62
12:31:18.256 [INFO] (trainer.py:109) Total Epi:   464 Steps:   92800 Episode Steps:   200 Return: -230.8857 FPS: 130.87
12:31:19.756 [INFO] (trainer.py:109) Total Epi:   465 Steps:   93000 Episode Steps:   200 Return: -117.1115 FPS: 133.50
12:31:21.545 [INFO] (trainer.py:109) Total Epi:   466 Steps:   93200 Episode Steps:   200 Return: -118.1172 FPS: 111.84
12:31:23.519 [INFO] (trainer.py:109) Total Epi:   467 Steps:   93400 Episode Steps:   200 Return: -234.2710 FPS: 101.35
12:31:25.229 [INFO] (trainer.py:109) Total Epi:   468 Steps:   93600 Episode Steps:   200 Return: -114.4868 FPS: 117.05
12:31:26.867 [INFO] (trainer.py:109) Total Epi:   469 Steps:   93800 Episode Steps:   200 Return: -2.1531 FPS: 122.18
12:31:28.600 [INFO] (trainer.py:109) Total Epi:   470 Steps:   94000 Episode Steps:   200 Return: -126.9398 FPS: 115.46
12:31:30.717 [INFO] (trainer.py:109) Total Epi:   471 Steps:   94200 Episode Steps:   200 Return: -3.8075 FPS: 94.54
12:31:32.958 [INFO] (trainer.py:109) Total Epi:   472 Steps:   94400 Episode Steps:   200 Return: -124.5728 FPS: 89.26
12:31:35.121 [INFO] (trainer.py:109) Total Epi:   473 Steps:   94600 Episode Steps:   200 Return: -125.2802 FPS: 92.56
12:31:36.726 [INFO] (trainer.py:109) Total Epi:   474 Steps:   94800 Episode Steps:   200 Return: -118.0507 FPS: 124.67
12:31:38.479 [INFO] (trainer.py:109) Total Epi:   475 Steps:   95000 Episode Steps:   200 Return: -117.9120 FPS: 114.15
12:31:39.914 [INFO] (trainer.py:109) Total Epi:   476 Steps:   95200 Episode Steps:   200 Return: -244.0599 FPS: 139.44
12:31:41.486 [INFO] (trainer.py:109) Total Epi:   477 Steps:   95400 Episode Steps:   200 Return: -116.5228 FPS: 127.29
12:31:43.030 [INFO] (trainer.py:109) Total Epi:   478 Steps:   95600 Episode Steps:   200 Return: -124.8985 FPS: 129.60
12:31:44.753 [INFO] (trainer.py:109) Total Epi:   479 Steps:   95800 Episode Steps:   200 Return: -236.5021 FPS: 116.16
12:31:46.169 [INFO] (trainer.py:109) Total Epi:   480 Steps:   96000 Episode Steps:   200 Return: -117.1309 FPS: 141.34
12:31:47.586 [INFO] (trainer.py:109) Total Epi:   481 Steps:   96200 Episode Steps:   200 Return: -115.0001 FPS: 141.20
12:31:48.991 [INFO] (trainer.py:109) Total Epi:   482 Steps:   96400 Episode Steps:   200 Return: -237.0167 FPS: 142.45
12:31:50.386 [INFO] (trainer.py:109) Total Epi:   483 Steps:   96600 Episode Steps:   200 Return: -232.8787 FPS: 143.46
12:31:51.794 [INFO] (trainer.py:109) Total Epi:   484 Steps:   96800 Episode Steps:   200 Return: -121.1359 FPS: 142.21
12:31:53.427 [INFO] (trainer.py:109) Total Epi:   485 Steps:   97000 Episode Steps:   200 Return: -122.1213 FPS: 122.52
12:31:54.850 [INFO] (trainer.py:109) Total Epi:   486 Steps:   97200 Episode Steps:   200 Return: -239.2542 FPS: 140.65
12:31:56.265 [INFO] (trainer.py:109) Total Epi:   487 Steps:   97400 Episode Steps:   200 Return: -126.0609 FPS: 141.42
12:31:57.673 [INFO] (trainer.py:109) Total Epi:   488 Steps:   97600 Episode Steps:   200 Return: -119.8191 FPS: 142.15
12:31:59.100 [INFO] (trainer.py:109) Total Epi:   489 Steps:   97800 Episode Steps:   200 Return: -120.2469 FPS: 140.23
12:32:00.746 [INFO] (trainer.py:109) Total Epi:   490 Steps:   98000 Episode Steps:   200 Return: -121.2639 FPS: 121.55
12:32:02.232 [INFO] (trainer.py:109) Total Epi:   491 Steps:   98200 Episode Steps:   200 Return: -120.9958 FPS: 134.66
12:32:03.910 [INFO] (trainer.py:109) Total Epi:   492 Steps:   98400 Episode Steps:   200 Return: -233.5591 FPS: 119.29
12:32:05.475 [INFO] (trainer.py:109) Total Epi:   493 Steps:   98600 Episode Steps:   200 Return: -121.1297 FPS: 127.89
12:32:06.990 [INFO] (trainer.py:109) Total Epi:   494 Steps:   98800 Episode Steps:   200 Return: -125.7413 FPS: 132.16
12:32:08.479 [INFO] (trainer.py:109) Total Epi:   495 Steps:   99000 Episode Steps:   200 Return: -230.5774 FPS: 134.31
12:32:10.128 [INFO] (trainer.py:109) Total Epi:   496 Steps:   99200 Episode Steps:   200 Return: -223.4913 FPS: 121.41
12:32:11.591 [INFO] (trainer.py:109) Total Epi:   497 Steps:   99400 Episode Steps:   200 Return: -124.8272 FPS: 136.73
12:32:13.114 [INFO] (trainer.py:109) Total Epi:   498 Steps:   99600 Episode Steps:   200 Return: -124.6865 FPS: 131.48
12:32:14.551 [INFO] (trainer.py:109) Total Epi:   499 Steps:   99800 Episode Steps:   200 Return: -120.4964 FPS: 139.28
12:32:16.024 [INFO] (trainer.py:109) Total Epi:   500 Steps:  100000 Episode Steps:   200 Return: -128.4577 FPS: 135.86
12:32:16.553 [INFO] (trainer.py:137) Evaluation Total Steps:  100000 Average Reward -188.4491 over  5 episodes
12:32:18.098 [INFO] (trainer.py:109) Total Epi:   501 Steps:  100200 Episode Steps:   200 Return: -227.8060 FPS: 96.47
12:32:19.841 [INFO] (trainer.py:109) Total Epi:   502 Steps:  100400 Episode Steps:   200 Return: -2.4668 FPS: 114.76
12:32:21.499 [INFO] (trainer.py:109) Total Epi:   503 Steps:  100600 Episode Steps:   200 Return: -119.9792 FPS: 120.84
12:32:23.152 [INFO] (trainer.py:109) Total Epi:   504 Steps:  100800 Episode Steps:   200 Return: -123.6109 FPS: 121.08
12:32:24.840 [INFO] (trainer.py:109) Total Epi:   505 Steps:  101000 Episode Steps:   200 Return: -117.2766 FPS: 118.63
12:32:26.258 [INFO] (trainer.py:109) Total Epi:   506 Steps:  101200 Episode Steps:   200 Return: -2.5763 FPS: 141.07
12:32:27.668 [INFO] (trainer.py:109) Total Epi:   507 Steps:  101400 Episode Steps:   200 Return: -1.3290 FPS: 142.01
12:32:29.079 [INFO] (trainer.py:109) Total Epi:   508 Steps:  101600 Episode Steps:   200 Return: -120.7188 FPS: 141.76
12:32:30.489 [INFO] (trainer.py:109) Total Epi:   509 Steps:  101800 Episode Steps:   200 Return: -118.7859 FPS: 141.99
12:32:31.901 [INFO] (trainer.py:109) Total Epi:   510 Steps:  102000 Episode Steps:   200 Return: -125.9480 FPS: 141.67
12:32:33.302 [INFO] (trainer.py:109) Total Epi:   511 Steps:  102200 Episode Steps:   200 Return: -122.3078 FPS: 142.91
12:32:34.707 [INFO] (trainer.py:109) Total Epi:   512 Steps:  102400 Episode Steps:   200 Return: -121.9119 FPS: 142.41
12:32:36.118 [INFO] (trainer.py:109) Total Epi:   513 Steps:  102600 Episode Steps:   200 Return: -125.0828 FPS: 141.84
12:32:37.526 [INFO] (trainer.py:109) Total Epi:   514 Steps:  102800 Episode Steps:   200 Return: -2.9547 FPS: 142.11
12:32:38.929 [INFO] (trainer.py:109) Total Epi:   515 Steps:  103000 Episode Steps:   200 Return: -119.1607 FPS: 142.65
12:32:40.332 [INFO] (trainer.py:109) Total Epi:   516 Steps:  103200 Episode Steps:   200 Return: -115.8235 FPS: 142.71
12:32:41.739 [INFO] (trainer.py:109) Total Epi:   517 Steps:  103400 Episode Steps:   200 Return: -116.9878 FPS: 142.24
12:32:43.295 [INFO] (trainer.py:109) Total Epi:   518 Steps:  103600 Episode Steps:   200 Return: -3.2927 FPS: 128.53
12:32:44.709 [INFO] (trainer.py:109) Total Epi:   519 Steps:  103800 Episode Steps:   200 Return: -120.1148 FPS: 141.58
12:32:46.270 [INFO] (trainer.py:109) Total Epi:   520 Steps:  104000 Episode Steps:   200 Return: -124.3687 FPS: 128.19
12:32:47.749 [INFO] (trainer.py:109) Total Epi:   521 Steps:  104200 Episode Steps:   200 Return: -125.1539 FPS: 135.33
12:32:49.272 [INFO] (trainer.py:109) Total Epi:   522 Steps:  104400 Episode Steps:   200 Return: -122.6079 FPS: 131.35
