09:47:50.354 [INFO] (trainer.py:109) Total Epi:     1 Steps:     200 Episode Steps:   200 Return: -1816.6017 FPS: 3956.09
09:47:50.384 [INFO] (trainer.py:109) Total Epi:     2 Steps:     400 Episode Steps:   200 Return: -1158.9761 FPS: 7079.74
09:47:50.413 [INFO] (trainer.py:109) Total Epi:     3 Steps:     600 Episode Steps:   200 Return: -1180.5859 FPS: 7016.95
09:47:50.442 [INFO] (trainer.py:109) Total Epi:     4 Steps:     800 Episode Steps:   200 Return: -884.2512 FPS: 7231.47
09:47:50.471 [INFO] (trainer.py:109) Total Epi:     5 Steps:    1000 Episode Steps:   200 Return: -1148.2733 FPS: 6969.68
09:47:50.500 [INFO] (trainer.py:109) Total Epi:     6 Steps:    1200 Episode Steps:   200 Return: -1179.0002 FPS: 7032.12
09:47:50.530 [INFO] (trainer.py:109) Total Epi:     7 Steps:    1400 Episode Steps:   200 Return: -1735.4983 FPS: 6846.87
09:47:50.559 [INFO] (trainer.py:109) Total Epi:     8 Steps:    1600 Episode Steps:   200 Return: -1202.0534 FPS: 7026.72
09:47:50.588 [INFO] (trainer.py:109) Total Epi:     9 Steps:    1800 Episode Steps:   200 Return: -1841.7326 FPS: 7150.05
09:47:50.618 [INFO] (trainer.py:109) Total Epi:    10 Steps:    2000 Episode Steps:   200 Return: -753.4891 FPS: 6872.34
09:47:50.647 [INFO] (trainer.py:109) Total Epi:    11 Steps:    2200 Episode Steps:   200 Return: -1766.7879 FPS: 7002.08
09:47:50.677 [INFO] (trainer.py:109) Total Epi:    12 Steps:    2400 Episode Steps:   200 Return: -810.8044 FPS: 6783.79
09:47:50.706 [INFO] (trainer.py:109) Total Epi:    13 Steps:    2600 Episode Steps:   200 Return: -1017.0494 FPS: 7026.56
09:47:50.735 [INFO] (trainer.py:109) Total Epi:    14 Steps:    2800 Episode Steps:   200 Return: -945.2573 FPS: 7164.42
09:47:50.764 [INFO] (trainer.py:109) Total Epi:    15 Steps:    3000 Episode Steps:   200 Return: -1069.6057 FPS: 6972.08
09:47:50.792 [INFO] (trainer.py:109) Total Epi:    16 Steps:    3200 Episode Steps:   200 Return: -1537.7840 FPS: 7298.92
09:47:50.822 [INFO] (trainer.py:109) Total Epi:    17 Steps:    3400 Episode Steps:   200 Return: -1695.0557 FPS: 7086.96
09:47:50.853 [INFO] (trainer.py:109) Total Epi:    18 Steps:    3600 Episode Steps:   200 Return: -979.7679 FPS: 6424.81
09:47:50.883 [INFO] (trainer.py:109) Total Epi:    19 Steps:    3800 Episode Steps:   200 Return: -1165.6694 FPS: 6823.05
09:47:50.913 [INFO] (trainer.py:109) Total Epi:    20 Steps:    4000 Episode Steps:   200 Return: -1174.0858 FPS: 7024.68
09:47:50.942 [INFO] (trainer.py:109) Total Epi:    21 Steps:    4200 Episode Steps:   200 Return: -973.5643 FPS: 7126.58
09:47:50.972 [INFO] (trainer.py:109) Total Epi:    22 Steps:    4400 Episode Steps:   200 Return: -898.3273 FPS: 6819.16
09:47:51.001 [INFO] (trainer.py:109) Total Epi:    23 Steps:    4600 Episode Steps:   200 Return: -974.0365 FPS: 7031.20
09:47:51.031 [INFO] (trainer.py:109) Total Epi:    24 Steps:    4800 Episode Steps:   200 Return: -939.6934 FPS: 6921.41
09:47:51.060 [INFO] (trainer.py:109) Total Epi:    25 Steps:    5000 Episode Steps:   200 Return: -1071.4090 FPS: 7203.56
09:47:51.090 [INFO] (trainer.py:109) Total Epi:    26 Steps:    5200 Episode Steps:   200 Return: -1075.9984 FPS: 6795.56
09:47:51.120 [INFO] (trainer.py:109) Total Epi:    27 Steps:    5400 Episode Steps:   200 Return: -1367.2705 FPS: 6839.99
09:47:51.149 [INFO] (trainer.py:109) Total Epi:    28 Steps:    5600 Episode Steps:   200 Return: -1776.1727 FPS: 6925.77
09:47:51.179 [INFO] (trainer.py:109) Total Epi:    29 Steps:    5800 Episode Steps:   200 Return: -1824.3411 FPS: 6925.58
09:47:51.208 [INFO] (trainer.py:109) Total Epi:    30 Steps:    6000 Episode Steps:   200 Return: -1508.9474 FPS: 7040.74
09:47:51.237 [INFO] (trainer.py:109) Total Epi:    31 Steps:    6200 Episode Steps:   200 Return: -955.7240 FPS: 6923.63
09:47:51.266 [INFO] (trainer.py:109) Total Epi:    32 Steps:    6400 Episode Steps:   200 Return: -1758.7804 FPS: 7317.82
09:47:51.293 [INFO] (trainer.py:109) Total Epi:    33 Steps:    6600 Episode Steps:   200 Return: -1528.4617 FPS: 7394.47
09:47:51.323 [INFO] (trainer.py:109) Total Epi:    34 Steps:    6800 Episode Steps:   200 Return: -1601.1661 FPS: 6929.93
09:47:51.351 [INFO] (trainer.py:109) Total Epi:    35 Steps:    7000 Episode Steps:   200 Return: -1080.4237 FPS: 7338.58
09:47:51.379 [INFO] (trainer.py:109) Total Epi:    36 Steps:    7200 Episode Steps:   200 Return: -1368.5896 FPS: 7366.91
09:47:51.406 [INFO] (trainer.py:109) Total Epi:    37 Steps:    7400 Episode Steps:   200 Return: -1664.7562 FPS: 7400.32
09:47:51.434 [INFO] (trainer.py:109) Total Epi:    38 Steps:    7600 Episode Steps:   200 Return: -1580.5245 FPS: 7456.28
09:47:51.463 [INFO] (trainer.py:109) Total Epi:    39 Steps:    7800 Episode Steps:   200 Return: -1313.8435 FPS: 6873.81
09:47:51.492 [INFO] (trainer.py:109) Total Epi:    40 Steps:    8000 Episode Steps:   200 Return: -1663.1799 FPS: 7095.56
09:47:51.521 [INFO] (trainer.py:109) Total Epi:    41 Steps:    8200 Episode Steps:   200 Return: -1490.6335 FPS: 7117.70
09:47:51.549 [INFO] (trainer.py:109) Total Epi:    42 Steps:    8400 Episode Steps:   200 Return: -1290.4332 FPS: 7455.00
09:47:51.577 [INFO] (trainer.py:109) Total Epi:    43 Steps:    8600 Episode Steps:   200 Return: -1665.1012 FPS: 7250.11
09:47:51.604 [INFO] (trainer.py:109) Total Epi:    44 Steps:    8800 Episode Steps:   200 Return: -1498.0997 FPS: 7488.52
09:47:51.633 [INFO] (trainer.py:109) Total Epi:    45 Steps:    9000 Episode Steps:   200 Return: -1197.4673 FPS: 7176.20
09:47:51.660 [INFO] (trainer.py:109) Total Epi:    46 Steps:    9200 Episode Steps:   200 Return: -1104.1673 FPS: 7408.79
09:47:51.689 [INFO] (trainer.py:109) Total Epi:    47 Steps:    9400 Episode Steps:   200 Return: -1443.2952 FPS: 7200.17
09:47:51.717 [INFO] (trainer.py:109) Total Epi:    48 Steps:    9600 Episode Steps:   200 Return: -1217.9627 FPS: 7241.93
09:47:51.745 [INFO] (trainer.py:109) Total Epi:    49 Steps:    9800 Episode Steps:   200 Return: -1412.6318 FPS: 7391.96
09:47:51.773 [INFO] (trainer.py:109) Total Epi:    50 Steps:   10000 Episode Steps:   200 Return: -999.3787 FPS: 7308.99
09:47:53.919 [INFO] (trainer.py:137) Evaluation Total Steps:   10000 Average Reward -1538.1265 over  5 episodes
09:47:54.937 [INFO] (trainer.py:109) Total Epi:    51 Steps:   10200 Episode Steps:   200 Return: -993.0326 FPS: 63.22
09:47:55.929 [INFO] (trainer.py:109) Total Epi:    52 Steps:   10400 Episode Steps:   200 Return: -1417.3970 FPS: 201.69
09:47:56.919 [INFO] (trainer.py:109) Total Epi:    53 Steps:   10600 Episode Steps:   200 Return: -1664.4151 FPS: 202.22
09:47:57.902 [INFO] (trainer.py:109) Total Epi:    54 Steps:   10800 Episode Steps:   200 Return: -1725.6519 FPS: 203.58
09:47:58.885 [INFO] (trainer.py:109) Total Epi:    55 Steps:   11000 Episode Steps:   200 Return: -1463.1589 FPS: 203.62
09:47:59.944 [INFO] (trainer.py:109) Total Epi:    56 Steps:   11200 Episode Steps:   200 Return: -1649.9257 FPS: 189.00
09:48:01.024 [INFO] (trainer.py:109) Total Epi:    57 Steps:   11400 Episode Steps:   200 Return: -1659.8537 FPS: 185.24
09:48:02.103 [INFO] (trainer.py:109) Total Epi:    58 Steps:   11600 Episode Steps:   200 Return: -1246.6005 FPS: 185.44
09:48:03.191 [INFO] (trainer.py:109) Total Epi:    59 Steps:   11800 Episode Steps:   200 Return: -1082.5224 FPS: 183.96
09:48:04.441 [INFO] (trainer.py:109) Total Epi:    60 Steps:   12000 Episode Steps:   200 Return: -1052.6967 FPS: 160.07
09:48:05.981 [INFO] (trainer.py:109) Total Epi:    61 Steps:   12200 Episode Steps:   200 Return: -790.6170 FPS: 129.97
09:48:07.923 [INFO] (trainer.py:109) Total Epi:    62 Steps:   12400 Episode Steps:   200 Return: -262.0416 FPS: 103.04
09:48:09.768 [INFO] (trainer.py:109) Total Epi:    63 Steps:   12600 Episode Steps:   200 Return: -265.6435 FPS: 108.42
09:48:11.286 [INFO] (trainer.py:109) Total Epi:    64 Steps:   12800 Episode Steps:   200 Return: -131.5243 FPS: 131.83
09:48:12.487 [INFO] (trainer.py:109) Total Epi:    65 Steps:   13000 Episode Steps:   200 Return: -1.2236 FPS: 166.65
09:48:13.666 [INFO] (trainer.py:109) Total Epi:    66 Steps:   13200 Episode Steps:   200 Return: -987.2164 FPS: 169.74
09:48:14.805 [INFO] (trainer.py:109) Total Epi:    67 Steps:   13400 Episode Steps:   200 Return: -1.0961 FPS: 175.75
09:48:15.946 [INFO] (trainer.py:109) Total Epi:    68 Steps:   13600 Episode Steps:   200 Return: -254.1915 FPS: 175.45
09:48:17.083 [INFO] (trainer.py:109) Total Epi:    69 Steps:   13800 Episode Steps:   200 Return: -126.9168 FPS: 175.96
09:48:18.239 [INFO] (trainer.py:109) Total Epi:    70 Steps:   14000 Episode Steps:   200 Return: -246.0432 FPS: 173.13
09:48:19.391 [INFO] (trainer.py:109) Total Epi:    71 Steps:   14200 Episode Steps:   200 Return: -0.8339 FPS: 173.82
09:48:20.534 [INFO] (trainer.py:109) Total Epi:    72 Steps:   14400 Episode Steps:   200 Return: -117.2786 FPS: 175.02
09:48:22.028 [INFO] (trainer.py:109) Total Epi:    73 Steps:   14600 Episode Steps:   200 Return: -241.5950 FPS: 133.95
09:48:23.629 [INFO] (trainer.py:109) Total Epi:    74 Steps:   14800 Episode Steps:   200 Return: -251.5608 FPS: 125.02
09:48:24.914 [INFO] (trainer.py:109) Total Epi:    75 Steps:   15000 Episode Steps:   200 Return: -0.9437 FPS: 155.75
09:48:26.231 [INFO] (trainer.py:109) Total Epi:    76 Steps:   15200 Episode Steps:   200 Return: -1.3280 FPS: 151.88
09:48:27.537 [INFO] (trainer.py:109) Total Epi:    77 Steps:   15400 Episode Steps:   200 Return: -247.6385 FPS: 153.22
09:48:28.868 [INFO] (trainer.py:109) Total Epi:    78 Steps:   15600 Episode Steps:   200 Return: -122.7166 FPS: 150.39
09:48:30.414 [INFO] (trainer.py:109) Total Epi:    79 Steps:   15800 Episode Steps:   200 Return: -123.8856 FPS: 129.44
09:48:31.792 [INFO] (trainer.py:109) Total Epi:    80 Steps:   16000 Episode Steps:   200 Return: -122.0024 FPS: 145.19
09:48:33.541 [INFO] (trainer.py:109) Total Epi:    81 Steps:   16200 Episode Steps:   200 Return: -124.1122 FPS: 114.43
09:48:35.261 [INFO] (trainer.py:109) Total Epi:    82 Steps:   16400 Episode Steps:   200 Return: -233.6781 FPS: 116.30
09:48:36.612 [INFO] (trainer.py:109) Total Epi:    83 Steps:   16600 Episode Steps:   200 Return: -118.4580 FPS: 148.16
09:48:37.762 [INFO] (trainer.py:109) Total Epi:    84 Steps:   16800 Episode Steps:   200 Return: -234.7835 FPS: 174.07
09:48:38.949 [INFO] (trainer.py:109) Total Epi:    85 Steps:   17000 Episode Steps:   200 Return: -233.7417 FPS: 168.57
09:48:40.120 [INFO] (trainer.py:109) Total Epi:    86 Steps:   17200 Episode Steps:   200 Return: -3.1591 FPS: 170.86
09:48:41.227 [INFO] (trainer.py:109) Total Epi:    87 Steps:   17400 Episode Steps:   200 Return: -122.9617 FPS: 180.76
09:48:42.345 [INFO] (trainer.py:109) Total Epi:    88 Steps:   17600 Episode Steps:   200 Return: -238.9390 FPS: 179.10
09:48:43.446 [INFO] (trainer.py:109) Total Epi:    89 Steps:   17800 Episode Steps:   200 Return: -230.3693 FPS: 181.66
09:48:44.582 [INFO] (trainer.py:109) Total Epi:    90 Steps:   18000 Episode Steps:   200 Return: -249.0969 FPS: 176.31
09:48:45.980 [INFO] (trainer.py:109) Total Epi:    91 Steps:   18200 Episode Steps:   200 Return: -115.9298 FPS: 143.09
09:48:47.619 [INFO] (trainer.py:109) Total Epi:    92 Steps:   18400 Episode Steps:   200 Return: -127.3978 FPS: 122.11
09:48:49.179 [INFO] (trainer.py:109) Total Epi:    93 Steps:   18600 Episode Steps:   200 Return: -260.6567 FPS: 128.28
09:48:50.601 [INFO] (trainer.py:109) Total Epi:    94 Steps:   18800 Episode Steps:   200 Return: -123.5254 FPS: 140.70
09:48:51.963 [INFO] (trainer.py:109) Total Epi:    95 Steps:   19000 Episode Steps:   200 Return: -239.8099 FPS: 146.91
09:48:53.558 [INFO] (trainer.py:109) Total Epi:    96 Steps:   19200 Episode Steps:   200 Return: -362.5851 FPS: 125.54
09:48:55.085 [INFO] (trainer.py:109) Total Epi:    97 Steps:   19400 Episode Steps:   200 Return: -123.2534 FPS: 130.98
09:48:56.250 [INFO] (trainer.py:109) Total Epi:    98 Steps:   19600 Episode Steps:   200 Return: -241.1111 FPS: 171.89
09:48:57.373 [INFO] (trainer.py:109) Total Epi:    99 Steps:   19800 Episode Steps:   200 Return: -116.7646 FPS: 178.17
09:48:58.489 [INFO] (trainer.py:109) Total Epi:   100 Steps:   20000 Episode Steps:   200 Return: -360.2935 FPS: 179.24
09:48:58.820 [INFO] (trainer.py:137) Evaluation Total Steps:   20000 Average Reward -119.0010 over  5 episodes
09:48:59.908 [INFO] (trainer.py:109) Total Epi:   101 Steps:   20200 Episode Steps:   200 Return: -231.0172 FPS: 141.06
09:49:01.313 [INFO] (trainer.py:109) Total Epi:   102 Steps:   20400 Episode Steps:   200 Return: -119.1306 FPS: 142.47
09:49:02.950 [INFO] (trainer.py:109) Total Epi:   103 Steps:   20600 Episode Steps:   200 Return: -254.4708 FPS: 122.35
09:49:04.463 [INFO] (trainer.py:109) Total Epi:   104 Steps:   20800 Episode Steps:   200 Return: -233.9245 FPS: 132.24
09:49:05.949 [INFO] (trainer.py:109) Total Epi:   105 Steps:   21000 Episode Steps:   200 Return: -0.7609 FPS: 134.71
09:49:07.280 [INFO] (trainer.py:109) Total Epi:   106 Steps:   21200 Episode Steps:   200 Return: -119.3358 FPS: 150.44
09:49:08.571 [INFO] (trainer.py:109) Total Epi:   107 Steps:   21400 Episode Steps:   200 Return: -119.5333 FPS: 154.97
09:49:09.731 [INFO] (trainer.py:109) Total Epi:   108 Steps:   21600 Episode Steps:   200 Return: -357.7853 FPS: 172.52
09:49:10.874 [INFO] (trainer.py:109) Total Epi:   109 Steps:   21800 Episode Steps:   200 Return: -122.9213 FPS: 175.04
09:49:12.019 [INFO] (trainer.py:109) Total Epi:   110 Steps:   22000 Episode Steps:   200 Return: -358.1754 FPS: 174.79
09:49:13.175 [INFO] (trainer.py:109) Total Epi:   111 Steps:   22200 Episode Steps:   200 Return: -121.1181 FPS: 173.09
09:49:14.333 [INFO] (trainer.py:109) Total Epi:   112 Steps:   22400 Episode Steps:   200 Return: -117.4918 FPS: 172.87
09:49:15.477 [INFO] (trainer.py:109) Total Epi:   113 Steps:   22600 Episode Steps:   200 Return: -247.8951 FPS: 174.91
09:49:16.614 [INFO] (trainer.py:109) Total Epi:   114 Steps:   22800 Episode Steps:   200 Return: -231.0541 FPS: 176.08
09:49:17.763 [INFO] (trainer.py:109) Total Epi:   115 Steps:   23000 Episode Steps:   200 Return: -1.1304 FPS: 174.26
09:49:18.907 [INFO] (trainer.py:109) Total Epi:   116 Steps:   23200 Episode Steps:   200 Return: -123.9799 FPS: 174.88
09:49:20.053 [INFO] (trainer.py:109) Total Epi:   117 Steps:   23400 Episode Steps:   200 Return: -233.0006 FPS: 174.57
09:49:21.187 [INFO] (trainer.py:109) Total Epi:   118 Steps:   23600 Episode Steps:   200 Return: -120.0524 FPS: 176.61
09:49:22.332 [INFO] (trainer.py:109) Total Epi:   119 Steps:   23800 Episode Steps:   200 Return: -117.0875 FPS: 174.71
09:49:23.475 [INFO] (trainer.py:109) Total Epi:   120 Steps:   24000 Episode Steps:   200 Return: -121.4500 FPS: 175.16
09:49:24.624 [INFO] (trainer.py:109) Total Epi:   121 Steps:   24200 Episode Steps:   200 Return: -345.9152 FPS: 174.11
09:49:25.763 [INFO] (trainer.py:109) Total Epi:   122 Steps:   24400 Episode Steps:   200 Return: -116.2417 FPS: 175.77
09:49:26.899 [INFO] (trainer.py:109) Total Epi:   123 Steps:   24600 Episode Steps:   200 Return: -123.5280 FPS: 176.12
09:49:28.040 [INFO] (trainer.py:109) Total Epi:   124 Steps:   24800 Episode Steps:   200 Return: -119.0321 FPS: 175.48
09:49:29.189 [INFO] (trainer.py:109) Total Epi:   125 Steps:   25000 Episode Steps:   200 Return: -121.4327 FPS: 174.10
09:49:30.631 [INFO] (trainer.py:109) Total Epi:   126 Steps:   25200 Episode Steps:   200 Return: -121.1541 FPS: 138.83
09:49:32.011 [INFO] (trainer.py:109) Total Epi:   127 Steps:   25400 Episode Steps:   200 Return: -115.8140 FPS: 145.00
09:49:33.436 [INFO] (trainer.py:109) Total Epi:   128 Steps:   25600 Episode Steps:   200 Return: -329.0363 FPS: 140.45
09:49:35.170 [INFO] (trainer.py:109) Total Epi:   129 Steps:   25800 Episode Steps:   200 Return: -123.6169 FPS: 115.38
09:49:36.778 [INFO] (trainer.py:109) Total Epi:   130 Steps:   26000 Episode Steps:   200 Return: -353.2569 FPS: 124.48
09:49:37.948 [INFO] (trainer.py:109) Total Epi:   131 Steps:   26200 Episode Steps:   200 Return: -4.0867 FPS: 171.01
09:49:39.055 [INFO] (trainer.py:109) Total Epi:   132 Steps:   26400 Episode Steps:   200 Return: -335.3128 FPS: 180.84
09:49:40.158 [INFO] (trainer.py:109) Total Epi:   133 Steps:   26600 Episode Steps:   200 Return: -226.3562 FPS: 181.36
09:49:41.280 [INFO] (trainer.py:109) Total Epi:   134 Steps:   26800 Episode Steps:   200 Return: -123.2159 FPS: 178.38
09:49:42.387 [INFO] (trainer.py:109) Total Epi:   135 Steps:   27000 Episode Steps:   200 Return: -1.0002 FPS: 180.80
09:49:43.502 [INFO] (trainer.py:109) Total Epi:   136 Steps:   27200 Episode Steps:   200 Return: -123.0808 FPS: 179.53
09:49:44.895 [INFO] (trainer.py:109) Total Epi:   137 Steps:   27400 Episode Steps:   200 Return: -237.4602 FPS: 143.69
09:49:46.100 [INFO] (trainer.py:109) Total Epi:   138 Steps:   27600 Episode Steps:   200 Return: -327.9365 FPS: 166.01
09:49:47.633 [INFO] (trainer.py:109) Total Epi:   139 Steps:   27800 Episode Steps:   200 Return: -125.2767 FPS: 130.53
09:49:49.205 [INFO] (trainer.py:109) Total Epi:   140 Steps:   28000 Episode Steps:   200 Return: -118.1611 FPS: 127.40
09:49:50.582 [INFO] (trainer.py:109) Total Epi:   141 Steps:   28200 Episode Steps:   200 Return: -118.8917 FPS: 145.31
09:49:51.708 [INFO] (trainer.py:109) Total Epi:   142 Steps:   28400 Episode Steps:   200 Return: -119.4473 FPS: 177.77
09:49:53.106 [INFO] (trainer.py:109) Total Epi:   143 Steps:   28600 Episode Steps:   200 Return: -120.0356 FPS: 143.07
09:49:54.632 [INFO] (trainer.py:109) Total Epi:   144 Steps:   28800 Episode Steps:   200 Return: -325.5447 FPS: 131.19
09:49:56.187 [INFO] (trainer.py:109) Total Epi:   145 Steps:   29000 Episode Steps:   200 Return: -237.2372 FPS: 128.63
09:49:57.694 [INFO] (trainer.py:109) Total Epi:   146 Steps:   29200 Episode Steps:   200 Return: -114.5643 FPS: 132.83
09:49:59.198 [INFO] (trainer.py:109) Total Epi:   147 Steps:   29400 Episode Steps:   200 Return: -124.0133 FPS: 133.05
09:50:00.317 [INFO] (trainer.py:109) Total Epi:   148 Steps:   29600 Episode Steps:   200 Return: -115.7053 FPS: 178.78
09:50:01.433 [INFO] (trainer.py:109) Total Epi:   149 Steps:   29800 Episode Steps:   200 Return: -123.6541 FPS: 179.31
09:50:02.542 [INFO] (trainer.py:109) Total Epi:   150 Steps:   30000 Episode Steps:   200 Return: -0.9870 FPS: 180.56
09:50:02.877 [INFO] (trainer.py:137) Evaluation Total Steps:   30000 Average Reward -118.2898 over  5 episodes
