11:23:28.819 [INFO] (trainer.py:109) Total Epi:     1 Steps:     200 Episode Steps:   200 Return: -1324.2930 FPS: 2151.74
11:23:28.882 [INFO] (trainer.py:109) Total Epi:     2 Steps:     400 Episode Steps:   200 Return: -868.3002 FPS: 3309.41
11:23:28.943 [INFO] (trainer.py:109) Total Epi:     3 Steps:     600 Episode Steps:   200 Return: -1457.3795 FPS: 3333.30
11:23:29.004 [INFO] (trainer.py:109) Total Epi:     4 Steps:     800 Episode Steps:   200 Return: -969.3369 FPS: 3342.88
11:23:29.065 [INFO] (trainer.py:109) Total Epi:     5 Steps:    1000 Episode Steps:   200 Return: -1290.5295 FPS: 3320.10
11:23:29.126 [INFO] (trainer.py:109) Total Epi:     6 Steps:    1200 Episode Steps:   200 Return: -1301.9884 FPS: 3367.41
11:23:29.187 [INFO] (trainer.py:109) Total Epi:     7 Steps:    1400 Episode Steps:   200 Return: -1334.5961 FPS: 3343.77
11:23:29.248 [INFO] (trainer.py:109) Total Epi:     8 Steps:    1600 Episode Steps:   200 Return: -1262.4523 FPS: 3337.37
11:23:29.307 [INFO] (trainer.py:109) Total Epi:     9 Steps:    1800 Episode Steps:   200 Return: -952.3952 FPS: 3449.91
11:23:29.366 [INFO] (trainer.py:109) Total Epi:    10 Steps:    2000 Episode Steps:   200 Return: -1031.4504 FPS: 3421.56
11:23:29.427 [INFO] (trainer.py:109) Total Epi:    11 Steps:    2200 Episode Steps:   200 Return: -1598.6924 FPS: 3330.86
11:23:29.488 [INFO] (trainer.py:109) Total Epi:    12 Steps:    2400 Episode Steps:   200 Return: -1193.5304 FPS: 3335.39
11:23:29.549 [INFO] (trainer.py:109) Total Epi:    13 Steps:    2600 Episode Steps:   200 Return: -1420.8393 FPS: 3386.64
11:23:29.608 [INFO] (trainer.py:109) Total Epi:    14 Steps:    2800 Episode Steps:   200 Return: -1430.4817 FPS: 3405.02
11:23:29.668 [INFO] (trainer.py:109) Total Epi:    15 Steps:    3000 Episode Steps:   200 Return: -1412.7794 FPS: 3429.51
11:23:29.728 [INFO] (trainer.py:109) Total Epi:    16 Steps:    3200 Episode Steps:   200 Return: -1019.0748 FPS: 3375.45
11:23:29.791 [INFO] (trainer.py:109) Total Epi:    17 Steps:    3400 Episode Steps:   200 Return: -983.4057 FPS: 3250.31
11:23:29.851 [INFO] (trainer.py:109) Total Epi:    18 Steps:    3600 Episode Steps:   200 Return: -1729.5079 FPS: 3367.87
11:23:29.912 [INFO] (trainer.py:109) Total Epi:    19 Steps:    3800 Episode Steps:   200 Return: -862.7752 FPS: 3363.24
11:23:29.972 [INFO] (trainer.py:109) Total Epi:    20 Steps:    4000 Episode Steps:   200 Return: -858.4108 FPS: 3375.79
11:23:30.032 [INFO] (trainer.py:109) Total Epi:    21 Steps:    4200 Episode Steps:   200 Return: -987.7293 FPS: 3390.70
11:23:30.093 [INFO] (trainer.py:109) Total Epi:    22 Steps:    4400 Episode Steps:   200 Return: -989.0375 FPS: 3381.86
11:23:30.153 [INFO] (trainer.py:109) Total Epi:    23 Steps:    4600 Episode Steps:   200 Return: -968.6178 FPS: 3383.14
11:23:30.215 [INFO] (trainer.py:109) Total Epi:    24 Steps:    4800 Episode Steps:   200 Return: -1132.3116 FPS: 3293.50
11:23:30.275 [INFO] (trainer.py:109) Total Epi:    25 Steps:    5000 Episode Steps:   200 Return: -929.7735 FPS: 3393.64
11:23:30.332 [INFO] (trainer.py:109) Total Epi:    26 Steps:    5200 Episode Steps:   200 Return: -1560.1424 FPS: 3563.41
11:23:30.389 [INFO] (trainer.py:109) Total Epi:    27 Steps:    5400 Episode Steps:   200 Return: -1682.0604 FPS: 3567.98
11:23:30.448 [INFO] (trainer.py:109) Total Epi:    28 Steps:    5600 Episode Steps:   200 Return: -1659.0485 FPS: 3449.10
11:23:30.507 [INFO] (trainer.py:109) Total Epi:    29 Steps:    5800 Episode Steps:   200 Return: -1569.6078 FPS: 3437.22
11:23:30.567 [INFO] (trainer.py:109) Total Epi:    30 Steps:    6000 Episode Steps:   200 Return: -1702.1645 FPS: 3404.22
11:23:30.626 [INFO] (trainer.py:109) Total Epi:    31 Steps:    6200 Episode Steps:   200 Return: -1690.7632 FPS: 3425.32
11:23:30.685 [INFO] (trainer.py:109) Total Epi:    32 Steps:    6400 Episode Steps:   200 Return: -859.5610 FPS: 3443.08
11:23:30.746 [INFO] (trainer.py:109) Total Epi:    33 Steps:    6600 Episode Steps:   200 Return: -1350.0413 FPS: 3368.01
11:23:30.805 [INFO] (trainer.py:109) Total Epi:    34 Steps:    6800 Episode Steps:   200 Return: -967.7246 FPS: 3421.69
11:23:30.865 [INFO] (trainer.py:109) Total Epi:    35 Steps:    7000 Episode Steps:   200 Return: -1189.8409 FPS: 3423.28
11:23:30.925 [INFO] (trainer.py:109) Total Epi:    36 Steps:    7200 Episode Steps:   200 Return: -1275.4088 FPS: 3418.52
11:23:30.984 [INFO] (trainer.py:109) Total Epi:    37 Steps:    7400 Episode Steps:   200 Return: -1249.0421 FPS: 3437.06
11:23:31.043 [INFO] (trainer.py:109) Total Epi:    38 Steps:    7600 Episode Steps:   200 Return: -1703.2147 FPS: 3433.28
11:23:31.103 [INFO] (trainer.py:109) Total Epi:    39 Steps:    7800 Episode Steps:   200 Return: -1421.2742 FPS: 3423.48
11:23:31.162 [INFO] (trainer.py:109) Total Epi:    40 Steps:    8000 Episode Steps:   200 Return: -1170.9602 FPS: 3426.79
11:23:31.222 [INFO] (trainer.py:109) Total Epi:    41 Steps:    8200 Episode Steps:   200 Return: -1677.9216 FPS: 3375.92
11:23:31.282 [INFO] (trainer.py:109) Total Epi:    42 Steps:    8400 Episode Steps:   200 Return: -1243.8752 FPS: 3400.17
11:23:31.342 [INFO] (trainer.py:109) Total Epi:    43 Steps:    8600 Episode Steps:   200 Return: -1333.7926 FPS: 3416.64
11:23:31.401 [INFO] (trainer.py:109) Total Epi:    44 Steps:    8800 Episode Steps:   200 Return: -763.6779 FPS: 3420.12
11:23:31.461 [INFO] (trainer.py:109) Total Epi:    45 Steps:    9000 Episode Steps:   200 Return: -862.1444 FPS: 3435.56
11:23:31.520 [INFO] (trainer.py:109) Total Epi:    46 Steps:    9200 Episode Steps:   200 Return: -851.9850 FPS: 3432.26
11:23:31.580 [INFO] (trainer.py:109) Total Epi:    47 Steps:    9400 Episode Steps:   200 Return: -1251.0546 FPS: 3407.11
11:23:31.639 [INFO] (trainer.py:109) Total Epi:    48 Steps:    9600 Episode Steps:   200 Return: -1398.1911 FPS: 3447.47
11:23:31.699 [INFO] (trainer.py:109) Total Epi:    49 Steps:    9800 Episode Steps:   200 Return: -1616.8073 FPS: 3410.05
11:23:31.760 [INFO] (trainer.py:109) Total Epi:    50 Steps:   10000 Episode Steps:   200 Return: -1279.7387 FPS: 3339.93
11:23:37.225 [INFO] (trainer.py:137) Evaluation Total Steps:   10000 Average Reward -1305.8260 over  5 episodes
11:23:38.743 [INFO] (trainer.py:109) Total Epi:    51 Steps:   10200 Episode Steps:   200 Return: -1188.2350 FPS: 28.64
